[ 2018-02-17T00:07:54+08:00 ] 47.97.10.19 /
INFO: [ app_init ] --START--
INFO: Run Behavior\BuildLiteBehavior [ RunTime:0.000012s ]
INFO: [ app_init ] --END-- [ RunTime:0.000239s ]
INFO: [ app_begin ] --START--
INFO: Run Behavior\ReadHtmlCacheBehavior [ RunTime:0.000271s ]
INFO: [ app_begin ] --END-- [ RunTime:0.000313s ]
NOTIC: [8] Undefined index: H_user_id /var/www/web/test/App/Home/Controller/IndexController.class.php 第 17 行.
SQL: SHOW COLUMNS FROM `lunbo` [ RunTime:0.0030s ]
SQL: SELECT * FROM `lunbo` WHERE ( pc=1 ) ORDER BY num desc LIMIT 4   [ RunTime:0.0022s ]
SQL: SHOW COLUMNS FROM `category` [ RunTime:0.0027s ]
SQL: SELECT * FROM `category` WHERE `pid` = 0 AND `name` <> '推荐' LIMIT 5   [ RunTime:0.0021s ]
SQL: SELECT * FROM `category` WHERE ( pid=2 ) LIMIT 3   [ RunTime:0.0021s ]
SQL: SELECT * FROM `category` WHERE ( pid=2 )  [ RunTime:0.0021s ]
SQL: SHOW COLUMNS FROM `liveb` [ RunTime:0.0028s ]
SQL: SELECT * FROM `liveb` WHERE ( cate_id=2 ) LIMIT 4   [ RunTime:0.0022s ]
SQL: SELECT * FROM `category` WHERE ( pid=3 ) LIMIT 3   [ RunTime:0.0021s ]
SQL: SELECT * FROM `category` WHERE ( pid=3 )  [ RunTime:0.0021s ]
SQL: SELECT * FROM `liveb` WHERE ( cate_id=3 ) LIMIT 4   [ RunTime:0.0022s ]
SQL: SELECT * FROM `category` WHERE ( pid=4 ) LIMIT 3   [ RunTime:0.0021s ]
SQL: SELECT * FROM `category` WHERE ( pid=4 )  [ RunTime:0.0021s ]
SQL: SELECT * FROM `liveb` WHERE ( cate_id=4 ) LIMIT 4   [ RunTime:0.0022s ]
SQL: SELECT * FROM `category` WHERE ( pid=5 ) LIMIT 3   [ RunTime:0.0021s ]
SQL: SELECT * FROM `category` WHERE ( pid=5 )  [ RunTime:0.0021s ]
SQL: SELECT * FROM `liveb` WHERE ( cate_id=5 ) LIMIT 4   [ RunTime:0.0022s ]
SQL: SELECT * FROM `category` WHERE ( pid=14 ) LIMIT 3   [ RunTime:0.0021s ]
SQL: SELECT * FROM `category` WHERE ( pid=14 )  [ RunTime:0.0021s ]
SQL: SELECT * FROM `liveb` WHERE ( cate_id=14 ) LIMIT 4   [ RunTime:0.0022s ]
SQL: SELECT * FROM `liveb` WHERE ( recommend=1 ) LIMIT 5   [ RunTime:0.0021s ]
SQL: SELECT * FROM `category` WHERE ( pid=2 ) LIMIT 8   [ RunTime:0.0021s ]
NOTIC: [8] Undefined variable: yuyan_id /var/www/web/test/App/Home/Controller/IndexController.class.php 第 79 行.
SQL: SELECT * FROM `liveb` WHERE `name` <> '推荐' AND `cate_id` IN ('','6','7','8','9','10','11','12','13') LIMIT 8   [ RunTime:0.0022s ]
SQL: SELECT * FROM `category` WHERE ( pid=4 ) LIMIT 8   [ RunTime:0.0021s ]
NOTIC: [8] Undefined variable: qinzi_id /var/www/web/test/App/Home/Controller/IndexController.class.php 第 88 行.
SQL: SELECT * FROM `liveb` WHERE `name` <> '推荐' AND `cate_id` IN ('','18','19','20','40','41','42','43','44') LIMIT 8   [ RunTime:0.0022s ]
SQL: SELECT * FROM `category` WHERE ( pid=3 ) LIMIT 8   [ RunTime:0.0021s ]
NOTIC: [8] Undefined variable: bangong_id /var/www/web/test/App/Home/Controller/IndexController.class.php 第 97 行.
SQL: SELECT * FROM `liveb` WHERE `name` <> '推荐' AND `cate_id` IN ('','15','16','17','26','27','28','36','37') LIMIT 8   [ RunTime:0.0022s ]
SQL: SELECT * FROM `category` WHERE ( pid=5 ) LIMIT 8   [ RunTime:0.0021s ]
NOTIC: [8] Undefined variable: zhiye_id /var/www/web/test/App/Home/Controller/IndexController.class.php 第 106 行.
SQL: SELECT * FROM `liveb` WHERE `name` <> '推荐' AND `cate_id` IN ('','47','48','49','50','51','52','53','54') LIMIT 8   [ RunTime:0.0022s ]
SQL: SELECT * FROM `category` WHERE ( pid=14 ) LIMIT 8   [ RunTime:0.0022s ]
NOTIC: [8] Undefined variable: chanpin_id /var/www/web/test/App/Home/Controller/IndexController.class.php 第 115 行.
SQL: SELECT * FROM `liveb` WHERE `name` <> '推荐' AND `cate_id` IN ('','57','58','59','60','61','62','63','64') LIMIT 8   [ RunTime:0.0022s ]
INFO: [ view_parse ] --START--
INFO: [ template_filter ] --START--
INFO: Run Behavior\ContentReplaceBehavior [ RunTime:0.000065s ]
INFO: [ template_filter ] --END-- [ RunTime:0.000106s ]
NOTIC: [8] Undefined variable: dian /var/www/web/test/App/Runtime/Cache/Home/00e52909bed743ea261af4b6823297ff.php 第 36 行.
NOTIC: [8] Undefined index: H_user_id /var/www/web/test/App/Runtime/Cache/Home/00e52909bed743ea261af4b6823297ff.php 第 41 行.
NOTIC: [8] Undefined index: H_user_id /var/www/web/test/App/Runtime/Cache/Home/00e52909bed743ea261af4b6823297ff.php 第 62 行.
NOTIC: [8] Undefined index: H_user_id /var/www/web/test/App/Runtime/Cache/Home/00e52909bed743ea261af4b6823297ff.php 第 63 行.
NOTIC: [8] Undefined index: H_user_id /var/www/web/test/App/Runtime/Cache/Home/00e52909bed743ea261af4b6823297ff.php 第 72 行.
NOTIC: [8] Undefined variable: advert_img /var/www/web/test/App/Runtime/Cache/Home/00e52909bed743ea261af4b6823297ff.php 第 233 行.
INFO: Run Behavior\ParseTemplateBehavior [ RunTime:0.028294s ]
INFO: [ view_parse ] --END-- [ RunTime:0.028339s ]
INFO: [ view_filter ] --START--
INFO: Run Behavior\WriteHtmlCacheBehavior [ RunTime:0.000094s ]
INFO: [ view_filter ] --END-- [ RunTime:0.000128s ]
INFO: [ app_end ] --START--
INFO: Run Behavior\ShowPageTraceBehavior [ RunTime:0.000302s ]
INFO: [ app_end ] --END-- [ RunTime:0.000348s ]

[ 2018-02-17T00:20:27+08:00 ] 47.93.90.175 /
INFO: [ app_init ] --START--
INFO: Run Behavior\BuildLiteBehavior [ RunTime:0.000013s ]
INFO: [ app_init ] --END-- [ RunTime:0.000220s ]
INFO: [ app_begin ] --START--
INFO: Run Behavior\ReadHtmlCacheBehavior [ RunTime:0.000304s ]
INFO: [ app_begin ] --END-- [ RunTime:0.000348s ]
NOTIC: [8] Undefined index: H_user_id /var/www/web/test/App/Home/Controller/IndexController.class.php 第 17 行.
SQL: SHOW COLUMNS FROM `lunbo` [ RunTime:0.0030s ]
SQL: SELECT * FROM `lunbo` WHERE ( pc=1 ) ORDER BY num desc LIMIT 4   [ RunTime:0.0022s ]
SQL: SHOW COLUMNS FROM `category` [ RunTime:0.0027s ]
SQL: SELECT * FROM `category` WHERE `pid` = 0 AND `name` <> '推荐' LIMIT 5   [ RunTime:0.0021s ]
SQL: SELECT * FROM `category` WHERE ( pid=2 ) LIMIT 3   [ RunTime:0.0020s ]
SQL: SELECT * FROM `category` WHERE ( pid=2 )  [ RunTime:0.0021s ]
SQL: SHOW COLUMNS FROM `liveb` [ RunTime:0.0028s ]
SQL: SELECT * FROM `liveb` WHERE ( cate_id=2 ) LIMIT 4   [ RunTime:0.0021s ]
SQL: SELECT * FROM `category` WHERE ( pid=3 ) LIMIT 3   [ RunTime:0.0020s ]
SQL: SELECT * FROM `category` WHERE ( pid=3 )  [ RunTime:0.0020s ]
SQL: SELECT * FROM `liveb` WHERE ( cate_id=3 ) LIMIT 4   [ RunTime:0.0022s ]
SQL: SELECT * FROM `category` WHERE ( pid=4 ) LIMIT 3   [ RunTime:0.0021s ]
SQL: SELECT * FROM `category` WHERE ( pid=4 )  [ RunTime:0.0021s ]
SQL: SELECT * FROM `liveb` WHERE ( cate_id=4 ) LIMIT 4   [ RunTime:0.0021s ]
SQL: SELECT * FROM `category` WHERE ( pid=5 ) LIMIT 3   [ RunTime:0.0021s ]
SQL: SELECT * FROM `category` WHERE ( pid=5 )  [ RunTime:0.0021s ]
SQL: SELECT * FROM `liveb` WHERE ( cate_id=5 ) LIMIT 4   [ RunTime:0.0021s ]
SQL: SELECT * FROM `category` WHERE ( pid=14 ) LIMIT 3   [ RunTime:0.0020s ]
SQL: SELECT * FROM `category` WHERE ( pid=14 )  [ RunTime:0.0021s ]
SQL: SELECT * FROM `liveb` WHERE ( cate_id=14 ) LIMIT 4   [ RunTime:0.0021s ]
SQL: SELECT * FROM `liveb` WHERE ( recommend=1 ) LIMIT 5   [ RunTime:0.0021s ]
SQL: SELECT * FROM `category` WHERE ( pid=2 ) LIMIT 8   [ RunTime:0.0020s ]
NOTIC: [8] Undefined variable: yuyan_id /var/www/web/test/App/Home/Controller/IndexController.class.php 第 79 行.
SQL: SELECT * FROM `liveb` WHERE `name` <> '推荐' AND `cate_id` IN ('','6','7','8','9','10','11','12','13') LIMIT 8   [ RunTime:0.0021s ]
SQL: SELECT * FROM `category` WHERE ( pid=4 ) LIMIT 8   [ RunTime:0.0020s ]
NOTIC: [8] Undefined variable: qinzi_id /var/www/web/test/App/Home/Controller/IndexController.class.php 第 88 行.
SQL: SELECT * FROM `liveb` WHERE `name` <> '推荐' AND `cate_id` IN ('','18','19','20','40','41','42','43','44') LIMIT 8   [ RunTime:0.0022s ]
SQL: SELECT * FROM `category` WHERE ( pid=3 ) LIMIT 8   [ RunTime:0.0021s ]
NOTIC: [8] Undefined variable: bangong_id /var/www/web/test/App/Home/Controller/IndexController.class.php 第 97 行.
SQL: SELECT * FROM `liveb` WHERE `name` <> '推荐' AND `cate_id` IN ('','15','16','17','26','27','28','36','37') LIMIT 8   [ RunTime:0.0022s ]
SQL: SELECT * FROM `category` WHERE ( pid=5 ) LIMIT 8   [ RunTime:0.0021s ]
NOTIC: [8] Undefined variable: zhiye_id /var/www/web/test/App/Home/Controller/IndexController.class.php 第 106 行.
SQL: SELECT * FROM `liveb` WHERE `name` <> '推荐' AND `cate_id` IN ('','47','48','49','50','51','52','53','54') LIMIT 8   [ RunTime:0.0022s ]
SQL: SELECT * FROM `category` WHERE ( pid=14 ) LIMIT 8   [ RunTime:0.0021s ]
NOTIC: [8] Undefined variable: chanpin_id /var/www/web/test/App/Home/Controller/IndexController.class.php 第 115 行.
SQL: SELECT * FROM `liveb` WHERE `name` <> '推荐' AND `cate_id` IN ('','57','58','59','60','61','62','63','64') LIMIT 8   [ RunTime:0.0022s ]
INFO: [ view_parse ] --START--
INFO: [ template_filter ] --START--
INFO: Run Behavior\ContentReplaceBehavior [ RunTime:0.000068s ]
INFO: [ template_filter ] --END-- [ RunTime:0.000110s ]
NOTIC: [8] Undefined variable: dian /var/www/web/test/App/Runtime/Cache/Home/00e52909bed743ea261af4b6823297ff.php 第 36 行.
NOTIC: [8] Undefined index: H_user_id /var/www/web/test/App/Runtime/Cache/Home/00e52909bed743ea261af4b6823297ff.php 第 41 行.
NOTIC: [8] Undefined index: H_user_id /var/www/web/test/App/Runtime/Cache/Home/00e52909bed743ea261af4b6823297ff.php 第 62 行.
NOTIC: [8] Undefined index: H_user_id /var/www/web/test/App/Runtime/Cache/Home/00e52909bed743ea261af4b6823297ff.php 第 63 行.
NOTIC: [8] Undefined index: H_user_id /var/www/web/test/App/Runtime/Cache/Home/00e52909bed743ea261af4b6823297ff.php 第 72 行.
NOTIC: [8] Undefined variable: advert_img /var/www/web/test/App/Runtime/Cache/Home/00e52909bed743ea261af4b6823297ff.php 第 233 行.
INFO: Run Behavior\ParseTemplateBehavior [ RunTime:0.026817s ]
INFO: [ view_parse ] --END-- [ RunTime:0.026859s ]
INFO: [ view_filter ] --START--
INFO: Run Behavior\WriteHtmlCacheBehavior [ RunTime:0.000094s ]
INFO: [ view_filter ] --END-- [ RunTime:0.000127s ]

[ 2018-02-17T00:25:10+08:00 ] 123.125.71.15 /Home/courses/course/pid/36.html
INFO: [ app_init ] --START--
INFO: Run Behavior\BuildLiteBehavior [ RunTime:0.000011s ]
INFO: [ app_init ] --END-- [ RunTime:0.000218s ]
INFO: [ app_begin ] --START--
INFO: Run Behavior\ReadHtmlCacheBehavior [ RunTime:0.000291s ]
INFO: [ app_begin ] --END-- [ RunTime:0.000336s ]
NOTIC: [2048] Declaration of Home\Controller\CoursesController::show() should be compatible with that of Think\Controller::show() /var/www/web/test/App/Home/Controller/CoursesController.class.php 第 6 行.

[ 2018-02-17T00:25:10+08:00 ] 123.125.71.28 /Home/Login/index.html
INFO: [ app_init ] --START--
INFO: Run Behavior\BuildLiteBehavior [ RunTime:0.000011s ]
INFO: [ app_init ] --END-- [ RunTime:0.000203s ]
INFO: [ app_begin ] --START--
INFO: Run Behavior\ReadHtmlCacheBehavior [ RunTime:0.000307s ]
INFO: [ app_begin ] --END-- [ RunTime:0.000351s ]
INFO: [ view_parse ] --START--
INFO: [ template_filter ] --START--
INFO: Run Behavior\ContentReplaceBehavior [ RunTime:0.000043s ]
INFO: [ template_filter ] --END-- [ RunTime:0.000084s ]
INFO: Run Behavior\ParseTemplateBehavior [ RunTime:0.006651s ]
INFO: [ view_parse ] --END-- [ RunTime:0.006706s ]
INFO: [ view_filter ] --START--
INFO: Run Behavior\WriteHtmlCacheBehavior [ RunTime:0.000088s ]
INFO: [ view_filter ] --END-- [ RunTime:0.000120s ]
INFO: [ app_end ] --START--
INFO: Run Behavior\ShowPageTraceBehavior [ RunTime:0.000294s ]
INFO: [ app_end ] --END-- [ RunTime:0.000332s ]

[ 2018-02-17T03:10:30+08:00 ] 54.190.242.188 /
INFO: [ app_init ] --START--
INFO: Run Behavior\BuildLiteBehavior [ RunTime:0.000013s ]
INFO: [ app_init ] --END-- [ RunTime:0.000254s ]
INFO: [ app_begin ] --START--
INFO: Run Behavior\ReadHtmlCacheBehavior [ RunTime:0.000273s ]
INFO: [ app_begin ] --END-- [ RunTime:0.000318s ]
NOTIC: [8] Undefined index: H_user_id /var/www/web/test/App/Home/Controller/IndexController.class.php 第 17 行.
SQL: SHOW COLUMNS FROM `lunbo` [ RunTime:0.0030s ]
SQL: SELECT * FROM `lunbo` WHERE ( pc=1 ) ORDER BY num desc LIMIT 4   [ RunTime:0.0022s ]
SQL: SHOW COLUMNS FROM `category` [ RunTime:0.0027s ]
SQL: SELECT * FROM `category` WHERE `pid` = 0 AND `name` <> '推荐' LIMIT 5   [ RunTime:0.0021s ]
SQL: SELECT * FROM `category` WHERE ( pid=2 ) LIMIT 3   [ RunTime:0.0021s ]
SQL: SELECT * FROM `category` WHERE ( pid=2 )  [ RunTime:0.0021s ]
SQL: SHOW COLUMNS FROM `liveb` [ RunTime:0.0028s ]
SQL: SELECT * FROM `liveb` WHERE ( cate_id=2 ) LIMIT 4   [ RunTime:0.0021s ]
SQL: SELECT * FROM `category` WHERE ( pid=3 ) LIMIT 3   [ RunTime:0.0020s ]
SQL: SELECT * FROM `category` WHERE ( pid=3 )  [ RunTime:0.0021s ]
SQL: SELECT * FROM `liveb` WHERE ( cate_id=3 ) LIMIT 4   [ RunTime:0.0021s ]
SQL: SELECT * FROM `category` WHERE ( pid=4 ) LIMIT 3   [ RunTime:0.0021s ]
SQL: SELECT * FROM `category` WHERE ( pid=4 )  [ RunTime:0.0021s ]
SQL: SELECT * FROM `liveb` WHERE ( cate_id=4 ) LIMIT 4   [ RunTime:0.0022s ]
SQL: SELECT * FROM `category` WHERE ( pid=5 ) LIMIT 3   [ RunTime:0.0021s ]
SQL: SELECT * FROM `category` WHERE ( pid=5 )  [ RunTime:0.0021s ]
SQL: SELECT * FROM `liveb` WHERE ( cate_id=5 ) LIMIT 4   [ RunTime:0.0022s ]
SQL: SELECT * FROM `category` WHERE ( pid=14 ) LIMIT 3   [ RunTime:0.0021s ]
SQL: SELECT * FROM `category` WHERE ( pid=14 )  [ RunTime:0.0021s ]
SQL: SELECT * FROM `liveb` WHERE ( cate_id=14 ) LIMIT 4   [ RunTime:0.0021s ]
SQL: SELECT * FROM `liveb` WHERE ( recommend=1 ) LIMIT 5   [ RunTime:0.0021s ]
SQL: SELECT * FROM `category` WHERE ( pid=2 ) LIMIT 8   [ RunTime:0.0021s ]
NOTIC: [8] Undefined variable: yuyan_id /var/www/web/test/App/Home/Controller/IndexController.class.php 第 79 行.
SQL: SELECT * FROM `liveb` WHERE `name` <> '推荐' AND `cate_id` IN ('','6','7','8','9','10','11','12','13') LIMIT 8   [ RunTime:0.0022s ]
SQL: SELECT * FROM `category` WHERE ( pid=4 ) LIMIT 8   [ RunTime:0.0021s ]
NOTIC: [8] Undefined variable: qinzi_id /var/www/web/test/App/Home/Controller/IndexController.class.php 第 88 行.
SQL: SELECT * FROM `liveb` WHERE `name` <> '推荐' AND `cate_id` IN ('','18','19','20','40','41','42','43','44') LIMIT 8   [ RunTime:0.0022s ]
SQL: SELECT * FROM `category` WHERE ( pid=3 ) LIMIT 8   [ RunTime:0.0020s ]
NOTIC: [8] Undefined variable: bangong_id /var/www/web/test/App/Home/Controller/IndexController.class.php 第 97 行.
SQL: SELECT * FROM `liveb` WHERE `name` <> '推荐' AND `cate_id` IN ('','15','16','17','26','27','28','36','37') LIMIT 8   [ RunTime:0.0022s ]
SQL: SELECT * FROM `category` WHERE ( pid=5 ) LIMIT 8   [ RunTime:0.0021s ]
NOTIC: [8] Undefined variable: zhiye_id /var/www/web/test/App/Home/Controller/IndexController.class.php 第 106 行.
SQL: SELECT * FROM `liveb` WHERE `name` <> '推荐' AND `cate_id` IN ('','47','48','49','50','51','52','53','54') LIMIT 8   [ RunTime:0.0022s ]
SQL: SELECT * FROM `category` WHERE ( pid=14 ) LIMIT 8   [ RunTime:0.0021s ]
NOTIC: [8] Undefined variable: chanpin_id /var/www/web/test/App/Home/Controller/IndexController.class.php 第 115 行.
SQL: SELECT * FROM `liveb` WHERE `name` <> '推荐' AND `cate_id` IN ('','57','58','59','60','61','62','63','64') LIMIT 8   [ RunTime:0.0022s ]
INFO: [ view_parse ] --START--
INFO: [ template_filter ] --START--
INFO: Run Behavior\ContentReplaceBehavior [ RunTime:0.000091s ]
INFO: [ template_filter ] --END-- [ RunTime:0.000134s ]
NOTIC: [8] Undefined variable: dian /var/www/web/test/App/Runtime/Cache/Home/00e52909bed743ea261af4b6823297ff.php 第 36 行.
NOTIC: [8] Undefined index: H_user_id /var/www/web/test/App/Runtime/Cache/Home/00e52909bed743ea261af4b6823297ff.php 第 41 行.
NOTIC: [8] Undefined index: H_user_id /var/www/web/test/App/Runtime/Cache/Home/00e52909bed743ea261af4b6823297ff.php 第 62 行.
NOTIC: [8] Undefined index: H_user_id /var/www/web/test/App/Runtime/Cache/Home/00e52909bed743ea261af4b6823297ff.php 第 63 行.
NOTIC: [8] Undefined index: H_user_id /var/www/web/test/App/Runtime/Cache/Home/00e52909bed743ea261af4b6823297ff.php 第 72 行.
NOTIC: [8] Undefined variable: advert_img /var/www/web/test/App/Runtime/Cache/Home/00e52909bed743ea261af4b6823297ff.php 第 233 行.
INFO: Run Behavior\ParseTemplateBehavior [ RunTime:0.028184s ]
INFO: [ view_parse ] --END-- [ RunTime:0.028227s ]
INFO: [ view_filter ] --START--
INFO: Run Behavior\WriteHtmlCacheBehavior [ RunTime:0.000106s ]
INFO: [ view_filter ] --END-- [ RunTime:0.000143s ]
INFO: [ app_end ] --START--
INFO: Run Behavior\ShowPageTraceBehavior [ RunTime:0.000347s ]
INFO: [ app_end ] --END-- [ RunTime:0.000405s ]

[ 2018-02-17T05:14:57+08:00 ] 106.11.225.234 /
INFO: [ app_init ] --START--
INFO: Run Behavior\BuildLiteBehavior [ RunTime:0.000012s ]
INFO: [ app_init ] --END-- [ RunTime:0.000238s ]
INFO: [ app_begin ] --START--
INFO: Run Behavior\ReadHtmlCacheBehavior [ RunTime:0.000296s ]
INFO: [ app_begin ] --END-- [ RunTime:0.000339s ]
NOTIC: [8] Undefined index: H_user_id /var/www/web/test/App/Home/Controller/IndexController.class.php 第 17 行.
SQL: SHOW COLUMNS FROM `lunbo` [ RunTime:0.0030s ]
SQL: SELECT * FROM `lunbo` WHERE ( pc=1 ) ORDER BY num desc LIMIT 4   [ RunTime:0.0022s ]
SQL: SHOW COLUMNS FROM `category` [ RunTime:0.0027s ]
SQL: SELECT * FROM `category` WHERE `pid` = 0 AND `name` <> '推荐' LIMIT 5   [ RunTime:0.0021s ]
SQL: SELECT * FROM `category` WHERE ( pid=2 ) LIMIT 3   [ RunTime:0.0020s ]
SQL: SELECT * FROM `category` WHERE ( pid=2 )  [ RunTime:0.0021s ]
SQL: SHOW COLUMNS FROM `liveb` [ RunTime:0.0027s ]
SQL: SELECT * FROM `liveb` WHERE ( cate_id=2 ) LIMIT 4   [ RunTime:0.0023s ]
SQL: SELECT * FROM `category` WHERE ( pid=3 ) LIMIT 3   [ RunTime:0.0020s ]
SQL: SELECT * FROM `category` WHERE ( pid=3 )  [ RunTime:0.0020s ]
SQL: SELECT * FROM `liveb` WHERE ( cate_id=3 ) LIMIT 4   [ RunTime:0.0022s ]
SQL: SELECT * FROM `category` WHERE ( pid=4 ) LIMIT 3   [ RunTime:0.0020s ]
SQL: SELECT * FROM `category` WHERE ( pid=4 )  [ RunTime:0.0021s ]
SQL: SELECT * FROM `liveb` WHERE ( cate_id=4 ) LIMIT 4   [ RunTime:0.0021s ]
SQL: SELECT * FROM `category` WHERE ( pid=5 ) LIMIT 3   [ RunTime:0.0020s ]
SQL: SELECT * FROM `category` WHERE ( pid=5 )  [ RunTime:0.0021s ]
SQL: SELECT * FROM `liveb` WHERE ( cate_id=5 ) LIMIT 4   [ RunTime:0.0022s ]
SQL: SELECT * FROM `category` WHERE ( pid=14 ) LIMIT 3   [ RunTime:0.0020s ]
SQL: SELECT * FROM `category` WHERE ( pid=14 )  [ RunTime:0.0021s ]
SQL: SELECT * FROM `liveb` WHERE ( cate_id=14 ) LIMIT 4   [ RunTime:0.0022s ]
SQL: SELECT * FROM `liveb` WHERE ( recommend=1 ) LIMIT 5   [ RunTime:0.0021s ]
SQL: SELECT * FROM `category` WHERE ( pid=2 ) LIMIT 8   [ RunTime:0.0021s ]
NOTIC: [8] Undefined variable: yuyan_id /var/www/web/test/App/Home/Controller/IndexController.class.php 第 79 行.
SQL: SELECT * FROM `liveb` WHERE `name` <> '推荐' AND `cate_id` IN ('','6','7','8','9','10','11','12','13') LIMIT 8   [ RunTime:0.0022s ]
SQL: SELECT * FROM `category` WHERE ( pid=4 ) LIMIT 8   [ RunTime:0.0021s ]
NOTIC: [8] Undefined variable: qinzi_id /var/www/web/test/App/Home/Controller/IndexController.class.php 第 88 行.
SQL: SELECT * FROM `liveb` WHERE `name` <> '推荐' AND `cate_id` IN ('','18','19','20','40','41','42','43','44') LIMIT 8   [ RunTime:0.0022s ]
SQL: SELECT * FROM `category` WHERE ( pid=3 ) LIMIT 8   [ RunTime:0.0020s ]
NOTIC: [8] Undefined variable: bangong_id /var/www/web/test/App/Home/Controller/IndexController.class.php 第 97 行.
SQL: SELECT * FROM `liveb` WHERE `name` <> '推荐' AND `cate_id` IN ('','15','16','17','26','27','28','36','37') LIMIT 8   [ RunTime:0.0022s ]
SQL: SELECT * FROM `category` WHERE ( pid=5 ) LIMIT 8   [ RunTime:0.0021s ]
NOTIC: [8] Undefined variable: zhiye_id /var/www/web/test/App/Home/Controller/IndexController.class.php 第 106 行.
SQL: SELECT * FROM `liveb` WHERE `name` <> '推荐' AND `cate_id` IN ('','47','48','49','50','51','52','53','54') LIMIT 8   [ RunTime:0.0022s ]
SQL: SELECT * FROM `category` WHERE ( pid=14 ) LIMIT 8   [ RunTime:0.0021s ]
NOTIC: [8] Undefined variable: chanpin_id /var/www/web/test/App/Home/Controller/IndexController.class.php 第 115 行.
SQL: SELECT * FROM `liveb` WHERE `name` <> '推荐' AND `cate_id` IN ('','57','58','59','60','61','62','63','64') LIMIT 8   [ RunTime:0.0022s ]
INFO: [ view_parse ] --START--
INFO: [ template_filter ] --START--
INFO: Run Behavior\ContentReplaceBehavior [ RunTime:0.000081s ]
INFO: [ template_filter ] --END-- [ RunTime:0.000123s ]
NOTIC: [8] Undefined variable: dian /var/www/web/test/App/Runtime/Cache/Home/00e52909bed743ea261af4b6823297ff.php 第 36 行.
NOTIC: [8] Undefined index: H_user_id /var/www/web/test/App/Runtime/Cache/Home/00e52909bed743ea261af4b6823297ff.php 第 41 行.
NOTIC: [8] Undefined index: H_user_id /var/www/web/test/App/Runtime/Cache/Home/00e52909bed743ea261af4b6823297ff.php 第 62 行.
NOTIC: [8] Undefined index: H_user_id /var/www/web/test/App/Runtime/Cache/Home/00e52909bed743ea261af4b6823297ff.php 第 63 行.
NOTIC: [8] Undefined index: H_user_id /var/www/web/test/App/Runtime/Cache/Home/00e52909bed743ea261af4b6823297ff.php 第 72 行.
NOTIC: [8] Undefined variable: advert_img /var/www/web/test/App/Runtime/Cache/Home/00e52909bed743ea261af4b6823297ff.php 第 233 行.
INFO: Run Behavior\ParseTemplateBehavior [ RunTime:0.028172s ]
INFO: [ view_parse ] --END-- [ RunTime:0.028215s ]
INFO: [ view_filter ] --START--
INFO: Run Behavior\WriteHtmlCacheBehavior [ RunTime:0.000106s ]
INFO: [ view_filter ] --END-- [ RunTime:0.000142s ]
INFO: [ app_end ] --START--
INFO: Run Behavior\ShowPageTraceBehavior [ RunTime:0.000308s ]
INFO: [ app_end ] --END-- [ RunTime:0.000351s ]

[ 2018-02-17T05:42:17+08:00 ] 220.181.108.169 /Home/Courses/student/id/30.html
INFO: [ app_init ] --START--
INFO: Run Behavior\BuildLiteBehavior [ RunTime:0.000011s ]
INFO: [ app_init ] --END-- [ RunTime:0.000229s ]
INFO: [ app_begin ] --START--
INFO: Run Behavior\ReadHtmlCacheBehavior [ RunTime:0.000294s ]
INFO: [ app_begin ] --END-- [ RunTime:0.000339s ]
NOTIC: [2048] Declaration of Home\Controller\CoursesController::show() should be compatible with that of Think\Controller::show() /var/www/web/test/App/Home/Controller/CoursesController.class.php 第 6 行.

[ 2018-02-17T05:42:17+08:00 ] 220.181.108.166 /Home/Login/index.html
INFO: [ app_init ] --START--
INFO: Run Behavior\BuildLiteBehavior [ RunTime:0.000010s ]
INFO: [ app_init ] --END-- [ RunTime:0.000211s ]
INFO: [ app_begin ] --START--
INFO: Run Behavior\ReadHtmlCacheBehavior [ RunTime:0.000289s ]
INFO: [ app_begin ] --END-- [ RunTime:0.000333s ]
INFO: [ view_parse ] --START--
INFO: [ template_filter ] --START--
INFO: Run Behavior\ContentReplaceBehavior [ RunTime:0.000042s ]
INFO: [ template_filter ] --END-- [ RunTime:0.000086s ]
INFO: Run Behavior\ParseTemplateBehavior [ RunTime:0.006656s ]
INFO: [ view_parse ] --END-- [ RunTime:0.006700s ]
INFO: [ view_filter ] --START--
INFO: Run Behavior\WriteHtmlCacheBehavior [ RunTime:0.000111s ]
INFO: [ view_filter ] --END-- [ RunTime:0.000146s ]
INFO: [ app_end ] --START--
INFO: Run Behavior\ShowPageTraceBehavior [ RunTime:0.000296s ]
INFO: [ app_end ] --END-- [ RunTime:0.000333s ]

[ 2018-02-17T07:17:22+08:00 ] 106.11.227.205 /
INFO: [ app_init ] --START--
INFO: Run Behavior\BuildLiteBehavior [ RunTime:0.000011s ]
INFO: [ app_init ] --END-- [ RunTime:0.000220s ]
INFO: [ app_begin ] --START--
INFO: Run Behavior\ReadHtmlCacheBehavior [ RunTime:0.000290s ]
INFO: [ app_begin ] --END-- [ RunTime:0.000336s ]
NOTIC: [8] Undefined index: H_user_id /var/www/web/test/App/Home/Controller/IndexController.class.php 第 17 行.
SQL: SHOW COLUMNS FROM `lunbo` [ RunTime:0.0031s ]
SQL: SELECT * FROM `lunbo` WHERE ( pc=1 ) ORDER BY num desc LIMIT 4   [ RunTime:0.0022s ]
SQL: SHOW COLUMNS FROM `category` [ RunTime:0.0028s ]
SQL: SELECT * FROM `category` WHERE `pid` = 0 AND `name` <> '推荐' LIMIT 5   [ RunTime:0.0022s ]
SQL: SELECT * FROM `category` WHERE ( pid=2 ) LIMIT 3   [ RunTime:0.0021s ]
SQL: SELECT * FROM `category` WHERE ( pid=2 )  [ RunTime:0.0021s ]
SQL: SHOW COLUMNS FROM `liveb` [ RunTime:0.0028s ]
SQL: SELECT * FROM `liveb` WHERE ( cate_id=2 ) LIMIT 4   [ RunTime:0.0022s ]
SQL: SELECT * FROM `category` WHERE ( pid=3 ) LIMIT 3   [ RunTime:0.0021s ]
SQL: SELECT * FROM `category` WHERE ( pid=3 )  [ RunTime:0.0021s ]
SQL: SELECT * FROM `liveb` WHERE ( cate_id=3 ) LIMIT 4   [ RunTime:0.0022s ]
SQL: SELECT * FROM `category` WHERE ( pid=4 ) LIMIT 3   [ RunTime:0.0021s ]
SQL: SELECT * FROM `category` WHERE ( pid=4 )  [ RunTime:0.0021s ]
SQL: SELECT * FROM `liveb` WHERE ( cate_id=4 ) LIMIT 4   [ RunTime:0.0022s ]
SQL: SELECT * FROM `category` WHERE ( pid=5 ) LIMIT 3   [ RunTime:0.0021s ]
SQL: SELECT * FROM `category` WHERE ( pid=5 )  [ RunTime:0.0021s ]
SQL: SELECT * FROM `liveb` WHERE ( cate_id=5 ) LIMIT 4   [ RunTime:0.0022s ]
SQL: SELECT * FROM `category` WHERE ( pid=14 ) LIMIT 3   [ RunTime:0.0021s ]
SQL: SELECT * FROM `category` WHERE ( pid=14 )  [ RunTime:0.0021s ]
SQL: SELECT * FROM `liveb` WHERE ( cate_id=14 ) LIMIT 4   [ RunTime:0.0022s ]
SQL: SELECT * FROM `liveb` WHERE ( recommend=1 ) LIMIT 5   [ RunTime:0.0021s ]
SQL: SELECT * FROM `category` WHERE ( pid=2 ) LIMIT 8   [ RunTime:0.0021s ]
NOTIC: [8] Undefined variable: yuyan_id /var/www/web/test/App/Home/Controller/IndexController.class.php 第 79 行.
SQL: SELECT * FROM `liveb` WHERE `name` <> '推荐' AND `cate_id` IN ('','6','7','8','9','10','11','12','13') LIMIT 8   [ RunTime:0.0022s ]
SQL: SELECT * FROM `category` WHERE ( pid=4 ) LIMIT 8   [ RunTime:0.0021s ]
NOTIC: [8] Undefined variable: qinzi_id /var/www/web/test/App/Home/Controller/IndexController.class.php 第 88 行.
SQL: SELECT * FROM `liveb` WHERE `name` <> '推荐' AND `cate_id` IN ('','18','19','20','40','41','42','43','44') LIMIT 8   [ RunTime:0.0022s ]
SQL: SELECT * FROM `category` WHERE ( pid=3 ) LIMIT 8   [ RunTime:0.0021s ]
NOTIC: [8] Undefined variable: bangong_id /var/www/web/test/App/Home/Controller/IndexController.class.php 第 97 行.
SQL: SELECT * FROM `liveb` WHERE `name` <> '推荐' AND `cate_id` IN ('','15','16','17','26','27','28','36','37') LIMIT 8   [ RunTime:0.0022s ]
SQL: SELECT * FROM `category` WHERE ( pid=5 ) LIMIT 8   [ RunTime:0.0021s ]
NOTIC: [8] Undefined variable: zhiye_id /var/www/web/test/App/Home/Controller/IndexController.class.php 第 106 行.
SQL: SELECT * FROM `liveb` WHERE `name` <> '推荐' AND `cate_id` IN ('','47','48','49','50','51','52','53','54') LIMIT 8   [ RunTime:0.0022s ]
SQL: SELECT * FROM `category` WHERE ( pid=14 ) LIMIT 8   [ RunTime:0.0021s ]
NOTIC: [8] Undefined variable: chanpin_id /var/www/web/test/App/Home/Controller/IndexController.class.php 第 115 行.
SQL: SELECT * FROM `liveb` WHERE `name` <> '推荐' AND `cate_id` IN ('','57','58','59','60','61','62','63','64') LIMIT 8   [ RunTime:0.0022s ]
INFO: [ view_parse ] --START--
INFO: [ template_filter ] --START--
INFO: Run Behavior\ContentReplaceBehavior [ RunTime:0.000081s ]
INFO: [ template_filter ] --END-- [ RunTime:0.000125s ]
NOTIC: [8] Undefined variable: dian /var/www/web/test/App/Runtime/Cache/Home/00e52909bed743ea261af4b6823297ff.php 第 36 行.
NOTIC: [8] Undefined index: H_user_id /var/www/web/test/App/Runtime/Cache/Home/00e52909bed743ea261af4b6823297ff.php 第 41 行.
NOTIC: [8] Undefined index: H_user_id /var/www/web/test/App/Runtime/Cache/Home/00e52909bed743ea261af4b6823297ff.php 第 62 行.
NOTIC: [8] Undefined index: H_user_id /var/www/web/test/App/Runtime/Cache/Home/00e52909bed743ea261af4b6823297ff.php 第 63 行.
NOTIC: [8] Undefined index: H_user_id /var/www/web/test/App/Runtime/Cache/Home/00e52909bed743ea261af4b6823297ff.php 第 72 行.
NOTIC: [8] Undefined variable: advert_img /var/www/web/test/App/Runtime/Cache/Home/00e52909bed743ea261af4b6823297ff.php 第 233 行.
INFO: Run Behavior\ParseTemplateBehavior [ RunTime:0.027862s ]
INFO: [ view_parse ] --END-- [ RunTime:0.027903s ]
INFO: [ view_filter ] --START--
INFO: Run Behavior\WriteHtmlCacheBehavior [ RunTime:0.000100s ]
INFO: [ view_filter ] --END-- [ RunTime:0.000135s ]
INFO: [ app_end ] --START--
INFO: Run Behavior\ShowPageTraceBehavior [ RunTime:0.000307s ]
INFO: [ app_end ] --END-- [ RunTime:0.000350s ]

[ 2018-02-17T07:55:29+08:00 ] 123.125.71.22 /Home/Courses/student/id/44.html
INFO: [ app_init ] --START--
INFO: Run Behavior\BuildLiteBehavior [ RunTime:0.000012s ]
INFO: [ app_init ] --END-- [ RunTime:0.000227s ]
INFO: [ app_begin ] --START--
INFO: Run Behavior\ReadHtmlCacheBehavior [ RunTime:0.000299s ]
INFO: [ app_begin ] --END-- [ RunTime:0.000346s ]
NOTIC: [2048] Declaration of Home\Controller\CoursesController::show() should be compatible with that of Think\Controller::show() /var/www/web/test/App/Home/Controller/CoursesController.class.php 第 6 行.

[ 2018-02-17T07:55:29+08:00 ] 123.125.71.111 /Home/Login/index.html
INFO: [ app_init ] --START--
INFO: Run Behavior\BuildLiteBehavior [ RunTime:0.000011s ]
INFO: [ app_init ] --END-- [ RunTime:0.000205s ]
INFO: [ app_begin ] --START--
INFO: Run Behavior\ReadHtmlCacheBehavior [ RunTime:0.000289s ]
INFO: [ app_begin ] --END-- [ RunTime:0.000332s ]
INFO: [ view_parse ] --START--
INFO: [ template_filter ] --START--
INFO: Run Behavior\ContentReplaceBehavior [ RunTime:0.000045s ]
INFO: [ template_filter ] --END-- [ RunTime:0.000106s ]
INFO: Run Behavior\ParseTemplateBehavior [ RunTime:0.006616s ]
INFO: [ view_parse ] --END-- [ RunTime:0.006661s ]
INFO: [ view_filter ] --START--
INFO: Run Behavior\WriteHtmlCacheBehavior [ RunTime:0.000106s ]
INFO: [ view_filter ] --END-- [ RunTime:0.000143s ]
INFO: [ app_end ] --START--
INFO: Run Behavior\ShowPageTraceBehavior [ RunTime:0.000280s ]
INFO: [ app_end ] --END-- [ RunTime:0.000316s ]

[ 2018-02-17T08:12:21+08:00 ] 173.249.15.195 /
INFO: [ app_init ] --START--
INFO: Run Behavior\BuildLiteBehavior [ RunTime:0.000011s ]
INFO: [ app_init ] --END-- [ RunTime:0.000235s ]
INFO: [ app_begin ] --START--
INFO: Run Behavior\ReadHtmlCacheBehavior [ RunTime:0.000301s ]
INFO: [ app_begin ] --END-- [ RunTime:0.000345s ]
NOTIC: [8] Undefined index: H_user_id /var/www/web/test/App/Home/Controller/IndexController.class.php 第 17 行.
SQL: SHOW COLUMNS FROM `lunbo` [ RunTime:0.0030s ]
SQL: SELECT * FROM `lunbo` WHERE ( pc=1 ) ORDER BY num desc LIMIT 4   [ RunTime:0.0022s ]
SQL: SHOW COLUMNS FROM `category` [ RunTime:0.0027s ]
SQL: SELECT * FROM `category` WHERE `pid` = 0 AND `name` <> '推荐' LIMIT 5   [ RunTime:0.0021s ]
SQL: SELECT * FROM `category` WHERE ( pid=2 ) LIMIT 3   [ RunTime:0.0021s ]
SQL: SELECT * FROM `category` WHERE ( pid=2 )  [ RunTime:0.0021s ]
SQL: SHOW COLUMNS FROM `liveb` [ RunTime:0.0027s ]
SQL: SELECT * FROM `liveb` WHERE ( cate_id=2 ) LIMIT 4   [ RunTime:0.0021s ]
SQL: SELECT * FROM `category` WHERE ( pid=3 ) LIMIT 3   [ RunTime:0.0020s ]
SQL: SELECT * FROM `category` WHERE ( pid=3 )  [ RunTime:0.0021s ]
SQL: SELECT * FROM `liveb` WHERE ( cate_id=3 ) LIMIT 4   [ RunTime:0.0021s ]
SQL: SELECT * FROM `category` WHERE ( pid=4 ) LIMIT 3   [ RunTime:0.0021s ]
SQL: SELECT * FROM `category` WHERE ( pid=4 )  [ RunTime:0.0021s ]
SQL: SELECT * FROM `liveb` WHERE ( cate_id=4 ) LIMIT 4   [ RunTime:0.0021s ]
SQL: SELECT * FROM `category` WHERE ( pid=5 ) LIMIT 3   [ RunTime:0.0020s ]
SQL: SELECT * FROM `category` WHERE ( pid=5 )  [ RunTime:0.0020s ]
SQL: SELECT * FROM `liveb` WHERE ( cate_id=5 ) LIMIT 4   [ RunTime:0.0021s ]
SQL: SELECT * FROM `category` WHERE ( pid=14 ) LIMIT 3   [ RunTime:0.0020s ]
SQL: SELECT * FROM `category` WHERE ( pid=14 )  [ RunTime:0.0020s ]
SQL: SELECT * FROM `liveb` WHERE ( cate_id=14 ) LIMIT 4   [ RunTime:0.0021s ]
SQL: SELECT * FROM `liveb` WHERE ( recommend=1 ) LIMIT 5   [ RunTime:0.0021s ]
SQL: SELECT * FROM `category` WHERE ( pid=2 ) LIMIT 8   [ RunTime:0.0020s ]
NOTIC: [8] Undefined variable: yuyan_id /var/www/web/test/App/Home/Controller/IndexController.class.php 第 79 行.
SQL: SELECT * FROM `liveb` WHERE `name` <> '推荐' AND `cate_id` IN ('','6','7','8','9','10','11','12','13') LIMIT 8   [ RunTime:0.0021s ]
SQL: SELECT * FROM `category` WHERE ( pid=4 ) LIMIT 8   [ RunTime:0.0020s ]
NOTIC: [8] Undefined variable: qinzi_id /var/www/web/test/App/Home/Controller/IndexController.class.php 第 88 行.
SQL: SELECT * FROM `liveb` WHERE `name` <> '推荐' AND `cate_id` IN ('','18','19','20','40','41','42','43','44') LIMIT 8   [ RunTime:0.0022s ]
SQL: SELECT * FROM `category` WHERE ( pid=3 ) LIMIT 8   [ RunTime:0.0020s ]
NOTIC: [8] Undefined variable: bangong_id /var/www/web/test/App/Home/Controller/IndexController.class.php 第 97 行.
SQL: SELECT * FROM `liveb` WHERE `name` <> '推荐' AND `cate_id` IN ('','15','16','17','26','27','28','36','37') LIMIT 8   [ RunTime:0.0021s ]
SQL: SELECT * FROM `category` WHERE ( pid=5 ) LIMIT 8   [ RunTime:0.0020s ]
NOTIC: [8] Undefined variable: zhiye_id /var/www/web/test/App/Home/Controller/IndexController.class.php 第 106 行.
SQL: SELECT * FROM `liveb` WHERE `name` <> '推荐' AND `cate_id` IN ('','47','48','49','50','51','52','53','54') LIMIT 8   [ RunTime:0.0021s ]
SQL: SELECT * FROM `category` WHERE ( pid=14 ) LIMIT 8   [ RunTime:0.0020s ]
NOTIC: [8] Undefined variable: chanpin_id /var/www/web/test/App/Home/Controller/IndexController.class.php 第 115 行.
SQL: SELECT * FROM `liveb` WHERE `name` <> '推荐' AND `cate_id` IN ('','57','58','59','60','61','62','63','64') LIMIT 8   [ RunTime:0.0022s ]
INFO: [ view_parse ] --START--
INFO: [ template_filter ] --START--
INFO: Run Behavior\ContentReplaceBehavior [ RunTime:0.000069s ]
INFO: [ template_filter ] --END-- [ RunTime:0.000110s ]
NOTIC: [8] Undefined variable: dian /var/www/web/test/App/Runtime/Cache/Home/00e52909bed743ea261af4b6823297ff.php 第 36 行.
NOTIC: [8] Undefined index: H_user_id /var/www/web/test/App/Runtime/Cache/Home/00e52909bed743ea261af4b6823297ff.php 第 41 行.
NOTIC: [8] Undefined index: H_user_id /var/www/web/test/App/Runtime/Cache/Home/00e52909bed743ea261af4b6823297ff.php 第 62 行.
NOTIC: [8] Undefined index: H_user_id /var/www/web/test/App/Runtime/Cache/Home/00e52909bed743ea261af4b6823297ff.php 第 63 行.
NOTIC: [8] Undefined index: H_user_id /var/www/web/test/App/Runtime/Cache/Home/00e52909bed743ea261af4b6823297ff.php 第 72 行.
NOTIC: [8] Undefined variable: advert_img /var/www/web/test/App/Runtime/Cache/Home/00e52909bed743ea261af4b6823297ff.php 第 233 行.
INFO: Run Behavior\ParseTemplateBehavior [ RunTime:0.027129s ]
INFO: [ view_parse ] --END-- [ RunTime:0.027171s ]
INFO: [ view_filter ] --START--
INFO: Run Behavior\WriteHtmlCacheBehavior [ RunTime:0.000106s ]
INFO: [ view_filter ] --END-- [ RunTime:0.000141s ]
INFO: [ app_end ] --START--
INFO: Run Behavior\ShowPageTraceBehavior [ RunTime:0.000307s ]
INFO: [ app_end ] --END-- [ RunTime:0.000357s ]

[ 2018-02-17T08:21:15+08:00 ] 59.110.6.177 /
INFO: [ app_init ] --START--
INFO: Run Behavior\BuildLiteBehavior [ RunTime:0.000012s ]
INFO: [ app_init ] --END-- [ RunTime:0.000233s ]
INFO: [ app_begin ] --START--
INFO: Run Behavior\ReadHtmlCacheBehavior [ RunTime:0.000293s ]
INFO: [ app_begin ] --END-- [ RunTime:0.000336s ]
NOTIC: [8] Undefined index: H_user_id /var/www/web/test/App/Home/Controller/IndexController.class.php 第 17 行.
SQL: SHOW COLUMNS FROM `lunbo` [ RunTime:0.0031s ]
SQL: SELECT * FROM `lunbo` WHERE ( pc=1 ) ORDER BY num desc LIMIT 4   [ RunTime:0.0022s ]
SQL: SHOW COLUMNS FROM `category` [ RunTime:0.0027s ]
SQL: SELECT * FROM `category` WHERE `pid` = 0 AND `name` <> '推荐' LIMIT 5   [ RunTime:0.0022s ]
SQL: SELECT * FROM `category` WHERE ( pid=2 ) LIMIT 3   [ RunTime:0.0021s ]
SQL: SELECT * FROM `category` WHERE ( pid=2 )  [ RunTime:0.0021s ]
SQL: SHOW COLUMNS FROM `liveb` [ RunTime:0.0028s ]
SQL: SELECT * FROM `liveb` WHERE ( cate_id=2 ) LIMIT 4   [ RunTime:0.0022s ]
SQL: SELECT * FROM `category` WHERE ( pid=3 ) LIMIT 3   [ RunTime:0.0021s ]
SQL: SELECT * FROM `category` WHERE ( pid=3 )  [ RunTime:0.0021s ]
SQL: SELECT * FROM `liveb` WHERE ( cate_id=3 ) LIMIT 4   [ RunTime:0.0022s ]
SQL: SELECT * FROM `category` WHERE ( pid=4 ) LIMIT 3   [ RunTime:0.0021s ]
SQL: SELECT * FROM `category` WHERE ( pid=4 )  [ RunTime:0.0021s ]
SQL: SELECT * FROM `liveb` WHERE ( cate_id=4 ) LIMIT 4   [ RunTime:0.0022s ]
SQL: SELECT * FROM `category` WHERE ( pid=5 ) LIMIT 3   [ RunTime:0.0021s ]
SQL: SELECT * FROM `category` WHERE ( pid=5 )  [ RunTime:0.0022s ]
SQL: SELECT * FROM `liveb` WHERE ( cate_id=5 ) LIMIT 4   [ RunTime:0.0022s ]
SQL: SELECT * FROM `category` WHERE ( pid=14 ) LIMIT 3   [ RunTime:0.0021s ]
SQL: SELECT * FROM `category` WHERE ( pid=14 )  [ RunTime:0.0021s ]
SQL: SELECT * FROM `liveb` WHERE ( cate_id=14 ) LIMIT 4   [ RunTime:0.0022s ]
SQL: SELECT * FROM `liveb` WHERE ( recommend=1 ) LIMIT 5   [ RunTime:0.0022s ]
SQL: SELECT * FROM `category` WHERE ( pid=2 ) LIMIT 8   [ RunTime:0.0021s ]
NOTIC: [8] Undefined variable: yuyan_id /var/www/web/test/App/Home/Controller/IndexController.class.php 第 79 行.
SQL: SELECT * FROM `liveb` WHERE `name` <> '推荐' AND `cate_id` IN ('','6','7','8','9','10','11','12','13') LIMIT 8   [ RunTime:0.0022s ]
SQL: SELECT * FROM `category` WHERE ( pid=4 ) LIMIT 8   [ RunTime:0.0021s ]
NOTIC: [8] Undefined variable: qinzi_id /var/www/web/test/App/Home/Controller/IndexController.class.php 第 88 行.
SQL: SELECT * FROM `liveb` WHERE `name` <> '推荐' AND `cate_id` IN ('','18','19','20','40','41','42','43','44') LIMIT 8   [ RunTime:0.0023s ]
SQL: SELECT * FROM `category` WHERE ( pid=3 ) LIMIT 8   [ RunTime:0.0021s ]
NOTIC: [8] Undefined variable: bangong_id /var/www/web/test/App/Home/Controller/IndexController.class.php 第 97 行.
SQL: SELECT * FROM `liveb` WHERE `name` <> '推荐' AND `cate_id` IN ('','15','16','17','26','27','28','36','37') LIMIT 8   [ RunTime:0.0022s ]
SQL: SELECT * FROM `category` WHERE ( pid=5 ) LIMIT 8   [ RunTime:0.0021s ]
NOTIC: [8] Undefined variable: zhiye_id /var/www/web/test/App/Home/Controller/IndexController.class.php 第 106 行.
SQL: SELECT * FROM `liveb` WHERE `name` <> '推荐' AND `cate_id` IN ('','47','48','49','50','51','52','53','54') LIMIT 8   [ RunTime:0.0022s ]
SQL: SELECT * FROM `category` WHERE ( pid=14 ) LIMIT 8   [ RunTime:0.0022s ]
NOTIC: [8] Undefined variable: chanpin_id /var/www/web/test/App/Home/Controller/IndexController.class.php 第 115 行.
SQL: SELECT * FROM `liveb` WHERE `name` <> '推荐' AND `cate_id` IN ('','57','58','59','60','61','62','63','64') LIMIT 8   [ RunTime:0.0022s ]
INFO: [ view_parse ] --START--
INFO: [ template_filter ] --START--
INFO: Run Behavior\ContentReplaceBehavior [ RunTime:0.000078s ]
INFO: [ template_filter ] --END-- [ RunTime:0.000122s ]
NOTIC: [8] Undefined variable: dian /var/www/web/test/App/Runtime/Cache/Home/00e52909bed743ea261af4b6823297ff.php 第 36 行.
NOTIC: [8] Undefined index: H_user_id /var/www/web/test/App/Runtime/Cache/Home/00e52909bed743ea261af4b6823297ff.php 第 41 行.
NOTIC: [8] Undefined index: H_user_id /var/www/web/test/App/Runtime/Cache/Home/00e52909bed743ea261af4b6823297ff.php 第 62 行.
NOTIC: [8] Undefined index: H_user_id /var/www/web/test/App/Runtime/Cache/Home/00e52909bed743ea261af4b6823297ff.php 第 63 行.
NOTIC: [8] Undefined index: H_user_id /var/www/web/test/App/Runtime/Cache/Home/00e52909bed743ea261af4b6823297ff.php 第 72 行.
NOTIC: [8] Undefined variable: advert_img /var/www/web/test/App/Runtime/Cache/Home/00e52909bed743ea261af4b6823297ff.php 第 233 行.
INFO: Run Behavior\ParseTemplateBehavior [ RunTime:0.028140s ]
INFO: [ view_parse ] --END-- [ RunTime:0.028183s ]
INFO: [ view_filter ] --START--
INFO: Run Behavior\WriteHtmlCacheBehavior [ RunTime:0.000094s ]
INFO: [ view_filter ] --END-- [ RunTime:0.000128s ]

[ 2018-02-17T10:16:34+08:00 ] 123.125.67.150 /
INFO: [ app_init ] --START--
INFO: Run Behavior\BuildLiteBehavior [ RunTime:0.000012s ]
INFO: [ app_init ] --END-- [ RunTime:0.000246s ]
INFO: [ app_begin ] --START--
INFO: Run Behavior\ReadHtmlCacheBehavior [ RunTime:0.000275s ]
INFO: [ app_begin ] --END-- [ RunTime:0.000317s ]
NOTIC: [8] Undefined index: H_user_id /var/www/web/test/App/Home/Controller/IndexController.class.php 第 17 行.
SQL: SHOW COLUMNS FROM `lunbo` [ RunTime:0.0031s ]
SQL: SELECT * FROM `lunbo` WHERE ( pc=1 ) ORDER BY num desc LIMIT 4   [ RunTime:0.0022s ]
SQL: SHOW COLUMNS FROM `category` [ RunTime:0.0028s ]
SQL: SELECT * FROM `category` WHERE `pid` = 0 AND `name` <> '推荐' LIMIT 5   [ RunTime:0.0022s ]
SQL: SELECT * FROM `category` WHERE ( pid=2 ) LIMIT 3   [ RunTime:0.0021s ]
SQL: SELECT * FROM `category` WHERE ( pid=2 )  [ RunTime:0.0021s ]
SQL: SHOW COLUMNS FROM `liveb` [ RunTime:0.0028s ]
SQL: SELECT * FROM `liveb` WHERE ( cate_id=2 ) LIMIT 4   [ RunTime:0.0022s ]
SQL: SELECT * FROM `category` WHERE ( pid=3 ) LIMIT 3   [ RunTime:0.0021s ]
SQL: SELECT * FROM `category` WHERE ( pid=3 )  [ RunTime:0.0021s ]
SQL: SELECT * FROM `liveb` WHERE ( cate_id=3 ) LIMIT 4   [ RunTime:0.0022s ]
SQL: SELECT * FROM `category` WHERE ( pid=4 ) LIMIT 3   [ RunTime:0.0021s ]
SQL: SELECT * FROM `category` WHERE ( pid=4 )  [ RunTime:0.0021s ]
SQL: SELECT * FROM `liveb` WHERE ( cate_id=4 ) LIMIT 4   [ RunTime:0.0022s ]
SQL: SELECT * FROM `category` WHERE ( pid=5 ) LIMIT 3   [ RunTime:0.0021s ]
SQL: SELECT * FROM `category` WHERE ( pid=5 )  [ RunTime:0.0022s ]
SQL: SELECT * FROM `liveb` WHERE ( cate_id=5 ) LIMIT 4   [ RunTime:0.0022s ]
SQL: SELECT * FROM `category` WHERE ( pid=14 ) LIMIT 3   [ RunTime:0.0021s ]
SQL: SELECT * FROM `category` WHERE ( pid=14 )  [ RunTime:0.0021s ]
SQL: SELECT * FROM `liveb` WHERE ( cate_id=14 ) LIMIT 4   [ RunTime:0.0022s ]
SQL: SELECT * FROM `liveb` WHERE ( recommend=1 ) LIMIT 5   [ RunTime:0.0022s ]
SQL: SELECT * FROM `category` WHERE ( pid=2 ) LIMIT 8   [ RunTime:0.0021s ]
NOTIC: [8] Undefined variable: yuyan_id /var/www/web/test/App/Home/Controller/IndexController.class.php 第 79 行.
SQL: SELECT * FROM `liveb` WHERE `name` <> '推荐' AND `cate_id` IN ('','6','7','8','9','10','11','12','13') LIMIT 8   [ RunTime:0.0022s ]
SQL: SELECT * FROM `category` WHERE ( pid=4 ) LIMIT 8   [ RunTime:0.0021s ]
NOTIC: [8] Undefined variable: qinzi_id /var/www/web/test/App/Home/Controller/IndexController.class.php 第 88 行.
SQL: SELECT * FROM `liveb` WHERE `name` <> '推荐' AND `cate_id` IN ('','18','19','20','40','41','42','43','44') LIMIT 8   [ RunTime:0.0022s ]
SQL: SELECT * FROM `category` WHERE ( pid=3 ) LIMIT 8   [ RunTime:0.0021s ]
NOTIC: [8] Undefined variable: bangong_id /var/www/web/test/App/Home/Controller/IndexController.class.php 第 97 行.
SQL: SELECT * FROM `liveb` WHERE `name` <> '推荐' AND `cate_id` IN ('','15','16','17','26','27','28','36','37') LIMIT 8   [ RunTime:0.0022s ]
SQL: SELECT * FROM `category` WHERE ( pid=5 ) LIMIT 8   [ RunTime:0.0021s ]
NOTIC: [8] Undefined variable: zhiye_id /var/www/web/test/App/Home/Controller/IndexController.class.php 第 106 行.
SQL: SELECT * FROM `liveb` WHERE `name` <> '推荐' AND `cate_id` IN ('','47','48','49','50','51','52','53','54') LIMIT 8   [ RunTime:0.0022s ]
SQL: SELECT * FROM `category` WHERE ( pid=14 ) LIMIT 8   [ RunTime:0.0021s ]
NOTIC: [8] Undefined variable: chanpin_id /var/www/web/test/App/Home/Controller/IndexController.class.php 第 115 行.
SQL: SELECT * FROM `liveb` WHERE `name` <> '推荐' AND `cate_id` IN ('','57','58','59','60','61','62','63','64') LIMIT 8   [ RunTime:0.0022s ]
INFO: [ view_parse ] --START--
INFO: [ template_filter ] --START--
INFO: Run Behavior\ContentReplaceBehavior [ RunTime:0.000067s ]
INFO: [ template_filter ] --END-- [ RunTime:0.000108s ]
NOTIC: [8] Undefined variable: dian /var/www/web/test/App/Runtime/Cache/Home/00e52909bed743ea261af4b6823297ff.php 第 36 行.
NOTIC: [8] Undefined index: H_user_id /var/www/web/test/App/Runtime/Cache/Home/00e52909bed743ea261af4b6823297ff.php 第 41 行.
NOTIC: [8] Undefined index: H_user_id /var/www/web/test/App/Runtime/Cache/Home/00e52909bed743ea261af4b6823297ff.php 第 62 行.
NOTIC: [8] Undefined index: H_user_id /var/www/web/test/App/Runtime/Cache/Home/00e52909bed743ea261af4b6823297ff.php 第 63 行.
NOTIC: [8] Undefined index: H_user_id /var/www/web/test/App/Runtime/Cache/Home/00e52909bed743ea261af4b6823297ff.php 第 72 行.
NOTIC: [8] Undefined variable: advert_img /var/www/web/test/App/Runtime/Cache/Home/00e52909bed743ea261af4b6823297ff.php 第 233 行.
INFO: Run Behavior\ParseTemplateBehavior [ RunTime:0.026857s ]
INFO: [ view_parse ] --END-- [ RunTime:0.026898s ]
INFO: [ view_filter ] --START--
INFO: Run Behavior\WriteHtmlCacheBehavior [ RunTime:0.000094s ]
INFO: [ view_filter ] --END-- [ RunTime:0.000126s ]
INFO: [ app_end ] --START--
INFO: Run Behavior\ShowPageTraceBehavior [ RunTime:0.000300s ]
INFO: [ app_end ] --END-- [ RunTime:0.000344s ]

[ 2018-02-17T12:42:04+08:00 ] 220.181.108.75 /Home/courses/baoming/pid/17.html
INFO: [ app_init ] --START--
INFO: Run Behavior\BuildLiteBehavior [ RunTime:0.000012s ]
INFO: [ app_init ] --END-- [ RunTime:0.000219s ]
INFO: [ app_begin ] --START--
INFO: Run Behavior\ReadHtmlCacheBehavior [ RunTime:0.000291s ]
INFO: [ app_begin ] --END-- [ RunTime:0.000335s ]
NOTIC: [2048] Declaration of Home\Controller\CoursesController::show() should be compatible with that of Think\Controller::show() /var/www/web/test/App/Home/Controller/CoursesController.class.php 第 6 行.

[ 2018-02-17T12:42:04+08:00 ] 220.181.108.101 /Home/Login/index.html
INFO: [ app_init ] --START--
INFO: Run Behavior\BuildLiteBehavior [ RunTime:0.000011s ]
INFO: [ app_init ] --END-- [ RunTime:0.000218s ]
INFO: [ app_begin ] --START--
INFO: Run Behavior\ReadHtmlCacheBehavior [ RunTime:0.000271s ]
INFO: [ app_begin ] --END-- [ RunTime:0.000335s ]
INFO: [ view_parse ] --START--
INFO: [ template_filter ] --START--
INFO: Run Behavior\ContentReplaceBehavior [ RunTime:0.000042s ]
INFO: [ template_filter ] --END-- [ RunTime:0.000086s ]
INFO: Run Behavior\ParseTemplateBehavior [ RunTime:0.006706s ]
INFO: [ view_parse ] --END-- [ RunTime:0.006752s ]
INFO: [ view_filter ] --START--
INFO: Run Behavior\WriteHtmlCacheBehavior [ RunTime:0.000091s ]
INFO: [ view_filter ] --END-- [ RunTime:0.000126s ]
INFO: [ app_end ] --START--
INFO: Run Behavior\ShowPageTraceBehavior [ RunTime:0.000280s ]
INFO: [ app_end ] --END-- [ RunTime:0.000318s ]

[ 2018-02-17T13:15:24+08:00 ] 220.181.108.95 /Home/Courses/student/id/43.html
INFO: [ app_init ] --START--
INFO: Run Behavior\BuildLiteBehavior [ RunTime:0.000012s ]
INFO: [ app_init ] --END-- [ RunTime:0.000220s ]
INFO: [ app_begin ] --START--
INFO: Run Behavior\ReadHtmlCacheBehavior [ RunTime:0.000284s ]
INFO: [ app_begin ] --END-- [ RunTime:0.000347s ]
NOTIC: [2048] Declaration of Home\Controller\CoursesController::show() should be compatible with that of Think\Controller::show() /var/www/web/test/App/Home/Controller/CoursesController.class.php 第 6 行.

[ 2018-02-17T13:15:24+08:00 ] 123.125.71.95 /Home/Login/index.html
INFO: [ app_init ] --START--
INFO: Run Behavior\BuildLiteBehavior [ RunTime:0.000011s ]
INFO: [ app_init ] --END-- [ RunTime:0.000221s ]
INFO: [ app_begin ] --START--
INFO: Run Behavior\ReadHtmlCacheBehavior [ RunTime:0.000292s ]
INFO: [ app_begin ] --END-- [ RunTime:0.000338s ]
INFO: [ view_parse ] --START--
INFO: [ template_filter ] --START--
INFO: Run Behavior\ContentReplaceBehavior [ RunTime:0.000044s ]
INFO: [ template_filter ] --END-- [ RunTime:0.000089s ]
INFO: Run Behavior\ParseTemplateBehavior [ RunTime:0.006812s ]
INFO: [ view_parse ] --END-- [ RunTime:0.006857s ]
INFO: [ view_filter ] --START--
INFO: Run Behavior\WriteHtmlCacheBehavior [ RunTime:0.000092s ]
INFO: [ view_filter ] --END-- [ RunTime:0.000126s ]
INFO: [ app_end ] --START--
INFO: Run Behavior\ShowPageTraceBehavior [ RunTime:0.000296s ]
INFO: [ app_end ] --END-- [ RunTime:0.000335s ]

[ 2018-02-17T13:48:44+08:00 ] 123.125.71.79 /Home/courses/baoming/pid/11.html
INFO: [ app_init ] --START--
INFO: Run Behavior\BuildLiteBehavior [ RunTime:0.000011s ]
INFO: [ app_init ] --END-- [ RunTime:0.000216s ]
INFO: [ app_begin ] --START--
INFO: Run Behavior\ReadHtmlCacheBehavior [ RunTime:0.000282s ]
INFO: [ app_begin ] --END-- [ RunTime:0.000339s ]
NOTIC: [2048] Declaration of Home\Controller\CoursesController::show() should be compatible with that of Think\Controller::show() /var/www/web/test/App/Home/Controller/CoursesController.class.php 第 6 行.

[ 2018-02-17T13:48:44+08:00 ] 123.125.71.102 /Home/Login/index.html
INFO: [ app_init ] --START--
INFO: Run Behavior\BuildLiteBehavior [ RunTime:0.000012s ]
INFO: [ app_init ] --END-- [ RunTime:0.000223s ]
INFO: [ app_begin ] --START--
INFO: Run Behavior\ReadHtmlCacheBehavior [ RunTime:0.000293s ]
INFO: [ app_begin ] --END-- [ RunTime:0.000338s ]
INFO: [ view_parse ] --START--
INFO: [ template_filter ] --START--
INFO: Run Behavior\ContentReplaceBehavior [ RunTime:0.000040s ]
INFO: [ template_filter ] --END-- [ RunTime:0.000083s ]
INFO: Run Behavior\ParseTemplateBehavior [ RunTime:0.006423s ]
INFO: [ view_parse ] --END-- [ RunTime:0.006468s ]
INFO: [ view_filter ] --START--
INFO: Run Behavior\WriteHtmlCacheBehavior [ RunTime:0.000099s ]
INFO: [ view_filter ] --END-- [ RunTime:0.000134s ]
INFO: [ app_end ] --START--
INFO: Run Behavior\ShowPageTraceBehavior [ RunTime:0.000271s ]
INFO: [ app_end ] --END-- [ RunTime:0.000306s ]

[ 2018-02-17T15:31:22+08:00 ] 220.181.108.123 /Home/Courses/student/id/40.html
INFO: [ app_init ] --START--
INFO: Run Behavior\BuildLiteBehavior [ RunTime:0.000011s ]
INFO: [ app_init ] --END-- [ RunTime:0.000201s ]
INFO: [ app_begin ] --START--
INFO: Run Behavior\ReadHtmlCacheBehavior [ RunTime:0.000254s ]
INFO: [ app_begin ] --END-- [ RunTime:0.000294s ]
NOTIC: [2048] Declaration of Home\Controller\CoursesController::show() should be compatible with that of Think\Controller::show() /var/www/web/test/App/Home/Controller/CoursesController.class.php 第 6 行.

[ 2018-02-17T15:31:22+08:00 ] 220.181.108.116 /Home/Login/index.html
INFO: [ app_init ] --START--
INFO: Run Behavior\BuildLiteBehavior [ RunTime:0.000011s ]
INFO: [ app_init ] --END-- [ RunTime:0.000230s ]
INFO: [ app_begin ] --START--
INFO: Run Behavior\ReadHtmlCacheBehavior [ RunTime:0.000275s ]
INFO: [ app_begin ] --END-- [ RunTime:0.000318s ]
INFO: [ view_parse ] --START--
INFO: [ template_filter ] --START--
INFO: Run Behavior\ContentReplaceBehavior [ RunTime:0.000041s ]
INFO: [ template_filter ] --END-- [ RunTime:0.000087s ]
INFO: Run Behavior\ParseTemplateBehavior [ RunTime:0.006842s ]
INFO: [ view_parse ] --END-- [ RunTime:0.006887s ]
INFO: [ view_filter ] --START--
INFO: Run Behavior\WriteHtmlCacheBehavior [ RunTime:0.000091s ]
INFO: [ view_filter ] --END-- [ RunTime:0.000126s ]
INFO: [ app_end ] --START--
INFO: Run Behavior\ShowPageTraceBehavior [ RunTime:0.000283s ]
INFO: [ app_end ] --END-- [ RunTime:0.000320s ]

[ 2018-02-17T16:29:24+08:00 ] 59.110.6.177 /
INFO: [ app_init ] --START--
INFO: Run Behavior\BuildLiteBehavior [ RunTime:0.000012s ]
INFO: [ app_init ] --END-- [ RunTime:0.000237s ]
INFO: [ app_begin ] --START--
INFO: Run Behavior\ReadHtmlCacheBehavior [ RunTime:0.000272s ]
INFO: [ app_begin ] --END-- [ RunTime:0.000316s ]
NOTIC: [8] Undefined index: H_user_id /var/www/web/test/App/Home/Controller/IndexController.class.php 第 17 行.
SQL: SHOW COLUMNS FROM `lunbo` [ RunTime:0.0030s ]
SQL: SELECT * FROM `lunbo` WHERE ( pc=1 ) ORDER BY num desc LIMIT 4   [ RunTime:0.0023s ]
SQL: SHOW COLUMNS FROM `category` [ RunTime:0.0026s ]
SQL: SELECT * FROM `category` WHERE `pid` = 0 AND `name` <> '推荐' LIMIT 5   [ RunTime:0.0021s ]
SQL: SELECT * FROM `category` WHERE ( pid=2 ) LIMIT 3   [ RunTime:0.0020s ]
SQL: SELECT * FROM `category` WHERE ( pid=2 )  [ RunTime:0.0020s ]
SQL: SHOW COLUMNS FROM `liveb` [ RunTime:0.0027s ]
SQL: SELECT * FROM `liveb` WHERE ( cate_id=2 ) LIMIT 4   [ RunTime:0.0021s ]
SQL: SELECT * FROM `category` WHERE ( pid=3 ) LIMIT 3   [ RunTime:0.0021s ]
SQL: SELECT * FROM `category` WHERE ( pid=3 )  [ RunTime:0.0021s ]
SQL: SELECT * FROM `liveb` WHERE ( cate_id=3 ) LIMIT 4   [ RunTime:0.0021s ]
SQL: SELECT * FROM `category` WHERE ( pid=4 ) LIMIT 3   [ RunTime:0.0021s ]
SQL: SELECT * FROM `category` WHERE ( pid=4 )  [ RunTime:0.0021s ]
SQL: SELECT * FROM `liveb` WHERE ( cate_id=4 ) LIMIT 4   [ RunTime:0.0021s ]
SQL: SELECT * FROM `category` WHERE ( pid=5 ) LIMIT 3   [ RunTime:0.0021s ]
SQL: SELECT * FROM `category` WHERE ( pid=5 )  [ RunTime:0.0021s ]
SQL: SELECT * FROM `liveb` WHERE ( cate_id=5 ) LIMIT 4   [ RunTime:0.0022s ]
SQL: SELECT * FROM `category` WHERE ( pid=14 ) LIMIT 3   [ RunTime:0.0021s ]
SQL: SELECT * FROM `category` WHERE ( pid=14 )  [ RunTime:0.0021s ]
SQL: SELECT * FROM `liveb` WHERE ( cate_id=14 ) LIMIT 4   [ RunTime:0.0022s ]
SQL: SELECT * FROM `liveb` WHERE ( recommend=1 ) LIMIT 5   [ RunTime:0.0021s ]
SQL: SELECT * FROM `category` WHERE ( pid=2 ) LIMIT 8   [ RunTime:0.0020s ]
NOTIC: [8] Undefined variable: yuyan_id /var/www/web/test/App/Home/Controller/IndexController.class.php 第 79 行.
SQL: SELECT * FROM `liveb` WHERE `name` <> '推荐' AND `cate_id` IN ('','6','7','8','9','10','11','12','13') LIMIT 8   [ RunTime:0.0021s ]
SQL: SELECT * FROM `category` WHERE ( pid=4 ) LIMIT 8   [ RunTime:0.0021s ]
NOTIC: [8] Undefined variable: qinzi_id /var/www/web/test/App/Home/Controller/IndexController.class.php 第 88 行.
SQL: SELECT * FROM `liveb` WHERE `name` <> '推荐' AND `cate_id` IN ('','18','19','20','40','41','42','43','44') LIMIT 8   [ RunTime:0.0022s ]
SQL: SELECT * FROM `category` WHERE ( pid=3 ) LIMIT 8   [ RunTime:0.0021s ]
NOTIC: [8] Undefined variable: bangong_id /var/www/web/test/App/Home/Controller/IndexController.class.php 第 97 行.
SQL: SELECT * FROM `liveb` WHERE `name` <> '推荐' AND `cate_id` IN ('','15','16','17','26','27','28','36','37') LIMIT 8   [ RunTime:0.0022s ]
SQL: SELECT * FROM `category` WHERE ( pid=5 ) LIMIT 8   [ RunTime:0.0021s ]
NOTIC: [8] Undefined variable: zhiye_id /var/www/web/test/App/Home/Controller/IndexController.class.php 第 106 行.
SQL: SELECT * FROM `liveb` WHERE `name` <> '推荐' AND `cate_id` IN ('','47','48','49','50','51','52','53','54') LIMIT 8   [ RunTime:0.0022s ]
SQL: SELECT * FROM `category` WHERE ( pid=14 ) LIMIT 8   [ RunTime:0.0021s ]
NOTIC: [8] Undefined variable: chanpin_id /var/www/web/test/App/Home/Controller/IndexController.class.php 第 115 行.
SQL: SELECT * FROM `liveb` WHERE `name` <> '推荐' AND `cate_id` IN ('','57','58','59','60','61','62','63','64') LIMIT 8   [ RunTime:0.0022s ]
INFO: [ view_parse ] --START--
INFO: [ template_filter ] --START--
INFO: Run Behavior\ContentReplaceBehavior [ RunTime:0.000067s ]
INFO: [ template_filter ] --END-- [ RunTime:0.000107s ]
NOTIC: [8] Undefined variable: dian /var/www/web/test/App/Runtime/Cache/Home/00e52909bed743ea261af4b6823297ff.php 第 36 行.
NOTIC: [8] Undefined index: H_user_id /var/www/web/test/App/Runtime/Cache/Home/00e52909bed743ea261af4b6823297ff.php 第 41 行.
NOTIC: [8] Undefined index: H_user_id /var/www/web/test/App/Runtime/Cache/Home/00e52909bed743ea261af4b6823297ff.php 第 62 行.
NOTIC: [8] Undefined index: H_user_id /var/www/web/test/App/Runtime/Cache/Home/00e52909bed743ea261af4b6823297ff.php 第 63 行.
NOTIC: [8] Undefined index: H_user_id /var/www/web/test/App/Runtime/Cache/Home/00e52909bed743ea261af4b6823297ff.php 第 72 行.
NOTIC: [8] Undefined variable: advert_img /var/www/web/test/App/Runtime/Cache/Home/00e52909bed743ea261af4b6823297ff.php 第 233 行.
INFO: Run Behavior\ParseTemplateBehavior [ RunTime:0.026833s ]
INFO: [ view_parse ] --END-- [ RunTime:0.026875s ]
INFO: [ view_filter ] --START--
INFO: Run Behavior\WriteHtmlCacheBehavior [ RunTime:0.000094s ]
INFO: [ view_filter ] --END-- [ RunTime:0.000126s ]

[ 2018-02-17T16:48:42+08:00 ] 106.11.242.127 /
INFO: [ app_init ] --START--
INFO: Run Behavior\BuildLiteBehavior [ RunTime:0.000011s ]
INFO: [ app_init ] --END-- [ RunTime:0.000217s ]
INFO: [ app_begin ] --START--
INFO: Run Behavior\ReadHtmlCacheBehavior [ RunTime:0.000296s ]
INFO: [ app_begin ] --END-- [ RunTime:0.000340s ]
NOTIC: [8] Undefined index: H_user_id /var/www/web/test/App/Home/Controller/IndexController.class.php 第 17 行.
SQL: SHOW COLUMNS FROM `lunbo` [ RunTime:0.0030s ]
SQL: SELECT * FROM `lunbo` WHERE ( pc=1 ) ORDER BY num desc LIMIT 4   [ RunTime:0.0022s ]
SQL: SHOW COLUMNS FROM `category` [ RunTime:0.0027s ]
SQL: SELECT * FROM `category` WHERE `pid` = 0 AND `name` <> '推荐' LIMIT 5   [ RunTime:0.0021s ]
SQL: SELECT * FROM `category` WHERE ( pid=2 ) LIMIT 3   [ RunTime:0.0022s ]
SQL: SELECT * FROM `category` WHERE ( pid=2 )  [ RunTime:0.0021s ]
SQL: SHOW COLUMNS FROM `liveb` [ RunTime:0.0028s ]
SQL: SELECT * FROM `liveb` WHERE ( cate_id=2 ) LIMIT 4   [ RunTime:0.0027s ]
SQL: SELECT * FROM `category` WHERE ( pid=3 ) LIMIT 3   [ RunTime:0.0021s ]
SQL: SELECT * FROM `category` WHERE ( pid=3 )  [ RunTime:0.0021s ]
SQL: SELECT * FROM `liveb` WHERE ( cate_id=3 ) LIMIT 4   [ RunTime:0.0022s ]
SQL: SELECT * FROM `category` WHERE ( pid=4 ) LIMIT 3   [ RunTime:0.0021s ]
SQL: SELECT * FROM `category` WHERE ( pid=4 )  [ RunTime:0.0021s ]
SQL: SELECT * FROM `liveb` WHERE ( cate_id=4 ) LIMIT 4   [ RunTime:0.0022s ]
SQL: SELECT * FROM `category` WHERE ( pid=5 ) LIMIT 3   [ RunTime:0.0021s ]
SQL: SELECT * FROM `category` WHERE ( pid=5 )  [ RunTime:0.0021s ]
SQL: SELECT * FROM `liveb` WHERE ( cate_id=5 ) LIMIT 4   [ RunTime:0.0021s ]
SQL: SELECT * FROM `category` WHERE ( pid=14 ) LIMIT 3   [ RunTime:0.0021s ]
SQL: SELECT * FROM `category` WHERE ( pid=14 )  [ RunTime:0.0021s ]
SQL: SELECT * FROM `liveb` WHERE ( cate_id=14 ) LIMIT 4   [ RunTime:0.0021s ]
SQL: SELECT * FROM `liveb` WHERE ( recommend=1 ) LIMIT 5   [ RunTime:0.0021s ]
SQL: SELECT * FROM `category` WHERE ( pid=2 ) LIMIT 8   [ RunTime:0.0020s ]
NOTIC: [8] Undefined variable: yuyan_id /var/www/web/test/App/Home/Controller/IndexController.class.php 第 79 行.
SQL: SELECT * FROM `liveb` WHERE `name` <> '推荐' AND `cate_id` IN ('','6','7','8','9','10','11','12','13') LIMIT 8   [ RunTime:0.0022s ]
SQL: SELECT * FROM `category` WHERE ( pid=4 ) LIMIT 8   [ RunTime:0.0021s ]
NOTIC: [8] Undefined variable: qinzi_id /var/www/web/test/App/Home/Controller/IndexController.class.php 第 88 行.
SQL: SELECT * FROM `liveb` WHERE `name` <> '推荐' AND `cate_id` IN ('','18','19','20','40','41','42','43','44') LIMIT 8   [ RunTime:0.0022s ]
SQL: SELECT * FROM `category` WHERE ( pid=3 ) LIMIT 8   [ RunTime:0.0021s ]
NOTIC: [8] Undefined variable: bangong_id /var/www/web/test/App/Home/Controller/IndexController.class.php 第 97 行.
SQL: SELECT * FROM `liveb` WHERE `name` <> '推荐' AND `cate_id` IN ('','15','16','17','26','27','28','36','37') LIMIT 8   [ RunTime:0.0023s ]
SQL: SELECT * FROM `category` WHERE ( pid=5 ) LIMIT 8   [ RunTime:0.0021s ]
NOTIC: [8] Undefined variable: zhiye_id /var/www/web/test/App/Home/Controller/IndexController.class.php 第 106 行.
SQL: SELECT * FROM `liveb` WHERE `name` <> '推荐' AND `cate_id` IN ('','47','48','49','50','51','52','53','54') LIMIT 8   [ RunTime:0.0022s ]
SQL: SELECT * FROM `category` WHERE ( pid=14 ) LIMIT 8   [ RunTime:0.0021s ]
NOTIC: [8] Undefined variable: chanpin_id /var/www/web/test/App/Home/Controller/IndexController.class.php 第 115 行.
SQL: SELECT * FROM `liveb` WHERE `name` <> '推荐' AND `cate_id` IN ('','57','58','59','60','61','62','63','64') LIMIT 8   [ RunTime:0.0022s ]
INFO: [ view_parse ] --START--
INFO: [ template_filter ] --START--
INFO: Run Behavior\ContentReplaceBehavior [ RunTime:0.000080s ]
INFO: [ template_filter ] --END-- [ RunTime:0.000121s ]
NOTIC: [8] Undefined variable: dian /var/www/web/test/App/Runtime/Cache/Home/00e52909bed743ea261af4b6823297ff.php 第 36 行.
NOTIC: [8] Undefined index: H_user_id /var/www/web/test/App/Runtime/Cache/Home/00e52909bed743ea261af4b6823297ff.php 第 41 行.
NOTIC: [8] Undefined index: H_user_id /var/www/web/test/App/Runtime/Cache/Home/00e52909bed743ea261af4b6823297ff.php 第 62 行.
NOTIC: [8] Undefined index: H_user_id /var/www/web/test/App/Runtime/Cache/Home/00e52909bed743ea261af4b6823297ff.php 第 63 行.
NOTIC: [8] Undefined index: H_user_id /var/www/web/test/App/Runtime/Cache/Home/00e52909bed743ea261af4b6823297ff.php 第 72 行.
NOTIC: [8] Undefined variable: advert_img /var/www/web/test/App/Runtime/Cache/Home/00e52909bed743ea261af4b6823297ff.php 第 233 行.
INFO: Run Behavior\ParseTemplateBehavior [ RunTime:0.028028s ]
INFO: [ view_parse ] --END-- [ RunTime:0.028071s ]
INFO: [ view_filter ] --START--
INFO: Run Behavior\WriteHtmlCacheBehavior [ RunTime:0.000094s ]
INFO: [ view_filter ] --END-- [ RunTime:0.000129s ]
INFO: [ app_end ] --START--
INFO: Run Behavior\ShowPageTraceBehavior [ RunTime:0.000323s ]
INFO: [ app_end ] --END-- [ RunTime:0.000385s ]

[ 2018-02-17T17:19:15+08:00 ] 140.205.225.188 /
INFO: [ app_init ] --START--
INFO: Run Behavior\BuildLiteBehavior [ RunTime:0.000011s ]
INFO: [ app_init ] --END-- [ RunTime:0.000202s ]
INFO: [ app_begin ] --START--
INFO: Run Behavior\ReadHtmlCacheBehavior [ RunTime:0.000254s ]
INFO: [ app_begin ] --END-- [ RunTime:0.000306s ]
NOTIC: [8] Undefined index: H_user_id /var/www/web/test/App/Home/Controller/IndexController.class.php 第 17 行.
SQL: SHOW COLUMNS FROM `lunbo` [ RunTime:0.0029s ]
SQL: SELECT * FROM `lunbo` WHERE ( pc=1 ) ORDER BY num desc LIMIT 4   [ RunTime:0.0021s ]
SQL: SHOW COLUMNS FROM `category` [ RunTime:0.0027s ]
SQL: SELECT * FROM `category` WHERE `pid` = 0 AND `name` <> '推荐' LIMIT 5   [ RunTime:0.0021s ]
SQL: SELECT * FROM `category` WHERE ( pid=2 ) LIMIT 3   [ RunTime:0.0020s ]
SQL: SELECT * FROM `category` WHERE ( pid=2 )  [ RunTime:0.0020s ]
SQL: SHOW COLUMNS FROM `liveb` [ RunTime:0.0027s ]
SQL: SELECT * FROM `liveb` WHERE ( cate_id=2 ) LIMIT 4   [ RunTime:0.0021s ]
SQL: SELECT * FROM `category` WHERE ( pid=3 ) LIMIT 3   [ RunTime:0.0020s ]
SQL: SELECT * FROM `category` WHERE ( pid=3 )  [ RunTime:0.0021s ]
SQL: SELECT * FROM `liveb` WHERE ( cate_id=3 ) LIMIT 4   [ RunTime:0.0021s ]
SQL: SELECT * FROM `category` WHERE ( pid=4 ) LIMIT 3   [ RunTime:0.0020s ]
SQL: SELECT * FROM `category` WHERE ( pid=4 )  [ RunTime:0.0021s ]
SQL: SELECT * FROM `liveb` WHERE ( cate_id=4 ) LIMIT 4   [ RunTime:0.0021s ]
SQL: SELECT * FROM `category` WHERE ( pid=5 ) LIMIT 3   [ RunTime:0.0020s ]
SQL: SELECT * FROM `category` WHERE ( pid=5 )  [ RunTime:0.0021s ]
SQL: SELECT * FROM `liveb` WHERE ( cate_id=5 ) LIMIT 4   [ RunTime:0.0021s ]
SQL: SELECT * FROM `category` WHERE ( pid=14 ) LIMIT 3   [ RunTime:0.0021s ]
SQL: SELECT * FROM `category` WHERE ( pid=14 )  [ RunTime:0.0020s ]
SQL: SELECT * FROM `liveb` WHERE ( cate_id=14 ) LIMIT 4   [ RunTime:0.0021s ]
SQL: SELECT * FROM `liveb` WHERE ( recommend=1 ) LIMIT 5   [ RunTime:0.0021s ]
SQL: SELECT * FROM `category` WHERE ( pid=2 ) LIMIT 8   [ RunTime:0.0022s ]
NOTIC: [8] Undefined variable: yuyan_id /var/www/web/test/App/Home/Controller/IndexController.class.php 第 79 行.
SQL: SELECT * FROM `liveb` WHERE `name` <> '推荐' AND `cate_id` IN ('','6','7','8','9','10','11','12','13') LIMIT 8   [ RunTime:0.0021s ]
SQL: SELECT * FROM `category` WHERE ( pid=4 ) LIMIT 8   [ RunTime:0.0020s ]
NOTIC: [8] Undefined variable: qinzi_id /var/www/web/test/App/Home/Controller/IndexController.class.php 第 88 行.
SQL: SELECT * FROM `liveb` WHERE `name` <> '推荐' AND `cate_id` IN ('','18','19','20','40','41','42','43','44') LIMIT 8   [ RunTime:0.0021s ]
SQL: SELECT * FROM `category` WHERE ( pid=3 ) LIMIT 8   [ RunTime:0.0020s ]
NOTIC: [8] Undefined variable: bangong_id /var/www/web/test/App/Home/Controller/IndexController.class.php 第 97 行.
SQL: SELECT * FROM `liveb` WHERE `name` <> '推荐' AND `cate_id` IN ('','15','16','17','26','27','28','36','37') LIMIT 8   [ RunTime:0.0022s ]
SQL: SELECT * FROM `category` WHERE ( pid=5 ) LIMIT 8   [ RunTime:0.0021s ]
NOTIC: [8] Undefined variable: zhiye_id /var/www/web/test/App/Home/Controller/IndexController.class.php 第 106 行.
SQL: SELECT * FROM `liveb` WHERE `name` <> '推荐' AND `cate_id` IN ('','47','48','49','50','51','52','53','54') LIMIT 8   [ RunTime:0.0021s ]
SQL: SELECT * FROM `category` WHERE ( pid=14 ) LIMIT 8   [ RunTime:0.0020s ]
NOTIC: [8] Undefined variable: chanpin_id /var/www/web/test/App/Home/Controller/IndexController.class.php 第 115 行.
SQL: SELECT * FROM `liveb` WHERE `name` <> '推荐' AND `cate_id` IN ('','57','58','59','60','61','62','63','64') LIMIT 8   [ RunTime:0.0021s ]
INFO: [ view_parse ] --START--
INFO: [ template_filter ] --START--
INFO: Run Behavior\ContentReplaceBehavior [ RunTime:0.000081s ]
INFO: [ template_filter ] --END-- [ RunTime:0.000124s ]
NOTIC: [8] Undefined variable: dian /var/www/web/test/App/Runtime/Cache/Home/00e52909bed743ea261af4b6823297ff.php 第 36 行.
NOTIC: [8] Undefined index: H_user_id /var/www/web/test/App/Runtime/Cache/Home/00e52909bed743ea261af4b6823297ff.php 第 41 行.
NOTIC: [8] Undefined index: H_user_id /var/www/web/test/App/Runtime/Cache/Home/00e52909bed743ea261af4b6823297ff.php 第 62 行.
NOTIC: [8] Undefined index: H_user_id /var/www/web/test/App/Runtime/Cache/Home/00e52909bed743ea261af4b6823297ff.php 第 63 行.
NOTIC: [8] Undefined index: H_user_id /var/www/web/test/App/Runtime/Cache/Home/00e52909bed743ea261af4b6823297ff.php 第 72 行.
NOTIC: [8] Undefined variable: advert_img /var/www/web/test/App/Runtime/Cache/Home/00e52909bed743ea261af4b6823297ff.php 第 233 行.
INFO: Run Behavior\ParseTemplateBehavior [ RunTime:0.027901s ]
INFO: [ view_parse ] --END-- [ RunTime:0.027942s ]
INFO: [ view_filter ] --START--
INFO: Run Behavior\WriteHtmlCacheBehavior [ RunTime:0.000093s ]
INFO: [ view_filter ] --END-- [ RunTime:0.000126s ]
INFO: [ app_end ] --START--
INFO: Run Behavior\ShowPageTraceBehavior [ RunTime:0.000327s ]
INFO: [ app_end ] --END-- [ RunTime:0.000370s ]

[ 2018-02-17T18:33:55+08:00 ] 123.125.71.76 /Home/courses/lei/id/35.html
INFO: [ app_init ] --START--
INFO: Run Behavior\BuildLiteBehavior [ RunTime:0.000012s ]
INFO: [ app_init ] --END-- [ RunTime:0.000224s ]
INFO: [ app_begin ] --START--
INFO: Run Behavior\ReadHtmlCacheBehavior [ RunTime:0.000292s ]
INFO: [ app_begin ] --END-- [ RunTime:0.000337s ]
NOTIC: [2048] Declaration of Home\Controller\CoursesController::show() should be compatible with that of Think\Controller::show() /var/www/web/test/App/Home/Controller/CoursesController.class.php 第 6 行.

[ 2018-02-17T18:33:55+08:00 ] 123.125.71.70 /Home/Login/index.html
INFO: [ app_init ] --START--
INFO: Run Behavior\BuildLiteBehavior [ RunTime:0.000010s ]
INFO: [ app_init ] --END-- [ RunTime:0.000193s ]
INFO: [ app_begin ] --START--
INFO: Run Behavior\ReadHtmlCacheBehavior [ RunTime:0.000256s ]
INFO: [ app_begin ] --END-- [ RunTime:0.000297s ]
INFO: [ view_parse ] --START--
INFO: [ template_filter ] --START--
INFO: Run Behavior\ContentReplaceBehavior [ RunTime:0.000043s ]
INFO: [ template_filter ] --END-- [ RunTime:0.000085s ]
INFO: Run Behavior\ParseTemplateBehavior [ RunTime:0.006316s ]
INFO: [ view_parse ] --END-- [ RunTime:0.006360s ]
INFO: [ view_filter ] --START--
INFO: Run Behavior\WriteHtmlCacheBehavior [ RunTime:0.000088s ]
INFO: [ view_filter ] --END-- [ RunTime:0.000122s ]
INFO: [ app_end ] --START--
INFO: Run Behavior\ShowPageTraceBehavior [ RunTime:0.000294s ]
INFO: [ app_end ] --END-- [ RunTime:0.000331s ]

[ 2018-02-17T19:07:15+08:00 ] 220.181.108.151 /Home/courses/lei/id/11.html
INFO: [ app_init ] --START--
INFO: Run Behavior\BuildLiteBehavior [ RunTime:0.000013s ]
INFO: [ app_init ] --END-- [ RunTime:0.000221s ]
INFO: [ app_begin ] --START--
INFO: Run Behavior\ReadHtmlCacheBehavior [ RunTime:0.000291s ]
INFO: [ app_begin ] --END-- [ RunTime:0.000337s ]
NOTIC: [2048] Declaration of Home\Controller\CoursesController::show() should be compatible with that of Think\Controller::show() /var/www/web/test/App/Home/Controller/CoursesController.class.php 第 6 行.

[ 2018-02-17T19:07:15+08:00 ] 220.181.108.90 /Home/Login/index.html
INFO: [ app_init ] --START--
INFO: Run Behavior\BuildLiteBehavior [ RunTime:0.000011s ]
INFO: [ app_init ] --END-- [ RunTime:0.000214s ]
INFO: [ app_begin ] --START--
INFO: Run Behavior\ReadHtmlCacheBehavior [ RunTime:0.000302s ]
INFO: [ app_begin ] --END-- [ RunTime:0.000345s ]
INFO: [ view_parse ] --START--
INFO: [ template_filter ] --START--
INFO: Run Behavior\ContentReplaceBehavior [ RunTime:0.000043s ]
INFO: [ template_filter ] --END-- [ RunTime:0.000084s ]
INFO: Run Behavior\ParseTemplateBehavior [ RunTime:0.006427s ]
INFO: [ view_parse ] --END-- [ RunTime:0.006469s ]
INFO: [ view_filter ] --START--
INFO: Run Behavior\WriteHtmlCacheBehavior [ RunTime:0.000088s ]
INFO: [ view_filter ] --END-- [ RunTime:0.000121s ]
INFO: [ app_end ] --START--
INFO: Run Behavior\ShowPageTraceBehavior [ RunTime:0.000267s ]
INFO: [ app_end ] --END-- [ RunTime:0.000302s ]

[ 2018-02-17T21:03:53+08:00 ] 101.71.224.92 /
INFO: [ app_init ] --START--
INFO: Run Behavior\BuildLiteBehavior [ RunTime:0.000012s ]
INFO: [ app_init ] --END-- [ RunTime:0.000213s ]
INFO: [ app_begin ] --START--
INFO: Run Behavior\ReadHtmlCacheBehavior [ RunTime:0.000265s ]
INFO: [ app_begin ] --END-- [ RunTime:0.000308s ]
NOTIC: [8] Undefined index: H_user_id /var/www/web/test/App/Home/Controller/IndexController.class.php 第 17 行.
SQL: SHOW COLUMNS FROM `lunbo` [ RunTime:0.0030s ]
SQL: SELECT * FROM `lunbo` WHERE ( pc=1 ) ORDER BY num desc LIMIT 4   [ RunTime:0.0021s ]
SQL: SHOW COLUMNS FROM `category` [ RunTime:0.0027s ]
SQL: SELECT * FROM `category` WHERE `pid` = 0 AND `name` <> '推荐' LIMIT 5   [ RunTime:0.0021s ]
SQL: SELECT * FROM `category` WHERE ( pid=2 ) LIMIT 3   [ RunTime:0.0020s ]
SQL: SELECT * FROM `category` WHERE ( pid=2 )  [ RunTime:0.0021s ]
SQL: SHOW COLUMNS FROM `liveb` [ RunTime:0.0028s ]
SQL: SELECT * FROM `liveb` WHERE ( cate_id=2 ) LIMIT 4   [ RunTime:0.0021s ]
SQL: SELECT * FROM `category` WHERE ( pid=3 ) LIMIT 3   [ RunTime:0.0021s ]
SQL: SELECT * FROM `category` WHERE ( pid=3 )  [ RunTime:0.0021s ]
SQL: SELECT * FROM `liveb` WHERE ( cate_id=3 ) LIMIT 4   [ RunTime:0.0022s ]
SQL: SELECT * FROM `category` WHERE ( pid=4 ) LIMIT 3   [ RunTime:0.0020s ]
SQL: SELECT * FROM `category` WHERE ( pid=4 )  [ RunTime:0.0020s ]
SQL: SELECT * FROM `liveb` WHERE ( cate_id=4 ) LIMIT 4   [ RunTime:0.0021s ]
SQL: SELECT * FROM `category` WHERE ( pid=5 ) LIMIT 3   [ RunTime:0.0021s ]
SQL: SELECT * FROM `category` WHERE ( pid=5 )  [ RunTime:0.0021s ]
SQL: SELECT * FROM `liveb` WHERE ( cate_id=5 ) LIMIT 4   [ RunTime:0.0021s ]
SQL: SELECT * FROM `category` WHERE ( pid=14 ) LIMIT 3   [ RunTime:0.0021s ]
SQL: SELECT * FROM `category` WHERE ( pid=14 )  [ RunTime:0.0021s ]
SQL: SELECT * FROM `liveb` WHERE ( cate_id=14 ) LIMIT 4   [ RunTime:0.0021s ]
SQL: SELECT * FROM `liveb` WHERE ( recommend=1 ) LIMIT 5   [ RunTime:0.0021s ]
SQL: SELECT * FROM `category` WHERE ( pid=2 ) LIMIT 8   [ RunTime:0.0020s ]
NOTIC: [8] Undefined variable: yuyan_id /var/www/web/test/App/Home/Controller/IndexController.class.php 第 79 行.
SQL: SELECT * FROM `liveb` WHERE `name` <> '推荐' AND `cate_id` IN ('','6','7','8','9','10','11','12','13') LIMIT 8   [ RunTime:0.0021s ]
SQL: SELECT * FROM `category` WHERE ( pid=4 ) LIMIT 8   [ RunTime:0.0021s ]
NOTIC: [8] Undefined variable: qinzi_id /var/www/web/test/App/Home/Controller/IndexController.class.php 第 88 行.
SQL: SELECT * FROM `liveb` WHERE `name` <> '推荐' AND `cate_id` IN ('','18','19','20','40','41','42','43','44') LIMIT 8   [ RunTime:0.0022s ]
SQL: SELECT * FROM `category` WHERE ( pid=3 ) LIMIT 8   [ RunTime:0.0020s ]
NOTIC: [8] Undefined variable: bangong_id /var/www/web/test/App/Home/Controller/IndexController.class.php 第 97 行.
SQL: SELECT * FROM `liveb` WHERE `name` <> '推荐' AND `cate_id` IN ('','15','16','17','26','27','28','36','37') LIMIT 8   [ RunTime:0.0022s ]
SQL: SELECT * FROM `category` WHERE ( pid=5 ) LIMIT 8   [ RunTime:0.0020s ]
NOTIC: [8] Undefined variable: zhiye_id /var/www/web/test/App/Home/Controller/IndexController.class.php 第 106 行.
SQL: SELECT * FROM `liveb` WHERE `name` <> '推荐' AND `cate_id` IN ('','47','48','49','50','51','52','53','54') LIMIT 8   [ RunTime:0.0022s ]
SQL: SELECT * FROM `category` WHERE ( pid=14 ) LIMIT 8   [ RunTime:0.0021s ]
NOTIC: [8] Undefined variable: chanpin_id /var/www/web/test/App/Home/Controller/IndexController.class.php 第 115 行.
SQL: SELECT * FROM `liveb` WHERE `name` <> '推荐' AND `cate_id` IN ('','57','58','59','60','61','62','63','64') LIMIT 8   [ RunTime:0.0022s ]
INFO: [ view_parse ] --START--
INFO: [ template_filter ] --START--
INFO: Run Behavior\ContentReplaceBehavior [ RunTime:0.000081s ]
INFO: [ template_filter ] --END-- [ RunTime:0.000123s ]
NOTIC: [8] Undefined variable: dian /var/www/web/test/App/Runtime/Cache/Home/00e52909bed743ea261af4b6823297ff.php 第 36 行.
NOTIC: [8] Undefined index: H_user_id /var/www/web/test/App/Runtime/Cache/Home/00e52909bed743ea261af4b6823297ff.php 第 41 行.
NOTIC: [8] Undefined index: H_user_id /var/www/web/test/App/Runtime/Cache/Home/00e52909bed743ea261af4b6823297ff.php 第 62 行.
NOTIC: [8] Undefined index: H_user_id /var/www/web/test/App/Runtime/Cache/Home/00e52909bed743ea261af4b6823297ff.php 第 63 行.
NOTIC: [8] Undefined index: H_user_id /var/www/web/test/App/Runtime/Cache/Home/00e52909bed743ea261af4b6823297ff.php 第 72 行.
NOTIC: [8] Undefined variable: advert_img /var/www/web/test/App/Runtime/Cache/Home/00e52909bed743ea261af4b6823297ff.php 第 233 行.
INFO: Run Behavior\ParseTemplateBehavior [ RunTime:0.028102s ]
INFO: [ view_parse ] --END-- [ RunTime:0.028144s ]
INFO: [ view_filter ] --START--
INFO: Run Behavior\WriteHtmlCacheBehavior [ RunTime:0.000096s ]
INFO: [ view_filter ] --END-- [ RunTime:0.000146s ]
INFO: [ app_end ] --START--
INFO: Run Behavior\ShowPageTraceBehavior [ RunTime:0.000340s ]
INFO: [ app_end ] --END-- [ RunTime:0.000386s ]

[ 2018-02-17T21:48:11+08:00 ] 220.181.108.139 /Home/Courses/student/id/20.html
INFO: [ app_init ] --START--
INFO: Run Behavior\BuildLiteBehavior [ RunTime:0.000011s ]
INFO: [ app_init ] --END-- [ RunTime:0.000219s ]
INFO: [ app_begin ] --START--
INFO: Run Behavior\ReadHtmlCacheBehavior [ RunTime:0.000312s ]
INFO: [ app_begin ] --END-- [ RunTime:0.000359s ]
NOTIC: [2048] Declaration of Home\Controller\CoursesController::show() should be compatible with that of Think\Controller::show() /var/www/web/test/App/Home/Controller/CoursesController.class.php 第 6 行.

[ 2018-02-17T21:48:11+08:00 ] 220.181.108.175 /Home/Login/index.html
INFO: [ app_init ] --START--
INFO: Run Behavior\BuildLiteBehavior [ RunTime:0.000011s ]
INFO: [ app_init ] --END-- [ RunTime:0.000203s ]
INFO: [ app_begin ] --START--
INFO: Run Behavior\ReadHtmlCacheBehavior [ RunTime:0.000262s ]
INFO: [ app_begin ] --END-- [ RunTime:0.000304s ]
INFO: [ view_parse ] --START--
INFO: [ template_filter ] --START--
INFO: Run Behavior\ContentReplaceBehavior [ RunTime:0.000042s ]
INFO: [ template_filter ] --END-- [ RunTime:0.000085s ]
INFO: Run Behavior\ParseTemplateBehavior [ RunTime:0.006556s ]
INFO: [ view_parse ] --END-- [ RunTime:0.006598s ]
INFO: [ view_filter ] --START--
INFO: Run Behavior\WriteHtmlCacheBehavior [ RunTime:0.000086s ]
INFO: [ view_filter ] --END-- [ RunTime:0.000118s ]
INFO: [ app_end ] --START--
INFO: Run Behavior\ShowPageTraceBehavior [ RunTime:0.000293s ]
INFO: [ app_end ] --END-- [ RunTime:0.000333s ]

[ 2018-02-17T23:01:27+08:00 ] 220.181.108.78 /Home/courses/lei/id/7.html
INFO: [ app_init ] --START--
INFO: Run Behavior\BuildLiteBehavior [ RunTime:0.000013s ]
INFO: [ app_init ] --END-- [ RunTime:0.000245s ]
INFO: [ app_begin ] --START--
INFO: Run Behavior\ReadHtmlCacheBehavior [ RunTime:0.000303s ]
INFO: [ app_begin ] --END-- [ RunTime:0.000348s ]
NOTIC: [2048] Declaration of Home\Controller\CoursesController::show() should be compatible with that of Think\Controller::show() /var/www/web/test/App/Home/Controller/CoursesController.class.php 第 6 行.

[ 2018-02-17T23:01:27+08:00 ] 220.181.108.117 /Home/Login/index.html
INFO: [ app_init ] --START--
INFO: Run Behavior\BuildLiteBehavior [ RunTime:0.000011s ]
INFO: [ app_init ] --END-- [ RunTime:0.000212s ]
INFO: [ app_begin ] --START--
INFO: Run Behavior\ReadHtmlCacheBehavior [ RunTime:0.000300s ]
INFO: [ app_begin ] --END-- [ RunTime:0.000345s ]
INFO: [ view_parse ] --START--
INFO: [ template_filter ] --START--
INFO: Run Behavior\ContentReplaceBehavior [ RunTime:0.000042s ]
INFO: [ template_filter ] --END-- [ RunTime:0.000086s ]
INFO: Run Behavior\ParseTemplateBehavior [ RunTime:0.006661s ]
INFO: [ view_parse ] --END-- [ RunTime:0.006707s ]
INFO: [ view_filter ] --START--
INFO: Run Behavior\WriteHtmlCacheBehavior [ RunTime:0.000103s ]
INFO: [ view_filter ] --END-- [ RunTime:0.000138s ]
INFO: [ app_end ] --START--
INFO: Run Behavior\ShowPageTraceBehavior [ RunTime:0.000301s ]
INFO: [ app_end ] --END-- [ RunTime:0.000339s ]

[ 2018-02-17T23:34:47+08:00 ] 220.181.108.156 /Home/courses/lei/id/12.html
INFO: [ app_init ] --START--
INFO: Run Behavior\BuildLiteBehavior [ RunTime:0.000012s ]
INFO: [ app_init ] --END-- [ RunTime:0.000221s ]
INFO: [ app_begin ] --START--
INFO: Run Behavior\ReadHtmlCacheBehavior [ RunTime:0.000316s ]
INFO: [ app_begin ] --END-- [ RunTime:0.000361s ]
NOTIC: [2048] Declaration of Home\Controller\CoursesController::show() should be compatible with that of Think\Controller::show() /var/www/web/test/App/Home/Controller/CoursesController.class.php 第 6 行.

[ 2018-02-17T23:34:47+08:00 ] 220.181.108.155 /Home/Login/index.html
INFO: [ app_init ] --START--
INFO: Run Behavior\BuildLiteBehavior [ RunTime:0.000011s ]
INFO: [ app_init ] --END-- [ RunTime:0.000212s ]
INFO: [ app_begin ] --START--
INFO: Run Behavior\ReadHtmlCacheBehavior [ RunTime:0.000298s ]
INFO: [ app_begin ] --END-- [ RunTime:0.000344s ]
INFO: [ view_parse ] --START--
INFO: [ template_filter ] --START--
INFO: Run Behavior\ContentReplaceBehavior [ RunTime:0.000042s ]
INFO: [ template_filter ] --END-- [ RunTime:0.000085s ]
INFO: Run Behavior\ParseTemplateBehavior [ RunTime:0.006635s ]
INFO: [ view_parse ] --END-- [ RunTime:0.006680s ]
INFO: [ view_filter ] --START--
INFO: Run Behavior\WriteHtmlCacheBehavior [ RunTime:0.000091s ]
INFO: [ view_filter ] --END-- [ RunTime:0.000126s ]
INFO: [ app_end ] --START--
INFO: Run Behavior\ShowPageTraceBehavior [ RunTime:0.000301s ]
INFO: [ app_end ] --END-- [ RunTime:0.000339s ]

[ 2018-02-17T23:39:55+08:00 ] 54.184.91.136 /
INFO: [ app_init ] --START--
INFO: Run Behavior\BuildLiteBehavior [ RunTime:0.000011s ]
INFO: [ app_init ] --END-- [ RunTime:0.000219s ]
INFO: [ app_begin ] --START--
INFO: Run Behavior\ReadHtmlCacheBehavior [ RunTime:0.000255s ]
INFO: [ app_begin ] --END-- [ RunTime:0.000296s ]
NOTIC: [8] Undefined index: H_user_id /var/www/web/test/App/Home/Controller/IndexController.class.php 第 17 行.
SQL: SHOW COLUMNS FROM `lunbo` [ RunTime:0.0029s ]
SQL: SELECT * FROM `lunbo` WHERE ( pc=1 ) ORDER BY num desc LIMIT 4   [ RunTime:0.0021s ]
SQL: SHOW COLUMNS FROM `category` [ RunTime:0.0026s ]
SQL: SELECT * FROM `category` WHERE `pid` = 0 AND `name` <> '推荐' LIMIT 5   [ RunTime:0.0021s ]
SQL: SELECT * FROM `category` WHERE ( pid=2 ) LIMIT 3   [ RunTime:0.0020s ]
SQL: SELECT * FROM `category` WHERE ( pid=2 )  [ RunTime:0.0021s ]
SQL: SHOW COLUMNS FROM `liveb` [ RunTime:0.0028s ]
SQL: SELECT * FROM `liveb` WHERE ( cate_id=2 ) LIMIT 4   [ RunTime:0.0021s ]
SQL: SELECT * FROM `category` WHERE ( pid=3 ) LIMIT 3   [ RunTime:0.0020s ]
SQL: SELECT * FROM `category` WHERE ( pid=3 )  [ RunTime:0.0020s ]
SQL: SELECT * FROM `liveb` WHERE ( cate_id=3 ) LIMIT 4   [ RunTime:0.0022s ]
SQL: SELECT * FROM `category` WHERE ( pid=4 ) LIMIT 3   [ RunTime:0.0020s ]
SQL: SELECT * FROM `category` WHERE ( pid=4 )  [ RunTime:0.0020s ]
SQL: SELECT * FROM `liveb` WHERE ( cate_id=4 ) LIMIT 4   [ RunTime:0.0021s ]
SQL: SELECT * FROM `category` WHERE ( pid=5 ) LIMIT 3   [ RunTime:0.0020s ]
SQL: SELECT * FROM `category` WHERE ( pid=5 )  [ RunTime:0.0020s ]
SQL: SELECT * FROM `liveb` WHERE ( cate_id=5 ) LIMIT 4   [ RunTime:0.0021s ]
SQL: SELECT * FROM `category` WHERE ( pid=14 ) LIMIT 3   [ RunTime:0.0020s ]
SQL: SELECT * FROM `category` WHERE ( pid=14 )  [ RunTime:0.0021s ]
SQL: SELECT * FROM `liveb` WHERE ( cate_id=14 ) LIMIT 4   [ RunTime:0.0021s ]
SQL: SELECT * FROM `liveb` WHERE ( recommend=1 ) LIMIT 5   [ RunTime:0.0021s ]
SQL: SELECT * FROM `category` WHERE ( pid=2 ) LIMIT 8   [ RunTime:0.0020s ]
NOTIC: [8] Undefined variable: yuyan_id /var/www/web/test/App/Home/Controller/IndexController.class.php 第 79 行.
SQL: SELECT * FROM `liveb` WHERE `name` <> '推荐' AND `cate_id` IN ('','6','7','8','9','10','11','12','13') LIMIT 8   [ RunTime:0.0021s ]
SQL: SELECT * FROM `category` WHERE ( pid=4 ) LIMIT 8   [ RunTime:0.0020s ]
NOTIC: [8] Undefined variable: qinzi_id /var/www/web/test/App/Home/Controller/IndexController.class.php 第 88 行.
SQL: SELECT * FROM `liveb` WHERE `name` <> '推荐' AND `cate_id` IN ('','18','19','20','40','41','42','43','44') LIMIT 8   [ RunTime:0.0021s ]
SQL: SELECT * FROM `category` WHERE ( pid=3 ) LIMIT 8   [ RunTime:0.0021s ]
NOTIC: [8] Undefined variable: bangong_id /var/www/web/test/App/Home/Controller/IndexController.class.php 第 97 行.
SQL: SELECT * FROM `liveb` WHERE `name` <> '推荐' AND `cate_id` IN ('','15','16','17','26','27','28','36','37') LIMIT 8   [ RunTime:0.0022s ]
SQL: SELECT * FROM `category` WHERE ( pid=5 ) LIMIT 8   [ RunTime:0.0020s ]
NOTIC: [8] Undefined variable: zhiye_id /var/www/web/test/App/Home/Controller/IndexController.class.php 第 106 行.
SQL: SELECT * FROM `liveb` WHERE `name` <> '推荐' AND `cate_id` IN ('','47','48','49','50','51','52','53','54') LIMIT 8   [ RunTime:0.0021s ]
SQL: SELECT * FROM `category` WHERE ( pid=14 ) LIMIT 8   [ RunTime:0.0020s ]
NOTIC: [8] Undefined variable: chanpin_id /var/www/web/test/App/Home/Controller/IndexController.class.php 第 115 行.
SQL: SELECT * FROM `liveb` WHERE `name` <> '推荐' AND `cate_id` IN ('','57','58','59','60','61','62','63','64') LIMIT 8   [ RunTime:0.0021s ]
INFO: [ view_parse ] --START--
INFO: [ template_filter ] --START--
INFO: Run Behavior\ContentReplaceBehavior [ RunTime:0.000077s ]
INFO: [ template_filter ] --END-- [ RunTime:0.000118s ]
NOTIC: [8] Undefined variable: dian /var/www/web/test/App/Runtime/Cache/Home/00e52909bed743ea261af4b6823297ff.php 第 36 行.
NOTIC: [8] Undefined index: H_user_id /var/www/web/test/App/Runtime/Cache/Home/00e52909bed743ea261af4b6823297ff.php 第 41 行.
NOTIC: [8] Undefined index: H_user_id /var/www/web/test/App/Runtime/Cache/Home/00e52909bed743ea261af4b6823297ff.php 第 62 行.
NOTIC: [8] Undefined index: H_user_id /var/www/web/test/App/Runtime/Cache/Home/00e52909bed743ea261af4b6823297ff.php 第 63 行.
NOTIC: [8] Undefined index: H_user_id /var/www/web/test/App/Runtime/Cache/Home/00e52909bed743ea261af4b6823297ff.php 第 72 行.
NOTIC: [8] Undefined variable: advert_img /var/www/web/test/App/Runtime/Cache/Home/00e52909bed743ea261af4b6823297ff.php 第 233 行.
INFO: Run Behavior\ParseTemplateBehavior [ RunTime:0.027854s ]
INFO: [ view_parse ] --END-- [ RunTime:0.027897s ]
INFO: [ view_filter ] --START--
INFO: Run Behavior\WriteHtmlCacheBehavior [ RunTime:0.000093s ]
INFO: [ view_filter ] --END-- [ RunTime:0.000127s ]
INFO: [ app_end ] --START--
INFO: Run Behavior\ShowPageTraceBehavior [ RunTime:0.000367s ]
INFO: [ app_end ] --END-- [ RunTime:0.000425s ]

