[ 2018-02-19T00:25:21+08:00 ] 120.55.13.109 /
INFO: [ app_init ] --START--
INFO: Run Behavior\BuildLiteBehavior [ RunTime:0.000012s ]
INFO: [ app_init ] --END-- [ RunTime:0.000244s ]
INFO: [ app_begin ] --START--
INFO: Run Behavior\ReadHtmlCacheBehavior [ RunTime:0.000268s ]
INFO: [ app_begin ] --END-- [ RunTime:0.000311s ]
NOTIC: [8] Undefined index: H_user_id /var/www/web/test/App/Home/Controller/IndexController.class.php 第 17 行.
SQL: SHOW COLUMNS FROM `lunbo` [ RunTime:0.0031s ]
SQL: SELECT * FROM `lunbo` WHERE ( pc=1 ) ORDER BY num desc LIMIT 4   [ RunTime:0.0022s ]
SQL: SHOW COLUMNS FROM `category` [ RunTime:0.0027s ]
SQL: SELECT * FROM `category` WHERE `pid` = 0 AND `name` <> '推荐' LIMIT 5   [ RunTime:0.0021s ]
SQL: SELECT * FROM `category` WHERE ( pid=2 ) LIMIT 3   [ RunTime:0.0021s ]
SQL: SELECT * FROM `category` WHERE ( pid=2 )  [ RunTime:0.0021s ]
SQL: SHOW COLUMNS FROM `liveb` [ RunTime:0.0027s ]
SQL: SELECT * FROM `liveb` WHERE ( cate_id=2 ) LIMIT 4   [ RunTime:0.0021s ]
SQL: SELECT * FROM `category` WHERE ( pid=3 ) LIMIT 3   [ RunTime:0.0021s ]
SQL: SELECT * FROM `category` WHERE ( pid=3 )  [ RunTime:0.0021s ]
SQL: SELECT * FROM `liveb` WHERE ( cate_id=3 ) LIMIT 4   [ RunTime:0.0021s ]
SQL: SELECT * FROM `category` WHERE ( pid=4 ) LIMIT 3   [ RunTime:0.0021s ]
SQL: SELECT * FROM `category` WHERE ( pid=4 )  [ RunTime:0.0021s ]
SQL: SELECT * FROM `liveb` WHERE ( cate_id=4 ) LIMIT 4   [ RunTime:0.0022s ]
SQL: SELECT * FROM `category` WHERE ( pid=5 ) LIMIT 3   [ RunTime:0.0020s ]
SQL: SELECT * FROM `category` WHERE ( pid=5 )  [ RunTime:0.0021s ]
SQL: SELECT * FROM `liveb` WHERE ( cate_id=5 ) LIMIT 4   [ RunTime:0.0021s ]
SQL: SELECT * FROM `category` WHERE ( pid=14 ) LIMIT 3   [ RunTime:0.0022s ]
SQL: SELECT * FROM `category` WHERE ( pid=14 )  [ RunTime:0.0021s ]
SQL: SELECT * FROM `liveb` WHERE ( cate_id=14 ) LIMIT 4   [ RunTime:0.0021s ]
SQL: SELECT * FROM `liveb` WHERE ( recommend=1 ) LIMIT 5   [ RunTime:0.0021s ]
SQL: SELECT * FROM `category` WHERE ( pid=2 ) LIMIT 8   [ RunTime:0.0021s ]
NOTIC: [8] Undefined variable: yuyan_id /var/www/web/test/App/Home/Controller/IndexController.class.php 第 79 行.
SQL: SELECT * FROM `liveb` WHERE `name` <> '推荐' AND `cate_id` IN ('','6','7','8','9','10','11','12','13') LIMIT 8   [ RunTime:0.0022s ]
SQL: SELECT * FROM `category` WHERE ( pid=4 ) LIMIT 8   [ RunTime:0.0021s ]
NOTIC: [8] Undefined variable: qinzi_id /var/www/web/test/App/Home/Controller/IndexController.class.php 第 88 行.
SQL: SELECT * FROM `liveb` WHERE `name` <> '推荐' AND `cate_id` IN ('','18','19','20','40','41','42','43','44') LIMIT 8   [ RunTime:0.0022s ]
SQL: SELECT * FROM `category` WHERE ( pid=3 ) LIMIT 8   [ RunTime:0.0021s ]
NOTIC: [8] Undefined variable: bangong_id /var/www/web/test/App/Home/Controller/IndexController.class.php 第 97 行.
SQL: SELECT * FROM `liveb` WHERE `name` <> '推荐' AND `cate_id` IN ('','15','16','17','26','27','28','36','37') LIMIT 8   [ RunTime:0.0022s ]
SQL: SELECT * FROM `category` WHERE ( pid=5 ) LIMIT 8   [ RunTime:0.0021s ]
NOTIC: [8] Undefined variable: zhiye_id /var/www/web/test/App/Home/Controller/IndexController.class.php 第 106 行.
SQL: SELECT * FROM `liveb` WHERE `name` <> '推荐' AND `cate_id` IN ('','47','48','49','50','51','52','53','54') LIMIT 8   [ RunTime:0.0022s ]
SQL: SELECT * FROM `category` WHERE ( pid=14 ) LIMIT 8   [ RunTime:0.0021s ]
NOTIC: [8] Undefined variable: chanpin_id /var/www/web/test/App/Home/Controller/IndexController.class.php 第 115 行.
SQL: SELECT * FROM `liveb` WHERE `name` <> '推荐' AND `cate_id` IN ('','57','58','59','60','61','62','63','64') LIMIT 8   [ RunTime:0.0022s ]
INFO: [ view_parse ] --START--
INFO: [ template_filter ] --START--
INFO: Run Behavior\ContentReplaceBehavior [ RunTime:0.000068s ]
INFO: [ template_filter ] --END-- [ RunTime:0.000110s ]
NOTIC: [8] Undefined variable: dian /var/www/web/test/App/Runtime/Cache/Home/00e52909bed743ea261af4b6823297ff.php 第 36 行.
NOTIC: [8] Undefined index: H_user_id /var/www/web/test/App/Runtime/Cache/Home/00e52909bed743ea261af4b6823297ff.php 第 41 行.
NOTIC: [8] Undefined index: H_user_id /var/www/web/test/App/Runtime/Cache/Home/00e52909bed743ea261af4b6823297ff.php 第 62 行.
NOTIC: [8] Undefined index: H_user_id /var/www/web/test/App/Runtime/Cache/Home/00e52909bed743ea261af4b6823297ff.php 第 63 行.
NOTIC: [8] Undefined index: H_user_id /var/www/web/test/App/Runtime/Cache/Home/00e52909bed743ea261af4b6823297ff.php 第 72 行.
NOTIC: [8] Undefined variable: advert_img /var/www/web/test/App/Runtime/Cache/Home/00e52909bed743ea261af4b6823297ff.php 第 233 行.
INFO: Run Behavior\ParseTemplateBehavior [ RunTime:0.028193s ]
INFO: [ view_parse ] --END-- [ RunTime:0.028239s ]
INFO: [ view_filter ] --START--
INFO: Run Behavior\WriteHtmlCacheBehavior [ RunTime:0.000100s ]
INFO: [ view_filter ] --END-- [ RunTime:0.000136s ]
INFO: [ app_end ] --START--
INFO: Run Behavior\ShowPageTraceBehavior [ RunTime:0.000329s ]
INFO: [ app_end ] --END-- [ RunTime:0.000375s ]

[ 2018-02-19T00:28:52+08:00 ] 118.126.104.130 /w00tw00t.at.blackhats.romanian.anti-sec:)
INFO: [ app_init ] --START--
INFO: Run Behavior\BuildLiteBehavior [ RunTime:0.000013s ]
INFO: [ app_init ] --END-- [ RunTime:0.000225s ]
NOTIC: [2] preg_replace(): Compilation failed: unmatched parentheses at offset 11 /var/www/web/test/ThinkPHP/Library/Think/Dispatcher.class.php 第 127 行.
INFO: [ app_begin ] --START--
INFO: Run Behavior\ReadHtmlCacheBehavior [ RunTime:0.000299s ]
INFO: [ app_begin ] --END-- [ RunTime:0.000344s ]
NOTIC: [8] Undefined index: H_user_id /var/www/web/test/App/Home/Controller/IndexController.class.php 第 17 行.
SQL: SHOW COLUMNS FROM `lunbo` [ RunTime:0.0031s ]
SQL: SELECT * FROM `lunbo` WHERE ( pc=1 ) ORDER BY num desc LIMIT 4   [ RunTime:0.0022s ]
SQL: SHOW COLUMNS FROM `category` [ RunTime:0.0028s ]
SQL: SELECT * FROM `category` WHERE `pid` = 0 AND `name` <> '推荐' LIMIT 5   [ RunTime:0.0021s ]
SQL: SELECT * FROM `category` WHERE ( pid=2 ) LIMIT 3   [ RunTime:0.0020s ]
SQL: SELECT * FROM `category` WHERE ( pid=2 )  [ RunTime:0.0021s ]
SQL: SHOW COLUMNS FROM `liveb` [ RunTime:0.0028s ]
SQL: SELECT * FROM `liveb` WHERE ( cate_id=2 ) LIMIT 4   [ RunTime:0.0021s ]
SQL: SELECT * FROM `category` WHERE ( pid=3 ) LIMIT 3   [ RunTime:0.0021s ]
SQL: SELECT * FROM `category` WHERE ( pid=3 )  [ RunTime:0.0021s ]
SQL: SELECT * FROM `liveb` WHERE ( cate_id=3 ) LIMIT 4   [ RunTime:0.0021s ]
SQL: SELECT * FROM `category` WHERE ( pid=4 ) LIMIT 3   [ RunTime:0.0021s ]
SQL: SELECT * FROM `category` WHERE ( pid=4 )  [ RunTime:0.0021s ]
SQL: SELECT * FROM `liveb` WHERE ( cate_id=4 ) LIMIT 4   [ RunTime:0.0022s ]
SQL: SELECT * FROM `category` WHERE ( pid=5 ) LIMIT 3   [ RunTime:0.0021s ]
SQL: SELECT * FROM `category` WHERE ( pid=5 )  [ RunTime:0.0021s ]
SQL: SELECT * FROM `liveb` WHERE ( cate_id=5 ) LIMIT 4   [ RunTime:0.0022s ]
SQL: SELECT * FROM `category` WHERE ( pid=14 ) LIMIT 3   [ RunTime:0.0021s ]
SQL: SELECT * FROM `category` WHERE ( pid=14 )  [ RunTime:0.0021s ]
SQL: SELECT * FROM `liveb` WHERE ( cate_id=14 ) LIMIT 4   [ RunTime:0.0022s ]
SQL: SELECT * FROM `liveb` WHERE ( recommend=1 ) LIMIT 5   [ RunTime:0.0021s ]
SQL: SELECT * FROM `category` WHERE ( pid=2 ) LIMIT 8   [ RunTime:0.0021s ]
NOTIC: [8] Undefined variable: yuyan_id /var/www/web/test/App/Home/Controller/IndexController.class.php 第 79 行.
SQL: SELECT * FROM `liveb` WHERE `name` <> '推荐' AND `cate_id` IN ('','6','7','8','9','10','11','12','13') LIMIT 8   [ RunTime:0.0022s ]
SQL: SELECT * FROM `category` WHERE ( pid=4 ) LIMIT 8   [ RunTime:0.0021s ]
NOTIC: [8] Undefined variable: qinzi_id /var/www/web/test/App/Home/Controller/IndexController.class.php 第 88 行.
SQL: SELECT * FROM `liveb` WHERE `name` <> '推荐' AND `cate_id` IN ('','18','19','20','40','41','42','43','44') LIMIT 8   [ RunTime:0.0022s ]
SQL: SELECT * FROM `category` WHERE ( pid=3 ) LIMIT 8   [ RunTime:0.0021s ]
NOTIC: [8] Undefined variable: bangong_id /var/www/web/test/App/Home/Controller/IndexController.class.php 第 97 行.
SQL: SELECT * FROM `liveb` WHERE `name` <> '推荐' AND `cate_id` IN ('','15','16','17','26','27','28','36','37') LIMIT 8   [ RunTime:0.0023s ]
SQL: SELECT * FROM `category` WHERE ( pid=5 ) LIMIT 8   [ RunTime:0.0022s ]
NOTIC: [8] Undefined variable: zhiye_id /var/www/web/test/App/Home/Controller/IndexController.class.php 第 106 行.
SQL: SELECT * FROM `liveb` WHERE `name` <> '推荐' AND `cate_id` IN ('','47','48','49','50','51','52','53','54') LIMIT 8   [ RunTime:0.0022s ]
SQL: SELECT * FROM `category` WHERE ( pid=14 ) LIMIT 8   [ RunTime:0.0021s ]
NOTIC: [8] Undefined variable: chanpin_id /var/www/web/test/App/Home/Controller/IndexController.class.php 第 115 行.
SQL: SELECT * FROM `liveb` WHERE `name` <> '推荐' AND `cate_id` IN ('','57','58','59','60','61','62','63','64') LIMIT 8   [ RunTime:0.0022s ]
INFO: [ view_parse ] --START--
INFO: [ template_filter ] --START--
INFO: Run Behavior\ContentReplaceBehavior [ RunTime:0.000081s ]
INFO: [ template_filter ] --END-- [ RunTime:0.000123s ]
NOTIC: [8] Undefined variable: dian /var/www/web/test/App/Runtime/Cache/Home/00e52909bed743ea261af4b6823297ff.php 第 36 行.
NOTIC: [8] Undefined index: H_user_id /var/www/web/test/App/Runtime/Cache/Home/00e52909bed743ea261af4b6823297ff.php 第 41 行.
NOTIC: [8] Undefined index: H_user_id /var/www/web/test/App/Runtime/Cache/Home/00e52909bed743ea261af4b6823297ff.php 第 62 行.
NOTIC: [8] Undefined index: H_user_id /var/www/web/test/App/Runtime/Cache/Home/00e52909bed743ea261af4b6823297ff.php 第 63 行.
NOTIC: [8] Undefined index: H_user_id /var/www/web/test/App/Runtime/Cache/Home/00e52909bed743ea261af4b6823297ff.php 第 72 行.
NOTIC: [8] Undefined variable: advert_img /var/www/web/test/App/Runtime/Cache/Home/00e52909bed743ea261af4b6823297ff.php 第 233 行.
INFO: Run Behavior\ParseTemplateBehavior [ RunTime:0.028784s ]
INFO: [ view_parse ] --END-- [ RunTime:0.028831s ]
INFO: [ view_filter ] --START--
INFO: Run Behavior\WriteHtmlCacheBehavior [ RunTime:0.000099s ]
INFO: [ view_filter ] --END-- [ RunTime:0.000133s ]
INFO: [ app_end ] --START--
INFO: Run Behavior\ShowPageTraceBehavior [ RunTime:0.000328s ]
INFO: [ app_end ] --END-- [ RunTime:0.000376s ]

[ 2018-02-19T00:34:04+08:00 ] 59.110.6.177 /
INFO: [ app_init ] --START--
INFO: Run Behavior\BuildLiteBehavior [ RunTime:0.000014s ]
INFO: [ app_init ] --END-- [ RunTime:0.000252s ]
INFO: [ app_begin ] --START--
INFO: Run Behavior\ReadHtmlCacheBehavior [ RunTime:0.000269s ]
INFO: [ app_begin ] --END-- [ RunTime:0.000314s ]
NOTIC: [8] Undefined index: H_user_id /var/www/web/test/App/Home/Controller/IndexController.class.php 第 17 行.
SQL: SHOW COLUMNS FROM `lunbo` [ RunTime:0.0030s ]
SQL: SELECT * FROM `lunbo` WHERE ( pc=1 ) ORDER BY num desc LIMIT 4   [ RunTime:0.0023s ]
SQL: SHOW COLUMNS FROM `category` [ RunTime:0.0027s ]
SQL: SELECT * FROM `category` WHERE `pid` = 0 AND `name` <> '推荐' LIMIT 5   [ RunTime:0.0021s ]
SQL: SELECT * FROM `category` WHERE ( pid=2 ) LIMIT 3   [ RunTime:0.0021s ]
SQL: SELECT * FROM `category` WHERE ( pid=2 )  [ RunTime:0.0020s ]
SQL: SHOW COLUMNS FROM `liveb` [ RunTime:0.0028s ]
SQL: SELECT * FROM `liveb` WHERE ( cate_id=2 ) LIMIT 4   [ RunTime:0.0022s ]
SQL: SELECT * FROM `category` WHERE ( pid=3 ) LIMIT 3   [ RunTime:0.0021s ]
SQL: SELECT * FROM `category` WHERE ( pid=3 )  [ RunTime:0.0021s ]
SQL: SELECT * FROM `liveb` WHERE ( cate_id=3 ) LIMIT 4   [ RunTime:0.0022s ]
SQL: SELECT * FROM `category` WHERE ( pid=4 ) LIMIT 3   [ RunTime:0.0020s ]
SQL: SELECT * FROM `category` WHERE ( pid=4 )  [ RunTime:0.0021s ]
SQL: SELECT * FROM `liveb` WHERE ( cate_id=4 ) LIMIT 4   [ RunTime:0.0021s ]
SQL: SELECT * FROM `category` WHERE ( pid=5 ) LIMIT 3   [ RunTime:0.0021s ]
SQL: SELECT * FROM `category` WHERE ( pid=5 )  [ RunTime:0.0020s ]
SQL: SELECT * FROM `liveb` WHERE ( cate_id=5 ) LIMIT 4   [ RunTime:0.0021s ]
SQL: SELECT * FROM `category` WHERE ( pid=14 ) LIMIT 3   [ RunTime:0.0020s ]
SQL: SELECT * FROM `category` WHERE ( pid=14 )  [ RunTime:0.0020s ]
SQL: SELECT * FROM `liveb` WHERE ( cate_id=14 ) LIMIT 4   [ RunTime:0.0021s ]
SQL: SELECT * FROM `liveb` WHERE ( recommend=1 ) LIMIT 5   [ RunTime:0.0021s ]
SQL: SELECT * FROM `category` WHERE ( pid=2 ) LIMIT 8   [ RunTime:0.0021s ]
NOTIC: [8] Undefined variable: yuyan_id /var/www/web/test/App/Home/Controller/IndexController.class.php 第 79 行.
SQL: SELECT * FROM `liveb` WHERE `name` <> '推荐' AND `cate_id` IN ('','6','7','8','9','10','11','12','13') LIMIT 8   [ RunTime:0.0021s ]
SQL: SELECT * FROM `category` WHERE ( pid=4 ) LIMIT 8   [ RunTime:0.0020s ]
NOTIC: [8] Undefined variable: qinzi_id /var/www/web/test/App/Home/Controller/IndexController.class.php 第 88 行.
SQL: SELECT * FROM `liveb` WHERE `name` <> '推荐' AND `cate_id` IN ('','18','19','20','40','41','42','43','44') LIMIT 8   [ RunTime:0.0021s ]
SQL: SELECT * FROM `category` WHERE ( pid=3 ) LIMIT 8   [ RunTime:0.0021s ]
NOTIC: [8] Undefined variable: bangong_id /var/www/web/test/App/Home/Controller/IndexController.class.php 第 97 行.
SQL: SELECT * FROM `liveb` WHERE `name` <> '推荐' AND `cate_id` IN ('','15','16','17','26','27','28','36','37') LIMIT 8   [ RunTime:0.0022s ]
SQL: SELECT * FROM `category` WHERE ( pid=5 ) LIMIT 8   [ RunTime:0.0021s ]
NOTIC: [8] Undefined variable: zhiye_id /var/www/web/test/App/Home/Controller/IndexController.class.php 第 106 行.
SQL: SELECT * FROM `liveb` WHERE `name` <> '推荐' AND `cate_id` IN ('','47','48','49','50','51','52','53','54') LIMIT 8   [ RunTime:0.0022s ]
SQL: SELECT * FROM `category` WHERE ( pid=14 ) LIMIT 8   [ RunTime:0.0020s ]
NOTIC: [8] Undefined variable: chanpin_id /var/www/web/test/App/Home/Controller/IndexController.class.php 第 115 行.
SQL: SELECT * FROM `liveb` WHERE `name` <> '推荐' AND `cate_id` IN ('','57','58','59','60','61','62','63','64') LIMIT 8   [ RunTime:0.0021s ]
INFO: [ view_parse ] --START--
INFO: [ template_filter ] --START--
INFO: Run Behavior\ContentReplaceBehavior [ RunTime:0.000092s ]
INFO: [ template_filter ] --END-- [ RunTime:0.000139s ]
NOTIC: [8] Undefined variable: dian /var/www/web/test/App/Runtime/Cache/Home/00e52909bed743ea261af4b6823297ff.php 第 36 行.
NOTIC: [8] Undefined index: H_user_id /var/www/web/test/App/Runtime/Cache/Home/00e52909bed743ea261af4b6823297ff.php 第 41 行.
NOTIC: [8] Undefined index: H_user_id /var/www/web/test/App/Runtime/Cache/Home/00e52909bed743ea261af4b6823297ff.php 第 62 行.
NOTIC: [8] Undefined index: H_user_id /var/www/web/test/App/Runtime/Cache/Home/00e52909bed743ea261af4b6823297ff.php 第 63 行.
NOTIC: [8] Undefined index: H_user_id /var/www/web/test/App/Runtime/Cache/Home/00e52909bed743ea261af4b6823297ff.php 第 72 行.
NOTIC: [8] Undefined variable: advert_img /var/www/web/test/App/Runtime/Cache/Home/00e52909bed743ea261af4b6823297ff.php 第 233 行.
INFO: Run Behavior\ParseTemplateBehavior [ RunTime:0.028548s ]
INFO: [ view_parse ] --END-- [ RunTime:0.028593s ]
INFO: [ view_filter ] --START--
INFO: Run Behavior\WriteHtmlCacheBehavior [ RunTime:0.000108s ]
INFO: [ view_filter ] --END-- [ RunTime:0.000144s ]

[ 2018-02-19T01:16:30+08:00 ] 123.125.71.42 /Home/courses/lei/id/8.html
INFO: [ app_init ] --START--
INFO: Run Behavior\BuildLiteBehavior [ RunTime:0.000013s ]
INFO: [ app_init ] --END-- [ RunTime:0.000244s ]
INFO: [ app_begin ] --START--
INFO: Run Behavior\ReadHtmlCacheBehavior [ RunTime:0.000267s ]
INFO: [ app_begin ] --END-- [ RunTime:0.000309s ]
NOTIC: [2048] Declaration of Home\Controller\CoursesController::show() should be compatible with that of Think\Controller::show() /var/www/web/test/App/Home/Controller/CoursesController.class.php 第 6 行.

[ 2018-02-19T01:16:30+08:00 ] 123.125.71.21 /Home/Login/index.html
INFO: [ app_init ] --START--
INFO: Run Behavior\BuildLiteBehavior [ RunTime:0.000011s ]
INFO: [ app_init ] --END-- [ RunTime:0.000206s ]
INFO: [ app_begin ] --START--
INFO: Run Behavior\ReadHtmlCacheBehavior [ RunTime:0.000274s ]
INFO: [ app_begin ] --END-- [ RunTime:0.000319s ]
INFO: [ view_parse ] --START--
INFO: [ template_filter ] --START--
INFO: Run Behavior\ContentReplaceBehavior [ RunTime:0.000043s ]
INFO: [ template_filter ] --END-- [ RunTime:0.000086s ]
INFO: Run Behavior\ParseTemplateBehavior [ RunTime:0.006517s ]
INFO: [ view_parse ] --END-- [ RunTime:0.006564s ]
INFO: [ view_filter ] --START--
INFO: Run Behavior\WriteHtmlCacheBehavior [ RunTime:0.000091s ]
INFO: [ view_filter ] --END-- [ RunTime:0.000125s ]
INFO: [ app_end ] --START--
INFO: Run Behavior\ShowPageTraceBehavior [ RunTime:0.000293s ]
INFO: [ app_end ] --END-- [ RunTime:0.000349s ]

[ 2018-02-19T03:32:51+08:00 ] 220.181.108.147 /Home/Courses/show/id/2/p/4.html
INFO: [ app_init ] --START--
INFO: Run Behavior\BuildLiteBehavior [ RunTime:0.000012s ]
INFO: [ app_init ] --END-- [ RunTime:0.000219s ]
INFO: [ app_begin ] --START--
INFO: Run Behavior\ReadHtmlCacheBehavior [ RunTime:0.000278s ]
INFO: [ app_begin ] --END-- [ RunTime:0.000322s ]
NOTIC: [2048] Declaration of Home\Controller\CoursesController::show() should be compatible with that of Think\Controller::show() /var/www/web/test/App/Home/Controller/CoursesController.class.php 第 6 行.

[ 2018-02-19T03:32:51+08:00 ] 123.125.71.98 /Home/Login/index.html
INFO: [ app_init ] --START--
INFO: Run Behavior\BuildLiteBehavior [ RunTime:0.000011s ]
INFO: [ app_init ] --END-- [ RunTime:0.000228s ]
INFO: [ app_begin ] --START--
INFO: Run Behavior\ReadHtmlCacheBehavior [ RunTime:0.000274s ]
INFO: [ app_begin ] --END-- [ RunTime:0.000318s ]
INFO: [ view_parse ] --START--
INFO: [ template_filter ] --START--
INFO: Run Behavior\ContentReplaceBehavior [ RunTime:0.000044s ]
INFO: [ template_filter ] --END-- [ RunTime:0.000088s ]
INFO: Run Behavior\ParseTemplateBehavior [ RunTime:0.006640s ]
INFO: [ view_parse ] --END-- [ RunTime:0.006686s ]
INFO: [ view_filter ] --START--
INFO: Run Behavior\WriteHtmlCacheBehavior [ RunTime:0.000091s ]
INFO: [ view_filter ] --END-- [ RunTime:0.000124s ]
INFO: [ app_end ] --START--
INFO: Run Behavior\ShowPageTraceBehavior [ RunTime:0.000282s ]
INFO: [ app_end ] --END-- [ RunTime:0.000332s ]

[ 2018-02-19T04:39:31+08:00 ] 220.181.108.103 /Home/Courses/student/id/19.html
INFO: [ app_init ] --START--
INFO: Run Behavior\BuildLiteBehavior [ RunTime:0.000013s ]
INFO: [ app_init ] --END-- [ RunTime:0.000234s ]
INFO: [ app_begin ] --START--
INFO: Run Behavior\ReadHtmlCacheBehavior [ RunTime:0.000321s ]
INFO: [ app_begin ] --END-- [ RunTime:0.000367s ]
NOTIC: [2048] Declaration of Home\Controller\CoursesController::show() should be compatible with that of Think\Controller::show() /var/www/web/test/App/Home/Controller/CoursesController.class.php 第 6 行.

[ 2018-02-19T04:39:31+08:00 ] 220.181.108.97 /Home/Login/index.html
INFO: [ app_init ] --START--
INFO: Run Behavior\BuildLiteBehavior [ RunTime:0.000017s ]
INFO: [ app_init ] --END-- [ RunTime:0.000261s ]
INFO: [ app_begin ] --START--
INFO: Run Behavior\ReadHtmlCacheBehavior [ RunTime:0.000293s ]
INFO: [ app_begin ] --END-- [ RunTime:0.000341s ]
INFO: [ view_parse ] --START--
INFO: [ template_filter ] --START--
INFO: Run Behavior\ContentReplaceBehavior [ RunTime:0.000057s ]
INFO: [ template_filter ] --END-- [ RunTime:0.000114s ]
INFO: Run Behavior\ParseTemplateBehavior [ RunTime:0.007014s ]
INFO: [ view_parse ] --END-- [ RunTime:0.007063s ]
INFO: [ view_filter ] --START--
INFO: Run Behavior\WriteHtmlCacheBehavior [ RunTime:0.000094s ]
INFO: [ view_filter ] --END-- [ RunTime:0.000129s ]
INFO: [ app_end ] --START--
INFO: Run Behavior\ShowPageTraceBehavior [ RunTime:0.000284s ]
INFO: [ app_end ] --END-- [ RunTime:0.000323s ]

[ 2018-02-19T06:54:43+08:00 ] 106.11.226.125 /
INFO: [ app_init ] --START--
INFO: Run Behavior\BuildLiteBehavior [ RunTime:0.000011s ]
INFO: [ app_init ] --END-- [ RunTime:0.000210s ]
INFO: [ app_begin ] --START--
INFO: Run Behavior\ReadHtmlCacheBehavior [ RunTime:0.000304s ]
INFO: [ app_begin ] --END-- [ RunTime:0.000348s ]
NOTIC: [8] Undefined index: H_user_id /var/www/web/test/App/Home/Controller/IndexController.class.php 第 17 行.
SQL: SHOW COLUMNS FROM `lunbo` [ RunTime:0.0032s ]
SQL: SELECT * FROM `lunbo` WHERE ( pc=1 ) ORDER BY num desc LIMIT 4   [ RunTime:0.0022s ]
SQL: SHOW COLUMNS FROM `category` [ RunTime:0.0030s ]
SQL: SELECT * FROM `category` WHERE `pid` = 0 AND `name` <> '推荐' LIMIT 5   [ RunTime:0.0021s ]
SQL: SELECT * FROM `category` WHERE ( pid=2 ) LIMIT 3   [ RunTime:0.0021s ]
SQL: SELECT * FROM `category` WHERE ( pid=2 )  [ RunTime:0.0022s ]
SQL: SHOW COLUMNS FROM `liveb` [ RunTime:0.0029s ]
SQL: SELECT * FROM `liveb` WHERE ( cate_id=2 ) LIMIT 4   [ RunTime:0.0022s ]
SQL: SELECT * FROM `category` WHERE ( pid=3 ) LIMIT 3   [ RunTime:0.0021s ]
SQL: SELECT * FROM `category` WHERE ( pid=3 )  [ RunTime:0.0022s ]
SQL: SELECT * FROM `liveb` WHERE ( cate_id=3 ) LIMIT 4   [ RunTime:0.0022s ]
SQL: SELECT * FROM `category` WHERE ( pid=4 ) LIMIT 3   [ RunTime:0.0021s ]
SQL: SELECT * FROM `category` WHERE ( pid=4 )  [ RunTime:0.0021s ]
SQL: SELECT * FROM `liveb` WHERE ( cate_id=4 ) LIMIT 4   [ RunTime:0.0022s ]
SQL: SELECT * FROM `category` WHERE ( pid=5 ) LIMIT 3   [ RunTime:0.0021s ]
SQL: SELECT * FROM `category` WHERE ( pid=5 )  [ RunTime:0.0021s ]
SQL: SELECT * FROM `liveb` WHERE ( cate_id=5 ) LIMIT 4   [ RunTime:0.0022s ]
SQL: SELECT * FROM `category` WHERE ( pid=14 ) LIMIT 3   [ RunTime:0.0021s ]
SQL: SELECT * FROM `category` WHERE ( pid=14 )  [ RunTime:0.0021s ]
SQL: SELECT * FROM `liveb` WHERE ( cate_id=14 ) LIMIT 4   [ RunTime:0.0022s ]
SQL: SELECT * FROM `liveb` WHERE ( recommend=1 ) LIMIT 5   [ RunTime:0.0022s ]
SQL: SELECT * FROM `category` WHERE ( pid=2 ) LIMIT 8   [ RunTime:0.0022s ]
NOTIC: [8] Undefined variable: yuyan_id /var/www/web/test/App/Home/Controller/IndexController.class.php 第 79 行.
SQL: SELECT * FROM `liveb` WHERE `name` <> '推荐' AND `cate_id` IN ('','6','7','8','9','10','11','12','13') LIMIT 8   [ RunTime:0.0022s ]
SQL: SELECT * FROM `category` WHERE ( pid=4 ) LIMIT 8   [ RunTime:0.0021s ]
NOTIC: [8] Undefined variable: qinzi_id /var/www/web/test/App/Home/Controller/IndexController.class.php 第 88 行.
SQL: SELECT * FROM `liveb` WHERE `name` <> '推荐' AND `cate_id` IN ('','18','19','20','40','41','42','43','44') LIMIT 8   [ RunTime:0.0023s ]
SQL: SELECT * FROM `category` WHERE ( pid=3 ) LIMIT 8   [ RunTime:0.0021s ]
NOTIC: [8] Undefined variable: bangong_id /var/www/web/test/App/Home/Controller/IndexController.class.php 第 97 行.
SQL: SELECT * FROM `liveb` WHERE `name` <> '推荐' AND `cate_id` IN ('','15','16','17','26','27','28','36','37') LIMIT 8   [ RunTime:0.0055s ]
SQL: SELECT * FROM `category` WHERE ( pid=5 ) LIMIT 8   [ RunTime:0.0072s ]
NOTIC: [8] Undefined variable: zhiye_id /var/www/web/test/App/Home/Controller/IndexController.class.php 第 106 行.
SQL: SELECT * FROM `liveb` WHERE `name` <> '推荐' AND `cate_id` IN ('','47','48','49','50','51','52','53','54') LIMIT 8   [ RunTime:0.0022s ]
SQL: SELECT * FROM `category` WHERE ( pid=14 ) LIMIT 8   [ RunTime:0.0023s ]
NOTIC: [8] Undefined variable: chanpin_id /var/www/web/test/App/Home/Controller/IndexController.class.php 第 115 行.
SQL: SELECT * FROM `liveb` WHERE `name` <> '推荐' AND `cate_id` IN ('','57','58','59','60','61','62','63','64') LIMIT 8   [ RunTime:0.0022s ]
INFO: [ view_parse ] --START--
INFO: [ template_filter ] --START--
INFO: Run Behavior\ContentReplaceBehavior [ RunTime:0.000073s ]
INFO: [ template_filter ] --END-- [ RunTime:0.000117s ]
NOTIC: [8] Undefined variable: dian /var/www/web/test/App/Runtime/Cache/Home/00e52909bed743ea261af4b6823297ff.php 第 36 行.
NOTIC: [8] Undefined index: H_user_id /var/www/web/test/App/Runtime/Cache/Home/00e52909bed743ea261af4b6823297ff.php 第 41 行.
NOTIC: [8] Undefined index: H_user_id /var/www/web/test/App/Runtime/Cache/Home/00e52909bed743ea261af4b6823297ff.php 第 62 行.
NOTIC: [8] Undefined index: H_user_id /var/www/web/test/App/Runtime/Cache/Home/00e52909bed743ea261af4b6823297ff.php 第 63 行.
NOTIC: [8] Undefined index: H_user_id /var/www/web/test/App/Runtime/Cache/Home/00e52909bed743ea261af4b6823297ff.php 第 72 行.
NOTIC: [8] Undefined variable: advert_img /var/www/web/test/App/Runtime/Cache/Home/00e52909bed743ea261af4b6823297ff.php 第 233 行.
INFO: Run Behavior\ParseTemplateBehavior [ RunTime:0.027876s ]
INFO: [ view_parse ] --END-- [ RunTime:0.027936s ]
INFO: [ view_filter ] --START--
INFO: Run Behavior\WriteHtmlCacheBehavior [ RunTime:0.000361s ]
INFO: [ view_filter ] --END-- [ RunTime:0.000403s ]
INFO: [ app_end ] --START--
INFO: Run Behavior\ShowPageTraceBehavior [ RunTime:0.000325s ]
INFO: [ app_end ] --END-- [ RunTime:0.000370s ]

[ 2018-02-19T07:28:02+08:00 ] 106.11.226.148 /
INFO: [ app_init ] --START--
INFO: Run Behavior\BuildLiteBehavior [ RunTime:0.000025s ]
INFO: [ app_init ] --END-- [ RunTime:0.000295s ]
INFO: [ app_begin ] --START--
INFO: Run Behavior\ReadHtmlCacheBehavior [ RunTime:0.000271s ]
INFO: [ app_begin ] --END-- [ RunTime:0.000313s ]
NOTIC: [8] Undefined index: H_user_id /var/www/web/test/App/Home/Controller/IndexController.class.php 第 17 行.
SQL: SHOW COLUMNS FROM `lunbo` [ RunTime:0.0031s ]
SQL: SELECT * FROM `lunbo` WHERE ( pc=1 ) ORDER BY num desc LIMIT 4   [ RunTime:0.0022s ]
SQL: SHOW COLUMNS FROM `category` [ RunTime:0.0028s ]
SQL: SELECT * FROM `category` WHERE `pid` = 0 AND `name` <> '推荐' LIMIT 5   [ RunTime:0.0021s ]
SQL: SELECT * FROM `category` WHERE ( pid=2 ) LIMIT 3   [ RunTime:0.0021s ]
SQL: SELECT * FROM `category` WHERE ( pid=2 )  [ RunTime:0.0021s ]
SQL: SHOW COLUMNS FROM `liveb` [ RunTime:0.0028s ]
SQL: SELECT * FROM `liveb` WHERE ( cate_id=2 ) LIMIT 4   [ RunTime:0.0021s ]
SQL: SELECT * FROM `category` WHERE ( pid=3 ) LIMIT 3   [ RunTime:0.0021s ]
SQL: SELECT * FROM `category` WHERE ( pid=3 )  [ RunTime:0.0021s ]
SQL: SELECT * FROM `liveb` WHERE ( cate_id=3 ) LIMIT 4   [ RunTime:0.0021s ]
SQL: SELECT * FROM `category` WHERE ( pid=4 ) LIMIT 3   [ RunTime:0.0021s ]
SQL: SELECT * FROM `category` WHERE ( pid=4 )  [ RunTime:0.0022s ]
SQL: SELECT * FROM `liveb` WHERE ( cate_id=4 ) LIMIT 4   [ RunTime:0.0022s ]
SQL: SELECT * FROM `category` WHERE ( pid=5 ) LIMIT 3   [ RunTime:0.0021s ]
SQL: SELECT * FROM `category` WHERE ( pid=5 )  [ RunTime:0.0021s ]
SQL: SELECT * FROM `liveb` WHERE ( cate_id=5 ) LIMIT 4   [ RunTime:0.0022s ]
SQL: SELECT * FROM `category` WHERE ( pid=14 ) LIMIT 3   [ RunTime:0.0021s ]
SQL: SELECT * FROM `category` WHERE ( pid=14 )  [ RunTime:0.0021s ]
SQL: SELECT * FROM `liveb` WHERE ( cate_id=14 ) LIMIT 4   [ RunTime:0.0022s ]
SQL: SELECT * FROM `liveb` WHERE ( recommend=1 ) LIMIT 5   [ RunTime:0.0022s ]
SQL: SELECT * FROM `category` WHERE ( pid=2 ) LIMIT 8   [ RunTime:0.0021s ]
NOTIC: [8] Undefined variable: yuyan_id /var/www/web/test/App/Home/Controller/IndexController.class.php 第 79 行.
SQL: SELECT * FROM `liveb` WHERE `name` <> '推荐' AND `cate_id` IN ('','6','7','8','9','10','11','12','13') LIMIT 8   [ RunTime:0.0022s ]
SQL: SELECT * FROM `category` WHERE ( pid=4 ) LIMIT 8   [ RunTime:0.0021s ]
NOTIC: [8] Undefined variable: qinzi_id /var/www/web/test/App/Home/Controller/IndexController.class.php 第 88 行.
SQL: SELECT * FROM `liveb` WHERE `name` <> '推荐' AND `cate_id` IN ('','18','19','20','40','41','42','43','44') LIMIT 8   [ RunTime:0.0022s ]
SQL: SELECT * FROM `category` WHERE ( pid=3 ) LIMIT 8   [ RunTime:0.0021s ]
NOTIC: [8] Undefined variable: bangong_id /var/www/web/test/App/Home/Controller/IndexController.class.php 第 97 行.
SQL: SELECT * FROM `liveb` WHERE `name` <> '推荐' AND `cate_id` IN ('','15','16','17','26','27','28','36','37') LIMIT 8   [ RunTime:0.0022s ]
SQL: SELECT * FROM `category` WHERE ( pid=5 ) LIMIT 8   [ RunTime:0.0021s ]
NOTIC: [8] Undefined variable: zhiye_id /var/www/web/test/App/Home/Controller/IndexController.class.php 第 106 行.
SQL: SELECT * FROM `liveb` WHERE `name` <> '推荐' AND `cate_id` IN ('','47','48','49','50','51','52','53','54') LIMIT 8   [ RunTime:0.0022s ]
SQL: SELECT * FROM `category` WHERE ( pid=14 ) LIMIT 8   [ RunTime:0.0021s ]
NOTIC: [8] Undefined variable: chanpin_id /var/www/web/test/App/Home/Controller/IndexController.class.php 第 115 行.
SQL: SELECT * FROM `liveb` WHERE `name` <> '推荐' AND `cate_id` IN ('','57','58','59','60','61','62','63','64') LIMIT 8   [ RunTime:0.0022s ]
INFO: [ view_parse ] --START--
INFO: [ template_filter ] --START--
INFO: Run Behavior\ContentReplaceBehavior [ RunTime:0.000081s ]
INFO: [ template_filter ] --END-- [ RunTime:0.000139s ]
NOTIC: [8] Undefined variable: dian /var/www/web/test/App/Runtime/Cache/Home/00e52909bed743ea261af4b6823297ff.php 第 36 行.
NOTIC: [8] Undefined index: H_user_id /var/www/web/test/App/Runtime/Cache/Home/00e52909bed743ea261af4b6823297ff.php 第 41 行.
NOTIC: [8] Undefined index: H_user_id /var/www/web/test/App/Runtime/Cache/Home/00e52909bed743ea261af4b6823297ff.php 第 62 行.
NOTIC: [8] Undefined index: H_user_id /var/www/web/test/App/Runtime/Cache/Home/00e52909bed743ea261af4b6823297ff.php 第 63 行.
NOTIC: [8] Undefined index: H_user_id /var/www/web/test/App/Runtime/Cache/Home/00e52909bed743ea261af4b6823297ff.php 第 72 行.
NOTIC: [8] Undefined variable: advert_img /var/www/web/test/App/Runtime/Cache/Home/00e52909bed743ea261af4b6823297ff.php 第 233 行.
INFO: Run Behavior\ParseTemplateBehavior [ RunTime:0.028244s ]
INFO: [ view_parse ] --END-- [ RunTime:0.028291s ]
INFO: [ view_filter ] --START--
INFO: Run Behavior\WriteHtmlCacheBehavior [ RunTime:0.000097s ]
INFO: [ view_filter ] --END-- [ RunTime:0.000131s ]
INFO: [ app_end ] --START--
INFO: Run Behavior\ShowPageTraceBehavior [ RunTime:0.000332s ]
INFO: [ app_end ] --END-- [ RunTime:0.000374s ]

[ 2018-02-19T08:21:35+08:00 ] 59.110.6.177 /
INFO: [ app_init ] --START--
INFO: Run Behavior\BuildLiteBehavior [ RunTime:0.000014s ]
INFO: [ app_init ] --END-- [ RunTime:0.000233s ]
INFO: [ app_begin ] --START--
INFO: Run Behavior\ReadHtmlCacheBehavior [ RunTime:0.000300s ]
INFO: [ app_begin ] --END-- [ RunTime:0.000362s ]
NOTIC: [8] Undefined index: H_user_id /var/www/web/test/App/Home/Controller/IndexController.class.php 第 17 行.
SQL: SHOW COLUMNS FROM `lunbo` [ RunTime:0.0029s ]
SQL: SELECT * FROM `lunbo` WHERE ( pc=1 ) ORDER BY num desc LIMIT 4   [ RunTime:0.0022s ]
SQL: SHOW COLUMNS FROM `category` [ RunTime:0.0027s ]
SQL: SELECT * FROM `category` WHERE `pid` = 0 AND `name` <> '推荐' LIMIT 5   [ RunTime:0.0021s ]
SQL: SELECT * FROM `category` WHERE ( pid=2 ) LIMIT 3   [ RunTime:0.0020s ]
SQL: SELECT * FROM `category` WHERE ( pid=2 )  [ RunTime:0.0021s ]
SQL: SHOW COLUMNS FROM `liveb` [ RunTime:0.0027s ]
SQL: SELECT * FROM `liveb` WHERE ( cate_id=2 ) LIMIT 4   [ RunTime:0.0021s ]
SQL: SELECT * FROM `category` WHERE ( pid=3 ) LIMIT 3   [ RunTime:0.0020s ]
SQL: SELECT * FROM `category` WHERE ( pid=3 )  [ RunTime:0.0021s ]
SQL: SELECT * FROM `liveb` WHERE ( cate_id=3 ) LIMIT 4   [ RunTime:0.0022s ]
SQL: SELECT * FROM `category` WHERE ( pid=4 ) LIMIT 3   [ RunTime:0.0021s ]
SQL: SELECT * FROM `category` WHERE ( pid=4 )  [ RunTime:0.0021s ]
SQL: SELECT * FROM `liveb` WHERE ( cate_id=4 ) LIMIT 4   [ RunTime:0.0021s ]
SQL: SELECT * FROM `category` WHERE ( pid=5 ) LIMIT 3   [ RunTime:0.0021s ]
SQL: SELECT * FROM `category` WHERE ( pid=5 )  [ RunTime:0.0021s ]
SQL: SELECT * FROM `liveb` WHERE ( cate_id=5 ) LIMIT 4   [ RunTime:0.0022s ]
SQL: SELECT * FROM `category` WHERE ( pid=14 ) LIMIT 3   [ RunTime:0.0021s ]
SQL: SELECT * FROM `category` WHERE ( pid=14 )  [ RunTime:0.0021s ]
SQL: SELECT * FROM `liveb` WHERE ( cate_id=14 ) LIMIT 4   [ RunTime:0.0021s ]
SQL: SELECT * FROM `liveb` WHERE ( recommend=1 ) LIMIT 5   [ RunTime:0.0021s ]
SQL: SELECT * FROM `category` WHERE ( pid=2 ) LIMIT 8   [ RunTime:0.0021s ]
NOTIC: [8] Undefined variable: yuyan_id /var/www/web/test/App/Home/Controller/IndexController.class.php 第 79 行.
SQL: SELECT * FROM `liveb` WHERE `name` <> '推荐' AND `cate_id` IN ('','6','7','8','9','10','11','12','13') LIMIT 8   [ RunTime:0.0022s ]
SQL: SELECT * FROM `category` WHERE ( pid=4 ) LIMIT 8   [ RunTime:0.0021s ]
NOTIC: [8] Undefined variable: qinzi_id /var/www/web/test/App/Home/Controller/IndexController.class.php 第 88 行.
SQL: SELECT * FROM `liveb` WHERE `name` <> '推荐' AND `cate_id` IN ('','18','19','20','40','41','42','43','44') LIMIT 8   [ RunTime:0.0022s ]
SQL: SELECT * FROM `category` WHERE ( pid=3 ) LIMIT 8   [ RunTime:0.0021s ]
NOTIC: [8] Undefined variable: bangong_id /var/www/web/test/App/Home/Controller/IndexController.class.php 第 97 行.
SQL: SELECT * FROM `liveb` WHERE `name` <> '推荐' AND `cate_id` IN ('','15','16','17','26','27','28','36','37') LIMIT 8   [ RunTime:0.0022s ]
SQL: SELECT * FROM `category` WHERE ( pid=5 ) LIMIT 8   [ RunTime:0.0021s ]
NOTIC: [8] Undefined variable: zhiye_id /var/www/web/test/App/Home/Controller/IndexController.class.php 第 106 行.
SQL: SELECT * FROM `liveb` WHERE `name` <> '推荐' AND `cate_id` IN ('','47','48','49','50','51','52','53','54') LIMIT 8   [ RunTime:0.0022s ]
SQL: SELECT * FROM `category` WHERE ( pid=14 ) LIMIT 8   [ RunTime:0.0020s ]
NOTIC: [8] Undefined variable: chanpin_id /var/www/web/test/App/Home/Controller/IndexController.class.php 第 115 行.
SQL: SELECT * FROM `liveb` WHERE `name` <> '推荐' AND `cate_id` IN ('','57','58','59','60','61','62','63','64') LIMIT 8   [ RunTime:0.0022s ]
INFO: [ view_parse ] --START--
INFO: [ template_filter ] --START--
INFO: Run Behavior\ContentReplaceBehavior [ RunTime:0.000070s ]
INFO: [ template_filter ] --END-- [ RunTime:0.000111s ]
NOTIC: [8] Undefined variable: dian /var/www/web/test/App/Runtime/Cache/Home/00e52909bed743ea261af4b6823297ff.php 第 36 行.
NOTIC: [8] Undefined index: H_user_id /var/www/web/test/App/Runtime/Cache/Home/00e52909bed743ea261af4b6823297ff.php 第 41 行.
NOTIC: [8] Undefined index: H_user_id /var/www/web/test/App/Runtime/Cache/Home/00e52909bed743ea261af4b6823297ff.php 第 62 行.
NOTIC: [8] Undefined index: H_user_id /var/www/web/test/App/Runtime/Cache/Home/00e52909bed743ea261af4b6823297ff.php 第 63 行.
NOTIC: [8] Undefined index: H_user_id /var/www/web/test/App/Runtime/Cache/Home/00e52909bed743ea261af4b6823297ff.php 第 72 行.
NOTIC: [8] Undefined variable: advert_img /var/www/web/test/App/Runtime/Cache/Home/00e52909bed743ea261af4b6823297ff.php 第 233 行.
INFO: Run Behavior\ParseTemplateBehavior [ RunTime:0.026886s ]
INFO: [ view_parse ] --END-- [ RunTime:0.026929s ]
INFO: [ view_filter ] --START--
INFO: Run Behavior\WriteHtmlCacheBehavior [ RunTime:0.000119s ]
INFO: [ view_filter ] --END-- [ RunTime:0.000153s ]

[ 2018-02-19T08:26:27+08:00 ] 220.181.108.179 /Home/courses/lei/id/16.html
INFO: [ app_init ] --START--
INFO: Run Behavior\BuildLiteBehavior [ RunTime:0.000013s ]
INFO: [ app_init ] --END-- [ RunTime:0.000239s ]
INFO: [ app_begin ] --START--
INFO: Run Behavior\ReadHtmlCacheBehavior [ RunTime:0.000275s ]
INFO: [ app_begin ] --END-- [ RunTime:0.000319s ]
NOTIC: [2048] Declaration of Home\Controller\CoursesController::show() should be compatible with that of Think\Controller::show() /var/www/web/test/App/Home/Controller/CoursesController.class.php 第 6 行.

[ 2018-02-19T08:26:27+08:00 ] 220.181.108.111 /Home/Login/index.html
INFO: [ app_init ] --START--
INFO: Run Behavior\BuildLiteBehavior [ RunTime:0.000011s ]
INFO: [ app_init ] --END-- [ RunTime:0.000212s ]
INFO: [ app_begin ] --START--
INFO: Run Behavior\ReadHtmlCacheBehavior [ RunTime:0.000292s ]
INFO: [ app_begin ] --END-- [ RunTime:0.000337s ]
INFO: [ view_parse ] --START--
INFO: [ template_filter ] --START--
INFO: Run Behavior\ContentReplaceBehavior [ RunTime:0.000044s ]
INFO: [ template_filter ] --END-- [ RunTime:0.000086s ]
INFO: Run Behavior\ParseTemplateBehavior [ RunTime:0.006661s ]
INFO: [ view_parse ] --END-- [ RunTime:0.006705s ]
INFO: [ view_filter ] --START--
INFO: Run Behavior\WriteHtmlCacheBehavior [ RunTime:0.000090s ]
INFO: [ view_filter ] --END-- [ RunTime:0.000123s ]
INFO: [ app_end ] --START--
INFO: Run Behavior\ShowPageTraceBehavior [ RunTime:0.000301s ]
INFO: [ app_end ] --END-- [ RunTime:0.000342s ]

[ 2018-02-19T09:33:07+08:00 ] 123.125.71.109 /Home/Threelogin/index.html
INFO: [ app_init ] --START--
INFO: Run Behavior\BuildLiteBehavior [ RunTime:0.000035s ]
INFO: [ app_init ] --END-- [ RunTime:0.000241s ]
INFO: [ app_begin ] --START--
INFO: Run Behavior\ReadHtmlCacheBehavior [ RunTime:0.000265s ]
INFO: [ app_begin ] --END-- [ RunTime:0.000308s ]
INFO: [ app_end ] --START--
INFO: Run Behavior\ShowPageTraceBehavior [ RunTime:0.000272s ]
INFO: [ app_end ] --END-- [ RunTime:0.000316s ]

[ 2018-02-19T10:00:30+08:00 ] 220.181.51.110 /
INFO: [ app_init ] --START--
INFO: Run Behavior\BuildLiteBehavior [ RunTime:0.000013s ]
INFO: [ app_init ] --END-- [ RunTime:0.000249s ]
INFO: [ app_begin ] --START--
INFO: Run Behavior\ReadHtmlCacheBehavior [ RunTime:0.000273s ]
INFO: [ app_begin ] --END-- [ RunTime:0.000317s ]
NOTIC: [8] Undefined index: H_user_id /var/www/web/test/App/Home/Controller/IndexController.class.php 第 17 行.
SQL: SHOW COLUMNS FROM `lunbo` [ RunTime:0.0029s ]
SQL: SELECT * FROM `lunbo` WHERE ( pc=1 ) ORDER BY num desc LIMIT 4   [ RunTime:0.0021s ]
SQL: SHOW COLUMNS FROM `category` [ RunTime:0.0027s ]
SQL: SELECT * FROM `category` WHERE `pid` = 0 AND `name` <> '推荐' LIMIT 5   [ RunTime:0.0021s ]
SQL: SELECT * FROM `category` WHERE ( pid=2 ) LIMIT 3   [ RunTime:0.0021s ]
SQL: SELECT * FROM `category` WHERE ( pid=2 )  [ RunTime:0.0020s ]
SQL: SHOW COLUMNS FROM `liveb` [ RunTime:0.0027s ]
SQL: SELECT * FROM `liveb` WHERE ( cate_id=2 ) LIMIT 4   [ RunTime:0.0021s ]
SQL: SELECT * FROM `category` WHERE ( pid=3 ) LIMIT 3   [ RunTime:0.0020s ]
SQL: SELECT * FROM `category` WHERE ( pid=3 )  [ RunTime:0.0020s ]
SQL: SELECT * FROM `liveb` WHERE ( cate_id=3 ) LIMIT 4   [ RunTime:0.0021s ]
SQL: SELECT * FROM `category` WHERE ( pid=4 ) LIMIT 3   [ RunTime:0.0020s ]
SQL: SELECT * FROM `category` WHERE ( pid=4 )  [ RunTime:0.0020s ]
SQL: SELECT * FROM `liveb` WHERE ( cate_id=4 ) LIMIT 4   [ RunTime:0.0021s ]
SQL: SELECT * FROM `category` WHERE ( pid=5 ) LIMIT 3   [ RunTime:0.0020s ]
SQL: SELECT * FROM `category` WHERE ( pid=5 )  [ RunTime:0.0020s ]
SQL: SELECT * FROM `liveb` WHERE ( cate_id=5 ) LIMIT 4   [ RunTime:0.0021s ]
SQL: SELECT * FROM `category` WHERE ( pid=14 ) LIMIT 3   [ RunTime:0.0020s ]
SQL: SELECT * FROM `category` WHERE ( pid=14 )  [ RunTime:0.0021s ]
SQL: SELECT * FROM `liveb` WHERE ( cate_id=14 ) LIMIT 4   [ RunTime:0.0021s ]
SQL: SELECT * FROM `liveb` WHERE ( recommend=1 ) LIMIT 5   [ RunTime:0.0021s ]
SQL: SELECT * FROM `category` WHERE ( pid=2 ) LIMIT 8   [ RunTime:0.0020s ]
NOTIC: [8] Undefined variable: yuyan_id /var/www/web/test/App/Home/Controller/IndexController.class.php 第 79 行.
SQL: SELECT * FROM `liveb` WHERE `name` <> '推荐' AND `cate_id` IN ('','6','7','8','9','10','11','12','13') LIMIT 8   [ RunTime:0.0021s ]
SQL: SELECT * FROM `category` WHERE ( pid=4 ) LIMIT 8   [ RunTime:0.0020s ]
NOTIC: [8] Undefined variable: qinzi_id /var/www/web/test/App/Home/Controller/IndexController.class.php 第 88 行.
SQL: SELECT * FROM `liveb` WHERE `name` <> '推荐' AND `cate_id` IN ('','18','19','20','40','41','42','43','44') LIMIT 8   [ RunTime:0.0021s ]
SQL: SELECT * FROM `category` WHERE ( pid=3 ) LIMIT 8   [ RunTime:0.0020s ]
NOTIC: [8] Undefined variable: bangong_id /var/www/web/test/App/Home/Controller/IndexController.class.php 第 97 行.
SQL: SELECT * FROM `liveb` WHERE `name` <> '推荐' AND `cate_id` IN ('','15','16','17','26','27','28','36','37') LIMIT 8   [ RunTime:0.0021s ]
SQL: SELECT * FROM `category` WHERE ( pid=5 ) LIMIT 8   [ RunTime:0.0020s ]
NOTIC: [8] Undefined variable: zhiye_id /var/www/web/test/App/Home/Controller/IndexController.class.php 第 106 行.
SQL: SELECT * FROM `liveb` WHERE `name` <> '推荐' AND `cate_id` IN ('','47','48','49','50','51','52','53','54') LIMIT 8   [ RunTime:0.0021s ]
SQL: SELECT * FROM `category` WHERE ( pid=14 ) LIMIT 8   [ RunTime:0.0020s ]
NOTIC: [8] Undefined variable: chanpin_id /var/www/web/test/App/Home/Controller/IndexController.class.php 第 115 行.
SQL: SELECT * FROM `liveb` WHERE `name` <> '推荐' AND `cate_id` IN ('','57','58','59','60','61','62','63','64') LIMIT 8   [ RunTime:0.0021s ]
INFO: [ view_parse ] --START--
INFO: [ template_filter ] --START--
INFO: Run Behavior\ContentReplaceBehavior [ RunTime:0.000129s ]
INFO: [ template_filter ] --END-- [ RunTime:0.000174s ]
NOTIC: [8] Undefined variable: dian /var/www/web/test/App/Runtime/Cache/Home/00e52909bed743ea261af4b6823297ff.php 第 36 行.
NOTIC: [8] Undefined index: H_user_id /var/www/web/test/App/Runtime/Cache/Home/00e52909bed743ea261af4b6823297ff.php 第 41 行.
NOTIC: [8] Undefined index: H_user_id /var/www/web/test/App/Runtime/Cache/Home/00e52909bed743ea261af4b6823297ff.php 第 62 行.
NOTIC: [8] Undefined index: H_user_id /var/www/web/test/App/Runtime/Cache/Home/00e52909bed743ea261af4b6823297ff.php 第 63 行.
NOTIC: [8] Undefined index: H_user_id /var/www/web/test/App/Runtime/Cache/Home/00e52909bed743ea261af4b6823297ff.php 第 72 行.
NOTIC: [8] Undefined variable: advert_img /var/www/web/test/App/Runtime/Cache/Home/00e52909bed743ea261af4b6823297ff.php 第 233 行.
INFO: Run Behavior\ParseTemplateBehavior [ RunTime:0.028297s ]
INFO: [ view_parse ] --END-- [ RunTime:0.028361s ]
INFO: [ view_filter ] --START--
INFO: Run Behavior\WriteHtmlCacheBehavior [ RunTime:0.000100s ]
INFO: [ view_filter ] --END-- [ RunTime:0.000134s ]
INFO: [ app_end ] --START--
INFO: Run Behavior\ShowPageTraceBehavior [ RunTime:0.000306s ]
INFO: [ app_end ] --END-- [ RunTime:0.000369s ]

[ 2018-02-19T10:06:27+08:00 ] 220.181.108.174 /Home/Courses/show/id/2/p/3.html
INFO: [ app_init ] --START--
INFO: Run Behavior\BuildLiteBehavior [ RunTime:0.000012s ]
INFO: [ app_init ] --END-- [ RunTime:0.000228s ]
INFO: [ app_begin ] --START--
INFO: Run Behavior\ReadHtmlCacheBehavior [ RunTime:0.000348s ]
INFO: [ app_begin ] --END-- [ RunTime:0.000397s ]
NOTIC: [2048] Declaration of Home\Controller\CoursesController::show() should be compatible with that of Think\Controller::show() /var/www/web/test/App/Home/Controller/CoursesController.class.php 第 6 行.

[ 2018-02-19T10:06:27+08:00 ] 220.181.108.96 /Home/Login/index.html
INFO: [ app_init ] --START--
INFO: Run Behavior\BuildLiteBehavior [ RunTime:0.000011s ]
INFO: [ app_init ] --END-- [ RunTime:0.000204s ]
INFO: [ app_begin ] --START--
INFO: Run Behavior\ReadHtmlCacheBehavior [ RunTime:0.000295s ]
INFO: [ app_begin ] --END-- [ RunTime:0.000338s ]
INFO: [ view_parse ] --START--
INFO: [ template_filter ] --START--
INFO: Run Behavior\ContentReplaceBehavior [ RunTime:0.000042s ]
INFO: [ template_filter ] --END-- [ RunTime:0.000096s ]
INFO: Run Behavior\ParseTemplateBehavior [ RunTime:0.006362s ]
INFO: [ view_parse ] --END-- [ RunTime:0.006409s ]
INFO: [ view_filter ] --START--
INFO: Run Behavior\WriteHtmlCacheBehavior [ RunTime:0.000088s ]
INFO: [ view_filter ] --END-- [ RunTime:0.000120s ]
INFO: [ app_end ] --START--
INFO: Run Behavior\ShowPageTraceBehavior [ RunTime:0.000292s ]
INFO: [ app_end ] --END-- [ RunTime:0.000328s ]

[ 2018-02-19T12:18:49+08:00 ] 39.104.29.35 /Home/Login/index.html
INFO: [ app_init ] --START--
INFO: Run Behavior\BuildLiteBehavior [ RunTime:0.000012s ]
INFO: [ app_init ] --END-- [ RunTime:0.000239s ]
INFO: [ app_begin ] --START--
INFO: Run Behavior\ReadHtmlCacheBehavior [ RunTime:0.000255s ]
INFO: [ app_begin ] --END-- [ RunTime:0.000295s ]
INFO: [ view_parse ] --START--
INFO: [ template_filter ] --START--
INFO: Run Behavior\ContentReplaceBehavior [ RunTime:0.000043s ]
INFO: [ template_filter ] --END-- [ RunTime:0.000086s ]
INFO: Run Behavior\ParseTemplateBehavior [ RunTime:0.006378s ]
INFO: [ view_parse ] --END-- [ RunTime:0.006420s ]
INFO: [ view_filter ] --START--
INFO: Run Behavior\WriteHtmlCacheBehavior [ RunTime:0.000108s ]
INFO: [ view_filter ] --END-- [ RunTime:0.000142s ]
INFO: [ app_end ] --START--
INFO: Run Behavior\ShowPageTraceBehavior [ RunTime:0.000284s ]
INFO: [ app_end ] --END-- [ RunTime:0.000318s ]

[ 2018-02-19T13:17:06+08:00 ] 220.181.108.115 /Home/courses/course/pid/6.html
INFO: [ app_init ] --START--
INFO: Run Behavior\BuildLiteBehavior [ RunTime:0.000014s ]
INFO: [ app_init ] --END-- [ RunTime:0.000243s ]
INFO: [ app_begin ] --START--
INFO: Run Behavior\ReadHtmlCacheBehavior [ RunTime:0.000281s ]
INFO: [ app_begin ] --END-- [ RunTime:0.000325s ]
NOTIC: [2048] Declaration of Home\Controller\CoursesController::show() should be compatible with that of Think\Controller::show() /var/www/web/test/App/Home/Controller/CoursesController.class.php 第 6 行.

[ 2018-02-19T13:17:06+08:00 ] 220.181.108.105 /Home/Login/index.html
INFO: [ app_init ] --START--
INFO: Run Behavior\BuildLiteBehavior [ RunTime:0.000012s ]
INFO: [ app_init ] --END-- [ RunTime:0.000220s ]
INFO: [ app_begin ] --START--
INFO: Run Behavior\ReadHtmlCacheBehavior [ RunTime:0.000263s ]
INFO: [ app_begin ] --END-- [ RunTime:0.000306s ]
INFO: [ view_parse ] --START--
INFO: [ template_filter ] --START--
INFO: Run Behavior\ContentReplaceBehavior [ RunTime:0.000044s ]
INFO: [ template_filter ] --END-- [ RunTime:0.000106s ]
INFO: Run Behavior\ParseTemplateBehavior [ RunTime:0.006759s ]
INFO: [ view_parse ] --END-- [ RunTime:0.006805s ]
INFO: [ view_filter ] --START--
INFO: Run Behavior\WriteHtmlCacheBehavior [ RunTime:0.000107s ]
INFO: [ view_filter ] --END-- [ RunTime:0.000145s ]
INFO: [ app_end ] --START--
INFO: Run Behavior\ShowPageTraceBehavior [ RunTime:0.000281s ]
INFO: [ app_end ] --END-- [ RunTime:0.000319s ]

[ 2018-02-19T13:50:26+08:00 ] 220.181.108.145 /Home/courses/lei/id/49.html
INFO: [ app_init ] --START--
INFO: Run Behavior\BuildLiteBehavior [ RunTime:0.000013s ]
INFO: [ app_init ] --END-- [ RunTime:0.000226s ]
INFO: [ app_begin ] --START--
INFO: Run Behavior\ReadHtmlCacheBehavior [ RunTime:0.000282s ]
INFO: [ app_begin ] --END-- [ RunTime:0.000328s ]
NOTIC: [2048] Declaration of Home\Controller\CoursesController::show() should be compatible with that of Think\Controller::show() /var/www/web/test/App/Home/Controller/CoursesController.class.php 第 6 行.

[ 2018-02-19T13:50:26+08:00 ] 220.181.108.149 /Home/Login/index.html
INFO: [ app_init ] --START--
INFO: Run Behavior\BuildLiteBehavior [ RunTime:0.000011s ]
INFO: [ app_init ] --END-- [ RunTime:0.000216s ]
INFO: [ app_begin ] --START--
INFO: Run Behavior\ReadHtmlCacheBehavior [ RunTime:0.000291s ]
INFO: [ app_begin ] --END-- [ RunTime:0.000335s ]
INFO: [ view_parse ] --START--
INFO: [ template_filter ] --START--
INFO: Run Behavior\ContentReplaceBehavior [ RunTime:0.000045s ]
INFO: [ template_filter ] --END-- [ RunTime:0.000091s ]
INFO: Run Behavior\ParseTemplateBehavior [ RunTime:0.006640s ]
INFO: [ view_parse ] --END-- [ RunTime:0.006687s ]
INFO: [ view_filter ] --START--
INFO: Run Behavior\WriteHtmlCacheBehavior [ RunTime:0.000093s ]
INFO: [ view_filter ] --END-- [ RunTime:0.000128s ]
INFO: [ app_end ] --START--
INFO: Run Behavior\ShowPageTraceBehavior [ RunTime:0.000286s ]
INFO: [ app_end ] --END-- [ RunTime:0.000342s ]

[ 2018-02-19T14:23:46+08:00 ] 220.181.108.150 /Home/courses/lei/id/60.html
INFO: [ app_init ] --START--
INFO: Run Behavior\BuildLiteBehavior [ RunTime:0.000013s ]
INFO: [ app_init ] --END-- [ RunTime:0.000233s ]
INFO: [ app_begin ] --START--
INFO: Run Behavior\ReadHtmlCacheBehavior [ RunTime:0.000275s ]
INFO: [ app_begin ] --END-- [ RunTime:0.000317s ]
NOTIC: [2048] Declaration of Home\Controller\CoursesController::show() should be compatible with that of Think\Controller::show() /var/www/web/test/App/Home/Controller/CoursesController.class.php 第 6 行.

[ 2018-02-19T14:23:46+08:00 ] 220.181.108.115 /Home/Login/index.html
INFO: [ app_init ] --START--
INFO: Run Behavior\BuildLiteBehavior [ RunTime:0.000013s ]
INFO: [ app_init ] --END-- [ RunTime:0.000238s ]
INFO: [ app_begin ] --START--
INFO: Run Behavior\ReadHtmlCacheBehavior [ RunTime:0.000267s ]
INFO: [ app_begin ] --END-- [ RunTime:0.000309s ]
INFO: [ view_parse ] --START--
INFO: [ template_filter ] --START--
INFO: Run Behavior\ContentReplaceBehavior [ RunTime:0.000042s ]
INFO: [ template_filter ] --END-- [ RunTime:0.000084s ]
INFO: Run Behavior\ParseTemplateBehavior [ RunTime:0.006495s ]
INFO: [ view_parse ] --END-- [ RunTime:0.006539s ]
INFO: [ view_filter ] --START--
INFO: Run Behavior\WriteHtmlCacheBehavior [ RunTime:0.000090s ]
INFO: [ view_filter ] --END-- [ RunTime:0.000123s ]
INFO: [ app_end ] --START--
INFO: Run Behavior\ShowPageTraceBehavior [ RunTime:0.000274s ]
INFO: [ app_end ] --END-- [ RunTime:0.000311s ]

[ 2018-02-19T14:57:06+08:00 ] 123.125.71.55 /Home/courses/lei/id/48.html
INFO: [ app_init ] --START--
INFO: Run Behavior\BuildLiteBehavior [ RunTime:0.000014s ]
INFO: [ app_init ] --END-- [ RunTime:0.000272s ]
INFO: [ app_begin ] --START--
INFO: Run Behavior\ReadHtmlCacheBehavior [ RunTime:0.000278s ]
INFO: [ app_begin ] --END-- [ RunTime:0.000321s ]
NOTIC: [2048] Declaration of Home\Controller\CoursesController::show() should be compatible with that of Think\Controller::show() /var/www/web/test/App/Home/Controller/CoursesController.class.php 第 6 行.

[ 2018-02-19T14:57:06+08:00 ] 123.125.71.110 /Home/Login/index.html
INFO: [ app_init ] --START--
INFO: Run Behavior\BuildLiteBehavior [ RunTime:0.000014s ]
INFO: [ app_init ] --END-- [ RunTime:0.000247s ]
INFO: [ app_begin ] --START--
INFO: Run Behavior\ReadHtmlCacheBehavior [ RunTime:0.000287s ]
INFO: [ app_begin ] --END-- [ RunTime:0.000334s ]
INFO: [ view_parse ] --START--
INFO: [ template_filter ] --START--
INFO: Run Behavior\ContentReplaceBehavior [ RunTime:0.000046s ]
INFO: [ template_filter ] --END-- [ RunTime:0.000093s ]
INFO: Run Behavior\ParseTemplateBehavior [ RunTime:0.006835s ]
INFO: [ view_parse ] --END-- [ RunTime:0.006883s ]
INFO: [ view_filter ] --START--
INFO: Run Behavior\WriteHtmlCacheBehavior [ RunTime:0.000116s ]
INFO: [ view_filter ] --END-- [ RunTime:0.000152s ]
INFO: [ app_end ] --START--
INFO: Run Behavior\ShowPageTraceBehavior [ RunTime:0.000300s ]
INFO: [ app_end ] --END-- [ RunTime:0.000339s ]

[ 2018-02-19T15:14:17+08:00 ] 106.11.226.29 /
INFO: [ app_init ] --START--
INFO: Run Behavior\BuildLiteBehavior [ RunTime:0.000014s ]
INFO: [ app_init ] --END-- [ RunTime:0.000247s ]
INFO: [ app_begin ] --START--
INFO: Run Behavior\ReadHtmlCacheBehavior [ RunTime:0.000284s ]
INFO: [ app_begin ] --END-- [ RunTime:0.000349s ]
NOTIC: [8] Undefined index: H_user_id /var/www/web/test/App/Home/Controller/IndexController.class.php 第 17 行.
SQL: SHOW COLUMNS FROM `lunbo` [ RunTime:0.0031s ]
SQL: SELECT * FROM `lunbo` WHERE ( pc=1 ) ORDER BY num desc LIMIT 4   [ RunTime:0.0022s ]
SQL: SHOW COLUMNS FROM `category` [ RunTime:0.0028s ]
SQL: SELECT * FROM `category` WHERE `pid` = 0 AND `name` <> '推荐' LIMIT 5   [ RunTime:0.0021s ]
SQL: SELECT * FROM `category` WHERE ( pid=2 ) LIMIT 3   [ RunTime:0.0021s ]
SQL: SELECT * FROM `category` WHERE ( pid=2 )  [ RunTime:0.0021s ]
SQL: SHOW COLUMNS FROM `liveb` [ RunTime:0.0028s ]
SQL: SELECT * FROM `liveb` WHERE ( cate_id=2 ) LIMIT 4   [ RunTime:0.0021s ]
SQL: SELECT * FROM `category` WHERE ( pid=3 ) LIMIT 3   [ RunTime:0.0021s ]
SQL: SELECT * FROM `category` WHERE ( pid=3 )  [ RunTime:0.0020s ]
SQL: SELECT * FROM `liveb` WHERE ( cate_id=3 ) LIMIT 4   [ RunTime:0.0021s ]
SQL: SELECT * FROM `category` WHERE ( pid=4 ) LIMIT 3   [ RunTime:0.0020s ]
SQL: SELECT * FROM `category` WHERE ( pid=4 )  [ RunTime:0.0020s ]
SQL: SELECT * FROM `liveb` WHERE ( cate_id=4 ) LIMIT 4   [ RunTime:0.0022s ]
SQL: SELECT * FROM `category` WHERE ( pid=5 ) LIMIT 3   [ RunTime:0.0021s ]
SQL: SELECT * FROM `category` WHERE ( pid=5 )  [ RunTime:0.0021s ]
SQL: SELECT * FROM `liveb` WHERE ( cate_id=5 ) LIMIT 4   [ RunTime:0.0021s ]
SQL: SELECT * FROM `category` WHERE ( pid=14 ) LIMIT 3   [ RunTime:0.0021s ]
SQL: SELECT * FROM `category` WHERE ( pid=14 )  [ RunTime:0.0021s ]
SQL: SELECT * FROM `liveb` WHERE ( cate_id=14 ) LIMIT 4   [ RunTime:0.0022s ]
SQL: SELECT * FROM `liveb` WHERE ( recommend=1 ) LIMIT 5   [ RunTime:0.0021s ]
SQL: SELECT * FROM `category` WHERE ( pid=2 ) LIMIT 8   [ RunTime:0.0021s ]
NOTIC: [8] Undefined variable: yuyan_id /var/www/web/test/App/Home/Controller/IndexController.class.php 第 79 行.
SQL: SELECT * FROM `liveb` WHERE `name` <> '推荐' AND `cate_id` IN ('','6','7','8','9','10','11','12','13') LIMIT 8   [ RunTime:0.0022s ]
SQL: SELECT * FROM `category` WHERE ( pid=4 ) LIMIT 8   [ RunTime:0.0021s ]
NOTIC: [8] Undefined variable: qinzi_id /var/www/web/test/App/Home/Controller/IndexController.class.php 第 88 行.
SQL: SELECT * FROM `liveb` WHERE `name` <> '推荐' AND `cate_id` IN ('','18','19','20','40','41','42','43','44') LIMIT 8   [ RunTime:0.0022s ]
SQL: SELECT * FROM `category` WHERE ( pid=3 ) LIMIT 8   [ RunTime:0.0021s ]
NOTIC: [8] Undefined variable: bangong_id /var/www/web/test/App/Home/Controller/IndexController.class.php 第 97 行.
SQL: SELECT * FROM `liveb` WHERE `name` <> '推荐' AND `cate_id` IN ('','15','16','17','26','27','28','36','37') LIMIT 8   [ RunTime:0.0022s ]
SQL: SELECT * FROM `category` WHERE ( pid=5 ) LIMIT 8   [ RunTime:0.0021s ]
NOTIC: [8] Undefined variable: zhiye_id /var/www/web/test/App/Home/Controller/IndexController.class.php 第 106 行.
SQL: SELECT * FROM `liveb` WHERE `name` <> '推荐' AND `cate_id` IN ('','47','48','49','50','51','52','53','54') LIMIT 8   [ RunTime:0.0022s ]
SQL: SELECT * FROM `category` WHERE ( pid=14 ) LIMIT 8   [ RunTime:0.0020s ]
NOTIC: [8] Undefined variable: chanpin_id /var/www/web/test/App/Home/Controller/IndexController.class.php 第 115 行.
SQL: SELECT * FROM `liveb` WHERE `name` <> '推荐' AND `cate_id` IN ('','57','58','59','60','61','62','63','64') LIMIT 8   [ RunTime:0.0022s ]
INFO: [ view_parse ] --START--
INFO: [ template_filter ] --START--
INFO: Run Behavior\ContentReplaceBehavior [ RunTime:0.000075s ]
INFO: [ template_filter ] --END-- [ RunTime:0.000123s ]
NOTIC: [8] Undefined variable: dian /var/www/web/test/App/Runtime/Cache/Home/00e52909bed743ea261af4b6823297ff.php 第 36 行.
NOTIC: [8] Undefined index: H_user_id /var/www/web/test/App/Runtime/Cache/Home/00e52909bed743ea261af4b6823297ff.php 第 41 行.
NOTIC: [8] Undefined index: H_user_id /var/www/web/test/App/Runtime/Cache/Home/00e52909bed743ea261af4b6823297ff.php 第 62 行.
NOTIC: [8] Undefined index: H_user_id /var/www/web/test/App/Runtime/Cache/Home/00e52909bed743ea261af4b6823297ff.php 第 63 行.
NOTIC: [8] Undefined index: H_user_id /var/www/web/test/App/Runtime/Cache/Home/00e52909bed743ea261af4b6823297ff.php 第 72 行.
NOTIC: [8] Undefined variable: advert_img /var/www/web/test/App/Runtime/Cache/Home/00e52909bed743ea261af4b6823297ff.php 第 233 行.
INFO: Run Behavior\ParseTemplateBehavior [ RunTime:0.027284s ]
INFO: [ view_parse ] --END-- [ RunTime:0.027331s ]
INFO: [ view_filter ] --START--
INFO: Run Behavior\WriteHtmlCacheBehavior [ RunTime:0.000114s ]
INFO: [ view_filter ] --END-- [ RunTime:0.000149s ]
INFO: [ app_end ] --START--
INFO: Run Behavior\ShowPageTraceBehavior [ RunTime:0.000352s ]
INFO: [ app_end ] --END-- [ RunTime:0.000403s ]

[ 2018-02-19T16:21:57+08:00 ] 59.110.6.177 /
INFO: [ app_init ] --START--
INFO: Run Behavior\BuildLiteBehavior [ RunTime:0.000013s ]
INFO: [ app_init ] --END-- [ RunTime:0.000240s ]
INFO: [ app_begin ] --START--
INFO: Run Behavior\ReadHtmlCacheBehavior [ RunTime:0.000281s ]
INFO: [ app_begin ] --END-- [ RunTime:0.000345s ]
NOTIC: [8] Undefined index: H_user_id /var/www/web/test/App/Home/Controller/IndexController.class.php 第 17 行.
SQL: SHOW COLUMNS FROM `lunbo` [ RunTime:0.0032s ]
SQL: SELECT * FROM `lunbo` WHERE ( pc=1 ) ORDER BY num desc LIMIT 4   [ RunTime:0.0022s ]
SQL: SHOW COLUMNS FROM `category` [ RunTime:0.0029s ]
SQL: SELECT * FROM `category` WHERE `pid` = 0 AND `name` <> '推荐' LIMIT 5   [ RunTime:0.0021s ]
SQL: SELECT * FROM `category` WHERE ( pid=2 ) LIMIT 3   [ RunTime:0.0021s ]
SQL: SELECT * FROM `category` WHERE ( pid=2 )  [ RunTime:0.0021s ]
SQL: SHOW COLUMNS FROM `liveb` [ RunTime:0.0029s ]
SQL: SELECT * FROM `liveb` WHERE ( cate_id=2 ) LIMIT 4   [ RunTime:0.0022s ]
SQL: SELECT * FROM `category` WHERE ( pid=3 ) LIMIT 3   [ RunTime:0.0021s ]
SQL: SELECT * FROM `category` WHERE ( pid=3 )  [ RunTime:0.0021s ]
SQL: SELECT * FROM `liveb` WHERE ( cate_id=3 ) LIMIT 4   [ RunTime:0.0022s ]
SQL: SELECT * FROM `category` WHERE ( pid=4 ) LIMIT 3   [ RunTime:0.0021s ]
SQL: SELECT * FROM `category` WHERE ( pid=4 )  [ RunTime:0.0021s ]
SQL: SELECT * FROM `liveb` WHERE ( cate_id=4 ) LIMIT 4   [ RunTime:0.0021s ]
SQL: SELECT * FROM `category` WHERE ( pid=5 ) LIMIT 3   [ RunTime:0.0021s ]
SQL: SELECT * FROM `category` WHERE ( pid=5 )  [ RunTime:0.0022s ]
SQL: SELECT * FROM `liveb` WHERE ( cate_id=5 ) LIMIT 4   [ RunTime:0.0022s ]
SQL: SELECT * FROM `category` WHERE ( pid=14 ) LIMIT 3   [ RunTime:0.0021s ]
SQL: SELECT * FROM `category` WHERE ( pid=14 )  [ RunTime:0.0021s ]
SQL: SELECT * FROM `liveb` WHERE ( cate_id=14 ) LIMIT 4   [ RunTime:0.0022s ]
SQL: SELECT * FROM `liveb` WHERE ( recommend=1 ) LIMIT 5   [ RunTime:0.0021s ]
SQL: SELECT * FROM `category` WHERE ( pid=2 ) LIMIT 8   [ RunTime:0.0021s ]
NOTIC: [8] Undefined variable: yuyan_id /var/www/web/test/App/Home/Controller/IndexController.class.php 第 79 行.
SQL: SELECT * FROM `liveb` WHERE `name` <> '推荐' AND `cate_id` IN ('','6','7','8','9','10','11','12','13') LIMIT 8   [ RunTime:0.0022s ]
SQL: SELECT * FROM `category` WHERE ( pid=4 ) LIMIT 8   [ RunTime:0.0021s ]
NOTIC: [8] Undefined variable: qinzi_id /var/www/web/test/App/Home/Controller/IndexController.class.php 第 88 行.
SQL: SELECT * FROM `liveb` WHERE `name` <> '推荐' AND `cate_id` IN ('','18','19','20','40','41','42','43','44') LIMIT 8   [ RunTime:0.0022s ]
SQL: SELECT * FROM `category` WHERE ( pid=3 ) LIMIT 8   [ RunTime:0.0021s ]
NOTIC: [8] Undefined variable: bangong_id /var/www/web/test/App/Home/Controller/IndexController.class.php 第 97 行.
SQL: SELECT * FROM `liveb` WHERE `name` <> '推荐' AND `cate_id` IN ('','15','16','17','26','27','28','36','37') LIMIT 8   [ RunTime:0.0022s ]
SQL: SELECT * FROM `category` WHERE ( pid=5 ) LIMIT 8   [ RunTime:0.0021s ]
NOTIC: [8] Undefined variable: zhiye_id /var/www/web/test/App/Home/Controller/IndexController.class.php 第 106 行.
SQL: SELECT * FROM `liveb` WHERE `name` <> '推荐' AND `cate_id` IN ('','47','48','49','50','51','52','53','54') LIMIT 8   [ RunTime:0.0022s ]
SQL: SELECT * FROM `category` WHERE ( pid=14 ) LIMIT 8   [ RunTime:0.0021s ]
NOTIC: [8] Undefined variable: chanpin_id /var/www/web/test/App/Home/Controller/IndexController.class.php 第 115 行.
SQL: SELECT * FROM `liveb` WHERE `name` <> '推荐' AND `cate_id` IN ('','57','58','59','60','61','62','63','64') LIMIT 8   [ RunTime:0.0022s ]
INFO: [ view_parse ] --START--
INFO: [ template_filter ] --START--
INFO: Run Behavior\ContentReplaceBehavior [ RunTime:0.000083s ]
INFO: [ template_filter ] --END-- [ RunTime:0.000132s ]
NOTIC: [8] Undefined variable: dian /var/www/web/test/App/Runtime/Cache/Home/00e52909bed743ea261af4b6823297ff.php 第 36 行.
NOTIC: [8] Undefined index: H_user_id /var/www/web/test/App/Runtime/Cache/Home/00e52909bed743ea261af4b6823297ff.php 第 41 行.
NOTIC: [8] Undefined index: H_user_id /var/www/web/test/App/Runtime/Cache/Home/00e52909bed743ea261af4b6823297ff.php 第 62 行.
NOTIC: [8] Undefined index: H_user_id /var/www/web/test/App/Runtime/Cache/Home/00e52909bed743ea261af4b6823297ff.php 第 63 行.
NOTIC: [8] Undefined index: H_user_id /var/www/web/test/App/Runtime/Cache/Home/00e52909bed743ea261af4b6823297ff.php 第 72 行.
NOTIC: [8] Undefined variable: advert_img /var/www/web/test/App/Runtime/Cache/Home/00e52909bed743ea261af4b6823297ff.php 第 233 行.
INFO: Run Behavior\ParseTemplateBehavior [ RunTime:0.028617s ]
INFO: [ view_parse ] --END-- [ RunTime:0.028685s ]
INFO: [ view_filter ] --START--
INFO: Run Behavior\WriteHtmlCacheBehavior [ RunTime:0.000114s ]
INFO: [ view_filter ] --END-- [ RunTime:0.000148s ]

[ 2018-02-19T17:23:11+08:00 ] 123.125.71.114 /Home/courses/lei/id/57.html
INFO: [ app_init ] --START--
INFO: Run Behavior\BuildLiteBehavior [ RunTime:0.000014s ]
INFO: [ app_init ] --END-- [ RunTime:0.000257s ]
INFO: [ app_begin ] --START--
INFO: Run Behavior\ReadHtmlCacheBehavior [ RunTime:0.000282s ]
INFO: [ app_begin ] --END-- [ RunTime:0.000349s ]
NOTIC: [2048] Declaration of Home\Controller\CoursesController::show() should be compatible with that of Think\Controller::show() /var/www/web/test/App/Home/Controller/CoursesController.class.php 第 6 行.

[ 2018-02-19T17:23:11+08:00 ] 123.125.71.38 /Home/Login/index.html
INFO: [ app_init ] --START--
INFO: Run Behavior\BuildLiteBehavior [ RunTime:0.000011s ]
INFO: [ app_init ] --END-- [ RunTime:0.000210s ]
INFO: [ app_begin ] --START--
INFO: Run Behavior\ReadHtmlCacheBehavior [ RunTime:0.000265s ]
INFO: [ app_begin ] --END-- [ RunTime:0.000319s ]
INFO: [ view_parse ] --START--
INFO: [ template_filter ] --START--
INFO: Run Behavior\ContentReplaceBehavior [ RunTime:0.000044s ]
INFO: [ template_filter ] --END-- [ RunTime:0.000089s ]
INFO: Run Behavior\ParseTemplateBehavior [ RunTime:0.006412s ]
INFO: [ view_parse ] --END-- [ RunTime:0.006457s ]
INFO: [ view_filter ] --START--
INFO: Run Behavior\WriteHtmlCacheBehavior [ RunTime:0.000090s ]
INFO: [ view_filter ] --END-- [ RunTime:0.000123s ]
INFO: [ app_end ] --START--
INFO: Run Behavior\ShowPageTraceBehavior [ RunTime:0.000303s ]
INFO: [ app_end ] --END-- [ RunTime:0.000340s ]

[ 2018-02-19T17:47:38+08:00 ] 140.205.225.194 /
INFO: [ app_init ] --START--
INFO: Run Behavior\BuildLiteBehavior [ RunTime:0.000014s ]
INFO: [ app_init ] --END-- [ RunTime:0.000227s ]
INFO: [ app_begin ] --START--
INFO: Run Behavior\ReadHtmlCacheBehavior [ RunTime:0.000317s ]
INFO: [ app_begin ] --END-- [ RunTime:0.000364s ]
NOTIC: [8] Undefined index: H_user_id /var/www/web/test/App/Home/Controller/IndexController.class.php 第 17 行.
SQL: SHOW COLUMNS FROM `lunbo` [ RunTime:0.0030s ]
SQL: SELECT * FROM `lunbo` WHERE ( pc=1 ) ORDER BY num desc LIMIT 4   [ RunTime:0.0022s ]
SQL: SHOW COLUMNS FROM `category` [ RunTime:0.0027s ]
SQL: SELECT * FROM `category` WHERE `pid` = 0 AND `name` <> '推荐' LIMIT 5   [ RunTime:0.0021s ]
SQL: SELECT * FROM `category` WHERE ( pid=2 ) LIMIT 3   [ RunTime:0.0021s ]
SQL: SELECT * FROM `category` WHERE ( pid=2 )  [ RunTime:0.0020s ]
SQL: SHOW COLUMNS FROM `liveb` [ RunTime:0.0027s ]
SQL: SELECT * FROM `liveb` WHERE ( cate_id=2 ) LIMIT 4   [ RunTime:0.0021s ]
SQL: SELECT * FROM `category` WHERE ( pid=3 ) LIMIT 3   [ RunTime:0.0020s ]
SQL: SELECT * FROM `category` WHERE ( pid=3 )  [ RunTime:0.0020s ]
SQL: SELECT * FROM `liveb` WHERE ( cate_id=3 ) LIMIT 4   [ RunTime:0.0021s ]
SQL: SELECT * FROM `category` WHERE ( pid=4 ) LIMIT 3   [ RunTime:0.0020s ]
SQL: SELECT * FROM `category` WHERE ( pid=4 )  [ RunTime:0.0020s ]
SQL: SELECT * FROM `liveb` WHERE ( cate_id=4 ) LIMIT 4   [ RunTime:0.0021s ]
SQL: SELECT * FROM `category` WHERE ( pid=5 ) LIMIT 3   [ RunTime:0.0020s ]
SQL: SELECT * FROM `category` WHERE ( pid=5 )  [ RunTime:0.0021s ]
SQL: SELECT * FROM `liveb` WHERE ( cate_id=5 ) LIMIT 4   [ RunTime:0.0023s ]
SQL: SELECT * FROM `category` WHERE ( pid=14 ) LIMIT 3   [ RunTime:0.0020s ]
SQL: SELECT * FROM `category` WHERE ( pid=14 )  [ RunTime:0.0020s ]
SQL: SELECT * FROM `liveb` WHERE ( cate_id=14 ) LIMIT 4   [ RunTime:0.0021s ]
SQL: SELECT * FROM `liveb` WHERE ( recommend=1 ) LIMIT 5   [ RunTime:0.0021s ]
SQL: SELECT * FROM `category` WHERE ( pid=2 ) LIMIT 8   [ RunTime:0.0021s ]
NOTIC: [8] Undefined variable: yuyan_id /var/www/web/test/App/Home/Controller/IndexController.class.php 第 79 行.
SQL: SELECT * FROM `liveb` WHERE `name` <> '推荐' AND `cate_id` IN ('','6','7','8','9','10','11','12','13') LIMIT 8   [ RunTime:0.0021s ]
SQL: SELECT * FROM `category` WHERE ( pid=4 ) LIMIT 8   [ RunTime:0.0020s ]
NOTIC: [8] Undefined variable: qinzi_id /var/www/web/test/App/Home/Controller/IndexController.class.php 第 88 行.
SQL: SELECT * FROM `liveb` WHERE `name` <> '推荐' AND `cate_id` IN ('','18','19','20','40','41','42','43','44') LIMIT 8   [ RunTime:0.0022s ]
SQL: SELECT * FROM `category` WHERE ( pid=3 ) LIMIT 8   [ RunTime:0.0021s ]
NOTIC: [8] Undefined variable: bangong_id /var/www/web/test/App/Home/Controller/IndexController.class.php 第 97 行.
SQL: SELECT * FROM `liveb` WHERE `name` <> '推荐' AND `cate_id` IN ('','15','16','17','26','27','28','36','37') LIMIT 8   [ RunTime:0.0022s ]
SQL: SELECT * FROM `category` WHERE ( pid=5 ) LIMIT 8   [ RunTime:0.0020s ]
NOTIC: [8] Undefined variable: zhiye_id /var/www/web/test/App/Home/Controller/IndexController.class.php 第 106 行.
SQL: SELECT * FROM `liveb` WHERE `name` <> '推荐' AND `cate_id` IN ('','47','48','49','50','51','52','53','54') LIMIT 8   [ RunTime:0.0021s ]
SQL: SELECT * FROM `category` WHERE ( pid=14 ) LIMIT 8   [ RunTime:0.0020s ]
NOTIC: [8] Undefined variable: chanpin_id /var/www/web/test/App/Home/Controller/IndexController.class.php 第 115 行.
SQL: SELECT * FROM `liveb` WHERE `name` <> '推荐' AND `cate_id` IN ('','57','58','59','60','61','62','63','64') LIMIT 8   [ RunTime:0.0022s ]
INFO: [ view_parse ] --START--
INFO: [ template_filter ] --START--
INFO: Run Behavior\ContentReplaceBehavior [ RunTime:0.000084s ]
INFO: [ template_filter ] --END-- [ RunTime:0.000129s ]
NOTIC: [8] Undefined variable: dian /var/www/web/test/App/Runtime/Cache/Home/00e52909bed743ea261af4b6823297ff.php 第 36 行.
NOTIC: [8] Undefined index: H_user_id /var/www/web/test/App/Runtime/Cache/Home/00e52909bed743ea261af4b6823297ff.php 第 41 行.
NOTIC: [8] Undefined index: H_user_id /var/www/web/test/App/Runtime/Cache/Home/00e52909bed743ea261af4b6823297ff.php 第 62 行.
NOTIC: [8] Undefined index: H_user_id /var/www/web/test/App/Runtime/Cache/Home/00e52909bed743ea261af4b6823297ff.php 第 63 行.
NOTIC: [8] Undefined index: H_user_id /var/www/web/test/App/Runtime/Cache/Home/00e52909bed743ea261af4b6823297ff.php 第 72 行.
NOTIC: [8] Undefined variable: advert_img /var/www/web/test/App/Runtime/Cache/Home/00e52909bed743ea261af4b6823297ff.php 第 233 行.
INFO: Run Behavior\ParseTemplateBehavior [ RunTime:0.028440s ]
INFO: [ view_parse ] --END-- [ RunTime:0.028490s ]
INFO: [ view_filter ] --START--
INFO: Run Behavior\WriteHtmlCacheBehavior [ RunTime:0.000109s ]
INFO: [ view_filter ] --END-- [ RunTime:0.000143s ]
INFO: [ app_end ] --START--
INFO: Run Behavior\ShowPageTraceBehavior [ RunTime:0.000347s ]
INFO: [ app_end ] --END-- [ RunTime:0.000392s ]

[ 2018-02-19T17:56:31+08:00 ] 123.125.71.114 /Home/courses/baoming/pid/16.html
INFO: [ app_init ] --START--
INFO: Run Behavior\BuildLiteBehavior [ RunTime:0.000014s ]
INFO: [ app_init ] --END-- [ RunTime:0.000252s ]
INFO: [ app_begin ] --START--
INFO: Run Behavior\ReadHtmlCacheBehavior [ RunTime:0.000305s ]
INFO: [ app_begin ] --END-- [ RunTime:0.000352s ]
NOTIC: [2048] Declaration of Home\Controller\CoursesController::show() should be compatible with that of Think\Controller::show() /var/www/web/test/App/Home/Controller/CoursesController.class.php 第 6 行.

[ 2018-02-19T17:56:31+08:00 ] 123.125.71.25 /Home/Login/index.html
INFO: [ app_init ] --START--
INFO: Run Behavior\BuildLiteBehavior [ RunTime:0.000013s ]
INFO: [ app_init ] --END-- [ RunTime:0.000256s ]
INFO: [ app_begin ] --START--
INFO: Run Behavior\ReadHtmlCacheBehavior [ RunTime:0.000269s ]
INFO: [ app_begin ] --END-- [ RunTime:0.000311s ]
INFO: [ view_parse ] --START--
INFO: [ template_filter ] --START--
INFO: Run Behavior\ContentReplaceBehavior [ RunTime:0.000045s ]
INFO: [ template_filter ] --END-- [ RunTime:0.000090s ]
INFO: Run Behavior\ParseTemplateBehavior [ RunTime:0.006678s ]
INFO: [ view_parse ] --END-- [ RunTime:0.006724s ]
INFO: [ view_filter ] --START--
INFO: Run Behavior\WriteHtmlCacheBehavior [ RunTime:0.000094s ]
INFO: [ view_filter ] --END-- [ RunTime:0.000129s ]
INFO: [ app_end ] --START--
INFO: Run Behavior\ShowPageTraceBehavior [ RunTime:0.000282s ]
INFO: [ app_end ] --END-- [ RunTime:0.000318s ]

[ 2018-02-19T18:22:51+08:00 ] 140.205.225.194 /index.php
INFO: [ app_init ] --START--
INFO: Run Behavior\BuildLiteBehavior [ RunTime:0.000013s ]
INFO: [ app_init ] --END-- [ RunTime:0.000222s ]
INFO: [ app_begin ] --START--
INFO: Run Behavior\ReadHtmlCacheBehavior [ RunTime:0.000267s ]
INFO: [ app_begin ] --END-- [ RunTime:0.000311s ]
NOTIC: [8] Undefined index: H_user_id /var/www/web/test/App/Home/Controller/IndexController.class.php 第 17 行.
SQL: SHOW COLUMNS FROM `lunbo` [ RunTime:0.0031s ]
SQL: SELECT * FROM `lunbo` WHERE ( pc=1 ) ORDER BY num desc LIMIT 4   [ RunTime:0.0022s ]
SQL: SHOW COLUMNS FROM `category` [ RunTime:0.0028s ]
SQL: SELECT * FROM `category` WHERE `pid` = 0 AND `name` <> '推荐' LIMIT 5   [ RunTime:0.0021s ]
SQL: SELECT * FROM `category` WHERE ( pid=2 ) LIMIT 3   [ RunTime:0.0021s ]
SQL: SELECT * FROM `category` WHERE ( pid=2 )  [ RunTime:0.0021s ]
SQL: SHOW COLUMNS FROM `liveb` [ RunTime:0.0029s ]
SQL: SELECT * FROM `liveb` WHERE ( cate_id=2 ) LIMIT 4   [ RunTime:0.0022s ]
SQL: SELECT * FROM `category` WHERE ( pid=3 ) LIMIT 3   [ RunTime:0.0021s ]
SQL: SELECT * FROM `category` WHERE ( pid=3 )  [ RunTime:0.0022s ]
SQL: SELECT * FROM `liveb` WHERE ( cate_id=3 ) LIMIT 4   [ RunTime:0.0022s ]
SQL: SELECT * FROM `category` WHERE ( pid=4 ) LIMIT 3   [ RunTime:0.0021s ]
SQL: SELECT * FROM `category` WHERE ( pid=4 )  [ RunTime:0.0021s ]
SQL: SELECT * FROM `liveb` WHERE ( cate_id=4 ) LIMIT 4   [ RunTime:0.0022s ]
SQL: SELECT * FROM `category` WHERE ( pid=5 ) LIMIT 3   [ RunTime:0.0021s ]
SQL: SELECT * FROM `category` WHERE ( pid=5 )  [ RunTime:0.0021s ]
SQL: SELECT * FROM `liveb` WHERE ( cate_id=5 ) LIMIT 4   [ RunTime:0.0022s ]
SQL: SELECT * FROM `category` WHERE ( pid=14 ) LIMIT 3   [ RunTime:0.0021s ]
SQL: SELECT * FROM `category` WHERE ( pid=14 )  [ RunTime:0.0021s ]
SQL: SELECT * FROM `liveb` WHERE ( cate_id=14 ) LIMIT 4   [ RunTime:0.0022s ]
SQL: SELECT * FROM `liveb` WHERE ( recommend=1 ) LIMIT 5   [ RunTime:0.0022s ]
SQL: SELECT * FROM `category` WHERE ( pid=2 ) LIMIT 8   [ RunTime:0.0021s ]
NOTIC: [8] Undefined variable: yuyan_id /var/www/web/test/App/Home/Controller/IndexController.class.php 第 79 行.
SQL: SELECT * FROM `liveb` WHERE `name` <> '推荐' AND `cate_id` IN ('','6','7','8','9','10','11','12','13') LIMIT 8   [ RunTime:0.0022s ]
SQL: SELECT * FROM `category` WHERE ( pid=4 ) LIMIT 8   [ RunTime:0.0021s ]
NOTIC: [8] Undefined variable: qinzi_id /var/www/web/test/App/Home/Controller/IndexController.class.php 第 88 行.
SQL: SELECT * FROM `liveb` WHERE `name` <> '推荐' AND `cate_id` IN ('','18','19','20','40','41','42','43','44') LIMIT 8   [ RunTime:0.0022s ]
SQL: SELECT * FROM `category` WHERE ( pid=3 ) LIMIT 8   [ RunTime:0.0021s ]
NOTIC: [8] Undefined variable: bangong_id /var/www/web/test/App/Home/Controller/IndexController.class.php 第 97 行.
SQL: SELECT * FROM `liveb` WHERE `name` <> '推荐' AND `cate_id` IN ('','15','16','17','26','27','28','36','37') LIMIT 8   [ RunTime:0.0022s ]
SQL: SELECT * FROM `category` WHERE ( pid=5 ) LIMIT 8   [ RunTime:0.0021s ]
NOTIC: [8] Undefined variable: zhiye_id /var/www/web/test/App/Home/Controller/IndexController.class.php 第 106 行.
SQL: SELECT * FROM `liveb` WHERE `name` <> '推荐' AND `cate_id` IN ('','47','48','49','50','51','52','53','54') LIMIT 8   [ RunTime:0.0022s ]
SQL: SELECT * FROM `category` WHERE ( pid=14 ) LIMIT 8   [ RunTime:0.0021s ]
NOTIC: [8] Undefined variable: chanpin_id /var/www/web/test/App/Home/Controller/IndexController.class.php 第 115 行.
SQL: SELECT * FROM `liveb` WHERE `name` <> '推荐' AND `cate_id` IN ('','57','58','59','60','61','62','63','64') LIMIT 8   [ RunTime:0.0022s ]
INFO: [ view_parse ] --START--
INFO: [ template_filter ] --START--
INFO: Run Behavior\ContentReplaceBehavior [ RunTime:0.000085s ]
INFO: [ template_filter ] --END-- [ RunTime:0.000129s ]
NOTIC: [8] Undefined variable: dian /var/www/web/test/App/Runtime/Cache/Home/00e52909bed743ea261af4b6823297ff.php 第 36 行.
NOTIC: [8] Undefined index: H_user_id /var/www/web/test/App/Runtime/Cache/Home/00e52909bed743ea261af4b6823297ff.php 第 41 行.
NOTIC: [8] Undefined index: H_user_id /var/www/web/test/App/Runtime/Cache/Home/00e52909bed743ea261af4b6823297ff.php 第 62 行.
NOTIC: [8] Undefined index: H_user_id /var/www/web/test/App/Runtime/Cache/Home/00e52909bed743ea261af4b6823297ff.php 第 63 行.
NOTIC: [8] Undefined index: H_user_id /var/www/web/test/App/Runtime/Cache/Home/00e52909bed743ea261af4b6823297ff.php 第 72 行.
NOTIC: [8] Undefined variable: advert_img /var/www/web/test/App/Runtime/Cache/Home/00e52909bed743ea261af4b6823297ff.php 第 233 行.
INFO: Run Behavior\ParseTemplateBehavior [ RunTime:0.028492s ]
INFO: [ view_parse ] --END-- [ RunTime:0.028541s ]
INFO: [ view_filter ] --START--
INFO: Run Behavior\WriteHtmlCacheBehavior [ RunTime:0.000111s ]
INFO: [ view_filter ] --END-- [ RunTime:0.000144s ]
INFO: [ app_end ] --START--
INFO: Run Behavior\ShowPageTraceBehavior [ RunTime:0.000356s ]
INFO: [ app_end ] --END-- [ RunTime:0.000404s ]

[ 2018-02-19T18:52:15+08:00 ] 116.12.202.248 /
INFO: [ app_init ] --START--
INFO: Run Behavior\BuildLiteBehavior [ RunTime:0.000014s ]
INFO: [ app_init ] --END-- [ RunTime:0.000219s ]
INFO: [ app_begin ] --START--
INFO: Run Behavior\ReadHtmlCacheBehavior [ RunTime:0.000289s ]
INFO: [ app_begin ] --END-- [ RunTime:0.000335s ]
NOTIC: [8] Undefined index: H_user_id /var/www/web/test/App/Home/Controller/IndexController.class.php 第 17 行.
SQL: SHOW COLUMNS FROM `lunbo` [ RunTime:0.0030s ]
SQL: SELECT * FROM `lunbo` WHERE ( pc=1 ) ORDER BY num desc LIMIT 4   [ RunTime:0.0022s ]
SQL: SHOW COLUMNS FROM `category` [ RunTime:0.0027s ]
SQL: SELECT * FROM `category` WHERE `pid` = 0 AND `name` <> '推荐' LIMIT 5   [ RunTime:0.0021s ]
SQL: SELECT * FROM `category` WHERE ( pid=2 ) LIMIT 3   [ RunTime:0.0021s ]
SQL: SELECT * FROM `category` WHERE ( pid=2 )  [ RunTime:0.0020s ]
SQL: SHOW COLUMNS FROM `liveb` [ RunTime:0.0028s ]
SQL: SELECT * FROM `liveb` WHERE ( cate_id=2 ) LIMIT 4   [ RunTime:0.0022s ]
SQL: SELECT * FROM `category` WHERE ( pid=3 ) LIMIT 3   [ RunTime:0.0020s ]
SQL: SELECT * FROM `category` WHERE ( pid=3 )  [ RunTime:0.0021s ]
SQL: SELECT * FROM `liveb` WHERE ( cate_id=3 ) LIMIT 4   [ RunTime:0.0021s ]
SQL: SELECT * FROM `category` WHERE ( pid=4 ) LIMIT 3   [ RunTime:0.0020s ]
SQL: SELECT * FROM `category` WHERE ( pid=4 )  [ RunTime:0.0020s ]
SQL: SELECT * FROM `liveb` WHERE ( cate_id=4 ) LIMIT 4   [ RunTime:0.0027s ]
SQL: SELECT * FROM `category` WHERE ( pid=5 ) LIMIT 3   [ RunTime:0.0021s ]
SQL: SELECT * FROM `category` WHERE ( pid=5 )  [ RunTime:0.0024s ]
SQL: SELECT * FROM `liveb` WHERE ( cate_id=5 ) LIMIT 4   [ RunTime:0.0022s ]
SQL: SELECT * FROM `category` WHERE ( pid=14 ) LIMIT 3   [ RunTime:0.0020s ]
SQL: SELECT * FROM `category` WHERE ( pid=14 )  [ RunTime:0.0021s ]
SQL: SELECT * FROM `liveb` WHERE ( cate_id=14 ) LIMIT 4   [ RunTime:0.0021s ]
SQL: SELECT * FROM `liveb` WHERE ( recommend=1 ) LIMIT 5   [ RunTime:0.0021s ]
SQL: SELECT * FROM `category` WHERE ( pid=2 ) LIMIT 8   [ RunTime:0.0020s ]
NOTIC: [8] Undefined variable: yuyan_id /var/www/web/test/App/Home/Controller/IndexController.class.php 第 79 行.
SQL: SELECT * FROM `liveb` WHERE `name` <> '推荐' AND `cate_id` IN ('','6','7','8','9','10','11','12','13') LIMIT 8   [ RunTime:0.0021s ]
SQL: SELECT * FROM `category` WHERE ( pid=4 ) LIMIT 8   [ RunTime:0.0020s ]
NOTIC: [8] Undefined variable: qinzi_id /var/www/web/test/App/Home/Controller/IndexController.class.php 第 88 行.
SQL: SELECT * FROM `liveb` WHERE `name` <> '推荐' AND `cate_id` IN ('','18','19','20','40','41','42','43','44') LIMIT 8   [ RunTime:0.0022s ]
SQL: SELECT * FROM `category` WHERE ( pid=3 ) LIMIT 8   [ RunTime:0.0021s ]
NOTIC: [8] Undefined variable: bangong_id /var/www/web/test/App/Home/Controller/IndexController.class.php 第 97 行.
SQL: SELECT * FROM `liveb` WHERE `name` <> '推荐' AND `cate_id` IN ('','15','16','17','26','27','28','36','37') LIMIT 8   [ RunTime:0.0022s ]
SQL: SELECT * FROM `category` WHERE ( pid=5 ) LIMIT 8   [ RunTime:0.0020s ]
NOTIC: [8] Undefined variable: zhiye_id /var/www/web/test/App/Home/Controller/IndexController.class.php 第 106 行.
SQL: SELECT * FROM `liveb` WHERE `name` <> '推荐' AND `cate_id` IN ('','47','48','49','50','51','52','53','54') LIMIT 8   [ RunTime:0.0021s ]
SQL: SELECT * FROM `category` WHERE ( pid=14 ) LIMIT 8   [ RunTime:0.0020s ]
NOTIC: [8] Undefined variable: chanpin_id /var/www/web/test/App/Home/Controller/IndexController.class.php 第 115 行.
SQL: SELECT * FROM `liveb` WHERE `name` <> '推荐' AND `cate_id` IN ('','57','58','59','60','61','62','63','64') LIMIT 8   [ RunTime:0.0021s ]
INFO: [ view_parse ] --START--
INFO: [ template_filter ] --START--
INFO: Run Behavior\ContentReplaceBehavior [ RunTime:0.000075s ]
INFO: [ template_filter ] --END-- [ RunTime:0.000126s ]
NOTIC: [8] Undefined variable: dian /var/www/web/test/App/Runtime/Cache/Home/00e52909bed743ea261af4b6823297ff.php 第 36 行.
NOTIC: [8] Undefined index: H_user_id /var/www/web/test/App/Runtime/Cache/Home/00e52909bed743ea261af4b6823297ff.php 第 41 行.
NOTIC: [8] Undefined index: H_user_id /var/www/web/test/App/Runtime/Cache/Home/00e52909bed743ea261af4b6823297ff.php 第 62 行.
NOTIC: [8] Undefined index: H_user_id /var/www/web/test/App/Runtime/Cache/Home/00e52909bed743ea261af4b6823297ff.php 第 63 行.
NOTIC: [8] Undefined index: H_user_id /var/www/web/test/App/Runtime/Cache/Home/00e52909bed743ea261af4b6823297ff.php 第 72 行.
NOTIC: [8] Undefined variable: advert_img /var/www/web/test/App/Runtime/Cache/Home/00e52909bed743ea261af4b6823297ff.php 第 233 行.
INFO: Run Behavior\ParseTemplateBehavior [ RunTime:0.027497s ]
INFO: [ view_parse ] --END-- [ RunTime:0.027546s ]
INFO: [ view_filter ] --START--
INFO: Run Behavior\WriteHtmlCacheBehavior [ RunTime:0.000121s ]
INFO: [ view_filter ] --END-- [ RunTime:0.000154s ]
INFO: [ app_end ] --START--
INFO: Run Behavior\ShowPageTraceBehavior [ RunTime:0.000484s ]
INFO: [ app_end ] --END-- [ RunTime:0.000559s ]

[ 2018-02-19T20:32:31+08:00 ] 123.125.71.116 /Home/courses/lei/id/50.html
INFO: [ app_init ] --START--
INFO: Run Behavior\BuildLiteBehavior [ RunTime:0.000012s ]
INFO: [ app_init ] --END-- [ RunTime:0.000212s ]
INFO: [ app_begin ] --START--
INFO: Run Behavior\ReadHtmlCacheBehavior [ RunTime:0.000289s ]
INFO: [ app_begin ] --END-- [ RunTime:0.000331s ]
NOTIC: [2048] Declaration of Home\Controller\CoursesController::show() should be compatible with that of Think\Controller::show() /var/www/web/test/App/Home/Controller/CoursesController.class.php 第 6 行.

[ 2018-02-19T20:32:32+08:00 ] 123.125.71.112 /Home/Login/index.html
INFO: [ app_init ] --START--
INFO: Run Behavior\BuildLiteBehavior [ RunTime:0.000013s ]
INFO: [ app_init ] --END-- [ RunTime:0.000227s ]
INFO: [ app_begin ] --START--
INFO: Run Behavior\ReadHtmlCacheBehavior [ RunTime:0.000302s ]
INFO: [ app_begin ] --END-- [ RunTime:0.000348s ]
INFO: [ view_parse ] --START--
INFO: [ template_filter ] --START--
INFO: Run Behavior\ContentReplaceBehavior [ RunTime:0.000065s ]
INFO: [ template_filter ] --END-- [ RunTime:0.000114s ]
INFO: Run Behavior\ParseTemplateBehavior [ RunTime:0.006916s ]
INFO: [ view_parse ] --END-- [ RunTime:0.006961s ]
INFO: [ view_filter ] --START--
INFO: Run Behavior\WriteHtmlCacheBehavior [ RunTime:0.000094s ]
INFO: [ view_filter ] --END-- [ RunTime:0.000140s ]
INFO: [ app_end ] --START--
INFO: Run Behavior\ShowPageTraceBehavior [ RunTime:0.000289s ]
INFO: [ app_end ] --END-- [ RunTime:0.000326s ]

[ 2018-02-19T21:21:56+08:00 ] 140.205.201.43 /
INFO: [ app_init ] --START--
INFO: Run Behavior\BuildLiteBehavior [ RunTime:0.000012s ]
INFO: [ app_init ] --END-- [ RunTime:0.000218s ]
INFO: [ app_begin ] --START--
INFO: Run Behavior\ReadHtmlCacheBehavior [ RunTime:0.000263s ]
INFO: [ app_begin ] --END-- [ RunTime:0.000319s ]
NOTIC: [8] Undefined index: H_user_id /var/www/web/test/App/Home/Controller/IndexController.class.php 第 17 行.
SQL: SHOW COLUMNS FROM `lunbo` [ RunTime:0.0030s ]
SQL: SELECT * FROM `lunbo` WHERE ( pc=1 ) ORDER BY num desc LIMIT 4   [ RunTime:0.0022s ]
SQL: SHOW COLUMNS FROM `category` [ RunTime:0.0027s ]
SQL: SELECT * FROM `category` WHERE `pid` = 0 AND `name` <> '推荐' LIMIT 5   [ RunTime:0.0021s ]
SQL: SELECT * FROM `category` WHERE ( pid=2 ) LIMIT 3   [ RunTime:0.0020s ]
SQL: SELECT * FROM `category` WHERE ( pid=2 )  [ RunTime:0.0021s ]
SQL: SHOW COLUMNS FROM `liveb` [ RunTime:0.0027s ]
SQL: SELECT * FROM `liveb` WHERE ( cate_id=2 ) LIMIT 4   [ RunTime:0.0021s ]
SQL: SELECT * FROM `category` WHERE ( pid=3 ) LIMIT 3   [ RunTime:0.0020s ]
SQL: SELECT * FROM `category` WHERE ( pid=3 )  [ RunTime:0.0021s ]
SQL: SELECT * FROM `liveb` WHERE ( cate_id=3 ) LIMIT 4   [ RunTime:0.0021s ]
SQL: SELECT * FROM `category` WHERE ( pid=4 ) LIMIT 3   [ RunTime:0.0021s ]
SQL: SELECT * FROM `category` WHERE ( pid=4 )  [ RunTime:0.0021s ]
SQL: SELECT * FROM `liveb` WHERE ( cate_id=4 ) LIMIT 4   [ RunTime:0.0021s ]
SQL: SELECT * FROM `category` WHERE ( pid=5 ) LIMIT 3   [ RunTime:0.0020s ]
SQL: SELECT * FROM `category` WHERE ( pid=5 )  [ RunTime:0.0021s ]
SQL: SELECT * FROM `liveb` WHERE ( cate_id=5 ) LIMIT 4   [ RunTime:0.0021s ]
SQL: SELECT * FROM `category` WHERE ( pid=14 ) LIMIT 3   [ RunTime:0.0021s ]
SQL: SELECT * FROM `category` WHERE ( pid=14 )  [ RunTime:0.0020s ]
SQL: SELECT * FROM `liveb` WHERE ( cate_id=14 ) LIMIT 4   [ RunTime:0.0021s ]
SQL: SELECT * FROM `liveb` WHERE ( recommend=1 ) LIMIT 5   [ RunTime:0.0021s ]
SQL: SELECT * FROM `category` WHERE ( pid=2 ) LIMIT 8   [ RunTime:0.0020s ]
NOTIC: [8] Undefined variable: yuyan_id /var/www/web/test/App/Home/Controller/IndexController.class.php 第 79 行.
SQL: SELECT * FROM `liveb` WHERE `name` <> '推荐' AND `cate_id` IN ('','6','7','8','9','10','11','12','13') LIMIT 8   [ RunTime:0.0021s ]
SQL: SELECT * FROM `category` WHERE ( pid=4 ) LIMIT 8   [ RunTime:0.0020s ]
NOTIC: [8] Undefined variable: qinzi_id /var/www/web/test/App/Home/Controller/IndexController.class.php 第 88 行.
SQL: SELECT * FROM `liveb` WHERE `name` <> '推荐' AND `cate_id` IN ('','18','19','20','40','41','42','43','44') LIMIT 8   [ RunTime:0.0022s ]
SQL: SELECT * FROM `category` WHERE ( pid=3 ) LIMIT 8   [ RunTime:0.0020s ]
NOTIC: [8] Undefined variable: bangong_id /var/www/web/test/App/Home/Controller/IndexController.class.php 第 97 行.
SQL: SELECT * FROM `liveb` WHERE `name` <> '推荐' AND `cate_id` IN ('','15','16','17','26','27','28','36','37') LIMIT 8   [ RunTime:0.0022s ]
SQL: SELECT * FROM `category` WHERE ( pid=5 ) LIMIT 8   [ RunTime:0.0021s ]
NOTIC: [8] Undefined variable: zhiye_id /var/www/web/test/App/Home/Controller/IndexController.class.php 第 106 行.
SQL: SELECT * FROM `liveb` WHERE `name` <> '推荐' AND `cate_id` IN ('','47','48','49','50','51','52','53','54') LIMIT 8   [ RunTime:0.0022s ]
SQL: SELECT * FROM `category` WHERE ( pid=14 ) LIMIT 8   [ RunTime:0.0020s ]
NOTIC: [8] Undefined variable: chanpin_id /var/www/web/test/App/Home/Controller/IndexController.class.php 第 115 行.
SQL: SELECT * FROM `liveb` WHERE `name` <> '推荐' AND `cate_id` IN ('','57','58','59','60','61','62','63','64') LIMIT 8   [ RunTime:0.0021s ]
INFO: [ view_parse ] --START--
INFO: [ template_filter ] --START--
INFO: Run Behavior\ContentReplaceBehavior [ RunTime:0.000073s ]
INFO: [ template_filter ] --END-- [ RunTime:0.000120s ]
NOTIC: [8] Undefined variable: dian /var/www/web/test/App/Runtime/Cache/Home/00e52909bed743ea261af4b6823297ff.php 第 36 行.
NOTIC: [8] Undefined index: H_user_id /var/www/web/test/App/Runtime/Cache/Home/00e52909bed743ea261af4b6823297ff.php 第 41 行.
NOTIC: [8] Undefined index: H_user_id /var/www/web/test/App/Runtime/Cache/Home/00e52909bed743ea261af4b6823297ff.php 第 62 行.
NOTIC: [8] Undefined index: H_user_id /var/www/web/test/App/Runtime/Cache/Home/00e52909bed743ea261af4b6823297ff.php 第 63 行.
NOTIC: [8] Undefined index: H_user_id /var/www/web/test/App/Runtime/Cache/Home/00e52909bed743ea261af4b6823297ff.php 第 72 行.
NOTIC: [8] Undefined variable: advert_img /var/www/web/test/App/Runtime/Cache/Home/00e52909bed743ea261af4b6823297ff.php 第 233 行.
INFO: Run Behavior\ParseTemplateBehavior [ RunTime:0.027494s ]
INFO: [ view_parse ] --END-- [ RunTime:0.027576s ]
INFO: [ view_filter ] --START--
INFO: Run Behavior\WriteHtmlCacheBehavior [ RunTime:0.000125s ]
INFO: [ view_filter ] --END-- [ RunTime:0.000167s ]
INFO: [ app_end ] --START--
INFO: Run Behavior\ShowPageTraceBehavior [ RunTime:0.000414s ]
INFO: [ app_end ] --END-- [ RunTime:0.000463s ]

[ 2018-02-19T21:39:12+08:00 ] 220.181.108.165 /Home/courses/baoming/pid/19.html
INFO: [ app_init ] --START--
INFO: Run Behavior\BuildLiteBehavior [ RunTime:0.000016s ]
INFO: [ app_init ] --END-- [ RunTime:0.000251s ]
INFO: [ app_begin ] --START--
INFO: Run Behavior\ReadHtmlCacheBehavior [ RunTime:0.000363s ]
INFO: [ app_begin ] --END-- [ RunTime:0.000433s ]
NOTIC: [2048] Declaration of Home\Controller\CoursesController::show() should be compatible with that of Think\Controller::show() /var/www/web/test/App/Home/Controller/CoursesController.class.php 第 6 行.

[ 2018-02-19T21:39:12+08:00 ] 123.125.71.87 /Home/Login/index.html
INFO: [ app_init ] --START--
INFO: Run Behavior\BuildLiteBehavior [ RunTime:0.000012s ]
INFO: [ app_init ] --END-- [ RunTime:0.000214s ]
INFO: [ app_begin ] --START--
INFO: Run Behavior\ReadHtmlCacheBehavior [ RunTime:0.000347s ]
INFO: [ app_begin ] --END-- [ RunTime:0.000394s ]
INFO: [ view_parse ] --START--
INFO: [ template_filter ] --START--
INFO: Run Behavior\ContentReplaceBehavior [ RunTime:0.000045s ]
INFO: [ template_filter ] --END-- [ RunTime:0.000093s ]
INFO: Run Behavior\ParseTemplateBehavior [ RunTime:0.006762s ]
INFO: [ view_parse ] --END-- [ RunTime:0.006808s ]
INFO: [ view_filter ] --START--
INFO: Run Behavior\WriteHtmlCacheBehavior [ RunTime:0.000095s ]
INFO: [ view_filter ] --END-- [ RunTime:0.000130s ]
INFO: [ app_end ] --START--
INFO: Run Behavior\ShowPageTraceBehavior [ RunTime:0.000288s ]
INFO: [ app_end ] --END-- [ RunTime:0.000327s ]

[ 2018-02-19T22:12:31+08:00 ] 220.181.108.174 /Home/courses/lei/id/59.html
INFO: [ app_init ] --START--
INFO: Run Behavior\BuildLiteBehavior [ RunTime:0.000014s ]
INFO: [ app_init ] --END-- [ RunTime:0.000251s ]
INFO: [ app_begin ] --START--
INFO: Run Behavior\ReadHtmlCacheBehavior [ RunTime:0.000351s ]
INFO: [ app_begin ] --END-- [ RunTime:0.000399s ]
NOTIC: [2048] Declaration of Home\Controller\CoursesController::show() should be compatible with that of Think\Controller::show() /var/www/web/test/App/Home/Controller/CoursesController.class.php 第 6 行.

[ 2018-02-19T22:12:32+08:00 ] 220.181.108.79 /Home/Login/index.html
INFO: [ app_init ] --START--
INFO: Run Behavior\BuildLiteBehavior [ RunTime:0.000013s ]
INFO: [ app_init ] --END-- [ RunTime:0.000219s ]
INFO: [ app_begin ] --START--
INFO: Run Behavior\ReadHtmlCacheBehavior [ RunTime:0.000316s ]
INFO: [ app_begin ] --END-- [ RunTime:0.000369s ]
INFO: [ view_parse ] --START--
INFO: [ template_filter ] --START--
INFO: Run Behavior\ContentReplaceBehavior [ RunTime:0.000047s ]
INFO: [ template_filter ] --END-- [ RunTime:0.000092s ]
INFO: Run Behavior\ParseTemplateBehavior [ RunTime:0.006758s ]
INFO: [ view_parse ] --END-- [ RunTime:0.006826s ]
INFO: [ view_filter ] --START--
INFO: Run Behavior\WriteHtmlCacheBehavior [ RunTime:0.000117s ]
INFO: [ view_filter ] --END-- [ RunTime:0.000203s ]
INFO: [ app_end ] --START--
INFO: Run Behavior\ShowPageTraceBehavior [ RunTime:0.000289s ]
INFO: [ app_end ] --END-- [ RunTime:0.000326s ]

[ 2018-02-19T23:19:11+08:00 ] 123.125.71.55 /Home/courses/lei/id/64.html
INFO: [ app_init ] --START--
INFO: Run Behavior\BuildLiteBehavior [ RunTime:0.000014s ]
INFO: [ app_init ] --END-- [ RunTime:0.000257s ]
INFO: [ app_begin ] --START--
INFO: Run Behavior\ReadHtmlCacheBehavior [ RunTime:0.000304s ]
INFO: [ app_begin ] --END-- [ RunTime:0.000367s ]
NOTIC: [2048] Declaration of Home\Controller\CoursesController::show() should be compatible with that of Think\Controller::show() /var/www/web/test/App/Home/Controller/CoursesController.class.php 第 6 行.

[ 2018-02-19T23:19:12+08:00 ] 123.125.71.71 /Home/Login/index.html
INFO: [ app_init ] --START--
INFO: Run Behavior\BuildLiteBehavior [ RunTime:0.000013s ]
INFO: [ app_init ] --END-- [ RunTime:0.000214s ]
INFO: [ app_begin ] --START--
INFO: Run Behavior\ReadHtmlCacheBehavior [ RunTime:0.000276s ]
INFO: [ app_begin ] --END-- [ RunTime:0.000338s ]
INFO: [ view_parse ] --START--
INFO: [ template_filter ] --START--
INFO: Run Behavior\ContentReplaceBehavior [ RunTime:0.000045s ]
INFO: [ template_filter ] --END-- [ RunTime:0.000091s ]
INFO: Run Behavior\ParseTemplateBehavior [ RunTime:0.006681s ]
INFO: [ view_parse ] --END-- [ RunTime:0.006726s ]
INFO: [ view_filter ] --START--
INFO: Run Behavior\WriteHtmlCacheBehavior [ RunTime:0.000103s ]
INFO: [ view_filter ] --END-- [ RunTime:0.000142s ]
INFO: [ app_end ] --START--
INFO: Run Behavior\ShowPageTraceBehavior [ RunTime:0.000385s ]
INFO: [ app_end ] --END-- [ RunTime:0.000424s ]

