[ 2018-02-15T00:31:53+08:00 ] 106.15.52.246 /
INFO: [ app_init ] --START--
INFO: Run Behavior\BuildLiteBehavior [ RunTime:0.000012s ]
INFO: [ app_init ] --END-- [ RunTime:0.000222s ]
INFO: [ app_begin ] --START--
INFO: Run Behavior\ReadHtmlCacheBehavior [ RunTime:0.000333s ]
INFO: [ app_begin ] --END-- [ RunTime:0.000379s ]
NOTIC: [8] Undefined index: H_user_id /var/www/web/test/App/Home/Controller/IndexController.class.php 第 17 行.
SQL: SHOW COLUMNS FROM `lunbo` [ RunTime:0.0031s ]
SQL: SELECT * FROM `lunbo` WHERE ( pc=1 ) ORDER BY num desc LIMIT 4   [ RunTime:0.0022s ]
SQL: SHOW COLUMNS FROM `category` [ RunTime:0.0028s ]
SQL: SELECT * FROM `category` WHERE `pid` = 0 AND `name` <> '推荐' LIMIT 5   [ RunTime:0.0021s ]
SQL: SELECT * FROM `category` WHERE ( pid=2 ) LIMIT 3   [ RunTime:0.0022s ]
SQL: SELECT * FROM `category` WHERE ( pid=2 )  [ RunTime:0.0021s ]
SQL: SHOW COLUMNS FROM `liveb` [ RunTime:0.0029s ]
SQL: SELECT * FROM `liveb` WHERE ( cate_id=2 ) LIMIT 4   [ RunTime:0.0023s ]
SQL: SELECT * FROM `category` WHERE ( pid=3 ) LIMIT 3   [ RunTime:0.0083s ]
SQL: SELECT * FROM `category` WHERE ( pid=3 )  [ RunTime:0.0079s ]
SQL: SELECT * FROM `liveb` WHERE ( cate_id=3 ) LIMIT 4   [ RunTime:0.0079s ]
SQL: SELECT * FROM `category` WHERE ( pid=4 ) LIMIT 3   [ RunTime:0.0078s ]
SQL: SELECT * FROM `category` WHERE ( pid=4 )  [ RunTime:0.0079s ]
SQL: SELECT * FROM `liveb` WHERE ( cate_id=4 ) LIMIT 4   [ RunTime:0.0079s ]
SQL: SELECT * FROM `category` WHERE ( pid=5 ) LIMIT 3   [ RunTime:0.0078s ]
SQL: SELECT * FROM `category` WHERE ( pid=5 )  [ RunTime:0.0079s ]
SQL: SELECT * FROM `liveb` WHERE ( cate_id=5 ) LIMIT 4   [ RunTime:0.0031s ]
SQL: SELECT * FROM `category` WHERE ( pid=14 ) LIMIT 3   [ RunTime:0.0021s ]
SQL: SELECT * FROM `category` WHERE ( pid=14 )  [ RunTime:0.0021s ]
SQL: SELECT * FROM `liveb` WHERE ( cate_id=14 ) LIMIT 4   [ RunTime:0.0022s ]
SQL: SELECT * FROM `liveb` WHERE ( recommend=1 ) LIMIT 5   [ RunTime:0.0022s ]
SQL: SELECT * FROM `category` WHERE ( pid=2 ) LIMIT 8   [ RunTime:0.0021s ]
NOTIC: [8] Undefined variable: yuyan_id /var/www/web/test/App/Home/Controller/IndexController.class.php 第 79 行.
SQL: SELECT * FROM `liveb` WHERE `name` <> '推荐' AND `cate_id` IN ('','6','7','8','9','10','11','12','13') LIMIT 8   [ RunTime:0.0022s ]
SQL: SELECT * FROM `category` WHERE ( pid=4 ) LIMIT 8   [ RunTime:0.0021s ]
NOTIC: [8] Undefined variable: qinzi_id /var/www/web/test/App/Home/Controller/IndexController.class.php 第 88 行.
SQL: SELECT * FROM `liveb` WHERE `name` <> '推荐' AND `cate_id` IN ('','18','19','20','40','41','42','43','44') LIMIT 8   [ RunTime:0.0022s ]
SQL: SELECT * FROM `category` WHERE ( pid=3 ) LIMIT 8   [ RunTime:0.0021s ]
NOTIC: [8] Undefined variable: bangong_id /var/www/web/test/App/Home/Controller/IndexController.class.php 第 97 行.
SQL: SELECT * FROM `liveb` WHERE `name` <> '推荐' AND `cate_id` IN ('','15','16','17','26','27','28','36','37') LIMIT 8   [ RunTime:0.0022s ]
SQL: SELECT * FROM `category` WHERE ( pid=5 ) LIMIT 8   [ RunTime:0.0021s ]
NOTIC: [8] Undefined variable: zhiye_id /var/www/web/test/App/Home/Controller/IndexController.class.php 第 106 行.
SQL: SELECT * FROM `liveb` WHERE `name` <> '推荐' AND `cate_id` IN ('','47','48','49','50','51','52','53','54') LIMIT 8   [ RunTime:0.0022s ]
SQL: SELECT * FROM `category` WHERE ( pid=14 ) LIMIT 8   [ RunTime:0.0021s ]
NOTIC: [8] Undefined variable: chanpin_id /var/www/web/test/App/Home/Controller/IndexController.class.php 第 115 行.
SQL: SELECT * FROM `liveb` WHERE `name` <> '推荐' AND `cate_id` IN ('','57','58','59','60','61','62','63','64') LIMIT 8   [ RunTime:0.0022s ]
INFO: [ view_parse ] --START--
INFO: [ template_filter ] --START--
INFO: Run Behavior\ContentReplaceBehavior [ RunTime:0.000070s ]
INFO: [ template_filter ] --END-- [ RunTime:0.000129s ]
NOTIC: [8] Undefined variable: dian /var/www/web/test/App/Runtime/Cache/Home/00e52909bed743ea261af4b6823297ff.php 第 36 行.
NOTIC: [8] Undefined index: H_user_id /var/www/web/test/App/Runtime/Cache/Home/00e52909bed743ea261af4b6823297ff.php 第 41 行.
NOTIC: [8] Undefined index: H_user_id /var/www/web/test/App/Runtime/Cache/Home/00e52909bed743ea261af4b6823297ff.php 第 62 行.
NOTIC: [8] Undefined index: H_user_id /var/www/web/test/App/Runtime/Cache/Home/00e52909bed743ea261af4b6823297ff.php 第 63 行.
NOTIC: [8] Undefined index: H_user_id /var/www/web/test/App/Runtime/Cache/Home/00e52909bed743ea261af4b6823297ff.php 第 72 行.
NOTIC: [8] Undefined variable: advert_img /var/www/web/test/App/Runtime/Cache/Home/00e52909bed743ea261af4b6823297ff.php 第 233 行.
INFO: Run Behavior\ParseTemplateBehavior [ RunTime:0.028442s ]
INFO: [ view_parse ] --END-- [ RunTime:0.028488s ]
INFO: [ view_filter ] --START--
INFO: Run Behavior\WriteHtmlCacheBehavior [ RunTime:0.000095s ]
INFO: [ view_filter ] --END-- [ RunTime:0.000129s ]
INFO: [ app_end ] --START--
INFO: Run Behavior\ShowPageTraceBehavior [ RunTime:0.000305s ]
INFO: [ app_end ] --END-- [ RunTime:0.000350s ]

[ 2018-02-15T04:06:54+08:00 ] 106.11.226.156 /
INFO: [ app_init ] --START--
INFO: Run Behavior\BuildLiteBehavior [ RunTime:0.000017s ]
INFO: [ app_init ] --END-- [ RunTime:0.000263s ]
INFO: [ app_begin ] --START--
INFO: Run Behavior\ReadHtmlCacheBehavior [ RunTime:0.000272s ]
INFO: [ app_begin ] --END-- [ RunTime:0.000336s ]
NOTIC: [8] Undefined index: H_user_id /var/www/web/test/App/Home/Controller/IndexController.class.php 第 17 行.
SQL: SHOW COLUMNS FROM `lunbo` [ RunTime:0.0031s ]
SQL: SELECT * FROM `lunbo` WHERE ( pc=1 ) ORDER BY num desc LIMIT 4   [ RunTime:0.0022s ]
SQL: SHOW COLUMNS FROM `category` [ RunTime:0.0029s ]
SQL: SELECT * FROM `category` WHERE `pid` = 0 AND `name` <> '推荐' LIMIT 5   [ RunTime:0.0022s ]
SQL: SELECT * FROM `category` WHERE ( pid=2 ) LIMIT 3   [ RunTime:0.0021s ]
SQL: SELECT * FROM `category` WHERE ( pid=2 )  [ RunTime:0.0022s ]
SQL: SHOW COLUMNS FROM `liveb` [ RunTime:0.0028s ]
SQL: SELECT * FROM `liveb` WHERE ( cate_id=2 ) LIMIT 4   [ RunTime:0.0022s ]
SQL: SELECT * FROM `category` WHERE ( pid=3 ) LIMIT 3   [ RunTime:0.0021s ]
SQL: SELECT * FROM `category` WHERE ( pid=3 )  [ RunTime:0.0021s ]
SQL: SELECT * FROM `liveb` WHERE ( cate_id=3 ) LIMIT 4   [ RunTime:0.0022s ]
SQL: SELECT * FROM `category` WHERE ( pid=4 ) LIMIT 3   [ RunTime:0.0021s ]
SQL: SELECT * FROM `category` WHERE ( pid=4 )  [ RunTime:0.0021s ]
SQL: SELECT * FROM `liveb` WHERE ( cate_id=4 ) LIMIT 4   [ RunTime:0.0022s ]
SQL: SELECT * FROM `category` WHERE ( pid=5 ) LIMIT 3   [ RunTime:0.0021s ]
SQL: SELECT * FROM `category` WHERE ( pid=5 )  [ RunTime:0.0021s ]
SQL: SELECT * FROM `liveb` WHERE ( cate_id=5 ) LIMIT 4   [ RunTime:0.0022s ]
SQL: SELECT * FROM `category` WHERE ( pid=14 ) LIMIT 3   [ RunTime:0.0021s ]
SQL: SELECT * FROM `category` WHERE ( pid=14 )  [ RunTime:0.0022s ]
SQL: SELECT * FROM `liveb` WHERE ( cate_id=14 ) LIMIT 4   [ RunTime:0.0022s ]
SQL: SELECT * FROM `liveb` WHERE ( recommend=1 ) LIMIT 5   [ RunTime:0.0022s ]
SQL: SELECT * FROM `category` WHERE ( pid=2 ) LIMIT 8   [ RunTime:0.0021s ]
NOTIC: [8] Undefined variable: yuyan_id /var/www/web/test/App/Home/Controller/IndexController.class.php 第 79 行.
SQL: SELECT * FROM `liveb` WHERE `name` <> '推荐' AND `cate_id` IN ('','6','7','8','9','10','11','12','13') LIMIT 8   [ RunTime:0.0022s ]
SQL: SELECT * FROM `category` WHERE ( pid=4 ) LIMIT 8   [ RunTime:0.0021s ]
NOTIC: [8] Undefined variable: qinzi_id /var/www/web/test/App/Home/Controller/IndexController.class.php 第 88 行.
SQL: SELECT * FROM `liveb` WHERE `name` <> '推荐' AND `cate_id` IN ('','18','19','20','40','41','42','43','44') LIMIT 8   [ RunTime:0.0022s ]
SQL: SELECT * FROM `category` WHERE ( pid=3 ) LIMIT 8   [ RunTime:0.0021s ]
NOTIC: [8] Undefined variable: bangong_id /var/www/web/test/App/Home/Controller/IndexController.class.php 第 97 行.
SQL: SELECT * FROM `liveb` WHERE `name` <> '推荐' AND `cate_id` IN ('','15','16','17','26','27','28','36','37') LIMIT 8   [ RunTime:0.0022s ]
SQL: SELECT * FROM `category` WHERE ( pid=5 ) LIMIT 8   [ RunTime:0.0021s ]
NOTIC: [8] Undefined variable: zhiye_id /var/www/web/test/App/Home/Controller/IndexController.class.php 第 106 行.
SQL: SELECT * FROM `liveb` WHERE `name` <> '推荐' AND `cate_id` IN ('','47','48','49','50','51','52','53','54') LIMIT 8   [ RunTime:0.0022s ]
SQL: SELECT * FROM `category` WHERE ( pid=14 ) LIMIT 8   [ RunTime:0.0021s ]
NOTIC: [8] Undefined variable: chanpin_id /var/www/web/test/App/Home/Controller/IndexController.class.php 第 115 行.
SQL: SELECT * FROM `liveb` WHERE `name` <> '推荐' AND `cate_id` IN ('','57','58','59','60','61','62','63','64') LIMIT 8   [ RunTime:0.0022s ]
INFO: [ view_parse ] --START--
INFO: [ template_filter ] --START--
INFO: Run Behavior\ContentReplaceBehavior [ RunTime:0.000093s ]
INFO: [ template_filter ] --END-- [ RunTime:0.000137s ]
NOTIC: [8] Undefined variable: dian /var/www/web/test/App/Runtime/Cache/Home/00e52909bed743ea261af4b6823297ff.php 第 36 行.
NOTIC: [8] Undefined index: H_user_id /var/www/web/test/App/Runtime/Cache/Home/00e52909bed743ea261af4b6823297ff.php 第 41 行.
NOTIC: [8] Undefined index: H_user_id /var/www/web/test/App/Runtime/Cache/Home/00e52909bed743ea261af4b6823297ff.php 第 62 行.
NOTIC: [8] Undefined index: H_user_id /var/www/web/test/App/Runtime/Cache/Home/00e52909bed743ea261af4b6823297ff.php 第 63 行.
NOTIC: [8] Undefined index: H_user_id /var/www/web/test/App/Runtime/Cache/Home/00e52909bed743ea261af4b6823297ff.php 第 72 行.
NOTIC: [8] Undefined variable: advert_img /var/www/web/test/App/Runtime/Cache/Home/00e52909bed743ea261af4b6823297ff.php 第 233 行.
INFO: Run Behavior\ParseTemplateBehavior [ RunTime:0.027757s ]
INFO: [ view_parse ] --END-- [ RunTime:0.027801s ]
INFO: [ view_filter ] --START--
INFO: Run Behavior\WriteHtmlCacheBehavior [ RunTime:0.000093s ]
INFO: [ view_filter ] --END-- [ RunTime:0.000127s ]
INFO: [ app_end ] --START--
INFO: Run Behavior\ShowPageTraceBehavior [ RunTime:0.000310s ]
INFO: [ app_end ] --END-- [ RunTime:0.000352s ]

[ 2018-02-15T04:21:02+08:00 ] 39.104.29.35 /
INFO: [ app_init ] --START--
INFO: Run Behavior\BuildLiteBehavior [ RunTime:0.000011s ]
INFO: [ app_init ] --END-- [ RunTime:0.000218s ]
INFO: [ app_begin ] --START--
INFO: Run Behavior\ReadHtmlCacheBehavior [ RunTime:0.000299s ]
INFO: [ app_begin ] --END-- [ RunTime:0.000343s ]
NOTIC: [8] Undefined index: H_user_id /var/www/web/test/App/Home/Controller/IndexController.class.php 第 17 行.
SQL: SHOW COLUMNS FROM `lunbo` [ RunTime:0.0030s ]
SQL: SELECT * FROM `lunbo` WHERE ( pc=1 ) ORDER BY num desc LIMIT 4   [ RunTime:0.0021s ]
SQL: SHOW COLUMNS FROM `category` [ RunTime:0.0028s ]
SQL: SELECT * FROM `category` WHERE `pid` = 0 AND `name` <> '推荐' LIMIT 5   [ RunTime:0.0067s ]
SQL: SELECT * FROM `category` WHERE ( pid=2 ) LIMIT 3   [ RunTime:0.0150s ]
SQL: SELECT * FROM `category` WHERE ( pid=2 )  [ RunTime:0.0159s ]
SQL: SHOW COLUMNS FROM `liveb` [ RunTime:0.0159s ]
SQL: SELECT * FROM `liveb` WHERE ( cate_id=2 ) LIMIT 4   [ RunTime:0.0088s ]
SQL: SELECT * FROM `category` WHERE ( pid=3 ) LIMIT 3   [ RunTime:0.0059s ]
SQL: SELECT * FROM `category` WHERE ( pid=3 )  [ RunTime:0.0021s ]
SQL: SELECT * FROM `liveb` WHERE ( cate_id=3 ) LIMIT 4   [ RunTime:0.0022s ]
SQL: SELECT * FROM `category` WHERE ( pid=4 ) LIMIT 3   [ RunTime:0.0021s ]
SQL: SELECT * FROM `category` WHERE ( pid=4 )  [ RunTime:0.0021s ]
SQL: SELECT * FROM `liveb` WHERE ( cate_id=4 ) LIMIT 4   [ RunTime:0.0021s ]
SQL: SELECT * FROM `category` WHERE ( pid=5 ) LIMIT 3   [ RunTime:0.0021s ]
SQL: SELECT * FROM `category` WHERE ( pid=5 )  [ RunTime:0.0021s ]
SQL: SELECT * FROM `liveb` WHERE ( cate_id=5 ) LIMIT 4   [ RunTime:0.0021s ]
SQL: SELECT * FROM `category` WHERE ( pid=14 ) LIMIT 3   [ RunTime:0.0021s ]
SQL: SELECT * FROM `category` WHERE ( pid=14 )  [ RunTime:0.0021s ]
SQL: SELECT * FROM `liveb` WHERE ( cate_id=14 ) LIMIT 4   [ RunTime:0.0022s ]
SQL: SELECT * FROM `liveb` WHERE ( recommend=1 ) LIMIT 5   [ RunTime:0.0021s ]
SQL: SELECT * FROM `category` WHERE ( pid=2 ) LIMIT 8   [ RunTime:0.0021s ]
NOTIC: [8] Undefined variable: yuyan_id /var/www/web/test/App/Home/Controller/IndexController.class.php 第 79 行.
SQL: SELECT * FROM `liveb` WHERE `name` <> '推荐' AND `cate_id` IN ('','6','7','8','9','10','11','12','13') LIMIT 8   [ RunTime:0.0022s ]
SQL: SELECT * FROM `category` WHERE ( pid=4 ) LIMIT 8   [ RunTime:0.0022s ]
NOTIC: [8] Undefined variable: qinzi_id /var/www/web/test/App/Home/Controller/IndexController.class.php 第 88 行.
SQL: SELECT * FROM `liveb` WHERE `name` <> '推荐' AND `cate_id` IN ('','18','19','20','40','41','42','43','44') LIMIT 8   [ RunTime:0.0022s ]
SQL: SELECT * FROM `category` WHERE ( pid=3 ) LIMIT 8   [ RunTime:0.0021s ]
NOTIC: [8] Undefined variable: bangong_id /var/www/web/test/App/Home/Controller/IndexController.class.php 第 97 行.
SQL: SELECT * FROM `liveb` WHERE `name` <> '推荐' AND `cate_id` IN ('','15','16','17','26','27','28','36','37') LIMIT 8   [ RunTime:0.0022s ]
SQL: SELECT * FROM `category` WHERE ( pid=5 ) LIMIT 8   [ RunTime:0.0021s ]
NOTIC: [8] Undefined variable: zhiye_id /var/www/web/test/App/Home/Controller/IndexController.class.php 第 106 行.
SQL: SELECT * FROM `liveb` WHERE `name` <> '推荐' AND `cate_id` IN ('','47','48','49','50','51','52','53','54') LIMIT 8   [ RunTime:0.0022s ]
SQL: SELECT * FROM `category` WHERE ( pid=14 ) LIMIT 8   [ RunTime:0.0021s ]
NOTIC: [8] Undefined variable: chanpin_id /var/www/web/test/App/Home/Controller/IndexController.class.php 第 115 行.
SQL: SELECT * FROM `liveb` WHERE `name` <> '推荐' AND `cate_id` IN ('','57','58','59','60','61','62','63','64') LIMIT 8   [ RunTime:0.0022s ]
INFO: [ view_parse ] --START--
INFO: [ template_filter ] --START--
INFO: Run Behavior\ContentReplaceBehavior [ RunTime:0.000070s ]
INFO: [ template_filter ] --END-- [ RunTime:0.000112s ]
NOTIC: [8] Undefined variable: dian /var/www/web/test/App/Runtime/Cache/Home/00e52909bed743ea261af4b6823297ff.php 第 36 行.
NOTIC: [8] Undefined index: H_user_id /var/www/web/test/App/Runtime/Cache/Home/00e52909bed743ea261af4b6823297ff.php 第 41 行.
NOTIC: [8] Undefined index: H_user_id /var/www/web/test/App/Runtime/Cache/Home/00e52909bed743ea261af4b6823297ff.php 第 62 行.
NOTIC: [8] Undefined index: H_user_id /var/www/web/test/App/Runtime/Cache/Home/00e52909bed743ea261af4b6823297ff.php 第 63 行.
NOTIC: [8] Undefined index: H_user_id /var/www/web/test/App/Runtime/Cache/Home/00e52909bed743ea261af4b6823297ff.php 第 72 行.
NOTIC: [8] Undefined variable: advert_img /var/www/web/test/App/Runtime/Cache/Home/00e52909bed743ea261af4b6823297ff.php 第 233 行.
INFO: Run Behavior\ParseTemplateBehavior [ RunTime:0.027242s ]
INFO: [ view_parse ] --END-- [ RunTime:0.027301s ]
INFO: [ view_filter ] --START--
INFO: Run Behavior\WriteHtmlCacheBehavior [ RunTime:0.000095s ]
INFO: [ view_filter ] --END-- [ RunTime:0.000130s ]
INFO: [ app_end ] --START--
INFO: Run Behavior\ShowPageTraceBehavior [ RunTime:0.000307s ]
INFO: [ app_end ] --END-- [ RunTime:0.000353s ]

[ 2018-02-15T04:33:45+08:00 ] 123.125.71.69 /Home/Courses/student/id/6.html
INFO: [ app_init ] --START--
INFO: Run Behavior\BuildLiteBehavior [ RunTime:0.000012s ]
INFO: [ app_init ] --END-- [ RunTime:0.000214s ]
INFO: [ app_begin ] --START--
INFO: Run Behavior\ReadHtmlCacheBehavior [ RunTime:0.000297s ]
INFO: [ app_begin ] --END-- [ RunTime:0.000341s ]
NOTIC: [2048] Declaration of Home\Controller\CoursesController::show() should be compatible with that of Think\Controller::show() /var/www/web/test/App/Home/Controller/CoursesController.class.php 第 6 行.

[ 2018-02-15T04:33:45+08:00 ] 123.125.71.52 /Home/Login/index.html
INFO: [ app_init ] --START--
INFO: Run Behavior\BuildLiteBehavior [ RunTime:0.000011s ]
INFO: [ app_init ] --END-- [ RunTime:0.000203s ]
INFO: [ app_begin ] --START--
INFO: Run Behavior\ReadHtmlCacheBehavior [ RunTime:0.000266s ]
INFO: [ app_begin ] --END-- [ RunTime:0.000321s ]
INFO: [ view_parse ] --START--
INFO: [ template_filter ] --START--
INFO: Run Behavior\ContentReplaceBehavior [ RunTime:0.000041s ]
INFO: [ template_filter ] --END-- [ RunTime:0.000084s ]
INFO: Run Behavior\ParseTemplateBehavior [ RunTime:0.006454s ]
INFO: [ view_parse ] --END-- [ RunTime:0.006498s ]
INFO: [ view_filter ] --START--
INFO: Run Behavior\WriteHtmlCacheBehavior [ RunTime:0.000086s ]
INFO: [ view_filter ] --END-- [ RunTime:0.000120s ]
INFO: [ app_end ] --START--
INFO: Run Behavior\ShowPageTraceBehavior [ RunTime:0.000272s ]
INFO: [ app_end ] --END-- [ RunTime:0.000311s ]

[ 2018-02-15T05:55:42+08:00 ] 47.104.56.236 www.baidu.com:443
INFO: [ app_init ] --START--
INFO: Run Behavior\BuildLiteBehavior [ RunTime:0.000013s ]
INFO: [ app_init ] --END-- [ RunTime:0.000256s ]
INFO: [ app_begin ] --START--
INFO: Run Behavior\ReadHtmlCacheBehavior [ RunTime:0.000287s ]
INFO: [ app_begin ] --END-- [ RunTime:0.000332s ]
NOTIC: [8] Undefined index: H_user_id /var/www/web/test/App/Home/Controller/IndexController.class.php 第 17 行.
SQL: SHOW COLUMNS FROM `lunbo` [ RunTime:0.0031s ]
SQL: SELECT * FROM `lunbo` WHERE ( pc=1 ) ORDER BY num desc LIMIT 4   [ RunTime:0.0023s ]
SQL: SHOW COLUMNS FROM `category` [ RunTime:0.0028s ]
SQL: SELECT * FROM `category` WHERE `pid` = 0 AND `name` <> '推荐' LIMIT 5   [ RunTime:0.0023s ]
SQL: SELECT * FROM `category` WHERE ( pid=2 ) LIMIT 3   [ RunTime:0.0021s ]
SQL: SELECT * FROM `category` WHERE ( pid=2 )  [ RunTime:0.0022s ]
SQL: SHOW COLUMNS FROM `liveb` [ RunTime:0.0028s ]
SQL: SELECT * FROM `liveb` WHERE ( cate_id=2 ) LIMIT 4   [ RunTime:0.0022s ]
SQL: SELECT * FROM `category` WHERE ( pid=3 ) LIMIT 3   [ RunTime:0.0021s ]
SQL: SELECT * FROM `category` WHERE ( pid=3 )  [ RunTime:0.0021s ]
SQL: SELECT * FROM `liveb` WHERE ( cate_id=3 ) LIMIT 4   [ RunTime:0.0022s ]
SQL: SELECT * FROM `category` WHERE ( pid=4 ) LIMIT 3   [ RunTime:0.0021s ]
SQL: SELECT * FROM `category` WHERE ( pid=4 )  [ RunTime:0.0022s ]
SQL: SELECT * FROM `liveb` WHERE ( cate_id=4 ) LIMIT 4   [ RunTime:0.0022s ]
SQL: SELECT * FROM `category` WHERE ( pid=5 ) LIMIT 3   [ RunTime:0.0021s ]
SQL: SELECT * FROM `category` WHERE ( pid=5 )  [ RunTime:0.0021s ]
SQL: SELECT * FROM `liveb` WHERE ( cate_id=5 ) LIMIT 4   [ RunTime:0.0022s ]
SQL: SELECT * FROM `category` WHERE ( pid=14 ) LIMIT 3   [ RunTime:0.0021s ]
SQL: SELECT * FROM `category` WHERE ( pid=14 )  [ RunTime:0.0021s ]
SQL: SELECT * FROM `liveb` WHERE ( cate_id=14 ) LIMIT 4   [ RunTime:0.0021s ]
SQL: SELECT * FROM `liveb` WHERE ( recommend=1 ) LIMIT 5   [ RunTime:0.0021s ]
SQL: SELECT * FROM `category` WHERE ( pid=2 ) LIMIT 8   [ RunTime:0.0021s ]
NOTIC: [8] Undefined variable: yuyan_id /var/www/web/test/App/Home/Controller/IndexController.class.php 第 79 行.
SQL: SELECT * FROM `liveb` WHERE `name` <> '推荐' AND `cate_id` IN ('','6','7','8','9','10','11','12','13') LIMIT 8   [ RunTime:0.0022s ]
SQL: SELECT * FROM `category` WHERE ( pid=4 ) LIMIT 8   [ RunTime:0.0021s ]
NOTIC: [8] Undefined variable: qinzi_id /var/www/web/test/App/Home/Controller/IndexController.class.php 第 88 行.
SQL: SELECT * FROM `liveb` WHERE `name` <> '推荐' AND `cate_id` IN ('','18','19','20','40','41','42','43','44') LIMIT 8   [ RunTime:0.0023s ]
SQL: SELECT * FROM `category` WHERE ( pid=3 ) LIMIT 8   [ RunTime:0.0021s ]
NOTIC: [8] Undefined variable: bangong_id /var/www/web/test/App/Home/Controller/IndexController.class.php 第 97 行.
SQL: SELECT * FROM `liveb` WHERE `name` <> '推荐' AND `cate_id` IN ('','15','16','17','26','27','28','36','37') LIMIT 8   [ RunTime:0.0022s ]
SQL: SELECT * FROM `category` WHERE ( pid=5 ) LIMIT 8   [ RunTime:0.0021s ]
NOTIC: [8] Undefined variable: zhiye_id /var/www/web/test/App/Home/Controller/IndexController.class.php 第 106 行.
SQL: SELECT * FROM `liveb` WHERE `name` <> '推荐' AND `cate_id` IN ('','47','48','49','50','51','52','53','54') LIMIT 8   [ RunTime:0.0022s ]
SQL: SELECT * FROM `category` WHERE ( pid=14 ) LIMIT 8   [ RunTime:0.0021s ]
NOTIC: [8] Undefined variable: chanpin_id /var/www/web/test/App/Home/Controller/IndexController.class.php 第 115 行.
SQL: SELECT * FROM `liveb` WHERE `name` <> '推荐' AND `cate_id` IN ('','57','58','59','60','61','62','63','64') LIMIT 8   [ RunTime:0.0022s ]
INFO: [ view_parse ] --START--
INFO: [ template_filter ] --START--
INFO: Run Behavior\ContentReplaceBehavior [ RunTime:0.000068s ]
INFO: [ template_filter ] --END-- [ RunTime:0.000125s ]
NOTIC: [8] Undefined variable: dian /var/www/web/test/App/Runtime/Cache/Home/00e52909bed743ea261af4b6823297ff.php 第 36 行.
NOTIC: [8] Undefined index: H_user_id /var/www/web/test/App/Runtime/Cache/Home/00e52909bed743ea261af4b6823297ff.php 第 41 行.
NOTIC: [8] Undefined index: H_user_id /var/www/web/test/App/Runtime/Cache/Home/00e52909bed743ea261af4b6823297ff.php 第 62 行.
NOTIC: [8] Undefined index: H_user_id /var/www/web/test/App/Runtime/Cache/Home/00e52909bed743ea261af4b6823297ff.php 第 63 行.
NOTIC: [8] Undefined index: H_user_id /var/www/web/test/App/Runtime/Cache/Home/00e52909bed743ea261af4b6823297ff.php 第 72 行.
NOTIC: [8] Undefined variable: advert_img /var/www/web/test/App/Runtime/Cache/Home/00e52909bed743ea261af4b6823297ff.php 第 233 行.
INFO: Run Behavior\ParseTemplateBehavior [ RunTime:0.026853s ]
INFO: [ view_parse ] --END-- [ RunTime:0.026896s ]
INFO: [ view_filter ] --START--
INFO: Run Behavior\WriteHtmlCacheBehavior [ RunTime:0.000099s ]
INFO: [ view_filter ] --END-- [ RunTime:0.000132s ]
INFO: [ app_end ] --START--
INFO: Run Behavior\ShowPageTraceBehavior [ RunTime:0.000298s ]
INFO: [ app_end ] --END-- [ RunTime:0.000339s ]

[ 2018-02-15T06:17:13+08:00 ] 106.11.226.72 /
INFO: [ app_init ] --START--
INFO: Run Behavior\BuildLiteBehavior [ RunTime:0.000012s ]
INFO: [ app_init ] --END-- [ RunTime:0.000235s ]
INFO: [ app_begin ] --START--
INFO: Run Behavior\ReadHtmlCacheBehavior [ RunTime:0.000275s ]
INFO: [ app_begin ] --END-- [ RunTime:0.000317s ]
NOTIC: [8] Undefined index: H_user_id /var/www/web/test/App/Home/Controller/IndexController.class.php 第 17 行.
SQL: SHOW COLUMNS FROM `lunbo` [ RunTime:0.0030s ]
SQL: SELECT * FROM `lunbo` WHERE ( pc=1 ) ORDER BY num desc LIMIT 4   [ RunTime:0.0023s ]
SQL: SHOW COLUMNS FROM `category` [ RunTime:0.0027s ]
SQL: SELECT * FROM `category` WHERE `pid` = 0 AND `name` <> '推荐' LIMIT 5   [ RunTime:0.0021s ]
SQL: SELECT * FROM `category` WHERE ( pid=2 ) LIMIT 3   [ RunTime:0.0021s ]
SQL: SELECT * FROM `category` WHERE ( pid=2 )  [ RunTime:0.0021s ]
SQL: SHOW COLUMNS FROM `liveb` [ RunTime:0.0028s ]
SQL: SELECT * FROM `liveb` WHERE ( cate_id=2 ) LIMIT 4   [ RunTime:0.0022s ]
SQL: SELECT * FROM `category` WHERE ( pid=3 ) LIMIT 3   [ RunTime:0.0021s ]
SQL: SELECT * FROM `category` WHERE ( pid=3 )  [ RunTime:0.0021s ]
SQL: SELECT * FROM `liveb` WHERE ( cate_id=3 ) LIMIT 4   [ RunTime:0.0022s ]
SQL: SELECT * FROM `category` WHERE ( pid=4 ) LIMIT 3   [ RunTime:0.0021s ]
SQL: SELECT * FROM `category` WHERE ( pid=4 )  [ RunTime:0.0021s ]
SQL: SELECT * FROM `liveb` WHERE ( cate_id=4 ) LIMIT 4   [ RunTime:0.0022s ]
SQL: SELECT * FROM `category` WHERE ( pid=5 ) LIMIT 3   [ RunTime:0.0021s ]
SQL: SELECT * FROM `category` WHERE ( pid=5 )  [ RunTime:0.0021s ]
SQL: SELECT * FROM `liveb` WHERE ( cate_id=5 ) LIMIT 4   [ RunTime:0.0022s ]
SQL: SELECT * FROM `category` WHERE ( pid=14 ) LIMIT 3   [ RunTime:0.0021s ]
SQL: SELECT * FROM `category` WHERE ( pid=14 )  [ RunTime:0.0021s ]
SQL: SELECT * FROM `liveb` WHERE ( cate_id=14 ) LIMIT 4   [ RunTime:0.0022s ]
SQL: SELECT * FROM `liveb` WHERE ( recommend=1 ) LIMIT 5   [ RunTime:0.0021s ]
SQL: SELECT * FROM `category` WHERE ( pid=2 ) LIMIT 8   [ RunTime:0.0021s ]
NOTIC: [8] Undefined variable: yuyan_id /var/www/web/test/App/Home/Controller/IndexController.class.php 第 79 行.
SQL: SELECT * FROM `liveb` WHERE `name` <> '推荐' AND `cate_id` IN ('','6','7','8','9','10','11','12','13') LIMIT 8   [ RunTime:0.0022s ]
SQL: SELECT * FROM `category` WHERE ( pid=4 ) LIMIT 8   [ RunTime:0.0021s ]
NOTIC: [8] Undefined variable: qinzi_id /var/www/web/test/App/Home/Controller/IndexController.class.php 第 88 行.
SQL: SELECT * FROM `liveb` WHERE `name` <> '推荐' AND `cate_id` IN ('','18','19','20','40','41','42','43','44') LIMIT 8   [ RunTime:0.0022s ]
SQL: SELECT * FROM `category` WHERE ( pid=3 ) LIMIT 8   [ RunTime:0.0021s ]
NOTIC: [8] Undefined variable: bangong_id /var/www/web/test/App/Home/Controller/IndexController.class.php 第 97 行.
SQL: SELECT * FROM `liveb` WHERE `name` <> '推荐' AND `cate_id` IN ('','15','16','17','26','27','28','36','37') LIMIT 8   [ RunTime:0.0022s ]
SQL: SELECT * FROM `category` WHERE ( pid=5 ) LIMIT 8   [ RunTime:0.0021s ]
NOTIC: [8] Undefined variable: zhiye_id /var/www/web/test/App/Home/Controller/IndexController.class.php 第 106 行.
SQL: SELECT * FROM `liveb` WHERE `name` <> '推荐' AND `cate_id` IN ('','47','48','49','50','51','52','53','54') LIMIT 8   [ RunTime:0.0022s ]
SQL: SELECT * FROM `category` WHERE ( pid=14 ) LIMIT 8   [ RunTime:0.0021s ]
NOTIC: [8] Undefined variable: chanpin_id /var/www/web/test/App/Home/Controller/IndexController.class.php 第 115 行.
SQL: SELECT * FROM `liveb` WHERE `name` <> '推荐' AND `cate_id` IN ('','57','58','59','60','61','62','63','64') LIMIT 8   [ RunTime:0.0022s ]
INFO: [ view_parse ] --START--
INFO: [ template_filter ] --START--
INFO: Run Behavior\ContentReplaceBehavior [ RunTime:0.000068s ]
INFO: [ template_filter ] --END-- [ RunTime:0.000109s ]
NOTIC: [8] Undefined variable: dian /var/www/web/test/App/Runtime/Cache/Home/00e52909bed743ea261af4b6823297ff.php 第 36 行.
NOTIC: [8] Undefined index: H_user_id /var/www/web/test/App/Runtime/Cache/Home/00e52909bed743ea261af4b6823297ff.php 第 41 行.
NOTIC: [8] Undefined index: H_user_id /var/www/web/test/App/Runtime/Cache/Home/00e52909bed743ea261af4b6823297ff.php 第 62 行.
NOTIC: [8] Undefined index: H_user_id /var/www/web/test/App/Runtime/Cache/Home/00e52909bed743ea261af4b6823297ff.php 第 63 行.
NOTIC: [8] Undefined index: H_user_id /var/www/web/test/App/Runtime/Cache/Home/00e52909bed743ea261af4b6823297ff.php 第 72 行.
NOTIC: [8] Undefined variable: advert_img /var/www/web/test/App/Runtime/Cache/Home/00e52909bed743ea261af4b6823297ff.php 第 233 行.
INFO: Run Behavior\ParseTemplateBehavior [ RunTime:0.026823s ]
INFO: [ view_parse ] --END-- [ RunTime:0.026866s ]
INFO: [ view_filter ] --START--
INFO: Run Behavior\WriteHtmlCacheBehavior [ RunTime:0.000105s ]
INFO: [ view_filter ] --END-- [ RunTime:0.000140s ]
INFO: [ app_end ] --START--
INFO: Run Behavior\ShowPageTraceBehavior [ RunTime:0.000295s ]
INFO: [ app_end ] --END-- [ RunTime:0.000338s ]

[ 2018-02-15T08:20:20+08:00 ] 114.215.45.101 /
INFO: [ app_init ] --START--
INFO: Run Behavior\BuildLiteBehavior [ RunTime:0.000013s ]
INFO: [ app_init ] --END-- [ RunTime:0.000278s ]
INFO: [ app_begin ] --START--
INFO: Run Behavior\ReadHtmlCacheBehavior [ RunTime:0.000329s ]
INFO: [ app_begin ] --END-- [ RunTime:0.000379s ]
NOTIC: [8] Undefined index: H_user_id /var/www/web/test/App/Home/Controller/IndexController.class.php 第 17 行.
SQL: SHOW COLUMNS FROM `lunbo` [ RunTime:0.0031s ]
SQL: SELECT * FROM `lunbo` WHERE ( pc=1 ) ORDER BY num desc LIMIT 4   [ RunTime:0.0022s ]
SQL: SHOW COLUMNS FROM `category` [ RunTime:0.0028s ]
SQL: SELECT * FROM `category` WHERE `pid` = 0 AND `name` <> '推荐' LIMIT 5   [ RunTime:0.0022s ]
SQL: SELECT * FROM `category` WHERE ( pid=2 ) LIMIT 3   [ RunTime:0.0021s ]
SQL: SELECT * FROM `category` WHERE ( pid=2 )  [ RunTime:0.0021s ]
SQL: SHOW COLUMNS FROM `liveb` [ RunTime:0.0028s ]
SQL: SELECT * FROM `liveb` WHERE ( cate_id=2 ) LIMIT 4   [ RunTime:0.0021s ]
SQL: SELECT * FROM `category` WHERE ( pid=3 ) LIMIT 3   [ RunTime:0.0021s ]
SQL: SELECT * FROM `category` WHERE ( pid=3 )  [ RunTime:0.0021s ]
SQL: SELECT * FROM `liveb` WHERE ( cate_id=3 ) LIMIT 4   [ RunTime:0.0022s ]
SQL: SELECT * FROM `category` WHERE ( pid=4 ) LIMIT 3   [ RunTime:0.0022s ]
SQL: SELECT * FROM `category` WHERE ( pid=4 )  [ RunTime:0.0022s ]
SQL: SELECT * FROM `liveb` WHERE ( cate_id=4 ) LIMIT 4   [ RunTime:0.0022s ]
SQL: SELECT * FROM `category` WHERE ( pid=5 ) LIMIT 3   [ RunTime:0.0021s ]
SQL: SELECT * FROM `category` WHERE ( pid=5 )  [ RunTime:0.0021s ]
SQL: SELECT * FROM `liveb` WHERE ( cate_id=5 ) LIMIT 4   [ RunTime:0.0022s ]
SQL: SELECT * FROM `category` WHERE ( pid=14 ) LIMIT 3   [ RunTime:0.0021s ]
SQL: SELECT * FROM `category` WHERE ( pid=14 )  [ RunTime:0.0021s ]
SQL: SELECT * FROM `liveb` WHERE ( cate_id=14 ) LIMIT 4   [ RunTime:0.0022s ]
SQL: SELECT * FROM `liveb` WHERE ( recommend=1 ) LIMIT 5   [ RunTime:0.0021s ]
SQL: SELECT * FROM `category` WHERE ( pid=2 ) LIMIT 8   [ RunTime:0.0021s ]
NOTIC: [8] Undefined variable: yuyan_id /var/www/web/test/App/Home/Controller/IndexController.class.php 第 79 行.
SQL: SELECT * FROM `liveb` WHERE `name` <> '推荐' AND `cate_id` IN ('','6','7','8','9','10','11','12','13') LIMIT 8   [ RunTime:0.0022s ]
SQL: SELECT * FROM `category` WHERE ( pid=4 ) LIMIT 8   [ RunTime:0.0021s ]
NOTIC: [8] Undefined variable: qinzi_id /var/www/web/test/App/Home/Controller/IndexController.class.php 第 88 行.
SQL: SELECT * FROM `liveb` WHERE `name` <> '推荐' AND `cate_id` IN ('','18','19','20','40','41','42','43','44') LIMIT 8   [ RunTime:0.0023s ]
SQL: SELECT * FROM `category` WHERE ( pid=3 ) LIMIT 8   [ RunTime:0.0021s ]
NOTIC: [8] Undefined variable: bangong_id /var/www/web/test/App/Home/Controller/IndexController.class.php 第 97 行.
SQL: SELECT * FROM `liveb` WHERE `name` <> '推荐' AND `cate_id` IN ('','15','16','17','26','27','28','36','37') LIMIT 8   [ RunTime:0.0025s ]
SQL: SELECT * FROM `category` WHERE ( pid=5 ) LIMIT 8   [ RunTime:0.0023s ]
NOTIC: [8] Undefined variable: zhiye_id /var/www/web/test/App/Home/Controller/IndexController.class.php 第 106 行.
SQL: SELECT * FROM `liveb` WHERE `name` <> '推荐' AND `cate_id` IN ('','47','48','49','50','51','52','53','54') LIMIT 8   [ RunTime:0.0022s ]
SQL: SELECT * FROM `category` WHERE ( pid=14 ) LIMIT 8   [ RunTime:0.0021s ]
NOTIC: [8] Undefined variable: chanpin_id /var/www/web/test/App/Home/Controller/IndexController.class.php 第 115 行.
SQL: SELECT * FROM `liveb` WHERE `name` <> '推荐' AND `cate_id` IN ('','57','58','59','60','61','62','63','64') LIMIT 8   [ RunTime:0.0022s ]
INFO: [ view_parse ] --START--
INFO: [ template_filter ] --START--
INFO: Run Behavior\ContentReplaceBehavior [ RunTime:0.000093s ]
INFO: [ template_filter ] --END-- [ RunTime:0.000139s ]
NOTIC: [8] Undefined variable: dian /var/www/web/test/App/Runtime/Cache/Home/00e52909bed743ea261af4b6823297ff.php 第 36 行.
NOTIC: [8] Undefined index: H_user_id /var/www/web/test/App/Runtime/Cache/Home/00e52909bed743ea261af4b6823297ff.php 第 41 行.
NOTIC: [8] Undefined index: H_user_id /var/www/web/test/App/Runtime/Cache/Home/00e52909bed743ea261af4b6823297ff.php 第 62 行.
NOTIC: [8] Undefined index: H_user_id /var/www/web/test/App/Runtime/Cache/Home/00e52909bed743ea261af4b6823297ff.php 第 63 行.
NOTIC: [8] Undefined index: H_user_id /var/www/web/test/App/Runtime/Cache/Home/00e52909bed743ea261af4b6823297ff.php 第 72 行.
NOTIC: [8] Undefined variable: advert_img /var/www/web/test/App/Runtime/Cache/Home/00e52909bed743ea261af4b6823297ff.php 第 233 行.
INFO: Run Behavior\ParseTemplateBehavior [ RunTime:0.028159s ]
INFO: [ view_parse ] --END-- [ RunTime:0.028203s ]
INFO: [ view_filter ] --START--
INFO: Run Behavior\WriteHtmlCacheBehavior [ RunTime:0.000108s ]
INFO: [ view_filter ] --END-- [ RunTime:0.000143s ]

[ 2018-02-15T08:49:26+08:00 ] 123.125.71.104 /Home/courses/course/id/4.html
INFO: [ app_init ] --START--
INFO: Run Behavior\BuildLiteBehavior [ RunTime:0.000013s ]
INFO: [ app_init ] --END-- [ RunTime:0.000236s ]
INFO: [ app_begin ] --START--
INFO: Run Behavior\ReadHtmlCacheBehavior [ RunTime:0.000255s ]
INFO: [ app_begin ] --END-- [ RunTime:0.000296s ]
NOTIC: [2048] Declaration of Home\Controller\CoursesController::show() should be compatible with that of Think\Controller::show() /var/www/web/test/App/Home/Controller/CoursesController.class.php 第 6 行.

[ 2018-02-15T08:49:26+08:00 ] 123.125.71.102 /Home/Login/index.html
INFO: [ app_init ] --START--
INFO: Run Behavior\BuildLiteBehavior [ RunTime:0.000011s ]
INFO: [ app_init ] --END-- [ RunTime:0.000207s ]
INFO: [ app_begin ] --START--
INFO: Run Behavior\ReadHtmlCacheBehavior [ RunTime:0.000269s ]
INFO: [ app_begin ] --END-- [ RunTime:0.000311s ]
INFO: [ view_parse ] --START--
INFO: [ template_filter ] --START--
INFO: Run Behavior\ContentReplaceBehavior [ RunTime:0.000043s ]
INFO: [ template_filter ] --END-- [ RunTime:0.000086s ]
INFO: Run Behavior\ParseTemplateBehavior [ RunTime:0.006564s ]
INFO: [ view_parse ] --END-- [ RunTime:0.006626s ]
INFO: [ view_filter ] --START--
INFO: Run Behavior\WriteHtmlCacheBehavior [ RunTime:0.000102s ]
INFO: [ view_filter ] --END-- [ RunTime:0.000138s ]
INFO: [ app_end ] --START--
INFO: Run Behavior\ShowPageTraceBehavior [ RunTime:0.000305s ]
INFO: [ app_end ] --END-- [ RunTime:0.000342s ]

[ 2018-02-15T13:10:37+08:00 ] 123.125.67.148 /
INFO: [ app_init ] --START--
INFO: Run Behavior\BuildLiteBehavior [ RunTime:0.000012s ]
INFO: [ app_init ] --END-- [ RunTime:0.000236s ]
INFO: [ app_begin ] --START--
INFO: Run Behavior\ReadHtmlCacheBehavior [ RunTime:0.000269s ]
INFO: [ app_begin ] --END-- [ RunTime:0.000314s ]
NOTIC: [8] Undefined index: H_user_id /var/www/web/test/App/Home/Controller/IndexController.class.php 第 17 行.
SQL: SHOW COLUMNS FROM `lunbo` [ RunTime:0.0030s ]
SQL: SELECT * FROM `lunbo` WHERE ( pc=1 ) ORDER BY num desc LIMIT 4   [ RunTime:0.0022s ]
SQL: SHOW COLUMNS FROM `category` [ RunTime:0.0027s ]
SQL: SELECT * FROM `category` WHERE `pid` = 0 AND `name` <> '推荐' LIMIT 5   [ RunTime:0.0021s ]
SQL: SELECT * FROM `category` WHERE ( pid=2 ) LIMIT 3   [ RunTime:0.0020s ]
SQL: SELECT * FROM `category` WHERE ( pid=2 )  [ RunTime:0.0020s ]
SQL: SHOW COLUMNS FROM `liveb` [ RunTime:0.0028s ]
SQL: SELECT * FROM `liveb` WHERE ( cate_id=2 ) LIMIT 4   [ RunTime:0.0023s ]
SQL: SELECT * FROM `category` WHERE ( pid=3 ) LIMIT 3   [ RunTime:0.0021s ]
SQL: SELECT * FROM `category` WHERE ( pid=3 )  [ RunTime:0.0020s ]
SQL: SELECT * FROM `liveb` WHERE ( cate_id=3 ) LIMIT 4   [ RunTime:0.0022s ]
SQL: SELECT * FROM `category` WHERE ( pid=4 ) LIMIT 3   [ RunTime:0.0021s ]
SQL: SELECT * FROM `category` WHERE ( pid=4 )  [ RunTime:0.0021s ]
SQL: SELECT * FROM `liveb` WHERE ( cate_id=4 ) LIMIT 4   [ RunTime:0.0022s ]
SQL: SELECT * FROM `category` WHERE ( pid=5 ) LIMIT 3   [ RunTime:0.0021s ]
SQL: SELECT * FROM `category` WHERE ( pid=5 )  [ RunTime:0.0021s ]
SQL: SELECT * FROM `liveb` WHERE ( cate_id=5 ) LIMIT 4   [ RunTime:0.0021s ]
SQL: SELECT * FROM `category` WHERE ( pid=14 ) LIMIT 3   [ RunTime:0.0021s ]
SQL: SELECT * FROM `category` WHERE ( pid=14 )  [ RunTime:0.0021s ]
SQL: SELECT * FROM `liveb` WHERE ( cate_id=14 ) LIMIT 4   [ RunTime:0.0021s ]
SQL: SELECT * FROM `liveb` WHERE ( recommend=1 ) LIMIT 5   [ RunTime:0.0022s ]
SQL: SELECT * FROM `category` WHERE ( pid=2 ) LIMIT 8   [ RunTime:0.0021s ]
NOTIC: [8] Undefined variable: yuyan_id /var/www/web/test/App/Home/Controller/IndexController.class.php 第 79 行.
SQL: SELECT * FROM `liveb` WHERE `name` <> '推荐' AND `cate_id` IN ('','6','7','8','9','10','11','12','13') LIMIT 8   [ RunTime:0.0022s ]
SQL: SELECT * FROM `category` WHERE ( pid=4 ) LIMIT 8   [ RunTime:0.0021s ]
NOTIC: [8] Undefined variable: qinzi_id /var/www/web/test/App/Home/Controller/IndexController.class.php 第 88 行.
SQL: SELECT * FROM `liveb` WHERE `name` <> '推荐' AND `cate_id` IN ('','18','19','20','40','41','42','43','44') LIMIT 8   [ RunTime:0.0022s ]
SQL: SELECT * FROM `category` WHERE ( pid=3 ) LIMIT 8   [ RunTime:0.0020s ]
NOTIC: [8] Undefined variable: bangong_id /var/www/web/test/App/Home/Controller/IndexController.class.php 第 97 行.
SQL: SELECT * FROM `liveb` WHERE `name` <> '推荐' AND `cate_id` IN ('','15','16','17','26','27','28','36','37') LIMIT 8   [ RunTime:0.0021s ]
SQL: SELECT * FROM `category` WHERE ( pid=5 ) LIMIT 8   [ RunTime:0.0021s ]
NOTIC: [8] Undefined variable: zhiye_id /var/www/web/test/App/Home/Controller/IndexController.class.php 第 106 行.
SQL: SELECT * FROM `liveb` WHERE `name` <> '推荐' AND `cate_id` IN ('','47','48','49','50','51','52','53','54') LIMIT 8   [ RunTime:0.0022s ]
SQL: SELECT * FROM `category` WHERE ( pid=14 ) LIMIT 8   [ RunTime:0.0021s ]
NOTIC: [8] Undefined variable: chanpin_id /var/www/web/test/App/Home/Controller/IndexController.class.php 第 115 行.
SQL: SELECT * FROM `liveb` WHERE `name` <> '推荐' AND `cate_id` IN ('','57','58','59','60','61','62','63','64') LIMIT 8   [ RunTime:0.0022s ]
INFO: [ view_parse ] --START--
INFO: [ template_filter ] --START--
INFO: Run Behavior\ContentReplaceBehavior [ RunTime:0.000065s ]
INFO: [ template_filter ] --END-- [ RunTime:0.000107s ]
NOTIC: [8] Undefined variable: dian /var/www/web/test/App/Runtime/Cache/Home/00e52909bed743ea261af4b6823297ff.php 第 36 行.
NOTIC: [8] Undefined index: H_user_id /var/www/web/test/App/Runtime/Cache/Home/00e52909bed743ea261af4b6823297ff.php 第 41 行.
NOTIC: [8] Undefined index: H_user_id /var/www/web/test/App/Runtime/Cache/Home/00e52909bed743ea261af4b6823297ff.php 第 62 行.
NOTIC: [8] Undefined index: H_user_id /var/www/web/test/App/Runtime/Cache/Home/00e52909bed743ea261af4b6823297ff.php 第 63 行.
NOTIC: [8] Undefined index: H_user_id /var/www/web/test/App/Runtime/Cache/Home/00e52909bed743ea261af4b6823297ff.php 第 72 行.
NOTIC: [8] Undefined variable: advert_img /var/www/web/test/App/Runtime/Cache/Home/00e52909bed743ea261af4b6823297ff.php 第 233 行.
INFO: Run Behavior\ParseTemplateBehavior [ RunTime:0.028325s ]
INFO: [ view_parse ] --END-- [ RunTime:0.028367s ]
INFO: [ view_filter ] --START--
INFO: Run Behavior\WriteHtmlCacheBehavior [ RunTime:0.000093s ]
INFO: [ view_filter ] --END-- [ RunTime:0.000127s ]
INFO: [ app_end ] --START--
INFO: Run Behavior\ShowPageTraceBehavior [ RunTime:0.000306s ]
INFO: [ app_end ] --END-- [ RunTime:0.000350s ]

[ 2018-02-15T14:27:42+08:00 ] 106.11.227.227 /
INFO: [ app_init ] --START--
INFO: Run Behavior\BuildLiteBehavior [ RunTime:0.000013s ]
INFO: [ app_init ] --END-- [ RunTime:0.000240s ]
INFO: [ app_begin ] --START--
INFO: Run Behavior\ReadHtmlCacheBehavior [ RunTime:0.000277s ]
INFO: [ app_begin ] --END-- [ RunTime:0.000318s ]
NOTIC: [8] Undefined index: H_user_id /var/www/web/test/App/Home/Controller/IndexController.class.php 第 17 行.
SQL: SHOW COLUMNS FROM `lunbo` [ RunTime:0.0030s ]
SQL: SELECT * FROM `lunbo` WHERE ( pc=1 ) ORDER BY num desc LIMIT 4   [ RunTime:0.0021s ]
SQL: SHOW COLUMNS FROM `category` [ RunTime:0.0026s ]
SQL: SELECT * FROM `category` WHERE `pid` = 0 AND `name` <> '推荐' LIMIT 5   [ RunTime:0.0021s ]
SQL: SELECT * FROM `category` WHERE ( pid=2 ) LIMIT 3   [ RunTime:0.0021s ]
SQL: SELECT * FROM `category` WHERE ( pid=2 )  [ RunTime:0.0020s ]
SQL: SHOW COLUMNS FROM `liveb` [ RunTime:0.0027s ]
SQL: SELECT * FROM `liveb` WHERE ( cate_id=2 ) LIMIT 4   [ RunTime:0.0021s ]
SQL: SELECT * FROM `category` WHERE ( pid=3 ) LIMIT 3   [ RunTime:0.0020s ]
SQL: SELECT * FROM `category` WHERE ( pid=3 )  [ RunTime:0.0020s ]
SQL: SELECT * FROM `liveb` WHERE ( cate_id=3 ) LIMIT 4   [ RunTime:0.0021s ]
SQL: SELECT * FROM `category` WHERE ( pid=4 ) LIMIT 3   [ RunTime:0.0021s ]
SQL: SELECT * FROM `category` WHERE ( pid=4 )  [ RunTime:0.0021s ]
SQL: SELECT * FROM `liveb` WHERE ( cate_id=4 ) LIMIT 4   [ RunTime:0.0021s ]
SQL: SELECT * FROM `category` WHERE ( pid=5 ) LIMIT 3   [ RunTime:0.0020s ]
SQL: SELECT * FROM `category` WHERE ( pid=5 )  [ RunTime:0.0020s ]
SQL: SELECT * FROM `liveb` WHERE ( cate_id=5 ) LIMIT 4   [ RunTime:0.0021s ]
SQL: SELECT * FROM `category` WHERE ( pid=14 ) LIMIT 3   [ RunTime:0.0020s ]
SQL: SELECT * FROM `category` WHERE ( pid=14 )  [ RunTime:0.0021s ]
SQL: SELECT * FROM `liveb` WHERE ( cate_id=14 ) LIMIT 4   [ RunTime:0.0021s ]
SQL: SELECT * FROM `liveb` WHERE ( recommend=1 ) LIMIT 5   [ RunTime:0.0021s ]
SQL: SELECT * FROM `category` WHERE ( pid=2 ) LIMIT 8   [ RunTime:0.0020s ]
NOTIC: [8] Undefined variable: yuyan_id /var/www/web/test/App/Home/Controller/IndexController.class.php 第 79 行.
SQL: SELECT * FROM `liveb` WHERE `name` <> '推荐' AND `cate_id` IN ('','6','7','8','9','10','11','12','13') LIMIT 8   [ RunTime:0.0021s ]
SQL: SELECT * FROM `category` WHERE ( pid=4 ) LIMIT 8   [ RunTime:0.0021s ]
NOTIC: [8] Undefined variable: qinzi_id /var/www/web/test/App/Home/Controller/IndexController.class.php 第 88 行.
SQL: SELECT * FROM `liveb` WHERE `name` <> '推荐' AND `cate_id` IN ('','18','19','20','40','41','42','43','44') LIMIT 8   [ RunTime:0.0022s ]
SQL: SELECT * FROM `category` WHERE ( pid=3 ) LIMIT 8   [ RunTime:0.0020s ]
NOTIC: [8] Undefined variable: bangong_id /var/www/web/test/App/Home/Controller/IndexController.class.php 第 97 行.
SQL: SELECT * FROM `liveb` WHERE `name` <> '推荐' AND `cate_id` IN ('','15','16','17','26','27','28','36','37') LIMIT 8   [ RunTime:0.0022s ]
SQL: SELECT * FROM `category` WHERE ( pid=5 ) LIMIT 8   [ RunTime:0.0021s ]
NOTIC: [8] Undefined variable: zhiye_id /var/www/web/test/App/Home/Controller/IndexController.class.php 第 106 行.
SQL: SELECT * FROM `liveb` WHERE `name` <> '推荐' AND `cate_id` IN ('','47','48','49','50','51','52','53','54') LIMIT 8   [ RunTime:0.0021s ]
SQL: SELECT * FROM `category` WHERE ( pid=14 ) LIMIT 8   [ RunTime:0.0020s ]
NOTIC: [8] Undefined variable: chanpin_id /var/www/web/test/App/Home/Controller/IndexController.class.php 第 115 行.
SQL: SELECT * FROM `liveb` WHERE `name` <> '推荐' AND `cate_id` IN ('','57','58','59','60','61','62','63','64') LIMIT 8   [ RunTime:0.0022s ]
INFO: [ view_parse ] --START--
INFO: [ template_filter ] --START--
INFO: Run Behavior\ContentReplaceBehavior [ RunTime:0.000082s ]
INFO: [ template_filter ] --END-- [ RunTime:0.000125s ]
NOTIC: [8] Undefined variable: dian /var/www/web/test/App/Runtime/Cache/Home/00e52909bed743ea261af4b6823297ff.php 第 36 行.
NOTIC: [8] Undefined index: H_user_id /var/www/web/test/App/Runtime/Cache/Home/00e52909bed743ea261af4b6823297ff.php 第 41 行.
NOTIC: [8] Undefined index: H_user_id /var/www/web/test/App/Runtime/Cache/Home/00e52909bed743ea261af4b6823297ff.php 第 62 行.
NOTIC: [8] Undefined index: H_user_id /var/www/web/test/App/Runtime/Cache/Home/00e52909bed743ea261af4b6823297ff.php 第 63 行.
NOTIC: [8] Undefined index: H_user_id /var/www/web/test/App/Runtime/Cache/Home/00e52909bed743ea261af4b6823297ff.php 第 72 行.
NOTIC: [8] Undefined variable: advert_img /var/www/web/test/App/Runtime/Cache/Home/00e52909bed743ea261af4b6823297ff.php 第 233 行.
INFO: Run Behavior\ParseTemplateBehavior [ RunTime:0.027760s ]
INFO: [ view_parse ] --END-- [ RunTime:0.027804s ]
INFO: [ view_filter ] --START--
INFO: Run Behavior\WriteHtmlCacheBehavior [ RunTime:0.000111s ]
INFO: [ view_filter ] --END-- [ RunTime:0.000146s ]
INFO: [ app_end ] --START--
INFO: Run Behavior\ShowPageTraceBehavior [ RunTime:0.000327s ]
INFO: [ app_end ] --END-- [ RunTime:0.000370s ]

[ 2018-02-15T16:21:10+08:00 ] 59.110.6.177 /
INFO: [ app_init ] --START--
INFO: Run Behavior\BuildLiteBehavior [ RunTime:0.000013s ]
INFO: [ app_init ] --END-- [ RunTime:0.000213s ]
INFO: [ app_begin ] --START--
INFO: Run Behavior\ReadHtmlCacheBehavior [ RunTime:0.000290s ]
INFO: [ app_begin ] --END-- [ RunTime:0.000334s ]
NOTIC: [8] Undefined index: H_user_id /var/www/web/test/App/Home/Controller/IndexController.class.php 第 17 行.
SQL: SHOW COLUMNS FROM `lunbo` [ RunTime:0.0030s ]
SQL: SELECT * FROM `lunbo` WHERE ( pc=1 ) ORDER BY num desc LIMIT 4   [ RunTime:0.0022s ]
SQL: SHOW COLUMNS FROM `category` [ RunTime:0.0026s ]
SQL: SELECT * FROM `category` WHERE `pid` = 0 AND `name` <> '推荐' LIMIT 5   [ RunTime:0.0021s ]
SQL: SELECT * FROM `category` WHERE ( pid=2 ) LIMIT 3   [ RunTime:0.0020s ]
SQL: SELECT * FROM `category` WHERE ( pid=2 )  [ RunTime:0.0020s ]
SQL: SHOW COLUMNS FROM `liveb` [ RunTime:0.0027s ]
SQL: SELECT * FROM `liveb` WHERE ( cate_id=2 ) LIMIT 4   [ RunTime:0.0021s ]
SQL: SELECT * FROM `category` WHERE ( pid=3 ) LIMIT 3   [ RunTime:0.0020s ]
SQL: SELECT * FROM `category` WHERE ( pid=3 )  [ RunTime:0.0021s ]
SQL: SELECT * FROM `liveb` WHERE ( cate_id=3 ) LIMIT 4   [ RunTime:0.0021s ]
SQL: SELECT * FROM `category` WHERE ( pid=4 ) LIMIT 3   [ RunTime:0.0020s ]
SQL: SELECT * FROM `category` WHERE ( pid=4 )  [ RunTime:0.0021s ]
SQL: SELECT * FROM `liveb` WHERE ( cate_id=4 ) LIMIT 4   [ RunTime:0.0021s ]
SQL: SELECT * FROM `category` WHERE ( pid=5 ) LIMIT 3   [ RunTime:0.0021s ]
SQL: SELECT * FROM `category` WHERE ( pid=5 )  [ RunTime:0.0021s ]
SQL: SELECT * FROM `liveb` WHERE ( cate_id=5 ) LIMIT 4   [ RunTime:0.0021s ]
SQL: SELECT * FROM `category` WHERE ( pid=14 ) LIMIT 3   [ RunTime:0.0020s ]
SQL: SELECT * FROM `category` WHERE ( pid=14 )  [ RunTime:0.0021s ]
SQL: SELECT * FROM `liveb` WHERE ( cate_id=14 ) LIMIT 4   [ RunTime:0.0021s ]
SQL: SELECT * FROM `liveb` WHERE ( recommend=1 ) LIMIT 5   [ RunTime:0.0021s ]
SQL: SELECT * FROM `category` WHERE ( pid=2 ) LIMIT 8   [ RunTime:0.0021s ]
NOTIC: [8] Undefined variable: yuyan_id /var/www/web/test/App/Home/Controller/IndexController.class.php 第 79 行.
SQL: SELECT * FROM `liveb` WHERE `name` <> '推荐' AND `cate_id` IN ('','6','7','8','9','10','11','12','13') LIMIT 8   [ RunTime:0.0021s ]
SQL: SELECT * FROM `category` WHERE ( pid=4 ) LIMIT 8   [ RunTime:0.0020s ]
NOTIC: [8] Undefined variable: qinzi_id /var/www/web/test/App/Home/Controller/IndexController.class.php 第 88 行.
SQL: SELECT * FROM `liveb` WHERE `name` <> '推荐' AND `cate_id` IN ('','18','19','20','40','41','42','43','44') LIMIT 8   [ RunTime:0.0021s ]
SQL: SELECT * FROM `category` WHERE ( pid=3 ) LIMIT 8   [ RunTime:0.0020s ]
NOTIC: [8] Undefined variable: bangong_id /var/www/web/test/App/Home/Controller/IndexController.class.php 第 97 行.
SQL: SELECT * FROM `liveb` WHERE `name` <> '推荐' AND `cate_id` IN ('','15','16','17','26','27','28','36','37') LIMIT 8   [ RunTime:0.0022s ]
SQL: SELECT * FROM `category` WHERE ( pid=5 ) LIMIT 8   [ RunTime:0.0021s ]
NOTIC: [8] Undefined variable: zhiye_id /var/www/web/test/App/Home/Controller/IndexController.class.php 第 106 行.
SQL: SELECT * FROM `liveb` WHERE `name` <> '推荐' AND `cate_id` IN ('','47','48','49','50','51','52','53','54') LIMIT 8   [ RunTime:0.0021s ]
SQL: SELECT * FROM `category` WHERE ( pid=14 ) LIMIT 8   [ RunTime:0.0021s ]
NOTIC: [8] Undefined variable: chanpin_id /var/www/web/test/App/Home/Controller/IndexController.class.php 第 115 行.
SQL: SELECT * FROM `liveb` WHERE `name` <> '推荐' AND `cate_id` IN ('','57','58','59','60','61','62','63','64') LIMIT 8   [ RunTime:0.0021s ]
INFO: [ view_parse ] --START--
INFO: [ template_filter ] --START--
INFO: Run Behavior\ContentReplaceBehavior [ RunTime:0.000083s ]
INFO: [ template_filter ] --END-- [ RunTime:0.000127s ]
NOTIC: [8] Undefined variable: dian /var/www/web/test/App/Runtime/Cache/Home/00e52909bed743ea261af4b6823297ff.php 第 36 行.
NOTIC: [8] Undefined index: H_user_id /var/www/web/test/App/Runtime/Cache/Home/00e52909bed743ea261af4b6823297ff.php 第 41 行.
NOTIC: [8] Undefined index: H_user_id /var/www/web/test/App/Runtime/Cache/Home/00e52909bed743ea261af4b6823297ff.php 第 62 行.
NOTIC: [8] Undefined index: H_user_id /var/www/web/test/App/Runtime/Cache/Home/00e52909bed743ea261af4b6823297ff.php 第 63 行.
NOTIC: [8] Undefined index: H_user_id /var/www/web/test/App/Runtime/Cache/Home/00e52909bed743ea261af4b6823297ff.php 第 72 行.
NOTIC: [8] Undefined variable: advert_img /var/www/web/test/App/Runtime/Cache/Home/00e52909bed743ea261af4b6823297ff.php 第 233 行.
INFO: Run Behavior\ParseTemplateBehavior [ RunTime:0.028032s ]
INFO: [ view_parse ] --END-- [ RunTime:0.028074s ]
INFO: [ view_filter ] --START--
INFO: Run Behavior\WriteHtmlCacheBehavior [ RunTime:0.000094s ]
INFO: [ view_filter ] --END-- [ RunTime:0.000127s ]

[ 2018-02-15T17:29:59+08:00 ] 140.205.225.183 /
INFO: [ app_init ] --START--
INFO: Run Behavior\BuildLiteBehavior [ RunTime:0.000014s ]
INFO: [ app_init ] --END-- [ RunTime:0.000275s ]
INFO: [ app_begin ] --START--
INFO: Run Behavior\ReadHtmlCacheBehavior [ RunTime:0.000277s ]
INFO: [ app_begin ] --END-- [ RunTime:0.000320s ]
NOTIC: [8] Undefined index: H_user_id /var/www/web/test/App/Home/Controller/IndexController.class.php 第 17 行.
SQL: SHOW COLUMNS FROM `lunbo` [ RunTime:0.0029s ]
SQL: SELECT * FROM `lunbo` WHERE ( pc=1 ) ORDER BY num desc LIMIT 4   [ RunTime:0.0021s ]
SQL: SHOW COLUMNS FROM `category` [ RunTime:0.0026s ]
SQL: SELECT * FROM `category` WHERE `pid` = 0 AND `name` <> '推荐' LIMIT 5   [ RunTime:0.0021s ]
SQL: SELECT * FROM `category` WHERE ( pid=2 ) LIMIT 3   [ RunTime:0.0020s ]
SQL: SELECT * FROM `category` WHERE ( pid=2 )  [ RunTime:0.0020s ]
SQL: SHOW COLUMNS FROM `liveb` [ RunTime:0.0027s ]
SQL: SELECT * FROM `liveb` WHERE ( cate_id=2 ) LIMIT 4   [ RunTime:0.0021s ]
SQL: SELECT * FROM `category` WHERE ( pid=3 ) LIMIT 3   [ RunTime:0.0020s ]
SQL: SELECT * FROM `category` WHERE ( pid=3 )  [ RunTime:0.0020s ]
SQL: SELECT * FROM `liveb` WHERE ( cate_id=3 ) LIMIT 4   [ RunTime:0.0020s ]
SQL: SELECT * FROM `category` WHERE ( pid=4 ) LIMIT 3   [ RunTime:0.0020s ]
SQL: SELECT * FROM `category` WHERE ( pid=4 )  [ RunTime:0.0021s ]
SQL: SELECT * FROM `liveb` WHERE ( cate_id=4 ) LIMIT 4   [ RunTime:0.0021s ]
SQL: SELECT * FROM `category` WHERE ( pid=5 ) LIMIT 3   [ RunTime:0.0021s ]
SQL: SELECT * FROM `category` WHERE ( pid=5 )  [ RunTime:0.0020s ]
SQL: SELECT * FROM `liveb` WHERE ( cate_id=5 ) LIMIT 4   [ RunTime:0.0021s ]
SQL: SELECT * FROM `category` WHERE ( pid=14 ) LIMIT 3   [ RunTime:0.0020s ]
SQL: SELECT * FROM `category` WHERE ( pid=14 )  [ RunTime:0.0021s ]
SQL: SELECT * FROM `liveb` WHERE ( cate_id=14 ) LIMIT 4   [ RunTime:0.0021s ]
SQL: SELECT * FROM `liveb` WHERE ( recommend=1 ) LIMIT 5   [ RunTime:0.0021s ]
SQL: SELECT * FROM `category` WHERE ( pid=2 ) LIMIT 8   [ RunTime:0.0021s ]
NOTIC: [8] Undefined variable: yuyan_id /var/www/web/test/App/Home/Controller/IndexController.class.php 第 79 行.
SQL: SELECT * FROM `liveb` WHERE `name` <> '推荐' AND `cate_id` IN ('','6','7','8','9','10','11','12','13') LIMIT 8   [ RunTime:0.0021s ]
SQL: SELECT * FROM `category` WHERE ( pid=4 ) LIMIT 8   [ RunTime:0.0020s ]
NOTIC: [8] Undefined variable: qinzi_id /var/www/web/test/App/Home/Controller/IndexController.class.php 第 88 行.
SQL: SELECT * FROM `liveb` WHERE `name` <> '推荐' AND `cate_id` IN ('','18','19','20','40','41','42','43','44') LIMIT 8   [ RunTime:0.0022s ]
SQL: SELECT * FROM `category` WHERE ( pid=3 ) LIMIT 8   [ RunTime:0.0020s ]
NOTIC: [8] Undefined variable: bangong_id /var/www/web/test/App/Home/Controller/IndexController.class.php 第 97 行.
SQL: SELECT * FROM `liveb` WHERE `name` <> '推荐' AND `cate_id` IN ('','15','16','17','26','27','28','36','37') LIMIT 8   [ RunTime:0.0022s ]
SQL: SELECT * FROM `category` WHERE ( pid=5 ) LIMIT 8   [ RunTime:0.0020s ]
NOTIC: [8] Undefined variable: zhiye_id /var/www/web/test/App/Home/Controller/IndexController.class.php 第 106 行.
SQL: SELECT * FROM `liveb` WHERE `name` <> '推荐' AND `cate_id` IN ('','47','48','49','50','51','52','53','54') LIMIT 8   [ RunTime:0.0022s ]
SQL: SELECT * FROM `category` WHERE ( pid=14 ) LIMIT 8   [ RunTime:0.0021s ]
NOTIC: [8] Undefined variable: chanpin_id /var/www/web/test/App/Home/Controller/IndexController.class.php 第 115 行.
SQL: SELECT * FROM `liveb` WHERE `name` <> '推荐' AND `cate_id` IN ('','57','58','59','60','61','62','63','64') LIMIT 8   [ RunTime:0.0021s ]
INFO: [ view_parse ] --START--
INFO: [ template_filter ] --START--
INFO: Run Behavior\ContentReplaceBehavior [ RunTime:0.000086s ]
INFO: [ template_filter ] --END-- [ RunTime:0.000133s ]
NOTIC: [8] Undefined variable: dian /var/www/web/test/App/Runtime/Cache/Home/00e52909bed743ea261af4b6823297ff.php 第 36 行.
NOTIC: [8] Undefined index: H_user_id /var/www/web/test/App/Runtime/Cache/Home/00e52909bed743ea261af4b6823297ff.php 第 41 行.
NOTIC: [8] Undefined index: H_user_id /var/www/web/test/App/Runtime/Cache/Home/00e52909bed743ea261af4b6823297ff.php 第 62 行.
NOTIC: [8] Undefined index: H_user_id /var/www/web/test/App/Runtime/Cache/Home/00e52909bed743ea261af4b6823297ff.php 第 63 行.
NOTIC: [8] Undefined index: H_user_id /var/www/web/test/App/Runtime/Cache/Home/00e52909bed743ea261af4b6823297ff.php 第 72 行.
NOTIC: [8] Undefined variable: advert_img /var/www/web/test/App/Runtime/Cache/Home/00e52909bed743ea261af4b6823297ff.php 第 233 行.
INFO: Run Behavior\ParseTemplateBehavior [ RunTime:0.027844s ]
INFO: [ view_parse ] --END-- [ RunTime:0.027887s ]
INFO: [ view_filter ] --START--
INFO: Run Behavior\WriteHtmlCacheBehavior [ RunTime:0.000094s ]
INFO: [ view_filter ] --END-- [ RunTime:0.000127s ]
INFO: [ app_end ] --START--
INFO: Run Behavior\ShowPageTraceBehavior [ RunTime:0.000286s ]
INFO: [ app_end ] --END-- [ RunTime:0.000332s ]

[ 2018-02-15T20:44:04+08:00 ] 220.181.108.143 /Home/courses/course/pid/24.html
INFO: [ app_init ] --START--
INFO: Run Behavior\BuildLiteBehavior [ RunTime:0.000015s ]
INFO: [ app_init ] --END-- [ RunTime:0.000243s ]
INFO: [ app_begin ] --START--
INFO: Run Behavior\ReadHtmlCacheBehavior [ RunTime:0.000275s ]
INFO: [ app_begin ] --END-- [ RunTime:0.000318s ]
NOTIC: [2048] Declaration of Home\Controller\CoursesController::show() should be compatible with that of Think\Controller::show() /var/www/web/test/App/Home/Controller/CoursesController.class.php 第 6 行.

[ 2018-02-15T20:44:04+08:00 ] 220.181.108.106 /Home/Login/index.html
INFO: [ app_init ] --START--
INFO: Run Behavior\BuildLiteBehavior [ RunTime:0.000010s ]
INFO: [ app_init ] --END-- [ RunTime:0.000202s ]
INFO: [ app_begin ] --START--
INFO: Run Behavior\ReadHtmlCacheBehavior [ RunTime:0.000305s ]
INFO: [ app_begin ] --END-- [ RunTime:0.000351s ]
INFO: [ view_parse ] --START--
INFO: [ template_filter ] --START--
INFO: Run Behavior\ContentReplaceBehavior [ RunTime:0.000042s ]
INFO: [ template_filter ] --END-- [ RunTime:0.000086s ]
INFO: Run Behavior\ParseTemplateBehavior [ RunTime:0.006663s ]
INFO: [ view_parse ] --END-- [ RunTime:0.006706s ]
INFO: [ view_filter ] --START--
INFO: Run Behavior\WriteHtmlCacheBehavior [ RunTime:0.000092s ]
INFO: [ view_filter ] --END-- [ RunTime:0.000128s ]
INFO: [ app_end ] --START--
INFO: Run Behavior\ShowPageTraceBehavior [ RunTime:0.000264s ]
INFO: [ app_end ] --END-- [ RunTime:0.000299s ]

[ 2018-02-15T20:48:44+08:00 ] 140.205.225.188 /
INFO: [ app_init ] --START--
INFO: Run Behavior\BuildLiteBehavior [ RunTime:0.000012s ]
INFO: [ app_init ] --END-- [ RunTime:0.000239s ]
INFO: [ app_begin ] --START--
INFO: Run Behavior\ReadHtmlCacheBehavior [ RunTime:0.000257s ]
INFO: [ app_begin ] --END-- [ RunTime:0.000299s ]
NOTIC: [8] Undefined index: H_user_id /var/www/web/test/App/Home/Controller/IndexController.class.php 第 17 行.
SQL: SHOW COLUMNS FROM `lunbo` [ RunTime:0.0031s ]
SQL: SELECT * FROM `lunbo` WHERE ( pc=1 ) ORDER BY num desc LIMIT 4   [ RunTime:0.0022s ]
SQL: SHOW COLUMNS FROM `category` [ RunTime:0.0027s ]
SQL: SELECT * FROM `category` WHERE `pid` = 0 AND `name` <> '推荐' LIMIT 5   [ RunTime:0.0021s ]
SQL: SELECT * FROM `category` WHERE ( pid=2 ) LIMIT 3   [ RunTime:0.0022s ]
SQL: SELECT * FROM `category` WHERE ( pid=2 )  [ RunTime:0.0021s ]
SQL: SHOW COLUMNS FROM `liveb` [ RunTime:0.0027s ]
SQL: SELECT * FROM `liveb` WHERE ( cate_id=2 ) LIMIT 4   [ RunTime:0.0022s ]
SQL: SELECT * FROM `category` WHERE ( pid=3 ) LIMIT 3   [ RunTime:0.0022s ]
SQL: SELECT * FROM `category` WHERE ( pid=3 )  [ RunTime:0.0021s ]
SQL: SELECT * FROM `liveb` WHERE ( cate_id=3 ) LIMIT 4   [ RunTime:0.0021s ]
SQL: SELECT * FROM `category` WHERE ( pid=4 ) LIMIT 3   [ RunTime:0.0021s ]
SQL: SELECT * FROM `category` WHERE ( pid=4 )  [ RunTime:0.0020s ]
SQL: SELECT * FROM `liveb` WHERE ( cate_id=4 ) LIMIT 4   [ RunTime:0.0022s ]
SQL: SELECT * FROM `category` WHERE ( pid=5 ) LIMIT 3   [ RunTime:0.0021s ]
SQL: SELECT * FROM `category` WHERE ( pid=5 )  [ RunTime:0.0022s ]
SQL: SELECT * FROM `liveb` WHERE ( cate_id=5 ) LIMIT 4   [ RunTime:0.0022s ]
SQL: SELECT * FROM `category` WHERE ( pid=14 ) LIMIT 3   [ RunTime:0.0021s ]
SQL: SELECT * FROM `category` WHERE ( pid=14 )  [ RunTime:0.0021s ]
SQL: SELECT * FROM `liveb` WHERE ( cate_id=14 ) LIMIT 4   [ RunTime:0.0022s ]
SQL: SELECT * FROM `liveb` WHERE ( recommend=1 ) LIMIT 5   [ RunTime:0.0022s ]
SQL: SELECT * FROM `category` WHERE ( pid=2 ) LIMIT 8   [ RunTime:0.0021s ]
NOTIC: [8] Undefined variable: yuyan_id /var/www/web/test/App/Home/Controller/IndexController.class.php 第 79 行.
SQL: SELECT * FROM `liveb` WHERE `name` <> '推荐' AND `cate_id` IN ('','6','7','8','9','10','11','12','13') LIMIT 8   [ RunTime:0.0022s ]
SQL: SELECT * FROM `category` WHERE ( pid=4 ) LIMIT 8   [ RunTime:0.0021s ]
NOTIC: [8] Undefined variable: qinzi_id /var/www/web/test/App/Home/Controller/IndexController.class.php 第 88 行.
SQL: SELECT * FROM `liveb` WHERE `name` <> '推荐' AND `cate_id` IN ('','18','19','20','40','41','42','43','44') LIMIT 8   [ RunTime:0.0022s ]
SQL: SELECT * FROM `category` WHERE ( pid=3 ) LIMIT 8   [ RunTime:0.0021s ]
NOTIC: [8] Undefined variable: bangong_id /var/www/web/test/App/Home/Controller/IndexController.class.php 第 97 行.
SQL: SELECT * FROM `liveb` WHERE `name` <> '推荐' AND `cate_id` IN ('','15','16','17','26','27','28','36','37') LIMIT 8   [ RunTime:0.0022s ]
SQL: SELECT * FROM `category` WHERE ( pid=5 ) LIMIT 8   [ RunTime:0.0021s ]
NOTIC: [8] Undefined variable: zhiye_id /var/www/web/test/App/Home/Controller/IndexController.class.php 第 106 行.
SQL: SELECT * FROM `liveb` WHERE `name` <> '推荐' AND `cate_id` IN ('','47','48','49','50','51','52','53','54') LIMIT 8   [ RunTime:0.0022s ]
SQL: SELECT * FROM `category` WHERE ( pid=14 ) LIMIT 8   [ RunTime:0.0021s ]
NOTIC: [8] Undefined variable: chanpin_id /var/www/web/test/App/Home/Controller/IndexController.class.php 第 115 行.
SQL: SELECT * FROM `liveb` WHERE `name` <> '推荐' AND `cate_id` IN ('','57','58','59','60','61','62','63','64') LIMIT 8   [ RunTime:0.0022s ]
INFO: [ view_parse ] --START--
INFO: [ template_filter ] --START--
INFO: Run Behavior\ContentReplaceBehavior [ RunTime:0.000079s ]
INFO: [ template_filter ] --END-- [ RunTime:0.000121s ]
NOTIC: [8] Undefined variable: dian /var/www/web/test/App/Runtime/Cache/Home/00e52909bed743ea261af4b6823297ff.php 第 36 行.
NOTIC: [8] Undefined index: H_user_id /var/www/web/test/App/Runtime/Cache/Home/00e52909bed743ea261af4b6823297ff.php 第 41 行.
NOTIC: [8] Undefined index: H_user_id /var/www/web/test/App/Runtime/Cache/Home/00e52909bed743ea261af4b6823297ff.php 第 62 行.
NOTIC: [8] Undefined index: H_user_id /var/www/web/test/App/Runtime/Cache/Home/00e52909bed743ea261af4b6823297ff.php 第 63 行.
NOTIC: [8] Undefined index: H_user_id /var/www/web/test/App/Runtime/Cache/Home/00e52909bed743ea261af4b6823297ff.php 第 72 行.
NOTIC: [8] Undefined variable: advert_img /var/www/web/test/App/Runtime/Cache/Home/00e52909bed743ea261af4b6823297ff.php 第 233 行.
INFO: Run Behavior\ParseTemplateBehavior [ RunTime:0.028344s ]
INFO: [ view_parse ] --END-- [ RunTime:0.028387s ]
INFO: [ view_filter ] --START--
INFO: Run Behavior\WriteHtmlCacheBehavior [ RunTime:0.000105s ]
INFO: [ view_filter ] --END-- [ RunTime:0.000140s ]
INFO: [ app_end ] --START--
INFO: Run Behavior\ShowPageTraceBehavior [ RunTime:0.000309s ]
INFO: [ app_end ] --END-- [ RunTime:0.000366s ]

[ 2018-02-15T21:10:53+08:00 ] 140.205.225.188 /index.php
INFO: [ app_init ] --START--
INFO: Run Behavior\BuildLiteBehavior [ RunTime:0.000011s ]
INFO: [ app_init ] --END-- [ RunTime:0.000211s ]
INFO: [ app_begin ] --START--
INFO: Run Behavior\ReadHtmlCacheBehavior [ RunTime:0.000312s ]
INFO: [ app_begin ] --END-- [ RunTime:0.000358s ]
NOTIC: [8] Undefined index: H_user_id /var/www/web/test/App/Home/Controller/IndexController.class.php 第 17 行.
SQL: SHOW COLUMNS FROM `lunbo` [ RunTime:0.0032s ]
SQL: SELECT * FROM `lunbo` WHERE ( pc=1 ) ORDER BY num desc LIMIT 4   [ RunTime:0.0021s ]
SQL: SHOW COLUMNS FROM `category` [ RunTime:0.0027s ]
SQL: SELECT * FROM `category` WHERE `pid` = 0 AND `name` <> '推荐' LIMIT 5   [ RunTime:0.0021s ]
SQL: SELECT * FROM `category` WHERE ( pid=2 ) LIMIT 3   [ RunTime:0.0020s ]
SQL: SELECT * FROM `category` WHERE ( pid=2 )  [ RunTime:0.0020s ]
SQL: SHOW COLUMNS FROM `liveb` [ RunTime:0.0028s ]
SQL: SELECT * FROM `liveb` WHERE ( cate_id=2 ) LIMIT 4   [ RunTime:0.0021s ]
SQL: SELECT * FROM `category` WHERE ( pid=3 ) LIMIT 3   [ RunTime:0.0020s ]
SQL: SELECT * FROM `category` WHERE ( pid=3 )  [ RunTime:0.0020s ]
SQL: SELECT * FROM `liveb` WHERE ( cate_id=3 ) LIMIT 4   [ RunTime:0.0021s ]
SQL: SELECT * FROM `category` WHERE ( pid=4 ) LIMIT 3   [ RunTime:0.0020s ]
SQL: SELECT * FROM `category` WHERE ( pid=4 )  [ RunTime:0.0021s ]
SQL: SELECT * FROM `liveb` WHERE ( cate_id=4 ) LIMIT 4   [ RunTime:0.0021s ]
SQL: SELECT * FROM `category` WHERE ( pid=5 ) LIMIT 3   [ RunTime:0.0021s ]
SQL: SELECT * FROM `category` WHERE ( pid=5 )  [ RunTime:0.0021s ]
SQL: SELECT * FROM `liveb` WHERE ( cate_id=5 ) LIMIT 4   [ RunTime:0.0021s ]
SQL: SELECT * FROM `category` WHERE ( pid=14 ) LIMIT 3   [ RunTime:0.0021s ]
SQL: SELECT * FROM `category` WHERE ( pid=14 )  [ RunTime:0.0020s ]
SQL: SELECT * FROM `liveb` WHERE ( cate_id=14 ) LIMIT 4   [ RunTime:0.0021s ]
SQL: SELECT * FROM `liveb` WHERE ( recommend=1 ) LIMIT 5   [ RunTime:0.0021s ]
SQL: SELECT * FROM `category` WHERE ( pid=2 ) LIMIT 8   [ RunTime:0.0021s ]
NOTIC: [8] Undefined variable: yuyan_id /var/www/web/test/App/Home/Controller/IndexController.class.php 第 79 行.
SQL: SELECT * FROM `liveb` WHERE `name` <> '推荐' AND `cate_id` IN ('','6','7','8','9','10','11','12','13') LIMIT 8   [ RunTime:0.0022s ]
SQL: SELECT * FROM `category` WHERE ( pid=4 ) LIMIT 8   [ RunTime:0.0021s ]
NOTIC: [8] Undefined variable: qinzi_id /var/www/web/test/App/Home/Controller/IndexController.class.php 第 88 行.
SQL: SELECT * FROM `liveb` WHERE `name` <> '推荐' AND `cate_id` IN ('','18','19','20','40','41','42','43','44') LIMIT 8   [ RunTime:0.0022s ]
SQL: SELECT * FROM `category` WHERE ( pid=3 ) LIMIT 8   [ RunTime:0.0020s ]
NOTIC: [8] Undefined variable: bangong_id /var/www/web/test/App/Home/Controller/IndexController.class.php 第 97 行.
SQL: SELECT * FROM `liveb` WHERE `name` <> '推荐' AND `cate_id` IN ('','15','16','17','26','27','28','36','37') LIMIT 8   [ RunTime:0.0022s ]
SQL: SELECT * FROM `category` WHERE ( pid=5 ) LIMIT 8   [ RunTime:0.0021s ]
NOTIC: [8] Undefined variable: zhiye_id /var/www/web/test/App/Home/Controller/IndexController.class.php 第 106 行.
SQL: SELECT * FROM `liveb` WHERE `name` <> '推荐' AND `cate_id` IN ('','47','48','49','50','51','52','53','54') LIMIT 8   [ RunTime:0.0022s ]
SQL: SELECT * FROM `category` WHERE ( pid=14 ) LIMIT 8   [ RunTime:0.0021s ]
NOTIC: [8] Undefined variable: chanpin_id /var/www/web/test/App/Home/Controller/IndexController.class.php 第 115 行.
SQL: SELECT * FROM `liveb` WHERE `name` <> '推荐' AND `cate_id` IN ('','57','58','59','60','61','62','63','64') LIMIT 8   [ RunTime:0.0022s ]
INFO: [ view_parse ] --START--
INFO: [ template_filter ] --START--
INFO: Run Behavior\ContentReplaceBehavior [ RunTime:0.000077s ]
INFO: [ template_filter ] --END-- [ RunTime:0.000119s ]
NOTIC: [8] Undefined variable: dian /var/www/web/test/App/Runtime/Cache/Home/00e52909bed743ea261af4b6823297ff.php 第 36 行.
NOTIC: [8] Undefined index: H_user_id /var/www/web/test/App/Runtime/Cache/Home/00e52909bed743ea261af4b6823297ff.php 第 41 行.
NOTIC: [8] Undefined index: H_user_id /var/www/web/test/App/Runtime/Cache/Home/00e52909bed743ea261af4b6823297ff.php 第 62 行.
NOTIC: [8] Undefined index: H_user_id /var/www/web/test/App/Runtime/Cache/Home/00e52909bed743ea261af4b6823297ff.php 第 63 行.
NOTIC: [8] Undefined index: H_user_id /var/www/web/test/App/Runtime/Cache/Home/00e52909bed743ea261af4b6823297ff.php 第 72 行.
NOTIC: [8] Undefined variable: advert_img /var/www/web/test/App/Runtime/Cache/Home/00e52909bed743ea261af4b6823297ff.php 第 233 行.
INFO: Run Behavior\ParseTemplateBehavior [ RunTime:0.028007s ]
INFO: [ view_parse ] --END-- [ RunTime:0.028049s ]
INFO: [ view_filter ] --START--
INFO: Run Behavior\WriteHtmlCacheBehavior [ RunTime:0.000095s ]
INFO: [ view_filter ] --END-- [ RunTime:0.000128s ]
INFO: [ app_end ] --START--
INFO: Run Behavior\ShowPageTraceBehavior [ RunTime:0.000309s ]
INFO: [ app_end ] --END-- [ RunTime:0.000351s ]

[ 2018-02-15T21:36:56+08:00 ] 140.205.225.188 /
INFO: [ app_init ] --START--
INFO: Run Behavior\BuildLiteBehavior [ RunTime:0.000012s ]
INFO: [ app_init ] --END-- [ RunTime:0.000225s ]
INFO: [ app_begin ] --START--
INFO: Run Behavior\ReadHtmlCacheBehavior [ RunTime:0.000278s ]
INFO: [ app_begin ] --END-- [ RunTime:0.000366s ]
NOTIC: [8] Undefined index: H_user_id /var/www/web/test/App/Home/Controller/IndexController.class.php 第 17 行.
SQL: SHOW COLUMNS FROM `lunbo` [ RunTime:0.0031s ]
SQL: SELECT * FROM `lunbo` WHERE ( pc=1 ) ORDER BY num desc LIMIT 4   [ RunTime:0.0022s ]
SQL: SHOW COLUMNS FROM `category` [ RunTime:0.0027s ]
SQL: SELECT * FROM `category` WHERE `pid` = 0 AND `name` <> '推荐' LIMIT 5   [ RunTime:0.0021s ]
SQL: SELECT * FROM `category` WHERE ( pid=2 ) LIMIT 3   [ RunTime:0.0020s ]
SQL: SELECT * FROM `category` WHERE ( pid=2 )  [ RunTime:0.0021s ]
SQL: SHOW COLUMNS FROM `liveb` [ RunTime:0.0028s ]
SQL: SELECT * FROM `liveb` WHERE ( cate_id=2 ) LIMIT 4   [ RunTime:0.0022s ]
SQL: SELECT * FROM `category` WHERE ( pid=3 ) LIMIT 3   [ RunTime:0.0021s ]
SQL: SELECT * FROM `category` WHERE ( pid=3 )  [ RunTime:0.0021s ]
SQL: SELECT * FROM `liveb` WHERE ( cate_id=3 ) LIMIT 4   [ RunTime:0.0022s ]
SQL: SELECT * FROM `category` WHERE ( pid=4 ) LIMIT 3   [ RunTime:0.0021s ]
SQL: SELECT * FROM `category` WHERE ( pid=4 )  [ RunTime:0.0021s ]
SQL: SELECT * FROM `liveb` WHERE ( cate_id=4 ) LIMIT 4   [ RunTime:0.0022s ]
SQL: SELECT * FROM `category` WHERE ( pid=5 ) LIMIT 3   [ RunTime:0.0021s ]
SQL: SELECT * FROM `category` WHERE ( pid=5 )  [ RunTime:0.0021s ]
SQL: SELECT * FROM `liveb` WHERE ( cate_id=5 ) LIMIT 4   [ RunTime:0.0022s ]
SQL: SELECT * FROM `category` WHERE ( pid=14 ) LIMIT 3   [ RunTime:0.0021s ]
SQL: SELECT * FROM `category` WHERE ( pid=14 )  [ RunTime:0.0021s ]
SQL: SELECT * FROM `liveb` WHERE ( cate_id=14 ) LIMIT 4   [ RunTime:0.0023s ]
SQL: SELECT * FROM `liveb` WHERE ( recommend=1 ) LIMIT 5   [ RunTime:0.0021s ]
SQL: SELECT * FROM `category` WHERE ( pid=2 ) LIMIT 8   [ RunTime:0.0021s ]
NOTIC: [8] Undefined variable: yuyan_id /var/www/web/test/App/Home/Controller/IndexController.class.php 第 79 行.
SQL: SELECT * FROM `liveb` WHERE `name` <> '推荐' AND `cate_id` IN ('','6','7','8','9','10','11','12','13') LIMIT 8   [ RunTime:0.0022s ]
SQL: SELECT * FROM `category` WHERE ( pid=4 ) LIMIT 8   [ RunTime:0.0021s ]
NOTIC: [8] Undefined variable: qinzi_id /var/www/web/test/App/Home/Controller/IndexController.class.php 第 88 行.
SQL: SELECT * FROM `liveb` WHERE `name` <> '推荐' AND `cate_id` IN ('','18','19','20','40','41','42','43','44') LIMIT 8   [ RunTime:0.0022s ]
SQL: SELECT * FROM `category` WHERE ( pid=3 ) LIMIT 8   [ RunTime:0.0021s ]
NOTIC: [8] Undefined variable: bangong_id /var/www/web/test/App/Home/Controller/IndexController.class.php 第 97 行.
SQL: SELECT * FROM `liveb` WHERE `name` <> '推荐' AND `cate_id` IN ('','15','16','17','26','27','28','36','37') LIMIT 8   [ RunTime:0.0022s ]
SQL: SELECT * FROM `category` WHERE ( pid=5 ) LIMIT 8   [ RunTime:0.0021s ]
NOTIC: [8] Undefined variable: zhiye_id /var/www/web/test/App/Home/Controller/IndexController.class.php 第 106 行.
SQL: SELECT * FROM `liveb` WHERE `name` <> '推荐' AND `cate_id` IN ('','47','48','49','50','51','52','53','54') LIMIT 8   [ RunTime:0.0022s ]
SQL: SELECT * FROM `category` WHERE ( pid=14 ) LIMIT 8   [ RunTime:0.0021s ]
NOTIC: [8] Undefined variable: chanpin_id /var/www/web/test/App/Home/Controller/IndexController.class.php 第 115 行.
SQL: SELECT * FROM `liveb` WHERE `name` <> '推荐' AND `cate_id` IN ('','57','58','59','60','61','62','63','64') LIMIT 8   [ RunTime:0.0022s ]
INFO: [ view_parse ] --START--
INFO: [ template_filter ] --START--
INFO: Run Behavior\ContentReplaceBehavior [ RunTime:0.000080s ]
INFO: [ template_filter ] --END-- [ RunTime:0.000120s ]
NOTIC: [8] Undefined variable: dian /var/www/web/test/App/Runtime/Cache/Home/00e52909bed743ea261af4b6823297ff.php 第 36 行.
NOTIC: [8] Undefined index: H_user_id /var/www/web/test/App/Runtime/Cache/Home/00e52909bed743ea261af4b6823297ff.php 第 41 行.
NOTIC: [8] Undefined index: H_user_id /var/www/web/test/App/Runtime/Cache/Home/00e52909bed743ea261af4b6823297ff.php 第 62 行.
NOTIC: [8] Undefined index: H_user_id /var/www/web/test/App/Runtime/Cache/Home/00e52909bed743ea261af4b6823297ff.php 第 63 行.
NOTIC: [8] Undefined index: H_user_id /var/www/web/test/App/Runtime/Cache/Home/00e52909bed743ea261af4b6823297ff.php 第 72 行.
NOTIC: [8] Undefined variable: advert_img /var/www/web/test/App/Runtime/Cache/Home/00e52909bed743ea261af4b6823297ff.php 第 233 行.
INFO: Run Behavior\ParseTemplateBehavior [ RunTime:0.028379s ]
INFO: [ view_parse ] --END-- [ RunTime:0.028424s ]
INFO: [ view_filter ] --START--
INFO: Run Behavior\WriteHtmlCacheBehavior [ RunTime:0.000095s ]
INFO: [ view_filter ] --END-- [ RunTime:0.000129s ]
INFO: [ app_end ] --START--
INFO: Run Behavior\ShowPageTraceBehavior [ RunTime:0.000301s ]
INFO: [ app_end ] --END-- [ RunTime:0.000344s ]

[ 2018-02-15T21:50:44+08:00 ] 123.125.71.43 /Home/courses/course/pid/34.html
INFO: [ app_init ] --START--
INFO: Run Behavior\BuildLiteBehavior [ RunTime:0.000012s ]
INFO: [ app_init ] --END-- [ RunTime:0.000241s ]
INFO: [ app_begin ] --START--
INFO: Run Behavior\ReadHtmlCacheBehavior [ RunTime:0.000280s ]
INFO: [ app_begin ] --END-- [ RunTime:0.000326s ]
NOTIC: [2048] Declaration of Home\Controller\CoursesController::show() should be compatible with that of Think\Controller::show() /var/www/web/test/App/Home/Controller/CoursesController.class.php 第 6 行.

[ 2018-02-15T21:50:44+08:00 ] 123.125.71.38 /Home/Login/index.html
INFO: [ app_init ] --START--
INFO: Run Behavior\BuildLiteBehavior [ RunTime:0.000026s ]
INFO: [ app_init ] --END-- [ RunTime:0.000297s ]
INFO: [ app_begin ] --START--
INFO: Run Behavior\ReadHtmlCacheBehavior [ RunTime:0.000383s ]
INFO: [ app_begin ] --END-- [ RunTime:0.000444s ]
INFO: [ view_parse ] --START--
INFO: [ template_filter ] --START--
INFO: Run Behavior\ContentReplaceBehavior [ RunTime:0.000059s ]
INFO: [ template_filter ] --END-- [ RunTime:0.000115s ]
INFO: Run Behavior\ParseTemplateBehavior [ RunTime:0.009558s ]
INFO: [ view_parse ] --END-- [ RunTime:0.009619s ]
INFO: [ view_filter ] --START--
INFO: Run Behavior\WriteHtmlCacheBehavior [ RunTime:0.000140s ]
INFO: [ view_filter ] --END-- [ RunTime:0.000188s ]
INFO: [ app_end ] --START--
INFO: Run Behavior\ShowPageTraceBehavior [ RunTime:0.000397s ]
INFO: [ app_end ] --END-- [ RunTime:0.000449s ]

[ 2018-02-15T22:24:04+08:00 ] 220.181.108.150 /Home/courses/course/pid/23.html
INFO: [ app_init ] --START--
INFO: Run Behavior\BuildLiteBehavior [ RunTime:0.000011s ]
INFO: [ app_init ] --END-- [ RunTime:0.000216s ]
INFO: [ app_begin ] --START--
INFO: Run Behavior\ReadHtmlCacheBehavior [ RunTime:0.000283s ]
INFO: [ app_begin ] --END-- [ RunTime:0.000342s ]
NOTIC: [2048] Declaration of Home\Controller\CoursesController::show() should be compatible with that of Think\Controller::show() /var/www/web/test/App/Home/Controller/CoursesController.class.php 第 6 行.

[ 2018-02-15T22:24:04+08:00 ] 220.181.108.93 /Home/Login/index.html
INFO: [ app_init ] --START--
INFO: Run Behavior\BuildLiteBehavior [ RunTime:0.000010s ]
INFO: [ app_init ] --END-- [ RunTime:0.000207s ]
INFO: [ app_begin ] --START--
INFO: Run Behavior\ReadHtmlCacheBehavior [ RunTime:0.000291s ]
INFO: [ app_begin ] --END-- [ RunTime:0.000335s ]
INFO: [ view_parse ] --START--
INFO: [ template_filter ] --START--
INFO: Run Behavior\ContentReplaceBehavior [ RunTime:0.000042s ]
INFO: [ template_filter ] --END-- [ RunTime:0.000087s ]
INFO: Run Behavior\ParseTemplateBehavior [ RunTime:0.006608s ]
INFO: [ view_parse ] --END-- [ RunTime:0.006653s ]
INFO: [ view_filter ] --START--
INFO: Run Behavior\WriteHtmlCacheBehavior [ RunTime:0.000092s ]
INFO: [ view_filter ] --END-- [ RunTime:0.000128s ]
INFO: [ app_end ] --START--
INFO: Run Behavior\ShowPageTraceBehavior [ RunTime:0.000287s ]
INFO: [ app_end ] --END-- [ RunTime:0.000326s ]

[ 2018-02-15T23:59:51+08:00 ] 162.243.146.188 /
INFO: [ app_init ] --START--
INFO: Run Behavior\BuildLiteBehavior [ RunTime:0.000013s ]
INFO: [ app_init ] --END-- [ RunTime:0.000218s ]
INFO: [ app_begin ] --START--
INFO: Run Behavior\ReadHtmlCacheBehavior [ RunTime:0.000300s ]
INFO: [ app_begin ] --END-- [ RunTime:0.000345s ]
NOTIC: [8] Undefined index: H_user_id /var/www/web/test/App/Home/Controller/IndexController.class.php 第 17 行.
SQL: SHOW COLUMNS FROM `lunbo` [ RunTime:0.0030s ]
SQL: SELECT * FROM `lunbo` WHERE ( pc=1 ) ORDER BY num desc LIMIT 4   [ RunTime:0.0022s ]
SQL: SHOW COLUMNS FROM `category` [ RunTime:0.0027s ]
SQL: SELECT * FROM `category` WHERE `pid` = 0 AND `name` <> '推荐' LIMIT 5   [ RunTime:0.0021s ]
SQL: SELECT * FROM `category` WHERE ( pid=2 ) LIMIT 3   [ RunTime:0.0021s ]
SQL: SELECT * FROM `category` WHERE ( pid=2 )  [ RunTime:0.0021s ]
SQL: SHOW COLUMNS FROM `liveb` [ RunTime:0.0027s ]
SQL: SELECT * FROM `liveb` WHERE ( cate_id=2 ) LIMIT 4   [ RunTime:0.0021s ]
SQL: SELECT * FROM `category` WHERE ( pid=3 ) LIMIT 3   [ RunTime:0.0021s ]
SQL: SELECT * FROM `category` WHERE ( pid=3 )  [ RunTime:0.0021s ]
SQL: SELECT * FROM `liveb` WHERE ( cate_id=3 ) LIMIT 4   [ RunTime:0.0022s ]
SQL: SELECT * FROM `category` WHERE ( pid=4 ) LIMIT 3   [ RunTime:0.0021s ]
SQL: SELECT * FROM `category` WHERE ( pid=4 )  [ RunTime:0.0021s ]
SQL: SELECT * FROM `liveb` WHERE ( cate_id=4 ) LIMIT 4   [ RunTime:0.0022s ]
SQL: SELECT * FROM `category` WHERE ( pid=5 ) LIMIT 3   [ RunTime:0.0021s ]
SQL: SELECT * FROM `category` WHERE ( pid=5 )  [ RunTime:0.0021s ]
SQL: SELECT * FROM `liveb` WHERE ( cate_id=5 ) LIMIT 4   [ RunTime:0.0021s ]
SQL: SELECT * FROM `category` WHERE ( pid=14 ) LIMIT 3   [ RunTime:0.0021s ]
SQL: SELECT * FROM `category` WHERE ( pid=14 )  [ RunTime:0.0021s ]
SQL: SELECT * FROM `liveb` WHERE ( cate_id=14 ) LIMIT 4   [ RunTime:0.0021s ]
SQL: SELECT * FROM `liveb` WHERE ( recommend=1 ) LIMIT 5   [ RunTime:0.0021s ]
SQL: SELECT * FROM `category` WHERE ( pid=2 ) LIMIT 8   [ RunTime:0.0021s ]
NOTIC: [8] Undefined variable: yuyan_id /var/www/web/test/App/Home/Controller/IndexController.class.php 第 79 行.
SQL: SELECT * FROM `liveb` WHERE `name` <> '推荐' AND `cate_id` IN ('','6','7','8','9','10','11','12','13') LIMIT 8   [ RunTime:0.0021s ]
SQL: SELECT * FROM `category` WHERE ( pid=4 ) LIMIT 8   [ RunTime:0.0021s ]
NOTIC: [8] Undefined variable: qinzi_id /var/www/web/test/App/Home/Controller/IndexController.class.php 第 88 行.
SQL: SELECT * FROM `liveb` WHERE `name` <> '推荐' AND `cate_id` IN ('','18','19','20','40','41','42','43','44') LIMIT 8   [ RunTime:0.0022s ]
SQL: SELECT * FROM `category` WHERE ( pid=3 ) LIMIT 8   [ RunTime:0.0021s ]
NOTIC: [8] Undefined variable: bangong_id /var/www/web/test/App/Home/Controller/IndexController.class.php 第 97 行.
SQL: SELECT * FROM `liveb` WHERE `name` <> '推荐' AND `cate_id` IN ('','15','16','17','26','27','28','36','37') LIMIT 8   [ RunTime:0.0022s ]
SQL: SELECT * FROM `category` WHERE ( pid=5 ) LIMIT 8   [ RunTime:0.0020s ]
NOTIC: [8] Undefined variable: zhiye_id /var/www/web/test/App/Home/Controller/IndexController.class.php 第 106 行.
SQL: SELECT * FROM `liveb` WHERE `name` <> '推荐' AND `cate_id` IN ('','47','48','49','50','51','52','53','54') LIMIT 8   [ RunTime:0.0022s ]
SQL: SELECT * FROM `category` WHERE ( pid=14 ) LIMIT 8   [ RunTime:0.0021s ]
NOTIC: [8] Undefined variable: chanpin_id /var/www/web/test/App/Home/Controller/IndexController.class.php 第 115 行.
SQL: SELECT * FROM `liveb` WHERE `name` <> '推荐' AND `cate_id` IN ('','57','58','59','60','61','62','63','64') LIMIT 8   [ RunTime:0.0022s ]
INFO: [ view_parse ] --START--
INFO: [ template_filter ] --START--
INFO: Run Behavior\ContentReplaceBehavior [ RunTime:0.000077s ]
INFO: [ template_filter ] --END-- [ RunTime:0.000119s ]
NOTIC: [8] Undefined variable: dian /var/www/web/test/App/Runtime/Cache/Home/00e52909bed743ea261af4b6823297ff.php 第 36 行.
NOTIC: [8] Undefined index: H_user_id /var/www/web/test/App/Runtime/Cache/Home/00e52909bed743ea261af4b6823297ff.php 第 41 行.
NOTIC: [8] Undefined index: H_user_id /var/www/web/test/App/Runtime/Cache/Home/00e52909bed743ea261af4b6823297ff.php 第 62 行.
NOTIC: [8] Undefined index: H_user_id /var/www/web/test/App/Runtime/Cache/Home/00e52909bed743ea261af4b6823297ff.php 第 63 行.
NOTIC: [8] Undefined index: H_user_id /var/www/web/test/App/Runtime/Cache/Home/00e52909bed743ea261af4b6823297ff.php 第 72 行.
NOTIC: [8] Undefined variable: advert_img /var/www/web/test/App/Runtime/Cache/Home/00e52909bed743ea261af4b6823297ff.php 第 233 行.
INFO: Run Behavior\ParseTemplateBehavior [ RunTime:0.028028s ]
INFO: [ view_parse ] --END-- [ RunTime:0.028070s ]
INFO: [ view_filter ] --START--
INFO: Run Behavior\WriteHtmlCacheBehavior [ RunTime:0.000093s ]
INFO: [ view_filter ] --END-- [ RunTime:0.000126s ]
INFO: [ app_end ] --START--
INFO: Run Behavior\ShowPageTraceBehavior [ RunTime:0.000326s ]
INFO: [ app_end ] --END-- [ RunTime:0.000376s ]

