[ 2018-02-23T09:13:48+08:00 ] ::1 /php/
INFO: [ app_init ] --START--
INFO: Run Behavior\BuildLiteBehavior [ RunTime:0.000000s ]
INFO: [ app_init ] --END-- [ RunTime:0.019000s ]
INFO: [ app_begin ] --START--
INFO: Run Behavior\ReadHtmlCacheBehavior [ RunTime:0.000000s ]
INFO: [ app_begin ] --END-- [ RunTime:0.000000s ]
NOTIC: [8] Undefined index: H_user_id C:\wamp64\www\PHP\App\Home\Controller\IndexController.class.php 第 17 行.
SQL: SHOW COLUMNS FROM `lunbo` [ RunTime:0.0250s ]
SQL: SELECT * FROM `lunbo` WHERE ( pc=1 ) ORDER BY num desc LIMIT 4   [ RunTime:0.0240s ]
SQL: SHOW COLUMNS FROM `category` [ RunTime:0.0250s ]
SQL: SELECT * FROM `category` WHERE `pid` = 0 AND `name` <> '推荐' LIMIT 5   [ RunTime:0.0240s ]
SQL: SELECT * FROM `category` WHERE ( pid=2 ) LIMIT 3   [ RunTime:0.0240s ]
SQL: SELECT * FROM `category` WHERE ( pid=2 )  [ RunTime:0.0240s ]
SQL: SHOW COLUMNS FROM `liveb` [ RunTime:0.0250s ]
SQL: SELECT * FROM `liveb` WHERE ( cate_id=2 ) LIMIT 4   [ RunTime:0.0250s ]
SQL: SELECT * FROM `category` WHERE ( pid=3 ) LIMIT 3   [ RunTime:0.0250s ]
SQL: SELECT * FROM `category` WHERE ( pid=3 )  [ RunTime:0.0240s ]
SQL: SELECT * FROM `liveb` WHERE ( cate_id=3 ) LIMIT 4   [ RunTime:0.0240s ]
SQL: SELECT * FROM `category` WHERE ( pid=4 ) LIMIT 3   [ RunTime:0.0240s ]
SQL: SELECT * FROM `category` WHERE ( pid=4 )  [ RunTime:0.0240s ]
SQL: SELECT * FROM `liveb` WHERE ( cate_id=4 ) LIMIT 4   [ RunTime:0.0240s ]
SQL: SELECT * FROM `category` WHERE ( pid=5 ) LIMIT 3   [ RunTime:0.0240s ]
SQL: SELECT * FROM `category` WHERE ( pid=5 )  [ RunTime:0.0240s ]
SQL: SELECT * FROM `liveb` WHERE ( cate_id=5 ) LIMIT 4   [ RunTime:0.0240s ]
SQL: SELECT * FROM `category` WHERE ( pid=14 ) LIMIT 3   [ RunTime:0.0240s ]
SQL: SELECT * FROM `category` WHERE ( pid=14 )  [ RunTime:0.0240s ]
SQL: SELECT * FROM `liveb` WHERE ( cate_id=14 ) LIMIT 4   [ RunTime:0.0240s ]
SQL: SELECT * FROM `liveb` WHERE ( recommend=1 ) LIMIT 5   [ RunTime:0.0240s ]
SQL: SELECT * FROM `category` WHERE ( pid=2 ) LIMIT 8   [ RunTime:0.0240s ]
NOTIC: [8] Undefined variable: yuyan_id C:\wamp64\www\PHP\App\Home\Controller\IndexController.class.php 第 79 行.
SQL: SELECT * FROM `liveb` WHERE `name` <> '推荐' AND `cate_id` IN ('','6','7','8','9','10','11','12','13') LIMIT 8   [ RunTime:0.0250s ]
SQL: SELECT * FROM `category` WHERE ( pid=4 ) LIMIT 8   [ RunTime:0.0240s ]
NOTIC: [8] Undefined variable: qinzi_id C:\wamp64\www\PHP\App\Home\Controller\IndexController.class.php 第 88 行.
SQL: SELECT * FROM `liveb` WHERE `name` <> '推荐' AND `cate_id` IN ('','18','19','20','40','41','42','43','44') LIMIT 8   [ RunTime:0.0250s ]
SQL: SELECT * FROM `category` WHERE ( pid=3 ) LIMIT 8   [ RunTime:0.0240s ]
NOTIC: [8] Undefined variable: bangong_id C:\wamp64\www\PHP\App\Home\Controller\IndexController.class.php 第 97 行.
SQL: SELECT * FROM `liveb` WHERE `name` <> '推荐' AND `cate_id` IN ('','15','16','17','26','27','28','36','37') LIMIT 8   [ RunTime:0.0240s ]
SQL: SELECT * FROM `category` WHERE ( pid=5 ) LIMIT 8   [ RunTime:0.0240s ]
NOTIC: [8] Undefined variable: zhiye_id C:\wamp64\www\PHP\App\Home\Controller\IndexController.class.php 第 106 行.
SQL: SELECT * FROM `liveb` WHERE `name` <> '推荐' AND `cate_id` IN ('','47','48','49','50','51','52','53','54') LIMIT 8   [ RunTime:0.0270s ]
SQL: SELECT * FROM `category` WHERE ( pid=14 ) LIMIT 8   [ RunTime:0.0240s ]
NOTIC: [8] Undefined variable: chanpin_id C:\wamp64\www\PHP\App\Home\Controller\IndexController.class.php 第 115 行.
SQL: SELECT * FROM `liveb` WHERE `name` <> '推荐' AND `cate_id` IN ('','57','58','59','60','61','62','63','64') LIMIT 8   [ RunTime:0.0250s ]
INFO: [ view_parse ] --START--
INFO: [ template_filter ] --START--
INFO: Run Behavior\ContentReplaceBehavior [ RunTime:0.001000s ]
INFO: [ template_filter ] --END-- [ RunTime:0.001000s ]
NOTIC: [8] Undefined variable: dian C:\wamp64\www\PHP\App\Runtime\Cache\Home\00e52909bed743ea261af4b6823297ff.php 第 36 行.
NOTIC: [8] Undefined index: H_user_id C:\wamp64\www\PHP\App\Runtime\Cache\Home\00e52909bed743ea261af4b6823297ff.php 第 41 行.
NOTIC: [8] Undefined index: H_user_id C:\wamp64\www\PHP\App\Runtime\Cache\Home\00e52909bed743ea261af4b6823297ff.php 第 62 行.
NOTIC: [8] Undefined index: H_user_id C:\wamp64\www\PHP\App\Runtime\Cache\Home\00e52909bed743ea261af4b6823297ff.php 第 63 行.
NOTIC: [8] Undefined index: H_user_id C:\wamp64\www\PHP\App\Runtime\Cache\Home\00e52909bed743ea261af4b6823297ff.php 第 72 行.
NOTIC: [8] Undefined variable: advert_img C:\wamp64\www\PHP\App\Runtime\Cache\Home\00e52909bed743ea261af4b6823297ff.php 第 233 行.
INFO: Run Behavior\ParseTemplateBehavior [ RunTime:0.077000s ]
INFO: [ view_parse ] --END-- [ RunTime:0.077000s ]
INFO: [ view_filter ] --START--
INFO: Run Behavior\WriteHtmlCacheBehavior [ RunTime:0.000000s ]
INFO: [ view_filter ] --END-- [ RunTime:0.001000s ]
INFO: [ app_end ] --START--
INFO: Run Behavior\ShowPageTraceBehavior [ RunTime:0.000000s ]
INFO: [ app_end ] --END-- [ RunTime:0.000000s ]

[ 2018-02-23T09:14:17+08:00 ] ::1 /php/
INFO: [ app_init ] --START--
INFO: Run Behavior\BuildLiteBehavior [ RunTime:0.000000s ]
INFO: [ app_init ] --END-- [ RunTime:0.000000s ]
INFO: [ app_begin ] --START--
INFO: Run Behavior\ReadHtmlCacheBehavior [ RunTime:0.001000s ]
INFO: [ app_begin ] --END-- [ RunTime:0.001000s ]
NOTIC: [8] Undefined index: H_user_id C:\wamp64\www\PHP\App\Home\Controller\IndexController.class.php 第 17 行.
SQL: SHOW COLUMNS FROM `lunbo` [ RunTime:0.0250s ]
SQL: SELECT * FROM `lunbo` WHERE ( pc=1 ) ORDER BY num desc LIMIT 4   [ RunTime:0.0240s ]
SQL: SHOW COLUMNS FROM `category` [ RunTime:0.0240s ]
SQL: SELECT * FROM `category` WHERE `pid` = 0 AND `name` <> '推荐' LIMIT 5   [ RunTime:0.0240s ]
SQL: SELECT * FROM `category` WHERE ( pid=2 ) LIMIT 3   [ RunTime:0.0240s ]
SQL: SELECT * FROM `category` WHERE ( pid=2 )  [ RunTime:0.0240s ]
SQL: SHOW COLUMNS FROM `liveb` [ RunTime:0.0260s ]
SQL: SELECT * FROM `liveb` WHERE ( cate_id=2 ) LIMIT 4   [ RunTime:0.0250s ]
SQL: SELECT * FROM `category` WHERE ( pid=3 ) LIMIT 3   [ RunTime:0.0240s ]
SQL: SELECT * FROM `category` WHERE ( pid=3 )  [ RunTime:0.0240s ]
SQL: SELECT * FROM `liveb` WHERE ( cate_id=3 ) LIMIT 4   [ RunTime:0.0250s ]
SQL: SELECT * FROM `category` WHERE ( pid=4 ) LIMIT 3   [ RunTime:0.0240s ]
SQL: SELECT * FROM `category` WHERE ( pid=4 )  [ RunTime:0.0240s ]
SQL: SELECT * FROM `liveb` WHERE ( cate_id=4 ) LIMIT 4   [ RunTime:0.0240s ]
SQL: SELECT * FROM `category` WHERE ( pid=5 ) LIMIT 3   [ RunTime:0.0240s ]
SQL: SELECT * FROM `category` WHERE ( pid=5 )  [ RunTime:0.0240s ]
SQL: SELECT * FROM `liveb` WHERE ( cate_id=5 ) LIMIT 4   [ RunTime:0.0250s ]
SQL: SELECT * FROM `category` WHERE ( pid=14 ) LIMIT 3   [ RunTime:0.0240s ]
SQL: SELECT * FROM `category` WHERE ( pid=14 )  [ RunTime:0.0240s ]
SQL: SELECT * FROM `liveb` WHERE ( cate_id=14 ) LIMIT 4   [ RunTime:0.0240s ]
SQL: SELECT * FROM `liveb` WHERE ( recommend=1 ) LIMIT 5   [ RunTime:0.0240s ]
SQL: SELECT * FROM `category` WHERE ( pid=2 ) LIMIT 8   [ RunTime:0.0240s ]
NOTIC: [8] Undefined variable: yuyan_id C:\wamp64\www\PHP\App\Home\Controller\IndexController.class.php 第 79 行.
SQL: SELECT * FROM `liveb` WHERE `name` <> '推荐' AND `cate_id` IN ('','6','7','8','9','10','11','12','13') LIMIT 8   [ RunTime:0.0250s ]
SQL: SELECT * FROM `category` WHERE ( pid=4 ) LIMIT 8   [ RunTime:0.0240s ]
NOTIC: [8] Undefined variable: qinzi_id C:\wamp64\www\PHP\App\Home\Controller\IndexController.class.php 第 88 行.
SQL: SELECT * FROM `liveb` WHERE `name` <> '推荐' AND `cate_id` IN ('','18','19','20','40','41','42','43','44') LIMIT 8   [ RunTime:0.0240s ]
SQL: SELECT * FROM `category` WHERE ( pid=3 ) LIMIT 8   [ RunTime:0.0240s ]
NOTIC: [8] Undefined variable: bangong_id C:\wamp64\www\PHP\App\Home\Controller\IndexController.class.php 第 97 行.
SQL: SELECT * FROM `liveb` WHERE `name` <> '推荐' AND `cate_id` IN ('','15','16','17','26','27','28','36','37') LIMIT 8   [ RunTime:0.0250s ]
SQL: SELECT * FROM `category` WHERE ( pid=5 ) LIMIT 8   [ RunTime:0.0240s ]
NOTIC: [8] Undefined variable: zhiye_id C:\wamp64\www\PHP\App\Home\Controller\IndexController.class.php 第 106 行.
SQL: SELECT * FROM `liveb` WHERE `name` <> '推荐' AND `cate_id` IN ('','47','48','49','50','51','52','53','54') LIMIT 8   [ RunTime:0.0240s ]
SQL: SELECT * FROM `category` WHERE ( pid=14 ) LIMIT 8   [ RunTime:0.0240s ]
NOTIC: [8] Undefined variable: chanpin_id C:\wamp64\www\PHP\App\Home\Controller\IndexController.class.php 第 115 行.
SQL: SELECT * FROM `liveb` WHERE `name` <> '推荐' AND `cate_id` IN ('','57','58','59','60','61','62','63','64') LIMIT 8   [ RunTime:0.0250s ]
INFO: [ view_parse ] --START--
INFO: [ template_filter ] --START--
INFO: Run Behavior\ContentReplaceBehavior [ RunTime:0.001000s ]
INFO: [ template_filter ] --END-- [ RunTime:0.001000s ]
NOTIC: [8] Undefined variable: dian C:\wamp64\www\PHP\App\Runtime\Cache\Home\00e52909bed743ea261af4b6823297ff.php 第 36 行.
NOTIC: [8] Undefined index: H_user_id C:\wamp64\www\PHP\App\Runtime\Cache\Home\00e52909bed743ea261af4b6823297ff.php 第 41 行.
NOTIC: [8] Undefined index: H_user_id C:\wamp64\www\PHP\App\Runtime\Cache\Home\00e52909bed743ea261af4b6823297ff.php 第 62 行.
NOTIC: [8] Undefined index: H_user_id C:\wamp64\www\PHP\App\Runtime\Cache\Home\00e52909bed743ea261af4b6823297ff.php 第 63 行.
NOTIC: [8] Undefined index: H_user_id C:\wamp64\www\PHP\App\Runtime\Cache\Home\00e52909bed743ea261af4b6823297ff.php 第 72 行.
NOTIC: [8] Undefined variable: advert_img C:\wamp64\www\PHP\App\Runtime\Cache\Home\00e52909bed743ea261af4b6823297ff.php 第 233 行.
INFO: Run Behavior\ParseTemplateBehavior [ RunTime:0.066000s ]
INFO: [ view_parse ] --END-- [ RunTime:0.066000s ]
INFO: [ view_filter ] --START--
INFO: Run Behavior\WriteHtmlCacheBehavior [ RunTime:0.001000s ]
INFO: [ view_filter ] --END-- [ RunTime:0.001000s ]
INFO: [ app_end ] --START--
INFO: Run Behavior\ShowPageTraceBehavior [ RunTime:0.001000s ]
INFO: [ app_end ] --END-- [ RunTime:0.001000s ]

[ 2018-02-23T09:15:05+08:00 ] ::1 /php/
INFO: [ app_init ] --START--
INFO: Run Behavior\BuildLiteBehavior [ RunTime:0.000000s ]
INFO: [ app_init ] --END-- [ RunTime:0.001000s ]
INFO: [ app_begin ] --START--
INFO: Run Behavior\ReadHtmlCacheBehavior [ RunTime:0.001000s ]
INFO: [ app_begin ] --END-- [ RunTime:0.001000s ]
NOTIC: [8] Undefined index: H_user_id C:\wamp64\www\PHP\App\Home\Controller\IndexController.class.php 第 17 行.
SQL: SHOW COLUMNS FROM `lunbo` [ RunTime:0.0250s ]
SQL: SELECT * FROM `lunbo` WHERE ( pc=1 ) ORDER BY num desc LIMIT 4   [ RunTime:0.0240s ]
SQL: SHOW COLUMNS FROM `category` [ RunTime:0.0240s ]
SQL: SELECT * FROM `category` WHERE `pid` = 0 AND `name` <> '推荐' LIMIT 5   [ RunTime:0.0250s ]
SQL: SELECT * FROM `category` WHERE ( pid=2 ) LIMIT 3   [ RunTime:0.0240s ]
SQL: SELECT * FROM `category` WHERE ( pid=2 )  [ RunTime:0.0240s ]
SQL: SHOW COLUMNS FROM `liveb` [ RunTime:0.0250s ]
SQL: SELECT * FROM `liveb` WHERE ( cate_id=2 ) LIMIT 4   [ RunTime:0.0250s ]
SQL: SELECT * FROM `category` WHERE ( pid=3 ) LIMIT 3   [ RunTime:0.0240s ]
SQL: SELECT * FROM `category` WHERE ( pid=3 )  [ RunTime:0.0240s ]
SQL: SELECT * FROM `liveb` WHERE ( cate_id=3 ) LIMIT 4   [ RunTime:0.0240s ]
SQL: SELECT * FROM `category` WHERE ( pid=4 ) LIMIT 3   [ RunTime:0.0240s ]
SQL: SELECT * FROM `category` WHERE ( pid=4 )  [ RunTime:0.0250s ]
SQL: SELECT * FROM `liveb` WHERE ( cate_id=4 ) LIMIT 4   [ RunTime:0.0250s ]
SQL: SELECT * FROM `category` WHERE ( pid=5 ) LIMIT 3   [ RunTime:0.0240s ]
SQL: SELECT * FROM `category` WHERE ( pid=5 )  [ RunTime:0.0240s ]
SQL: SELECT * FROM `liveb` WHERE ( cate_id=5 ) LIMIT 4   [ RunTime:0.0250s ]
SQL: SELECT * FROM `category` WHERE ( pid=14 ) LIMIT 3   [ RunTime:0.0240s ]
SQL: SELECT * FROM `category` WHERE ( pid=14 )  [ RunTime:0.0240s ]
SQL: SELECT * FROM `liveb` WHERE ( cate_id=14 ) LIMIT 4   [ RunTime:0.0250s ]
SQL: SELECT * FROM `liveb` WHERE ( recommend=1 ) LIMIT 5   [ RunTime:0.0260s ]
SQL: SELECT * FROM `category` WHERE ( pid=2 ) LIMIT 8   [ RunTime:0.0240s ]
NOTIC: [8] Undefined variable: yuyan_id C:\wamp64\www\PHP\App\Home\Controller\IndexController.class.php 第 79 行.
SQL: SELECT * FROM `liveb` WHERE `name` <> '推荐' AND `cate_id` IN ('','6','7','8','9','10','11','12','13') LIMIT 8   [ RunTime:0.0250s ]
SQL: SELECT * FROM `category` WHERE ( pid=4 ) LIMIT 8   [ RunTime:0.0240s ]
NOTIC: [8] Undefined variable: qinzi_id C:\wamp64\www\PHP\App\Home\Controller\IndexController.class.php 第 88 行.
SQL: SELECT * FROM `liveb` WHERE `name` <> '推荐' AND `cate_id` IN ('','18','19','20','40','41','42','43','44') LIMIT 8   [ RunTime:0.0250s ]
SQL: SELECT * FROM `category` WHERE ( pid=3 ) LIMIT 8   [ RunTime:0.0230s ]
NOTIC: [8] Undefined variable: bangong_id C:\wamp64\www\PHP\App\Home\Controller\IndexController.class.php 第 97 行.
SQL: SELECT * FROM `liveb` WHERE `name` <> '推荐' AND `cate_id` IN ('','15','16','17','26','27','28','36','37') LIMIT 8   [ RunTime:0.0250s ]
SQL: SELECT * FROM `category` WHERE ( pid=5 ) LIMIT 8   [ RunTime:0.0250s ]
NOTIC: [8] Undefined variable: zhiye_id C:\wamp64\www\PHP\App\Home\Controller\IndexController.class.php 第 106 行.
SQL: SELECT * FROM `liveb` WHERE `name` <> '推荐' AND `cate_id` IN ('','47','48','49','50','51','52','53','54') LIMIT 8   [ RunTime:0.0250s ]
SQL: SELECT * FROM `category` WHERE ( pid=14 ) LIMIT 8   [ RunTime:0.0240s ]
NOTIC: [8] Undefined variable: chanpin_id C:\wamp64\www\PHP\App\Home\Controller\IndexController.class.php 第 115 行.
SQL: SELECT * FROM `liveb` WHERE `name` <> '推荐' AND `cate_id` IN ('','57','58','59','60','61','62','63','64') LIMIT 8   [ RunTime:0.0250s ]
INFO: [ view_parse ] --START--
INFO: [ template_filter ] --START--
INFO: Run Behavior\ContentReplaceBehavior [ RunTime:0.000000s ]
INFO: [ template_filter ] --END-- [ RunTime:0.001000s ]
NOTIC: [8] Undefined variable: dian C:\wamp64\www\PHP\App\Runtime\Cache\Home\00e52909bed743ea261af4b6823297ff.php 第 36 行.
NOTIC: [8] Undefined index: H_user_id C:\wamp64\www\PHP\App\Runtime\Cache\Home\00e52909bed743ea261af4b6823297ff.php 第 41 行.
NOTIC: [8] Undefined index: H_user_id C:\wamp64\www\PHP\App\Runtime\Cache\Home\00e52909bed743ea261af4b6823297ff.php 第 62 行.
NOTIC: [8] Undefined index: H_user_id C:\wamp64\www\PHP\App\Runtime\Cache\Home\00e52909bed743ea261af4b6823297ff.php 第 63 行.
NOTIC: [8] Undefined index: H_user_id C:\wamp64\www\PHP\App\Runtime\Cache\Home\00e52909bed743ea261af4b6823297ff.php 第 72 行.
NOTIC: [8] Undefined variable: advert_img C:\wamp64\www\PHP\App\Runtime\Cache\Home\00e52909bed743ea261af4b6823297ff.php 第 233 行.
INFO: Run Behavior\ParseTemplateBehavior [ RunTime:0.076000s ]
INFO: [ view_parse ] --END-- [ RunTime:0.076000s ]
INFO: [ view_filter ] --START--
INFO: Run Behavior\WriteHtmlCacheBehavior [ RunTime:0.001000s ]
INFO: [ view_filter ] --END-- [ RunTime:0.001000s ]
INFO: [ app_end ] --START--
INFO: Run Behavior\ShowPageTraceBehavior [ RunTime:0.004000s ]
INFO: [ app_end ] --END-- [ RunTime:0.005000s ]

