[ 2018-02-12T14:49:08+08:00 ] 61.189.33.149 /admin.php
INFO: [ app_init ] --START--
INFO: Run Behavior\BuildLiteBehavior [ RunTime:0.000013s ]
INFO: [ app_init ] --END-- [ RunTime:0.000249s ]
INFO: [ app_begin ] --START--
INFO: Run Behavior\ReadHtmlCacheBehavior [ RunTime:0.000299s ]
INFO: [ app_begin ] --END-- [ RunTime:0.000344s ]
ERR: 无法加载控制器:Index

[ 2018-02-12T14:50:11+08:00 ] 223.167.152.124 /admin.php
INFO: [ app_init ] --START--
INFO: Run Behavior\BuildLiteBehavior [ RunTime:0.000012s ]
INFO: [ app_init ] --END-- [ RunTime:0.000221s ]
INFO: [ app_begin ] --START--
INFO: Run Behavior\ReadHtmlCacheBehavior [ RunTime:0.000349s ]
INFO: [ app_begin ] --END-- [ RunTime:0.000396s ]
ERR: 无法加载控制器:Index

[ 2018-02-12T14:50:13+08:00 ] 61.189.33.149 /admin.php
INFO: [ app_init ] --START--
INFO: Run Behavior\BuildLiteBehavior [ RunTime:0.000012s ]
INFO: [ app_init ] --END-- [ RunTime:0.000228s ]
INFO: [ app_begin ] --START--
INFO: Run Behavior\ReadHtmlCacheBehavior [ RunTime:0.000355s ]
INFO: [ app_begin ] --END-- [ RunTime:0.000404s ]
ERR: 无法加载控制器:Index

[ 2018-02-12T14:50:13+08:00 ] 61.189.33.149 /admin.php
INFO: [ app_init ] --START--
INFO: Run Behavior\BuildLiteBehavior [ RunTime:0.000013s ]
INFO: [ app_init ] --END-- [ RunTime:0.000232s ]
INFO: [ app_begin ] --START--
INFO: Run Behavior\ReadHtmlCacheBehavior [ RunTime:0.000297s ]
INFO: [ app_begin ] --END-- [ RunTime:0.000338s ]
ERR: 无法加载控制器:Index

[ 2018-02-12T14:50:13+08:00 ] 61.189.33.149 /admin.php
INFO: [ app_init ] --START--
INFO: Run Behavior\BuildLiteBehavior [ RunTime:0.000012s ]
INFO: [ app_init ] --END-- [ RunTime:0.000234s ]
INFO: [ app_begin ] --START--
INFO: Run Behavior\ReadHtmlCacheBehavior [ RunTime:0.000273s ]
INFO: [ app_begin ] --END-- [ RunTime:0.000313s ]
ERR: 无法加载控制器:Index

[ 2018-02-12T14:50:14+08:00 ] 61.189.33.149 /admin.php
INFO: [ app_init ] --START--
INFO: Run Behavior\BuildLiteBehavior [ RunTime:0.000014s ]
INFO: [ app_init ] --END-- [ RunTime:0.000245s ]
INFO: [ app_begin ] --START--
INFO: Run Behavior\ReadHtmlCacheBehavior [ RunTime:0.000276s ]
INFO: [ app_begin ] --END-- [ RunTime:0.000314s ]
ERR: 无法加载控制器:Index

[ 2018-02-12T14:50:14+08:00 ] 61.189.33.149 /admin.php
INFO: [ app_init ] --START--
INFO: Run Behavior\BuildLiteBehavior [ RunTime:0.000012s ]
INFO: [ app_init ] --END-- [ RunTime:0.000226s ]
INFO: [ app_begin ] --START--
INFO: Run Behavior\ReadHtmlCacheBehavior [ RunTime:0.000274s ]
INFO: [ app_begin ] --END-- [ RunTime:0.000316s ]
ERR: 无法加载控制器:Index

[ 2018-02-12T14:50:31+08:00 ] 61.189.33.149 /Admin
INFO: [ app_init ] --START--
INFO: Run Behavior\BuildLiteBehavior [ RunTime:0.000011s ]
INFO: [ app_init ] --END-- [ RunTime:0.000223s ]
INFO: [ app_begin ] --START--
INFO: Run Behavior\ReadHtmlCacheBehavior [ RunTime:0.000281s ]
INFO: [ app_begin ] --END-- [ RunTime:0.000324s ]
ERR: 无法加载控制器:Index

[ 2018-02-12T14:50:34+08:00 ] 61.189.33.149 /Admin
INFO: [ app_init ] --START--
INFO: Run Behavior\BuildLiteBehavior [ RunTime:0.000013s ]
INFO: [ app_init ] --END-- [ RunTime:0.000219s ]
INFO: [ app_begin ] --START--
INFO: Run Behavior\ReadHtmlCacheBehavior [ RunTime:0.000290s ]
INFO: [ app_begin ] --END-- [ RunTime:0.000333s ]
ERR: 无法加载控制器:Index

[ 2018-02-12T14:51:31+08:00 ] 112.65.193.14 /Admin
INFO: [ app_init ] --START--
INFO: Run Behavior\BuildLiteBehavior [ RunTime:0.000014s ]
INFO: [ app_init ] --END-- [ RunTime:0.000248s ]
INFO: [ app_begin ] --START--
INFO: Run Behavior\ReadHtmlCacheBehavior [ RunTime:0.000269s ]
INFO: [ app_begin ] --END-- [ RunTime:0.000308s ]
ERR: 无法加载控制器:Index

[ 2018-02-12T14:52:19+08:00 ] 61.189.33.149 /admin.php
INFO: [ app_init ] --START--
INFO: Run Behavior\BuildLiteBehavior [ RunTime:0.000013s ]
INFO: [ app_init ] --END-- [ RunTime:0.000237s ]
INFO: [ app_begin ] --START--
INFO: Run Behavior\ReadHtmlCacheBehavior [ RunTime:0.000279s ]
INFO: [ app_begin ] --END-- [ RunTime:0.000323s ]
ERR: 无法加载控制器:Index

[ 2018-02-12T14:52:19+08:00 ] 61.189.33.149 /admin.php
INFO: [ app_init ] --START--
INFO: Run Behavior\BuildLiteBehavior [ RunTime:0.000013s ]
INFO: [ app_init ] --END-- [ RunTime:0.000225s ]
INFO: [ app_begin ] --START--
INFO: Run Behavior\ReadHtmlCacheBehavior [ RunTime:0.000285s ]
INFO: [ app_begin ] --END-- [ RunTime:0.000327s ]
ERR: 无法加载控制器:Index

[ 2018-02-12T14:52:19+08:00 ] 61.189.33.149 /admin.php
INFO: [ app_init ] --START--
INFO: Run Behavior\BuildLiteBehavior [ RunTime:0.000012s ]
INFO: [ app_init ] --END-- [ RunTime:0.000216s ]
INFO: [ app_begin ] --START--
INFO: Run Behavior\ReadHtmlCacheBehavior [ RunTime:0.000363s ]
INFO: [ app_begin ] --END-- [ RunTime:0.000410s ]
ERR: 无法加载控制器:Index

[ 2018-02-12T14:52:19+08:00 ] 61.189.33.149 /admin.php
INFO: [ app_init ] --START--
INFO: Run Behavior\BuildLiteBehavior [ RunTime:0.000012s ]
INFO: [ app_init ] --END-- [ RunTime:0.000216s ]
INFO: [ app_begin ] --START--
INFO: Run Behavior\ReadHtmlCacheBehavior [ RunTime:0.000285s ]
INFO: [ app_begin ] --END-- [ RunTime:0.000325s ]
ERR: 无法加载控制器:Index

[ 2018-02-12T14:52:19+08:00 ] 61.189.33.149 /admin.php
INFO: [ app_init ] --START--
INFO: Run Behavior\BuildLiteBehavior [ RunTime:0.000011s ]
INFO: [ app_init ] --END-- [ RunTime:0.000211s ]
INFO: [ app_begin ] --START--
INFO: Run Behavior\ReadHtmlCacheBehavior [ RunTime:0.000276s ]
INFO: [ app_begin ] --END-- [ RunTime:0.000316s ]
ERR: 无法加载控制器:Index

[ 2018-02-12T14:53:08+08:00 ] 61.189.33.149 /admin.php
INFO: [ app_init ] --START--
INFO: Run Behavior\BuildLiteBehavior [ RunTime:0.000014s ]
INFO: [ app_init ] --END-- [ RunTime:0.000238s ]
INFO: [ app_begin ] --START--
INFO: Run Behavior\ReadHtmlCacheBehavior [ RunTime:0.000319s ]
INFO: [ app_begin ] --END-- [ RunTime:0.000362s ]
ERR: 无法加载控制器:Index

[ 2018-02-12T14:53:08+08:00 ] 61.189.33.149 /admin.php
INFO: [ app_init ] --START--
INFO: Run Behavior\BuildLiteBehavior [ RunTime:0.000011s ]
INFO: [ app_init ] --END-- [ RunTime:0.000236s ]
INFO: [ app_begin ] --START--
INFO: Run Behavior\ReadHtmlCacheBehavior [ RunTime:0.000295s ]
INFO: [ app_begin ] --END-- [ RunTime:0.000334s ]
ERR: 无法加载控制器:Index

[ 2018-02-12T14:53:08+08:00 ] 61.189.33.149 /admin.php
INFO: [ app_init ] --START--
INFO: Run Behavior\BuildLiteBehavior [ RunTime:0.000013s ]
INFO: [ app_init ] --END-- [ RunTime:0.000228s ]
INFO: [ app_begin ] --START--
INFO: Run Behavior\ReadHtmlCacheBehavior [ RunTime:0.000256s ]
INFO: [ app_begin ] --END-- [ RunTime:0.000292s ]
ERR: 无法加载控制器:Index

[ 2018-02-12T14:53:08+08:00 ] 61.189.33.149 /admin.php
INFO: [ app_init ] --START--
INFO: Run Behavior\BuildLiteBehavior [ RunTime:0.000011s ]
INFO: [ app_init ] --END-- [ RunTime:0.000219s ]
INFO: [ app_begin ] --START--
INFO: Run Behavior\ReadHtmlCacheBehavior [ RunTime:0.000294s ]
INFO: [ app_begin ] --END-- [ RunTime:0.000334s ]
ERR: 无法加载控制器:Index

[ 2018-02-12T14:53:09+08:00 ] 61.189.33.149 /admin.php
INFO: [ app_init ] --START--
INFO: Run Behavior\BuildLiteBehavior [ RunTime:0.000013s ]
INFO: [ app_init ] --END-- [ RunTime:0.000214s ]
INFO: [ app_begin ] --START--
INFO: Run Behavior\ReadHtmlCacheBehavior [ RunTime:0.000340s ]
INFO: [ app_begin ] --END-- [ RunTime:0.000383s ]
ERR: 无法加载控制器:Index

[ 2018-02-12T14:53:09+08:00 ] 61.189.33.149 /admin.php
INFO: [ app_init ] --START--
INFO: Run Behavior\BuildLiteBehavior [ RunTime:0.000012s ]
INFO: [ app_init ] --END-- [ RunTime:0.000207s ]
INFO: [ app_begin ] --START--
INFO: Run Behavior\ReadHtmlCacheBehavior [ RunTime:0.000263s ]
INFO: [ app_begin ] --END-- [ RunTime:0.000300s ]
ERR: 无法加载控制器:Index

[ 2018-02-12T14:53:09+08:00 ] 61.189.33.149 /admin.php
INFO: [ app_init ] --START--
INFO: Run Behavior\BuildLiteBehavior [ RunTime:0.000014s ]
INFO: [ app_init ] --END-- [ RunTime:0.000241s ]
INFO: [ app_begin ] --START--
INFO: Run Behavior\ReadHtmlCacheBehavior [ RunTime:0.000270s ]
INFO: [ app_begin ] --END-- [ RunTime:0.000310s ]
ERR: 无法加载控制器:Index

[ 2018-02-12T14:53:09+08:00 ] 61.189.33.149 /admin.php
INFO: [ app_init ] --START--
INFO: Run Behavior\BuildLiteBehavior [ RunTime:0.000012s ]
INFO: [ app_init ] --END-- [ RunTime:0.000229s ]
INFO: [ app_begin ] --START--
INFO: Run Behavior\ReadHtmlCacheBehavior [ RunTime:0.000275s ]
INFO: [ app_begin ] --END-- [ RunTime:0.000318s ]
ERR: 无法加载控制器:Index

[ 2018-02-12T14:54:11+08:00 ] 61.189.33.149 /admin.php
INFO: [ app_init ] --START--
INFO: Run Behavior\BuildLiteBehavior [ RunTime:0.000012s ]
INFO: [ app_init ] --END-- [ RunTime:0.000241s ]
INFO: [ app_begin ] --START--
INFO: Run Behavior\ReadHtmlCacheBehavior [ RunTime:0.000292s ]
INFO: [ app_begin ] --END-- [ RunTime:0.000336s ]
ERR: 无法加载控制器:Index

[ 2018-02-12T14:54:42+08:00 ] 61.189.33.149 /admin.php
INFO: [ app_init ] --START--
INFO: Run Behavior\BuildLiteBehavior [ RunTime:0.000018s ]
INFO: [ app_init ] --END-- [ RunTime:0.000338s ]
INFO: [ app_begin ] --START--
INFO: Run Behavior\ReadHtmlCacheBehavior [ RunTime:0.000527s ]
INFO: [ app_begin ] --END-- [ RunTime:0.000580s ]
ERR: 无法加载控制器:Index

[ 2018-02-12T14:54:44+08:00 ] 61.189.33.149 /admin.php
INFO: [ app_init ] --START--
INFO: Run Behavior\BuildLiteBehavior [ RunTime:0.000012s ]
INFO: [ app_init ] --END-- [ RunTime:0.000244s ]
INFO: [ app_begin ] --START--
INFO: Run Behavior\ReadHtmlCacheBehavior [ RunTime:0.000280s ]
INFO: [ app_begin ] --END-- [ RunTime:0.000320s ]
ERR: 无法加载控制器:Index

[ 2018-02-12T14:55:45+08:00 ] 58.246.221.73 /admin.php
INFO: [ app_init ] --START--
INFO: Run Behavior\BuildLiteBehavior [ RunTime:0.000013s ]
INFO: [ app_init ] --END-- [ RunTime:0.000228s ]
INFO: [ app_begin ] --START--
INFO: Run Behavior\ReadHtmlCacheBehavior [ RunTime:0.000294s ]
INFO: [ app_begin ] --END-- [ RunTime:0.000336s ]
ERR: 无法加载控制器:Index

[ 2018-02-12T14:58:38+08:00 ] 61.189.33.149 /admin.php
INFO: [ app_init ] --START--
INFO: Run Behavior\BuildLiteBehavior [ RunTime:0.000014s ]
INFO: [ app_init ] --END-- [ RunTime:0.000244s ]
INFO: [ app_begin ] --START--
INFO: Run Behavior\ReadHtmlCacheBehavior [ RunTime:0.000267s ]
INFO: [ app_begin ] --END-- [ RunTime:0.000304s ]
ERR: 无法加载控制器:Index

[ 2018-02-12T14:58:38+08:00 ] 61.189.33.149 /admin.php
INFO: [ app_init ] --START--
INFO: Run Behavior\BuildLiteBehavior [ RunTime:0.000013s ]
INFO: [ app_init ] --END-- [ RunTime:0.000206s ]
INFO: [ app_begin ] --START--
INFO: Run Behavior\ReadHtmlCacheBehavior [ RunTime:0.000260s ]
INFO: [ app_begin ] --END-- [ RunTime:0.000298s ]
ERR: 无法加载控制器:Index

[ 2018-02-12T14:58:38+08:00 ] 61.189.33.149 /admin.php
INFO: [ app_init ] --START--
INFO: Run Behavior\BuildLiteBehavior [ RunTime:0.000014s ]
INFO: [ app_init ] --END-- [ RunTime:0.000265s ]
INFO: [ app_begin ] --START--
INFO: Run Behavior\ReadHtmlCacheBehavior [ RunTime:0.000294s ]
INFO: [ app_begin ] --END-- [ RunTime:0.000336s ]
ERR: 无法加载控制器:Index

[ 2018-02-12T14:58:38+08:00 ] 61.189.33.149 /admin.php
INFO: [ app_init ] --START--
INFO: Run Behavior\BuildLiteBehavior [ RunTime:0.000012s ]
INFO: [ app_init ] --END-- [ RunTime:0.000240s ]
INFO: [ app_begin ] --START--
INFO: Run Behavior\ReadHtmlCacheBehavior [ RunTime:0.000299s ]
INFO: [ app_begin ] --END-- [ RunTime:0.000339s ]
ERR: 无法加载控制器:Index

[ 2018-02-12T14:58:38+08:00 ] 61.189.33.149 /admin.php
INFO: [ app_init ] --START--
INFO: Run Behavior\BuildLiteBehavior [ RunTime:0.000021s ]
INFO: [ app_init ] --END-- [ RunTime:0.000224s ]
INFO: [ app_begin ] --START--
INFO: Run Behavior\ReadHtmlCacheBehavior [ RunTime:0.000292s ]
INFO: [ app_begin ] --END-- [ RunTime:0.000330s ]
ERR: 无法加载控制器:Index

[ 2018-02-12T14:58:39+08:00 ] 61.189.33.149 /admin.php
INFO: [ app_init ] --START--
INFO: Run Behavior\BuildLiteBehavior [ RunTime:0.000012s ]
INFO: [ app_init ] --END-- [ RunTime:0.000221s ]
INFO: [ app_begin ] --START--
INFO: Run Behavior\ReadHtmlCacheBehavior [ RunTime:0.000273s ]
INFO: [ app_begin ] --END-- [ RunTime:0.000314s ]
ERR: 无法加载控制器:Index

[ 2018-02-12T14:58:39+08:00 ] 61.189.33.149 /admin.php
INFO: [ app_init ] --START--
INFO: Run Behavior\BuildLiteBehavior [ RunTime:0.000013s ]
INFO: [ app_init ] --END-- [ RunTime:0.000264s ]
INFO: [ app_begin ] --START--
INFO: Run Behavior\ReadHtmlCacheBehavior [ RunTime:0.000334s ]
INFO: [ app_begin ] --END-- [ RunTime:0.000376s ]
ERR: 无法加载控制器:Index

[ 2018-02-12T14:58:39+08:00 ] 61.189.33.149 /admin.php
INFO: [ app_init ] --START--
INFO: Run Behavior\BuildLiteBehavior [ RunTime:0.000012s ]
INFO: [ app_init ] --END-- [ RunTime:0.000215s ]
INFO: [ app_begin ] --START--
INFO: Run Behavior\ReadHtmlCacheBehavior [ RunTime:0.000290s ]
INFO: [ app_begin ] --END-- [ RunTime:0.000331s ]
ERR: 无法加载控制器:Index

[ 2018-02-12T14:58:39+08:00 ] 61.189.33.149 /admin.php
INFO: [ app_init ] --START--
INFO: Run Behavior\BuildLiteBehavior [ RunTime:0.000012s ]
INFO: [ app_init ] --END-- [ RunTime:0.000238s ]
INFO: [ app_begin ] --START--
INFO: Run Behavior\ReadHtmlCacheBehavior [ RunTime:0.000274s ]
INFO: [ app_begin ] --END-- [ RunTime:0.000313s ]
ERR: 无法加载控制器:Index

[ 2018-02-12T14:58:39+08:00 ] 61.189.33.149 /admin.php
INFO: [ app_init ] --START--
INFO: Run Behavior\BuildLiteBehavior [ RunTime:0.000011s ]
INFO: [ app_init ] --END-- [ RunTime:0.000211s ]
INFO: [ app_begin ] --START--
INFO: Run Behavior\ReadHtmlCacheBehavior [ RunTime:0.000293s ]
INFO: [ app_begin ] --END-- [ RunTime:0.000333s ]
ERR: 无法加载控制器:Index

[ 2018-02-12T14:58:40+08:00 ] 61.189.33.149 /admin.php
INFO: [ app_init ] --START--
INFO: Run Behavior\BuildLiteBehavior [ RunTime:0.000012s ]
INFO: [ app_init ] --END-- [ RunTime:0.000226s ]
INFO: [ app_begin ] --START--
INFO: Run Behavior\ReadHtmlCacheBehavior [ RunTime:0.000260s ]
INFO: [ app_begin ] --END-- [ RunTime:0.000299s ]
ERR: 无法加载控制器:Index

[ 2018-02-12T14:58:40+08:00 ] 61.189.33.149 /admin.php
INFO: [ app_init ] --START--
INFO: Run Behavior\BuildLiteBehavior [ RunTime:0.000010s ]
INFO: [ app_init ] --END-- [ RunTime:0.000207s ]
INFO: [ app_begin ] --START--
INFO: Run Behavior\ReadHtmlCacheBehavior [ RunTime:0.000373s ]
INFO: [ app_begin ] --END-- [ RunTime:0.000429s ]
ERR: 无法加载控制器:Index

[ 2018-02-12T14:58:40+08:00 ] 61.189.33.149 /admin.php
INFO: [ app_init ] --START--
INFO: Run Behavior\BuildLiteBehavior [ RunTime:0.000013s ]
INFO: [ app_init ] --END-- [ RunTime:0.000243s ]
INFO: [ app_begin ] --START--
INFO: Run Behavior\ReadHtmlCacheBehavior [ RunTime:0.000271s ]
INFO: [ app_begin ] --END-- [ RunTime:0.000311s ]
ERR: 无法加载控制器:Index

[ 2018-02-12T14:58:40+08:00 ] 61.189.33.149 /admin.php
INFO: [ app_init ] --START--
INFO: Run Behavior\BuildLiteBehavior [ RunTime:0.000012s ]
INFO: [ app_init ] --END-- [ RunTime:0.000241s ]
INFO: [ app_begin ] --START--
INFO: Run Behavior\ReadHtmlCacheBehavior [ RunTime:0.000273s ]
INFO: [ app_begin ] --END-- [ RunTime:0.000315s ]
ERR: 无法加载控制器:Index

[ 2018-02-12T14:58:41+08:00 ] 61.189.33.149 /admin.php
INFO: [ app_init ] --START--
INFO: Run Behavior\BuildLiteBehavior [ RunTime:0.000012s ]
INFO: [ app_init ] --END-- [ RunTime:0.000224s ]
INFO: [ app_begin ] --START--
INFO: Run Behavior\ReadHtmlCacheBehavior [ RunTime:0.000258s ]
INFO: [ app_begin ] --END-- [ RunTime:0.000295s ]
ERR: 无法加载控制器:Index

[ 2018-02-12T15:01:13+08:00 ] 61.189.33.149 /admin.php
INFO: [ app_init ] --START--
INFO: Run Behavior\BuildLiteBehavior [ RunTime:0.000012s ]
INFO: [ app_init ] --END-- [ RunTime:0.000227s ]
INFO: [ app_begin ] --START--
INFO: Run Behavior\ReadHtmlCacheBehavior [ RunTime:0.000302s ]
INFO: [ app_begin ] --END-- [ RunTime:0.000344s ]
ERR: 无法加载控制器:Index

[ 2018-02-12T15:09:00+08:00 ] 61.189.33.149 /admin.php
INFO: [ app_init ] --START--
INFO: Run Behavior\BuildLiteBehavior [ RunTime:0.000013s ]
INFO: [ app_init ] --END-- [ RunTime:0.000238s ]
INFO: [ app_begin ] --START--
INFO: Run Behavior\ReadHtmlCacheBehavior [ RunTime:0.000355s ]
INFO: [ app_begin ] --END-- [ RunTime:0.000424s ]
ERR: 无法加载控制器:Index

[ 2018-02-12T15:09:00+08:00 ] 61.189.33.149 /admin.php
INFO: [ app_init ] --START--
INFO: Run Behavior\BuildLiteBehavior [ RunTime:0.000012s ]
INFO: [ app_init ] --END-- [ RunTime:0.000218s ]
INFO: [ app_begin ] --START--
INFO: Run Behavior\ReadHtmlCacheBehavior [ RunTime:0.000266s ]
INFO: [ app_begin ] --END-- [ RunTime:0.000305s ]
ERR: 无法加载控制器:Index

[ 2018-02-12T15:09:00+08:00 ] 61.189.33.149 /admin.php
INFO: [ app_init ] --START--
INFO: Run Behavior\BuildLiteBehavior [ RunTime:0.000013s ]
INFO: [ app_init ] --END-- [ RunTime:0.000248s ]
INFO: [ app_begin ] --START--
INFO: Run Behavior\ReadHtmlCacheBehavior [ RunTime:0.000275s ]
INFO: [ app_begin ] --END-- [ RunTime:0.000317s ]
ERR: 无法加载控制器:Index

[ 2018-02-12T15:09:01+08:00 ] 61.189.33.149 /admin.php
INFO: [ app_init ] --START--
INFO: Run Behavior\BuildLiteBehavior [ RunTime:0.000011s ]
INFO: [ app_init ] --END-- [ RunTime:0.000215s ]
INFO: [ app_begin ] --START--
INFO: Run Behavior\ReadHtmlCacheBehavior [ RunTime:0.000303s ]
INFO: [ app_begin ] --END-- [ RunTime:0.000357s ]
ERR: 无法加载控制器:Index

[ 2018-02-12T15:09:01+08:00 ] 61.189.33.149 /admin.php
INFO: [ app_init ] --START--
INFO: Run Behavior\BuildLiteBehavior [ RunTime:0.000012s ]
INFO: [ app_init ] --END-- [ RunTime:0.000218s ]
INFO: [ app_begin ] --START--
INFO: Run Behavior\ReadHtmlCacheBehavior [ RunTime:0.000305s ]
INFO: [ app_begin ] --END-- [ RunTime:0.000347s ]
ERR: 无法加载控制器:Index

[ 2018-02-12T15:09:01+08:00 ] 61.189.33.149 /admin.php
INFO: [ app_init ] --START--
INFO: Run Behavior\BuildLiteBehavior [ RunTime:0.000013s ]
INFO: [ app_init ] --END-- [ RunTime:0.000224s ]
INFO: [ app_begin ] --START--
INFO: Run Behavior\ReadHtmlCacheBehavior [ RunTime:0.000301s ]
INFO: [ app_begin ] --END-- [ RunTime:0.000342s ]
ERR: 无法加载控制器:Index

[ 2018-02-12T15:09:01+08:00 ] 61.189.33.149 /admin.php
INFO: [ app_init ] --START--
INFO: Run Behavior\BuildLiteBehavior [ RunTime:0.000012s ]
INFO: [ app_init ] --END-- [ RunTime:0.000217s ]
INFO: [ app_begin ] --START--
INFO: Run Behavior\ReadHtmlCacheBehavior [ RunTime:0.000311s ]
INFO: [ app_begin ] --END-- [ RunTime:0.000355s ]
ERR: 无法加载控制器:Index

[ 2018-02-12T15:09:01+08:00 ] 61.189.33.149 /admin.php
INFO: [ app_init ] --START--
INFO: Run Behavior\BuildLiteBehavior [ RunTime:0.000025s ]
INFO: [ app_init ] --END-- [ RunTime:0.000225s ]
INFO: [ app_begin ] --START--
INFO: Run Behavior\ReadHtmlCacheBehavior [ RunTime:0.000292s ]
INFO: [ app_begin ] --END-- [ RunTime:0.000332s ]
ERR: 无法加载控制器:Index

[ 2018-02-12T15:09:02+08:00 ] 61.189.33.149 /admin.php
INFO: [ app_init ] --START--
INFO: Run Behavior\BuildLiteBehavior [ RunTime:0.000011s ]
INFO: [ app_init ] --END-- [ RunTime:0.000240s ]
INFO: [ app_begin ] --START--
INFO: Run Behavior\ReadHtmlCacheBehavior [ RunTime:0.000344s ]
INFO: [ app_begin ] --END-- [ RunTime:0.000387s ]
ERR: 无法加载控制器:Index

[ 2018-02-12T15:09:02+08:00 ] 61.189.33.149 /admin.php
INFO: [ app_init ] --START--
INFO: Run Behavior\BuildLiteBehavior [ RunTime:0.000012s ]
INFO: [ app_init ] --END-- [ RunTime:0.000207s ]
INFO: [ app_begin ] --START--
INFO: Run Behavior\ReadHtmlCacheBehavior [ RunTime:0.000262s ]
INFO: [ app_begin ] --END-- [ RunTime:0.000301s ]
ERR: 无法加载控制器:Index

[ 2018-02-12T15:09:02+08:00 ] 61.189.33.149 /admin.php
INFO: [ app_init ] --START--
INFO: Run Behavior\BuildLiteBehavior [ RunTime:0.000012s ]
INFO: [ app_init ] --END-- [ RunTime:0.000222s ]
INFO: [ app_begin ] --START--
INFO: Run Behavior\ReadHtmlCacheBehavior [ RunTime:0.000278s ]
INFO: [ app_begin ] --END-- [ RunTime:0.000316s ]
ERR: 无法加载控制器:Index

[ 2018-02-12T15:09:02+08:00 ] 61.189.33.149 /admin.php
INFO: [ app_init ] --START--
INFO: Run Behavior\BuildLiteBehavior [ RunTime:0.000012s ]
INFO: [ app_init ] --END-- [ RunTime:0.000278s ]
INFO: [ app_begin ] --START--
INFO: Run Behavior\ReadHtmlCacheBehavior [ RunTime:0.000281s ]
INFO: [ app_begin ] --END-- [ RunTime:0.000322s ]
ERR: 无法加载控制器:Index

[ 2018-02-12T15:09:02+08:00 ] 61.189.33.149 /admin.php
INFO: [ app_init ] --START--
INFO: Run Behavior\BuildLiteBehavior [ RunTime:0.000010s ]
INFO: [ app_init ] --END-- [ RunTime:0.000198s ]
INFO: [ app_begin ] --START--
INFO: Run Behavior\ReadHtmlCacheBehavior [ RunTime:0.000253s ]
INFO: [ app_begin ] --END-- [ RunTime:0.000292s ]
ERR: 无法加载控制器:Index

[ 2018-02-12T15:09:02+08:00 ] 61.189.33.149 /admin.php
INFO: [ app_init ] --START--
INFO: Run Behavior\BuildLiteBehavior [ RunTime:0.000011s ]
INFO: [ app_init ] --END-- [ RunTime:0.000207s ]
INFO: [ app_begin ] --START--
INFO: Run Behavior\ReadHtmlCacheBehavior [ RunTime:0.000266s ]
INFO: [ app_begin ] --END-- [ RunTime:0.000308s ]
ERR: 无法加载控制器:Index

[ 2018-02-12T15:09:03+08:00 ] 61.189.33.149 /admin.php
INFO: [ app_init ] --START--
INFO: Run Behavior\BuildLiteBehavior [ RunTime:0.000010s ]
INFO: [ app_init ] --END-- [ RunTime:0.000198s ]
INFO: [ app_begin ] --START--
INFO: Run Behavior\ReadHtmlCacheBehavior [ RunTime:0.000252s ]
INFO: [ app_begin ] --END-- [ RunTime:0.000290s ]
ERR: 无法加载控制器:Index

[ 2018-02-12T15:09:03+08:00 ] 61.189.33.149 /admin.php
INFO: [ app_init ] --START--
INFO: Run Behavior\BuildLiteBehavior [ RunTime:0.000012s ]
INFO: [ app_init ] --END-- [ RunTime:0.000225s ]
INFO: [ app_begin ] --START--
INFO: Run Behavior\ReadHtmlCacheBehavior [ RunTime:0.000288s ]
INFO: [ app_begin ] --END-- [ RunTime:0.000328s ]
ERR: 无法加载控制器:Index

[ 2018-02-12T15:09:03+08:00 ] 61.189.33.149 /admin.php
INFO: [ app_init ] --START--
INFO: Run Behavior\BuildLiteBehavior [ RunTime:0.000011s ]
INFO: [ app_init ] --END-- [ RunTime:0.000203s ]
INFO: [ app_begin ] --START--
INFO: Run Behavior\ReadHtmlCacheBehavior [ RunTime:0.000258s ]
INFO: [ app_begin ] --END-- [ RunTime:0.000308s ]
ERR: 无法加载控制器:Index

[ 2018-02-12T15:09:03+08:00 ] 61.189.33.149 /admin.php
INFO: [ app_init ] --START--
INFO: Run Behavior\BuildLiteBehavior [ RunTime:0.000012s ]
INFO: [ app_init ] --END-- [ RunTime:0.000245s ]
INFO: [ app_begin ] --START--
INFO: Run Behavior\ReadHtmlCacheBehavior [ RunTime:0.000307s ]
INFO: [ app_begin ] --END-- [ RunTime:0.000349s ]
ERR: 无法加载控制器:Index

[ 2018-02-12T15:09:03+08:00 ] 61.189.33.149 /admin.php
INFO: [ app_init ] --START--
INFO: Run Behavior\BuildLiteBehavior [ RunTime:0.000013s ]
INFO: [ app_init ] --END-- [ RunTime:0.000236s ]
INFO: [ app_begin ] --START--
INFO: Run Behavior\ReadHtmlCacheBehavior [ RunTime:0.000351s ]
INFO: [ app_begin ] --END-- [ RunTime:0.000401s ]
ERR: 无法加载控制器:Index

[ 2018-02-12T15:09:04+08:00 ] 61.189.33.149 /admin.php
INFO: [ app_init ] --START--
INFO: Run Behavior\BuildLiteBehavior [ RunTime:0.000011s ]
INFO: [ app_init ] --END-- [ RunTime:0.000211s ]
INFO: [ app_begin ] --START--
INFO: Run Behavior\ReadHtmlCacheBehavior [ RunTime:0.000285s ]
INFO: [ app_begin ] --END-- [ RunTime:0.000328s ]
ERR: 无法加载控制器:Index

[ 2018-02-12T15:18:46+08:00 ] 61.189.33.149 /admin.php
INFO: [ app_init ] --START--
INFO: Run Behavior\BuildLiteBehavior [ RunTime:0.000013s ]
INFO: [ app_init ] --END-- [ RunTime:0.000253s ]
INFO: [ app_begin ] --START--
INFO: Run Behavior\ReadHtmlCacheBehavior [ RunTime:0.000316s ]
INFO: [ app_begin ] --END-- [ RunTime:0.000358s ]
ERR: 无法加载控制器:Index

[ 2018-02-12T15:20:04+08:00 ] 61.189.33.149 /admin.php
INFO: [ app_init ] --START--
INFO: Run Behavior\BuildLiteBehavior [ RunTime:0.000012s ]
INFO: [ app_init ] --END-- [ RunTime:0.000220s ]
INFO: [ app_begin ] --START--
INFO: Run Behavior\ReadHtmlCacheBehavior [ RunTime:0.000279s ]
INFO: [ app_begin ] --END-- [ RunTime:0.000319s ]
ERR: 无法加载控制器:Index

[ 2018-02-12T15:23:18+08:00 ] 61.189.33.149 /admin.php
INFO: [ app_init ] --START--
INFO: Run Behavior\BuildLiteBehavior [ RunTime:0.000013s ]
INFO: [ app_init ] --END-- [ RunTime:0.000220s ]
INFO: [ app_begin ] --START--
INFO: Run Behavior\ReadHtmlCacheBehavior [ RunTime:0.000283s ]
INFO: [ app_begin ] --END-- [ RunTime:0.000332s ]
INFO: [ view_parse ] --START--
INFO: [ template_filter ] --START--
INFO: Run Behavior\ContentReplaceBehavior [ RunTime:0.000058s ]
INFO: [ template_filter ] --END-- [ RunTime:0.000104s ]
INFO: Run Behavior\ParseTemplateBehavior [ RunTime:0.010486s ]
INFO: [ view_parse ] --END-- [ RunTime:0.010530s ]
INFO: [ view_filter ] --START--
INFO: Run Behavior\WriteHtmlCacheBehavior [ RunTime:0.000107s ]
INFO: [ view_filter ] --END-- [ RunTime:0.000141s ]
INFO: [ app_end ] --START--
INFO: Run Behavior\ShowPageTraceBehavior [ RunTime:0.000342s ]
INFO: [ app_end ] --END-- [ RunTime:0.000391s ]

[ 2018-02-12T15:23:18+08:00 ] 61.189.33.149 /admin.php/Index/welcome
INFO: [ app_init ] --START--
INFO: Run Behavior\BuildLiteBehavior [ RunTime:0.000012s ]
INFO: [ app_init ] --END-- [ RunTime:0.000226s ]
INFO: [ app_begin ] --START--
INFO: Run Behavior\ReadHtmlCacheBehavior [ RunTime:0.000289s ]
INFO: [ app_begin ] --END-- [ RunTime:0.000356s ]
INFO: [ view_parse ] --START--
INFO: [ template_filter ] --START--
INFO: Run Behavior\ContentReplaceBehavior [ RunTime:0.000054s ]
INFO: [ template_filter ] --END-- [ RunTime:0.000103s ]
INFO: Run Behavior\ParseTemplateBehavior [ RunTime:0.004566s ]
INFO: [ view_parse ] --END-- [ RunTime:0.004611s ]
INFO: [ view_filter ] --START--
INFO: Run Behavior\WriteHtmlCacheBehavior [ RunTime:0.000086s ]
INFO: [ view_filter ] --END-- [ RunTime:0.000118s ]
INFO: [ app_end ] --START--
INFO: Run Behavior\ShowPageTraceBehavior [ RunTime:0.000337s ]
INFO: [ app_end ] --END-- [ RunTime:0.000375s ]

[ 2018-02-12T15:23:20+08:00 ] 61.189.33.149 /admin.php/Login
INFO: [ app_init ] --START--
INFO: Run Behavior\BuildLiteBehavior [ RunTime:0.000012s ]
INFO: [ app_init ] --END-- [ RunTime:0.000217s ]
INFO: [ app_begin ] --START--
INFO: Run Behavior\ReadHtmlCacheBehavior [ RunTime:0.000292s ]
INFO: [ app_begin ] --END-- [ RunTime:0.000340s ]
INFO: [ view_parse ] --START--
INFO: [ template_filter ] --START--
INFO: Run Behavior\ContentReplaceBehavior [ RunTime:0.000036s ]
INFO: [ template_filter ] --END-- [ RunTime:0.000083s ]
INFO: Run Behavior\ParseTemplateBehavior [ RunTime:0.004331s ]
INFO: [ view_parse ] --END-- [ RunTime:0.004372s ]
INFO: [ view_filter ] --START--
INFO: Run Behavior\WriteHtmlCacheBehavior [ RunTime:0.000104s ]
INFO: [ view_filter ] --END-- [ RunTime:0.000139s ]
INFO: [ app_end ] --START--
INFO: Run Behavior\ShowPageTraceBehavior [ RunTime:0.000298s ]
INFO: [ app_end ] --END-- [ RunTime:0.000334s ]

[ 2018-02-12T15:23:43+08:00 ] 61.189.33.149 /admin.php/Login/login_Sub
INFO: [ app_init ] --START--
INFO: Run Behavior\BuildLiteBehavior [ RunTime:0.000012s ]
INFO: [ app_init ] --END-- [ RunTime:0.000215s ]
INFO: [ app_begin ] --START--
INFO: Run Behavior\ReadHtmlCacheBehavior [ RunTime:0.000275s ]
INFO: [ app_begin ] --END-- [ RunTime:0.000323s ]
SQL: SHOW COLUMNS FROM `admin` [ RunTime:0.0030s ]
SQL: SELECT * FROM `admin` WHERE (  name='admin' ) LIMIT 1   [ RunTime:0.0022s ]
SQL: UPDATE `admin` SET `name`='admin',`pass`='888',`status`='0',`role`='888',`time`='1512461286',`num`='0',`permission`='',`issuper`='0' WHERE `admin_id` = 20 [ RunTime:0.0021s ]
SQL: SHOW COLUMNS FROM `adminlog` [ RunTime:0.0027s ]
NOTIC: [8] Undefined offset: 0 /var/www/web/test/ThinkPHP/Library/Think/Db/Driver.class.php 第 803 行.
SQL: INSERT INTO `adminlog` (`time`,`type`,`toID`,`res`,`note`,`ip`,`uid`,`controllerName`,`actionName`,`controllerActionName`) VALUES ('2018-02-12 15:23:43','登录','0','成功','','61.189.33.149','20','Login','login_Sub','Loginlogin_Sub') [ RunTime:0.0020s ]

[ 2018-02-12T15:23:44+08:00 ] 61.189.33.149 /admin.php
INFO: [ app_init ] --START--
INFO: Run Behavior\BuildLiteBehavior [ RunTime:0.000012s ]
INFO: [ app_init ] --END-- [ RunTime:0.000239s ]
INFO: [ app_begin ] --START--
INFO: Run Behavior\ReadHtmlCacheBehavior [ RunTime:0.000287s ]
INFO: [ app_begin ] --END-- [ RunTime:0.000334s ]
INFO: [ view_parse ] --START--
INFO: [ template_filter ] --START--
INFO: Run Behavior\ContentReplaceBehavior [ RunTime:0.000057s ]
INFO: [ template_filter ] --END-- [ RunTime:0.000104s ]
INFO: Run Behavior\ParseTemplateBehavior [ RunTime:0.010241s ]
INFO: [ view_parse ] --END-- [ RunTime:0.010307s ]
INFO: [ view_filter ] --START--
INFO: Run Behavior\WriteHtmlCacheBehavior [ RunTime:0.000092s ]
INFO: [ view_filter ] --END-- [ RunTime:0.000127s ]
INFO: [ app_end ] --START--
INFO: Run Behavior\ShowPageTraceBehavior [ RunTime:0.000355s ]
INFO: [ app_end ] --END-- [ RunTime:0.000414s ]

[ 2018-02-12T15:23:44+08:00 ] 61.189.33.149 /admin.php/Index/welcome
INFO: [ app_init ] --START--
INFO: Run Behavior\BuildLiteBehavior [ RunTime:0.000012s ]
INFO: [ app_init ] --END-- [ RunTime:0.000217s ]
INFO: [ app_begin ] --START--
INFO: Run Behavior\ReadHtmlCacheBehavior [ RunTime:0.000264s ]
INFO: [ app_begin ] --END-- [ RunTime:0.000311s ]
INFO: [ view_parse ] --START--
INFO: [ template_filter ] --START--
INFO: Run Behavior\ContentReplaceBehavior [ RunTime:0.000037s ]
INFO: [ template_filter ] --END-- [ RunTime:0.000082s ]
INFO: Run Behavior\ParseTemplateBehavior [ RunTime:0.004334s ]
INFO: [ view_parse ] --END-- [ RunTime:0.004376s ]
INFO: [ view_filter ] --START--
INFO: Run Behavior\WriteHtmlCacheBehavior [ RunTime:0.000085s ]
INFO: [ view_filter ] --END-- [ RunTime:0.000118s ]
INFO: [ app_end ] --START--
INFO: Run Behavior\ShowPageTraceBehavior [ RunTime:0.000276s ]
INFO: [ app_end ] --END-- [ RunTime:0.000310s ]

[ 2018-02-12T15:24:20+08:00 ] 223.166.151.191 /admin.php/Login
INFO: [ app_init ] --START--
INFO: Run Behavior\BuildLiteBehavior [ RunTime:0.000015s ]
INFO: [ app_init ] --END-- [ RunTime:0.000267s ]
INFO: [ app_begin ] --START--
INFO: Run Behavior\ReadHtmlCacheBehavior [ RunTime:0.000284s ]
INFO: [ app_begin ] --END-- [ RunTime:0.000334s ]
INFO: [ view_parse ] --START--
INFO: [ template_filter ] --START--
INFO: Run Behavior\ContentReplaceBehavior [ RunTime:0.000039s ]
INFO: [ template_filter ] --END-- [ RunTime:0.000088s ]
INFO: Run Behavior\ParseTemplateBehavior [ RunTime:0.004616s ]
INFO: [ view_parse ] --END-- [ RunTime:0.004662s ]
INFO: [ view_filter ] --START--
INFO: Run Behavior\WriteHtmlCacheBehavior [ RunTime:0.000092s ]
INFO: [ view_filter ] --END-- [ RunTime:0.000128s ]
INFO: [ app_end ] --START--
INFO: Run Behavior\ShowPageTraceBehavior [ RunTime:0.000312s ]
INFO: [ app_end ] --END-- [ RunTime:0.000349s ]

[ 2018-02-12T15:55:15+08:00 ] 61.189.33.149 /admin.php
INFO: [ app_init ] --START--
INFO: Run Behavior\BuildLiteBehavior [ RunTime:0.000012s ]
INFO: [ app_init ] --END-- [ RunTime:0.000209s ]
INFO: [ app_begin ] --START--
INFO: Run Behavior\ReadHtmlCacheBehavior [ RunTime:0.000256s ]
INFO: [ app_begin ] --END-- [ RunTime:0.000299s ]
INFO: [ view_parse ] --START--
INFO: [ template_filter ] --START--
INFO: Run Behavior\ContentReplaceBehavior [ RunTime:0.000058s ]
INFO: [ template_filter ] --END-- [ RunTime:0.000106s ]
INFO: Run Behavior\ParseTemplateBehavior [ RunTime:0.010024s ]
INFO: [ view_parse ] --END-- [ RunTime:0.010081s ]
INFO: [ view_filter ] --START--
INFO: Run Behavior\WriteHtmlCacheBehavior [ RunTime:0.000089s ]
INFO: [ view_filter ] --END-- [ RunTime:0.000122s ]
INFO: [ app_end ] --START--
INFO: Run Behavior\ShowPageTraceBehavior [ RunTime:0.000303s ]
INFO: [ app_end ] --END-- [ RunTime:0.000366s ]

[ 2018-02-12T15:55:15+08:00 ] 61.189.33.149 /admin.php/Index/welcome
INFO: [ app_init ] --START--
INFO: Run Behavior\BuildLiteBehavior [ RunTime:0.000020s ]
INFO: [ app_init ] --END-- [ RunTime:0.000254s ]
INFO: [ app_begin ] --START--
INFO: Run Behavior\ReadHtmlCacheBehavior [ RunTime:0.000321s ]
INFO: [ app_begin ] --END-- [ RunTime:0.000366s ]
INFO: [ view_parse ] --START--
INFO: [ template_filter ] --START--
INFO: Run Behavior\ContentReplaceBehavior [ RunTime:0.000038s ]
INFO: [ template_filter ] --END-- [ RunTime:0.000085s ]
INFO: Run Behavior\ParseTemplateBehavior [ RunTime:0.004341s ]
INFO: [ view_parse ] --END-- [ RunTime:0.004397s ]
INFO: [ view_filter ] --START--
INFO: Run Behavior\WriteHtmlCacheBehavior [ RunTime:0.000084s ]
INFO: [ view_filter ] --END-- [ RunTime:0.000116s ]
INFO: [ app_end ] --START--
INFO: Run Behavior\ShowPageTraceBehavior [ RunTime:0.000272s ]
INFO: [ app_end ] --END-- [ RunTime:0.000305s ]

[ 2018-02-12T15:55:17+08:00 ] 61.189.33.149 /admin.php/Login
INFO: [ app_init ] --START--
INFO: Run Behavior\BuildLiteBehavior [ RunTime:0.000011s ]
INFO: [ app_init ] --END-- [ RunTime:0.000207s ]
INFO: [ app_begin ] --START--
INFO: Run Behavior\ReadHtmlCacheBehavior [ RunTime:0.000284s ]
INFO: [ app_begin ] --END-- [ RunTime:0.000333s ]
INFO: [ view_parse ] --START--
INFO: [ template_filter ] --START--
INFO: Run Behavior\ContentReplaceBehavior [ RunTime:0.000036s ]
INFO: [ template_filter ] --END-- [ RunTime:0.000081s ]
INFO: Run Behavior\ParseTemplateBehavior [ RunTime:0.004325s ]
INFO: [ view_parse ] --END-- [ RunTime:0.004364s ]
INFO: [ view_filter ] --START--
INFO: Run Behavior\WriteHtmlCacheBehavior [ RunTime:0.000083s ]
INFO: [ view_filter ] --END-- [ RunTime:0.000115s ]
INFO: [ app_end ] --START--
INFO: Run Behavior\ShowPageTraceBehavior [ RunTime:0.000270s ]
INFO: [ app_end ] --END-- [ RunTime:0.000314s ]

[ 2018-02-12T15:55:23+08:00 ] 61.189.33.149 /admin.php/Login/login_Sub
INFO: [ app_init ] --START--
INFO: Run Behavior\BuildLiteBehavior [ RunTime:0.000015s ]
INFO: [ app_init ] --END-- [ RunTime:0.000319s ]
INFO: [ app_begin ] --START--
INFO: Run Behavior\ReadHtmlCacheBehavior [ RunTime:0.000378s ]
INFO: [ app_begin ] --END-- [ RunTime:0.000444s ]
SQL: SHOW COLUMNS FROM `admin` [ RunTime:0.0030s ]
SQL: SELECT * FROM `admin` WHERE (  name='admin' ) LIMIT 1   [ RunTime:0.0021s ]
SQL: UPDATE `admin` SET `name`='admin',`pass`='888',`status`='0',`role`='888',`time`='1512461286',`num`='0',`permission`='',`issuper`='0' WHERE `admin_id` = 20 [ RunTime:0.0021s ]
SQL: SHOW COLUMNS FROM `adminlog` [ RunTime:0.0027s ]
NOTIC: [8] Undefined offset: 0 /var/www/web/test/ThinkPHP/Library/Think/Db/Driver.class.php 第 803 行.
SQL: INSERT INTO `adminlog` (`time`,`type`,`toID`,`res`,`note`,`ip`,`uid`,`controllerName`,`actionName`,`controllerActionName`) VALUES ('2018-02-12 15:55:23','登录','0','成功','','61.189.33.149','20','Login','login_Sub','Loginlogin_Sub') [ RunTime:0.0021s ]

[ 2018-02-12T15:55:24+08:00 ] 61.189.33.149 /admin.php
INFO: [ app_init ] --START--
INFO: Run Behavior\BuildLiteBehavior [ RunTime:0.000013s ]
INFO: [ app_init ] --END-- [ RunTime:0.000228s ]
INFO: [ app_begin ] --START--
INFO: Run Behavior\ReadHtmlCacheBehavior [ RunTime:0.000287s ]
INFO: [ app_begin ] --END-- [ RunTime:0.000334s ]
INFO: [ view_parse ] --START--
INFO: [ template_filter ] --START--
INFO: Run Behavior\ContentReplaceBehavior [ RunTime:0.000059s ]
INFO: [ template_filter ] --END-- [ RunTime:0.000105s ]
INFO: Run Behavior\ParseTemplateBehavior [ RunTime:0.010560s ]
INFO: [ view_parse ] --END-- [ RunTime:0.010606s ]
INFO: [ view_filter ] --START--
INFO: Run Behavior\WriteHtmlCacheBehavior [ RunTime:0.000094s ]
INFO: [ view_filter ] --END-- [ RunTime:0.000130s ]
INFO: [ app_end ] --START--
INFO: Run Behavior\ShowPageTraceBehavior [ RunTime:0.000327s ]
INFO: [ app_end ] --END-- [ RunTime:0.000396s ]

[ 2018-02-12T15:55:24+08:00 ] 61.189.33.149 /admin.php/Index/welcome
INFO: [ app_init ] --START--
INFO: Run Behavior\BuildLiteBehavior [ RunTime:0.000012s ]
INFO: [ app_init ] --END-- [ RunTime:0.000212s ]
INFO: [ app_begin ] --START--
INFO: Run Behavior\ReadHtmlCacheBehavior [ RunTime:0.000272s ]
INFO: [ app_begin ] --END-- [ RunTime:0.000320s ]
INFO: [ view_parse ] --START--
INFO: [ template_filter ] --START--
INFO: Run Behavior\ContentReplaceBehavior [ RunTime:0.000035s ]
INFO: [ template_filter ] --END-- [ RunTime:0.000083s ]
INFO: Run Behavior\ParseTemplateBehavior [ RunTime:0.004381s ]
INFO: [ view_parse ] --END-- [ RunTime:0.004424s ]
INFO: [ view_filter ] --START--
INFO: Run Behavior\WriteHtmlCacheBehavior [ RunTime:0.000085s ]
INFO: [ view_filter ] --END-- [ RunTime:0.000117s ]
INFO: [ app_end ] --START--
INFO: Run Behavior\ShowPageTraceBehavior [ RunTime:0.000314s ]
INFO: [ app_end ] --END-- [ RunTime:0.000351s ]

[ 2018-02-12T15:55:26+08:00 ] 61.189.33.149 /admin.php/Payrecord/showlist
INFO: [ app_init ] --START--
INFO: Run Behavior\BuildLiteBehavior [ RunTime:0.000016s ]
INFO: [ app_init ] --END-- [ RunTime:0.000305s ]
INFO: [ app_begin ] --START--
INFO: Run Behavior\ReadHtmlCacheBehavior [ RunTime:0.000382s ]
INFO: [ app_begin ] --END-- [ RunTime:0.000446s ]
SQL: SHOW COLUMNS FROM `payrecord` [ RunTime:0.0101s ]
SQL: select u.name,u.phone,p.income,ud.money,p.type ,p.time 
       			from payrecord p  LEFT  JOIN userdata ud  on ud.userdata_id =p.uid  
					left JOIN user u on ud.userdata_id=u.user_id
							where p.type=1  [ RunTime:0.0024s ]
INFO: [ view_parse ] --START--
INFO: [ template_filter ] --START--
INFO: Run Behavior\ContentReplaceBehavior [ RunTime:0.000046s ]
INFO: [ template_filter ] --END-- [ RunTime:0.000091s ]
NOTIC: [8] Undefined index: payrecord_id /var/www/web/test/App/Runtime/Cache/Admin/578b5e747d571eb686bc39b194f81c60.php 第 54 行.
NOTIC: [8] Undefined index: payrecord_id /var/www/web/test/App/Runtime/Cache/Admin/578b5e747d571eb686bc39b194f81c60.php 第 54 行.
NOTIC: [8] Undefined index: payrecord_id /var/www/web/test/App/Runtime/Cache/Admin/578b5e747d571eb686bc39b194f81c60.php 第 54 行.
NOTIC: [8] Undefined index: payrecord_id /var/www/web/test/App/Runtime/Cache/Admin/578b5e747d571eb686bc39b194f81c60.php 第 54 行.
NOTIC: [8] Undefined index: payrecord_id /var/www/web/test/App/Runtime/Cache/Admin/578b5e747d571eb686bc39b194f81c60.php 第 54 行.
NOTIC: [8] Undefined index: payrecord_id /var/www/web/test/App/Runtime/Cache/Admin/578b5e747d571eb686bc39b194f81c60.php 第 54 行.
NOTIC: [8] Undefined index: payrecord_id /var/www/web/test/App/Runtime/Cache/Admin/578b5e747d571eb686bc39b194f81c60.php 第 54 行.
NOTIC: [8] Undefined index: payrecord_id /var/www/web/test/App/Runtime/Cache/Admin/578b5e747d571eb686bc39b194f81c60.php 第 54 行.
NOTIC: [8] Undefined index: payrecord_id /var/www/web/test/App/Runtime/Cache/Admin/578b5e747d571eb686bc39b194f81c60.php 第 54 行.
NOTIC: [8] Undefined index: payrecord_id /var/www/web/test/App/Runtime/Cache/Admin/578b5e747d571eb686bc39b194f81c60.php 第 54 行.
NOTIC: [8] Undefined index: payrecord_id /var/www/web/test/App/Runtime/Cache/Admin/578b5e747d571eb686bc39b194f81c60.php 第 54 行.
NOTIC: [8] Undefined index: payrecord_id /var/www/web/test/App/Runtime/Cache/Admin/578b5e747d571eb686bc39b194f81c60.php 第 54 行.
NOTIC: [8] Undefined index: payrecord_id /var/www/web/test/App/Runtime/Cache/Admin/578b5e747d571eb686bc39b194f81c60.php 第 54 行.
NOTIC: [8] Undefined index: payrecord_id /var/www/web/test/App/Runtime/Cache/Admin/578b5e747d571eb686bc39b194f81c60.php 第 54 行.
NOTIC: [8] Undefined index: payrecord_id /var/www/web/test/App/Runtime/Cache/Admin/578b5e747d571eb686bc39b194f81c60.php 第 54 行.
NOTIC: [8] Undefined index: payrecord_id /var/www/web/test/App/Runtime/Cache/Admin/578b5e747d571eb686bc39b194f81c60.php 第 54 行.
NOTIC: [8] Undefined index: payrecord_id /var/www/web/test/App/Runtime/Cache/Admin/578b5e747d571eb686bc39b194f81c60.php 第 54 行.
NOTIC: [8] Undefined index: payrecord_id /var/www/web/test/App/Runtime/Cache/Admin/578b5e747d571eb686bc39b194f81c60.php 第 54 行.
NOTIC: [8] Undefined index: payrecord_id /var/www/web/test/App/Runtime/Cache/Admin/578b5e747d571eb686bc39b194f81c60.php 第 54 行.
NOTIC: [8] Undefined index: payrecord_id /var/www/web/test/App/Runtime/Cache/Admin/578b5e747d571eb686bc39b194f81c60.php 第 54 行.
NOTIC: [8] Undefined index: payrecord_id /var/www/web/test/App/Runtime/Cache/Admin/578b5e747d571eb686bc39b194f81c60.php 第 54 行.
NOTIC: [8] Undefined index: payrecord_id /var/www/web/test/App/Runtime/Cache/Admin/578b5e747d571eb686bc39b194f81c60.php 第 54 行.
NOTIC: [8] Undefined index: payrecord_id /var/www/web/test/App/Runtime/Cache/Admin/578b5e747d571eb686bc39b194f81c60.php 第 54 行.
NOTIC: [8] Undefined index: payrecord_id /var/www/web/test/App/Runtime/Cache/Admin/578b5e747d571eb686bc39b194f81c60.php 第 54 行.
NOTIC: [8] Undefined index: payrecord_id /var/www/web/test/App/Runtime/Cache/Admin/578b5e747d571eb686bc39b194f81c60.php 第 54 行.
NOTIC: [8] Undefined index: payrecord_id /var/www/web/test/App/Runtime/Cache/Admin/578b5e747d571eb686bc39b194f81c60.php 第 54 行.
NOTIC: [8] Undefined index: payrecord_id /var/www/web/test/App/Runtime/Cache/Admin/578b5e747d571eb686bc39b194f81c60.php 第 54 行.
NOTIC: [8] Undefined index: payrecord_id /var/www/web/test/App/Runtime/Cache/Admin/578b5e747d571eb686bc39b194f81c60.php 第 54 行.
NOTIC: [8] Undefined index: payrecord_id /var/www/web/test/App/Runtime/Cache/Admin/578b5e747d571eb686bc39b194f81c60.php 第 54 行.
NOTIC: [8] Undefined index: payrecord_id /var/www/web/test/App/Runtime/Cache/Admin/578b5e747d571eb686bc39b194f81c60.php 第 54 行.
NOTIC: [8] Undefined index: payrecord_id /var/www/web/test/App/Runtime/Cache/Admin/578b5e747d571eb686bc39b194f81c60.php 第 54 行.
NOTIC: [8] Undefined index: payrecord_id /var/www/web/test/App/Runtime/Cache/Admin/578b5e747d571eb686bc39b194f81c60.php 第 54 行.
NOTIC: [8] Undefined index: payrecord_id /var/www/web/test/App/Runtime/Cache/Admin/578b5e747d571eb686bc39b194f81c60.php 第 54 行.
NOTIC: [8] Undefined index: payrecord_id /var/www/web/test/App/Runtime/Cache/Admin/578b5e747d571eb686bc39b194f81c60.php 第 54 行.
NOTIC: [8] Undefined index: payrecord_id /var/www/web/test/App/Runtime/Cache/Admin/578b5e747d571eb686bc39b194f81c60.php 第 54 行.
NOTIC: [8] Undefined index: payrecord_id /var/www/web/test/App/Runtime/Cache/Admin/578b5e747d571eb686bc39b194f81c60.php 第 54 行.
NOTIC: [8] Undefined index: payrecord_id /var/www/web/test/App/Runtime/Cache/Admin/578b5e747d571eb686bc39b194f81c60.php 第 54 行.
NOTIC: [8] Undefined index: payrecord_id /var/www/web/test/App/Runtime/Cache/Admin/578b5e747d571eb686bc39b194f81c60.php 第 54 行.
NOTIC: [8] Undefined index: payrecord_id /var/www/web/test/App/Runtime/Cache/Admin/578b5e747d571eb686bc39b194f81c60.php 第 54 行.
NOTIC: [8] Undefined index: payrecord_id /var/www/web/test/App/Runtime/Cache/Admin/578b5e747d571eb686bc39b194f81c60.php 第 54 行.
NOTIC: [8] Undefined index: payrecord_id /var/www/web/test/App/Runtime/Cache/Admin/578b5e747d571eb686bc39b194f81c60.php 第 54 行.
NOTIC: [8] Undefined index: payrecord_id /var/www/web/test/App/Runtime/Cache/Admin/578b5e747d571eb686bc39b194f81c60.php 第 54 行.
NOTIC: [8] Undefined index: payrecord_id /var/www/web/test/App/Runtime/Cache/Admin/578b5e747d571eb686bc39b194f81c60.php 第 54 行.
NOTIC: [8] Undefined index: payrecord_id /var/www/web/test/App/Runtime/Cache/Admin/578b5e747d571eb686bc39b194f81c60.php 第 54 行.
NOTIC: [8] Undefined index: payrecord_id /var/www/web/test/App/Runtime/Cache/Admin/578b5e747d571eb686bc39b194f81c60.php 第 54 行.
NOTIC: [8] Undefined index: payrecord_id /var/www/web/test/App/Runtime/Cache/Admin/578b5e747d571eb686bc39b194f81c60.php 第 54 行.
NOTIC: [8] Undefined index: payrecord_id /var/www/web/test/App/Runtime/Cache/Admin/578b5e747d571eb686bc39b194f81c60.php 第 54 行.
NOTIC: [8] Undefined index: payrecord_id /var/www/web/test/App/Runtime/Cache/Admin/578b5e747d571eb686bc39b194f81c60.php 第 54 行.
NOTIC: [8] Undefined index: payrecord_id /var/www/web/test/App/Runtime/Cache/Admin/578b5e747d571eb686bc39b194f81c60.php 第 54 行.
NOTIC: [8] Undefined index: payrecord_id /var/www/web/test/App/Runtime/Cache/Admin/578b5e747d571eb686bc39b194f81c60.php 第 54 行.
NOTIC: [8] Undefined index: payrecord_id /var/www/web/test/App/Runtime/Cache/Admin/578b5e747d571eb686bc39b194f81c60.php 第 54 行.
NOTIC: [8] Undefined index: payrecord_id /var/www/web/test/App/Runtime/Cache/Admin/578b5e747d571eb686bc39b194f81c60.php 第 54 行.
NOTIC: [8] Undefined index: payrecord_id /var/www/web/test/App/Runtime/Cache/Admin/578b5e747d571eb686bc39b194f81c60.php 第 54 行.
NOTIC: [8] Undefined index: payrecord_id /var/www/web/test/App/Runtime/Cache/Admin/578b5e747d571eb686bc39b194f81c60.php 第 54 行.
NOTIC: [8] Undefined index: payrecord_id /var/www/web/test/App/Runtime/Cache/Admin/578b5e747d571eb686bc39b194f81c60.php 第 54 行.
NOTIC: [8] Undefined index: payrecord_id /var/www/web/test/App/Runtime/Cache/Admin/578b5e747d571eb686bc39b194f81c60.php 第 54 行.
NOTIC: [8] Undefined index: payrecord_id /var/www/web/test/App/Runtime/Cache/Admin/578b5e747d571eb686bc39b194f81c60.php 第 54 行.
NOTIC: [8] Undefined index: payrecord_id /var/www/web/test/App/Runtime/Cache/Admin/578b5e747d571eb686bc39b194f81c60.php 第 54 行.
NOTIC: [8] Undefined index: payrecord_id /var/www/web/test/App/Runtime/Cache/Admin/578b5e747d571eb686bc39b194f81c60.php 第 54 行.
NOTIC: [8] Undefined index: payrecord_id /var/www/web/test/App/Runtime/Cache/Admin/578b5e747d571eb686bc39b194f81c60.php 第 54 行.
NOTIC: [8] Undefined index: payrecord_id /var/www/web/test/App/Runtime/Cache/Admin/578b5e747d571eb686bc39b194f81c60.php 第 54 行.
NOTIC: [8] Undefined index: payrecord_id /var/www/web/test/App/Runtime/Cache/Admin/578b5e747d571eb686bc39b194f81c60.php 第 54 行.
NOTIC: [8] Undefined index: payrecord_id /var/www/web/test/App/Runtime/Cache/Admin/578b5e747d571eb686bc39b194f81c60.php 第 54 行.
NOTIC: [8] Undefined index: payrecord_id /var/www/web/test/App/Runtime/Cache/Admin/578b5e747d571eb686bc39b194f81c60.php 第 54 行.
NOTIC: [8] Undefined index: payrecord_id /var/www/web/test/App/Runtime/Cache/Admin/578b5e747d571eb686bc39b194f81c60.php 第 54 行.
NOTIC: [8] Undefined index: payrecord_id /var/www/web/test/App/Runtime/Cache/Admin/578b5e747d571eb686bc39b194f81c60.php 第 54 行.
NOTIC: [8] Undefined index: payrecord_id /var/www/web/test/App/Runtime/Cache/Admin/578b5e747d571eb686bc39b194f81c60.php 第 54 行.
NOTIC: [8] Undefined index: payrecord_id /var/www/web/test/App/Runtime/Cache/Admin/578b5e747d571eb686bc39b194f81c60.php 第 54 行.
NOTIC: [8] Undefined index: payrecord_id /var/www/web/test/App/Runtime/Cache/Admin/578b5e747d571eb686bc39b194f81c60.php 第 54 行.
NOTIC: [8] Undefined index: payrecord_id /var/www/web/test/App/Runtime/Cache/Admin/578b5e747d571eb686bc39b194f81c60.php 第 54 行.
NOTIC: [8] Undefined index: payrecord_id /var/www/web/test/App/Runtime/Cache/Admin/578b5e747d571eb686bc39b194f81c60.php 第 54 行.
NOTIC: [8] Undefined index: payrecord_id /var/www/web/test/App/Runtime/Cache/Admin/578b5e747d571eb686bc39b194f81c60.php 第 54 行.
NOTIC: [8] Undefined index: payrecord_id /var/www/web/test/App/Runtime/Cache/Admin/578b5e747d571eb686bc39b194f81c60.php 第 54 行.
NOTIC: [8] Undefined index: payrecord_id /var/www/web/test/App/Runtime/Cache/Admin/578b5e747d571eb686bc39b194f81c60.php 第 54 行.
NOTIC: [8] Undefined index: payrecord_id /var/www/web/test/App/Runtime/Cache/Admin/578b5e747d571eb686bc39b194f81c60.php 第 54 行.
NOTIC: [8] Undefined index: payrecord_id /var/www/web/test/App/Runtime/Cache/Admin/578b5e747d571eb686bc39b194f81c60.php 第 54 行.
INFO: Run Behavior\ParseTemplateBehavior [ RunTime:0.007272s ]
INFO: [ view_parse ] --END-- [ RunTime:0.007315s ]
INFO: [ view_filter ] --START--
INFO: Run Behavior\WriteHtmlCacheBehavior [ RunTime:0.000109s ]
INFO: [ view_filter ] --END-- [ RunTime:0.000146s ]
INFO: [ app_end ] --START--
INFO: Run Behavior\ShowPageTraceBehavior [ RunTime:0.000300s ]
INFO: [ app_end ] --END-- [ RunTime:0.000340s ]

[ 2018-02-12T15:55:27+08:00 ] 61.189.33.149 /admin.php/Payrecord/pay
INFO: [ app_init ] --START--
INFO: Run Behavior\BuildLiteBehavior [ RunTime:0.000012s ]
INFO: [ app_init ] --END-- [ RunTime:0.000207s ]
INFO: [ app_begin ] --START--
INFO: Run Behavior\ReadHtmlCacheBehavior [ RunTime:0.000262s ]
INFO: [ app_begin ] --END-- [ RunTime:0.000309s ]
SQL: SHOW COLUMNS FROM `pay` [ RunTime:0.0031s ]
SQL: select p.*,u.name from pay as p,user as u where p.uid=u.user_id  [ RunTime:0.0022s ]
INFO: [ view_parse ] --START--
INFO: [ template_filter ] --START--
INFO: Run Behavior\ContentReplaceBehavior [ RunTime:0.000041s ]
INFO: [ template_filter ] --END-- [ RunTime:0.000084s ]
INFO: Run Behavior\ParseTemplateBehavior [ RunTime:0.005913s ]
INFO: [ view_parse ] --END-- [ RunTime:0.005959s ]
INFO: [ view_filter ] --START--
INFO: Run Behavior\WriteHtmlCacheBehavior [ RunTime:0.000108s ]
INFO: [ view_filter ] --END-- [ RunTime:0.000146s ]
INFO: [ app_end ] --START--
INFO: Run Behavior\ShowPageTraceBehavior [ RunTime:0.000281s ]
INFO: [ app_end ] --END-- [ RunTime:0.000314s ]

[ 2018-02-12T15:56:27+08:00 ] 112.65.193.15 /admin.php/Payrecord/pay
INFO: [ app_init ] --START--
INFO: Run Behavior\BuildLiteBehavior [ RunTime:0.000012s ]
INFO: [ app_init ] --END-- [ RunTime:0.000202s ]
INFO: [ app_begin ] --START--
INFO: Run Behavior\ReadHtmlCacheBehavior [ RunTime:0.000249s ]
INFO: [ app_begin ] --END-- [ RunTime:0.000311s ]
SQL: SHOW COLUMNS FROM `pay` [ RunTime:0.0030s ]
SQL: select p.*,u.name from pay as p,user as u where p.uid=u.user_id  [ RunTime:0.0022s ]
INFO: [ view_parse ] --START--
INFO: [ template_filter ] --START--
INFO: Run Behavior\ContentReplaceBehavior [ RunTime:0.000045s ]
INFO: [ template_filter ] --END-- [ RunTime:0.000087s ]
INFO: Run Behavior\ParseTemplateBehavior [ RunTime:0.006025s ]
INFO: [ view_parse ] --END-- [ RunTime:0.006070s ]
INFO: [ view_filter ] --START--
INFO: Run Behavior\WriteHtmlCacheBehavior [ RunTime:0.000125s ]
INFO: [ view_filter ] --END-- [ RunTime:0.000168s ]
INFO: [ app_end ] --START--
INFO: Run Behavior\ShowPageTraceBehavior [ RunTime:0.000287s ]
INFO: [ app_end ] --END-- [ RunTime:0.000320s ]

[ 2018-02-12T16:44:02+08:00 ] 61.189.33.149 /admin.php
INFO: [ app_init ] --START--
INFO: Run Behavior\BuildLiteBehavior [ RunTime:0.000012s ]
INFO: [ app_init ] --END-- [ RunTime:0.000218s ]
INFO: [ app_begin ] --START--
INFO: Run Behavior\ReadHtmlCacheBehavior [ RunTime:0.000262s ]
INFO: [ app_begin ] --END-- [ RunTime:0.000308s ]
INFO: [ view_parse ] --START--
INFO: [ template_filter ] --START--
INFO: Run Behavior\ContentReplaceBehavior [ RunTime:0.000059s ]
INFO: [ template_filter ] --END-- [ RunTime:0.000106s ]
INFO: Run Behavior\ParseTemplateBehavior [ RunTime:0.010225s ]
INFO: [ view_parse ] --END-- [ RunTime:0.010269s ]
INFO: [ view_filter ] --START--
INFO: Run Behavior\WriteHtmlCacheBehavior [ RunTime:0.000089s ]
INFO: [ view_filter ] --END-- [ RunTime:0.000124s ]
INFO: [ app_end ] --START--
INFO: Run Behavior\ShowPageTraceBehavior [ RunTime:0.000374s ]
INFO: [ app_end ] --END-- [ RunTime:0.000427s ]

[ 2018-02-12T16:44:02+08:00 ] 61.189.33.149 /admin.php/Index/welcome
INFO: [ app_init ] --START--
INFO: Run Behavior\BuildLiteBehavior [ RunTime:0.000011s ]
INFO: [ app_init ] --END-- [ RunTime:0.000195s ]
INFO: [ app_begin ] --START--
INFO: Run Behavior\ReadHtmlCacheBehavior [ RunTime:0.000249s ]
INFO: [ app_begin ] --END-- [ RunTime:0.000292s ]
INFO: [ view_parse ] --START--
INFO: [ template_filter ] --START--
INFO: Run Behavior\ContentReplaceBehavior [ RunTime:0.000035s ]
INFO: [ template_filter ] --END-- [ RunTime:0.000081s ]
INFO: Run Behavior\ParseTemplateBehavior [ RunTime:0.004186s ]
INFO: [ view_parse ] --END-- [ RunTime:0.004226s ]
INFO: [ view_filter ] --START--
INFO: Run Behavior\WriteHtmlCacheBehavior [ RunTime:0.000082s ]
INFO: [ view_filter ] --END-- [ RunTime:0.000114s ]
INFO: [ app_end ] --START--
INFO: Run Behavior\ShowPageTraceBehavior [ RunTime:0.000266s ]
INFO: [ app_end ] --END-- [ RunTime:0.000300s ]

[ 2018-02-12T16:44:08+08:00 ] 61.189.33.149 /admin.php/Payrecord/showlist
INFO: [ app_init ] --START--
INFO: Run Behavior\BuildLiteBehavior [ RunTime:0.000012s ]
INFO: [ app_init ] --END-- [ RunTime:0.000219s ]
INFO: [ app_begin ] --START--
INFO: Run Behavior\ReadHtmlCacheBehavior [ RunTime:0.000272s ]
INFO: [ app_begin ] --END-- [ RunTime:0.000332s ]
SQL: SHOW COLUMNS FROM `payrecord` [ RunTime:0.0029s ]
SQL: select u.name,u.phone,p.income,ud.money,p.type ,p.time 
       			from payrecord p  LEFT  JOIN userdata ud  on ud.userdata_id =p.uid  
					left JOIN user u on ud.userdata_id=u.user_id
							where p.type=1  [ RunTime:0.0023s ]
INFO: [ view_parse ] --START--
INFO: [ template_filter ] --START--
INFO: Run Behavior\ContentReplaceBehavior [ RunTime:0.000041s ]
INFO: [ template_filter ] --END-- [ RunTime:0.000083s ]
NOTIC: [8] Undefined index: payrecord_id /var/www/web/test/App/Runtime/Cache/Admin/578b5e747d571eb686bc39b194f81c60.php 第 54 行.
NOTIC: [8] Undefined index: payrecord_id /var/www/web/test/App/Runtime/Cache/Admin/578b5e747d571eb686bc39b194f81c60.php 第 54 行.
NOTIC: [8] Undefined index: payrecord_id /var/www/web/test/App/Runtime/Cache/Admin/578b5e747d571eb686bc39b194f81c60.php 第 54 行.
NOTIC: [8] Undefined index: payrecord_id /var/www/web/test/App/Runtime/Cache/Admin/578b5e747d571eb686bc39b194f81c60.php 第 54 行.
NOTIC: [8] Undefined index: payrecord_id /var/www/web/test/App/Runtime/Cache/Admin/578b5e747d571eb686bc39b194f81c60.php 第 54 行.
NOTIC: [8] Undefined index: payrecord_id /var/www/web/test/App/Runtime/Cache/Admin/578b5e747d571eb686bc39b194f81c60.php 第 54 行.
NOTIC: [8] Undefined index: payrecord_id /var/www/web/test/App/Runtime/Cache/Admin/578b5e747d571eb686bc39b194f81c60.php 第 54 行.
NOTIC: [8] Undefined index: payrecord_id /var/www/web/test/App/Runtime/Cache/Admin/578b5e747d571eb686bc39b194f81c60.php 第 54 行.
NOTIC: [8] Undefined index: payrecord_id /var/www/web/test/App/Runtime/Cache/Admin/578b5e747d571eb686bc39b194f81c60.php 第 54 行.
NOTIC: [8] Undefined index: payrecord_id /var/www/web/test/App/Runtime/Cache/Admin/578b5e747d571eb686bc39b194f81c60.php 第 54 行.
NOTIC: [8] Undefined index: payrecord_id /var/www/web/test/App/Runtime/Cache/Admin/578b5e747d571eb686bc39b194f81c60.php 第 54 行.
NOTIC: [8] Undefined index: payrecord_id /var/www/web/test/App/Runtime/Cache/Admin/578b5e747d571eb686bc39b194f81c60.php 第 54 行.
NOTIC: [8] Undefined index: payrecord_id /var/www/web/test/App/Runtime/Cache/Admin/578b5e747d571eb686bc39b194f81c60.php 第 54 行.
NOTIC: [8] Undefined index: payrecord_id /var/www/web/test/App/Runtime/Cache/Admin/578b5e747d571eb686bc39b194f81c60.php 第 54 行.
NOTIC: [8] Undefined index: payrecord_id /var/www/web/test/App/Runtime/Cache/Admin/578b5e747d571eb686bc39b194f81c60.php 第 54 行.
NOTIC: [8] Undefined index: payrecord_id /var/www/web/test/App/Runtime/Cache/Admin/578b5e747d571eb686bc39b194f81c60.php 第 54 行.
NOTIC: [8] Undefined index: payrecord_id /var/www/web/test/App/Runtime/Cache/Admin/578b5e747d571eb686bc39b194f81c60.php 第 54 行.
NOTIC: [8] Undefined index: payrecord_id /var/www/web/test/App/Runtime/Cache/Admin/578b5e747d571eb686bc39b194f81c60.php 第 54 行.
NOTIC: [8] Undefined index: payrecord_id /var/www/web/test/App/Runtime/Cache/Admin/578b5e747d571eb686bc39b194f81c60.php 第 54 行.
NOTIC: [8] Undefined index: payrecord_id /var/www/web/test/App/Runtime/Cache/Admin/578b5e747d571eb686bc39b194f81c60.php 第 54 行.
NOTIC: [8] Undefined index: payrecord_id /var/www/web/test/App/Runtime/Cache/Admin/578b5e747d571eb686bc39b194f81c60.php 第 54 行.
NOTIC: [8] Undefined index: payrecord_id /var/www/web/test/App/Runtime/Cache/Admin/578b5e747d571eb686bc39b194f81c60.php 第 54 行.
NOTIC: [8] Undefined index: payrecord_id /var/www/web/test/App/Runtime/Cache/Admin/578b5e747d571eb686bc39b194f81c60.php 第 54 行.
NOTIC: [8] Undefined index: payrecord_id /var/www/web/test/App/Runtime/Cache/Admin/578b5e747d571eb686bc39b194f81c60.php 第 54 行.
NOTIC: [8] Undefined index: payrecord_id /var/www/web/test/App/Runtime/Cache/Admin/578b5e747d571eb686bc39b194f81c60.php 第 54 行.
NOTIC: [8] Undefined index: payrecord_id /var/www/web/test/App/Runtime/Cache/Admin/578b5e747d571eb686bc39b194f81c60.php 第 54 行.
NOTIC: [8] Undefined index: payrecord_id /var/www/web/test/App/Runtime/Cache/Admin/578b5e747d571eb686bc39b194f81c60.php 第 54 行.
NOTIC: [8] Undefined index: payrecord_id /var/www/web/test/App/Runtime/Cache/Admin/578b5e747d571eb686bc39b194f81c60.php 第 54 行.
NOTIC: [8] Undefined index: payrecord_id /var/www/web/test/App/Runtime/Cache/Admin/578b5e747d571eb686bc39b194f81c60.php 第 54 行.
NOTIC: [8] Undefined index: payrecord_id /var/www/web/test/App/Runtime/Cache/Admin/578b5e747d571eb686bc39b194f81c60.php 第 54 行.
NOTIC: [8] Undefined index: payrecord_id /var/www/web/test/App/Runtime/Cache/Admin/578b5e747d571eb686bc39b194f81c60.php 第 54 行.
NOTIC: [8] Undefined index: payrecord_id /var/www/web/test/App/Runtime/Cache/Admin/578b5e747d571eb686bc39b194f81c60.php 第 54 行.
NOTIC: [8] Undefined index: payrecord_id /var/www/web/test/App/Runtime/Cache/Admin/578b5e747d571eb686bc39b194f81c60.php 第 54 行.
NOTIC: [8] Undefined index: payrecord_id /var/www/web/test/App/Runtime/Cache/Admin/578b5e747d571eb686bc39b194f81c60.php 第 54 行.
NOTIC: [8] Undefined index: payrecord_id /var/www/web/test/App/Runtime/Cache/Admin/578b5e747d571eb686bc39b194f81c60.php 第 54 行.
NOTIC: [8] Undefined index: payrecord_id /var/www/web/test/App/Runtime/Cache/Admin/578b5e747d571eb686bc39b194f81c60.php 第 54 行.
NOTIC: [8] Undefined index: payrecord_id /var/www/web/test/App/Runtime/Cache/Admin/578b5e747d571eb686bc39b194f81c60.php 第 54 行.
NOTIC: [8] Undefined index: payrecord_id /var/www/web/test/App/Runtime/Cache/Admin/578b5e747d571eb686bc39b194f81c60.php 第 54 行.
NOTIC: [8] Undefined index: payrecord_id /var/www/web/test/App/Runtime/Cache/Admin/578b5e747d571eb686bc39b194f81c60.php 第 54 行.
NOTIC: [8] Undefined index: payrecord_id /var/www/web/test/App/Runtime/Cache/Admin/578b5e747d571eb686bc39b194f81c60.php 第 54 行.
NOTIC: [8] Undefined index: payrecord_id /var/www/web/test/App/Runtime/Cache/Admin/578b5e747d571eb686bc39b194f81c60.php 第 54 行.
NOTIC: [8] Undefined index: payrecord_id /var/www/web/test/App/Runtime/Cache/Admin/578b5e747d571eb686bc39b194f81c60.php 第 54 行.
NOTIC: [8] Undefined index: payrecord_id /var/www/web/test/App/Runtime/Cache/Admin/578b5e747d571eb686bc39b194f81c60.php 第 54 行.
NOTIC: [8] Undefined index: payrecord_id /var/www/web/test/App/Runtime/Cache/Admin/578b5e747d571eb686bc39b194f81c60.php 第 54 行.
NOTIC: [8] Undefined index: payrecord_id /var/www/web/test/App/Runtime/Cache/Admin/578b5e747d571eb686bc39b194f81c60.php 第 54 行.
NOTIC: [8] Undefined index: payrecord_id /var/www/web/test/App/Runtime/Cache/Admin/578b5e747d571eb686bc39b194f81c60.php 第 54 行.
NOTIC: [8] Undefined index: payrecord_id /var/www/web/test/App/Runtime/Cache/Admin/578b5e747d571eb686bc39b194f81c60.php 第 54 行.
NOTIC: [8] Undefined index: payrecord_id /var/www/web/test/App/Runtime/Cache/Admin/578b5e747d571eb686bc39b194f81c60.php 第 54 行.
NOTIC: [8] Undefined index: payrecord_id /var/www/web/test/App/Runtime/Cache/Admin/578b5e747d571eb686bc39b194f81c60.php 第 54 行.
NOTIC: [8] Undefined index: payrecord_id /var/www/web/test/App/Runtime/Cache/Admin/578b5e747d571eb686bc39b194f81c60.php 第 54 行.
NOTIC: [8] Undefined index: payrecord_id /var/www/web/test/App/Runtime/Cache/Admin/578b5e747d571eb686bc39b194f81c60.php 第 54 行.
NOTIC: [8] Undefined index: payrecord_id /var/www/web/test/App/Runtime/Cache/Admin/578b5e747d571eb686bc39b194f81c60.php 第 54 行.
NOTIC: [8] Undefined index: payrecord_id /var/www/web/test/App/Runtime/Cache/Admin/578b5e747d571eb686bc39b194f81c60.php 第 54 行.
NOTIC: [8] Undefined index: payrecord_id /var/www/web/test/App/Runtime/Cache/Admin/578b5e747d571eb686bc39b194f81c60.php 第 54 行.
NOTIC: [8] Undefined index: payrecord_id /var/www/web/test/App/Runtime/Cache/Admin/578b5e747d571eb686bc39b194f81c60.php 第 54 行.
NOTIC: [8] Undefined index: payrecord_id /var/www/web/test/App/Runtime/Cache/Admin/578b5e747d571eb686bc39b194f81c60.php 第 54 行.
NOTIC: [8] Undefined index: payrecord_id /var/www/web/test/App/Runtime/Cache/Admin/578b5e747d571eb686bc39b194f81c60.php 第 54 行.
NOTIC: [8] Undefined index: payrecord_id /var/www/web/test/App/Runtime/Cache/Admin/578b5e747d571eb686bc39b194f81c60.php 第 54 行.
NOTIC: [8] Undefined index: payrecord_id /var/www/web/test/App/Runtime/Cache/Admin/578b5e747d571eb686bc39b194f81c60.php 第 54 行.
NOTIC: [8] Undefined index: payrecord_id /var/www/web/test/App/Runtime/Cache/Admin/578b5e747d571eb686bc39b194f81c60.php 第 54 行.
NOTIC: [8] Undefined index: payrecord_id /var/www/web/test/App/Runtime/Cache/Admin/578b5e747d571eb686bc39b194f81c60.php 第 54 行.
NOTIC: [8] Undefined index: payrecord_id /var/www/web/test/App/Runtime/Cache/Admin/578b5e747d571eb686bc39b194f81c60.php 第 54 行.
NOTIC: [8] Undefined index: payrecord_id /var/www/web/test/App/Runtime/Cache/Admin/578b5e747d571eb686bc39b194f81c60.php 第 54 行.
NOTIC: [8] Undefined index: payrecord_id /var/www/web/test/App/Runtime/Cache/Admin/578b5e747d571eb686bc39b194f81c60.php 第 54 行.
NOTIC: [8] Undefined index: payrecord_id /var/www/web/test/App/Runtime/Cache/Admin/578b5e747d571eb686bc39b194f81c60.php 第 54 行.
NOTIC: [8] Undefined index: payrecord_id /var/www/web/test/App/Runtime/Cache/Admin/578b5e747d571eb686bc39b194f81c60.php 第 54 行.
NOTIC: [8] Undefined index: payrecord_id /var/www/web/test/App/Runtime/Cache/Admin/578b5e747d571eb686bc39b194f81c60.php 第 54 行.
NOTIC: [8] Undefined index: payrecord_id /var/www/web/test/App/Runtime/Cache/Admin/578b5e747d571eb686bc39b194f81c60.php 第 54 行.
NOTIC: [8] Undefined index: payrecord_id /var/www/web/test/App/Runtime/Cache/Admin/578b5e747d571eb686bc39b194f81c60.php 第 54 行.
NOTIC: [8] Undefined index: payrecord_id /var/www/web/test/App/Runtime/Cache/Admin/578b5e747d571eb686bc39b194f81c60.php 第 54 行.
NOTIC: [8] Undefined index: payrecord_id /var/www/web/test/App/Runtime/Cache/Admin/578b5e747d571eb686bc39b194f81c60.php 第 54 行.
NOTIC: [8] Undefined index: payrecord_id /var/www/web/test/App/Runtime/Cache/Admin/578b5e747d571eb686bc39b194f81c60.php 第 54 行.
NOTIC: [8] Undefined index: payrecord_id /var/www/web/test/App/Runtime/Cache/Admin/578b5e747d571eb686bc39b194f81c60.php 第 54 行.
NOTIC: [8] Undefined index: payrecord_id /var/www/web/test/App/Runtime/Cache/Admin/578b5e747d571eb686bc39b194f81c60.php 第 54 行.
NOTIC: [8] Undefined index: payrecord_id /var/www/web/test/App/Runtime/Cache/Admin/578b5e747d571eb686bc39b194f81c60.php 第 54 行.
NOTIC: [8] Undefined index: payrecord_id /var/www/web/test/App/Runtime/Cache/Admin/578b5e747d571eb686bc39b194f81c60.php 第 54 行.
NOTIC: [8] Undefined index: payrecord_id /var/www/web/test/App/Runtime/Cache/Admin/578b5e747d571eb686bc39b194f81c60.php 第 54 行.
NOTIC: [8] Undefined index: payrecord_id /var/www/web/test/App/Runtime/Cache/Admin/578b5e747d571eb686bc39b194f81c60.php 第 54 行.
INFO: Run Behavior\ParseTemplateBehavior [ RunTime:0.007014s ]
INFO: [ view_parse ] --END-- [ RunTime:0.007057s ]
INFO: [ view_filter ] --START--
INFO: Run Behavior\WriteHtmlCacheBehavior [ RunTime:0.000093s ]
INFO: [ view_filter ] --END-- [ RunTime:0.000127s ]
INFO: [ app_end ] --START--
INFO: Run Behavior\ShowPageTraceBehavior [ RunTime:0.000330s ]
INFO: [ app_end ] --END-- [ RunTime:0.000378s ]

[ 2018-02-12T16:44:09+08:00 ] 61.189.33.149 /admin.php/Payrecord/pay
INFO: [ app_init ] --START--
INFO: Run Behavior\BuildLiteBehavior [ RunTime:0.000013s ]
INFO: [ app_init ] --END-- [ RunTime:0.000288s ]
INFO: [ app_begin ] --START--
INFO: Run Behavior\ReadHtmlCacheBehavior [ RunTime:0.000295s ]
INFO: [ app_begin ] --END-- [ RunTime:0.000345s ]
SQL: SHOW COLUMNS FROM `pay` [ RunTime:0.0031s ]
SQL: select p.*,u.name from pay as p,user as u where p.uid=u.user_id  [ RunTime:0.0022s ]
INFO: [ view_parse ] --START--
INFO: [ template_filter ] --START--
INFO: Run Behavior\ContentReplaceBehavior [ RunTime:0.000040s ]
INFO: [ template_filter ] --END-- [ RunTime:0.000088s ]
INFO: Run Behavior\ParseTemplateBehavior [ RunTime:0.006600s ]
INFO: [ view_parse ] --END-- [ RunTime:0.006651s ]
INFO: [ view_filter ] --START--
INFO: Run Behavior\WriteHtmlCacheBehavior [ RunTime:0.000086s ]
INFO: [ view_filter ] --END-- [ RunTime:0.000119s ]
INFO: [ app_end ] --START--
INFO: Run Behavior\ShowPageTraceBehavior [ RunTime:0.000325s ]
INFO: [ app_end ] --END-- [ RunTime:0.000358s ]

[ 2018-02-12T16:44:12+08:00 ] 61.189.33.149 /admin.php/Payrecord/tixian
INFO: [ app_init ] --START--
INFO: Run Behavior\BuildLiteBehavior [ RunTime:0.000013s ]
INFO: [ app_init ] --END-- [ RunTime:0.000250s ]
INFO: [ app_begin ] --START--
INFO: Run Behavior\ReadHtmlCacheBehavior [ RunTime:0.000300s ]
INFO: [ app_begin ] --END-- [ RunTime:0.000355s ]
SQL: SHOW COLUMNS FROM `withdraw` [ RunTime:0.0030s ]
SQL: select w.*,u.name,p.bank,p.phone,p.type from withdraw as w,pay as p,user as u where w.uid=u.user_id and w.uid=p.uid [ RunTime:0.0023s ]
INFO: [ view_parse ] --START--
INFO: [ template_filter ] --START--
INFO: Run Behavior\ContentReplaceBehavior [ RunTime:0.000044s ]
INFO: [ template_filter ] --END-- [ RunTime:0.000086s ]
NOTIC: [8] Undefined index: pay_id /var/www/web/test/App/Runtime/Cache/Admin/4ca52e11134b8b363419b0d2e643cc18.php 第 54 行.
NOTIC: [8] Undefined index: pay_id /var/www/web/test/App/Runtime/Cache/Admin/4ca52e11134b8b363419b0d2e643cc18.php 第 54 行.
INFO: Run Behavior\ParseTemplateBehavior [ RunTime:0.006468s ]
INFO: [ view_parse ] --END-- [ RunTime:0.006521s ]
INFO: [ view_filter ] --START--
INFO: Run Behavior\WriteHtmlCacheBehavior [ RunTime:0.000091s ]
INFO: [ view_filter ] --END-- [ RunTime:0.000127s ]
INFO: [ app_end ] --START--
INFO: Run Behavior\ShowPageTraceBehavior [ RunTime:0.000284s ]
INFO: [ app_end ] --END-- [ RunTime:0.000333s ]

[ 2018-02-12T16:45:12+08:00 ] 61.129.6.73 /admin.php/Payrecord/tixian
INFO: [ app_init ] --START--
INFO: Run Behavior\BuildLiteBehavior [ RunTime:0.000013s ]
INFO: [ app_init ] --END-- [ RunTime:0.000223s ]
INFO: [ app_begin ] --START--
INFO: Run Behavior\ReadHtmlCacheBehavior [ RunTime:0.000274s ]
INFO: [ app_begin ] --END-- [ RunTime:0.000323s ]
SQL: SHOW COLUMNS FROM `withdraw` [ RunTime:0.0030s ]
SQL: select w.*,u.name,p.bank,p.phone,p.type from withdraw as w,pay as p,user as u where w.uid=u.user_id and w.uid=p.uid [ RunTime:0.0023s ]
INFO: [ view_parse ] --START--
INFO: [ template_filter ] --START--
INFO: Run Behavior\ContentReplaceBehavior [ RunTime:0.000041s ]
INFO: [ template_filter ] --END-- [ RunTime:0.000100s ]
NOTIC: [8] Undefined index: pay_id /var/www/web/test/App/Runtime/Cache/Admin/4ca52e11134b8b363419b0d2e643cc18.php 第 54 行.
NOTIC: [8] Undefined index: pay_id /var/www/web/test/App/Runtime/Cache/Admin/4ca52e11134b8b363419b0d2e643cc18.php 第 54 行.
INFO: Run Behavior\ParseTemplateBehavior [ RunTime:0.006478s ]
INFO: [ view_parse ] --END-- [ RunTime:0.006521s ]
INFO: [ view_filter ] --START--
INFO: Run Behavior\WriteHtmlCacheBehavior [ RunTime:0.000096s ]
INFO: [ view_filter ] --END-- [ RunTime:0.000141s ]
INFO: [ app_end ] --START--
INFO: Run Behavior\ShowPageTraceBehavior [ RunTime:0.000276s ]
INFO: [ app_end ] --END-- [ RunTime:0.000312s ]

[ 2018-02-12T16:45:14+08:00 ] 101.226.33.240 /admin.php/Payrecord/tixian
INFO: [ app_init ] --START--
INFO: Run Behavior\BuildLiteBehavior [ RunTime:0.000011s ]
INFO: [ app_init ] --END-- [ RunTime:0.000203s ]
INFO: [ app_begin ] --START--
INFO: Run Behavior\ReadHtmlCacheBehavior [ RunTime:0.000276s ]
INFO: [ app_begin ] --END-- [ RunTime:0.000324s ]
SQL: SHOW COLUMNS FROM `withdraw` [ RunTime:0.0030s ]
SQL: select w.*,u.name,p.bank,p.phone,p.type from withdraw as w,pay as p,user as u where w.uid=u.user_id and w.uid=p.uid [ RunTime:0.0023s ]
INFO: [ view_parse ] --START--
INFO: [ template_filter ] --START--
INFO: Run Behavior\ContentReplaceBehavior [ RunTime:0.000039s ]
INFO: [ template_filter ] --END-- [ RunTime:0.000082s ]
NOTIC: [8] Undefined index: pay_id /var/www/web/test/App/Runtime/Cache/Admin/4ca52e11134b8b363419b0d2e643cc18.php 第 54 行.
NOTIC: [8] Undefined index: pay_id /var/www/web/test/App/Runtime/Cache/Admin/4ca52e11134b8b363419b0d2e643cc18.php 第 54 行.
INFO: Run Behavior\ParseTemplateBehavior [ RunTime:0.006374s ]
INFO: [ view_parse ] --END-- [ RunTime:0.006415s ]
INFO: [ view_filter ] --START--
INFO: Run Behavior\WriteHtmlCacheBehavior [ RunTime:0.000084s ]
INFO: [ view_filter ] --END-- [ RunTime:0.000117s ]
INFO: [ app_end ] --START--
INFO: Run Behavior\ShowPageTraceBehavior [ RunTime:0.000303s ]
INFO: [ app_end ] --END-- [ RunTime:0.000338s ]

[ 2018-02-12T18:17:41+08:00 ] 61.189.33.149 /admin.php
INFO: [ app_init ] --START--
INFO: Run Behavior\BuildLiteBehavior [ RunTime:0.000015s ]
INFO: [ app_init ] --END-- [ RunTime:0.000397s ]
INFO: [ app_begin ] --START--
INFO: Run Behavior\ReadHtmlCacheBehavior [ RunTime:0.000273s ]
INFO: [ app_begin ] --END-- [ RunTime:0.000336s ]
INFO: [ view_parse ] --START--
INFO: [ template_filter ] --START--
INFO: Run Behavior\ContentReplaceBehavior [ RunTime:0.000058s ]
INFO: [ template_filter ] --END-- [ RunTime:0.000105s ]
INFO: Run Behavior\ParseTemplateBehavior [ RunTime:0.009998s ]
INFO: [ view_parse ] --END-- [ RunTime:0.010043s ]
INFO: [ view_filter ] --START--
INFO: Run Behavior\WriteHtmlCacheBehavior [ RunTime:0.000110s ]
INFO: [ view_filter ] --END-- [ RunTime:0.000145s ]
INFO: [ app_end ] --START--
INFO: Run Behavior\ShowPageTraceBehavior [ RunTime:0.000325s ]
INFO: [ app_end ] --END-- [ RunTime:0.000372s ]

[ 2018-02-12T18:17:42+08:00 ] 61.189.33.149 /admin.php/Index/welcome
INFO: [ app_init ] --START--
INFO: Run Behavior\BuildLiteBehavior [ RunTime:0.000012s ]
INFO: [ app_init ] --END-- [ RunTime:0.000261s ]
INFO: [ app_begin ] --START--
INFO: Run Behavior\ReadHtmlCacheBehavior [ RunTime:0.000293s ]
INFO: [ app_begin ] --END-- [ RunTime:0.000340s ]
INFO: [ view_parse ] --START--
INFO: [ template_filter ] --START--
INFO: Run Behavior\ContentReplaceBehavior [ RunTime:0.000038s ]
INFO: [ template_filter ] --END-- [ RunTime:0.000085s ]
INFO: Run Behavior\ParseTemplateBehavior [ RunTime:0.004547s ]
INFO: [ view_parse ] --END-- [ RunTime:0.004589s ]
INFO: [ view_filter ] --START--
INFO: Run Behavior\WriteHtmlCacheBehavior [ RunTime:0.000086s ]
INFO: [ view_filter ] --END-- [ RunTime:0.000119s ]
INFO: [ app_end ] --START--
INFO: Run Behavior\ShowPageTraceBehavior [ RunTime:0.000284s ]
INFO: [ app_end ] --END-- [ RunTime:0.000320s ]

