[ 2018-02-12T14:48:55+08:00 ] 61.189.33.149 /Uploads/liveb/2018-02-07/5a7a91ece65cc.jpg
INFO: [ app_init ] --START--
INFO: Run Behavior\BuildLiteBehavior [ RunTime:0.000013s ]
INFO: [ app_init ] --END-- [ RunTime:0.000213s ]
ERR: 无法加载模块:Uploads

[ 2018-02-12T14:48:56+08:00 ] 61.189.33.149 /Uploads/liveb/2018-02-07/5a7a91ece65cc.jpg
INFO: [ app_init ] --START--
INFO: Run Behavior\BuildLiteBehavior [ RunTime:0.000012s ]
INFO: [ app_init ] --END-- [ RunTime:0.000223s ]
ERR: 无法加载模块:Uploads

[ 2018-02-12T14:49:03+08:00 ] 61.189.33.149 /Uploads/liveb/2018-02-07/5a7a91ece65cc.jpg
INFO: [ app_init ] --START--
INFO: Run Behavior\BuildLiteBehavior [ RunTime:0.000012s ]
INFO: [ app_init ] --END-- [ RunTime:0.000212s ]
ERR: 无法加载模块:Uploads

[ 2018-02-12T14:52:44+08:00 ] 61.189.33.149 /Uploads/liveb/2018-02-07/5a7ae371c05e6.jpeg
INFO: [ app_init ] --START--
INFO: Run Behavior\BuildLiteBehavior [ RunTime:0.000012s ]
INFO: [ app_init ] --END-- [ RunTime:0.000219s ]
ERR: 无法加载模块:Uploads

[ 2018-02-12T14:52:45+08:00 ] 61.189.33.149 /Uploads/liveb/2018-02-08/5a7be914e405a.jpeg
INFO: [ app_init ] --START--
INFO: Run Behavior\BuildLiteBehavior [ RunTime:0.000012s ]
INFO: [ app_init ] --END-- [ RunTime:0.000212s ]
ERR: 无法加载模块:Uploads

[ 2018-02-12T14:52:45+08:00 ] 61.189.33.149 /Uploads/liveb/2018-02-08/5a7bebcf1deb8.jpeg
INFO: [ app_init ] --START--
INFO: Run Behavior\BuildLiteBehavior [ RunTime:0.000013s ]
INFO: [ app_init ] --END-- [ RunTime:0.000218s ]
ERR: 无法加载模块:Uploads

[ 2018-02-12T14:52:45+08:00 ] 61.189.33.149 /Uploads/liveb/2018-02-08/5a7bed6300ebe.jpeg
INFO: [ app_init ] --START--
INFO: Run Behavior\BuildLiteBehavior [ RunTime:0.000012s ]
INFO: [ app_init ] --END-- [ RunTime:0.000213s ]
ERR: 无法加载模块:Uploads

[ 2018-02-12T14:52:45+08:00 ] 61.189.33.149 /Uploads/liveb/2018-02-11/5a7ff57d434cd.jpeg
INFO: [ app_init ] --START--
INFO: Run Behavior\BuildLiteBehavior [ RunTime:0.000012s ]
INFO: [ app_init ] --END-- [ RunTime:0.000225s ]
ERR: 无法加载模块:Uploads

[ 2018-02-12T14:52:48+08:00 ] 61.189.33.149 /Uploads/liveb/2018-02-11/5a7ff57d434cd.jpeg
INFO: [ app_init ] --START--
INFO: Run Behavior\BuildLiteBehavior [ RunTime:0.000014s ]
INFO: [ app_init ] --END-- [ RunTime:0.000246s ]
ERR: 无法加载模块:Uploads

[ 2018-02-12T14:52:56+08:00 ] 61.189.33.149 /Uploads/liveb/2018-02-11/5a7ff57d434cd.jpeg
INFO: [ app_init ] --START--
INFO: Run Behavior\BuildLiteBehavior [ RunTime:0.000012s ]
INFO: [ app_init ] --END-- [ RunTime:0.000240s ]
ERR: 无法加载模块:Uploads

[ 2018-02-12T14:53:00+08:00 ] 61.189.33.149 /Uploads/liveb/2018-02-11/5a7ff57d434cd.jpeg
INFO: [ app_init ] --START--
INFO: Run Behavior\BuildLiteBehavior [ RunTime:0.000012s ]
INFO: [ app_init ] --END-- [ RunTime:0.000236s ]
ERR: 无法加载模块:Uploads

[ 2018-02-12T14:53:05+08:00 ] 61.189.33.149 /Uploads/liveb/2018-02-07/5a7ae371c05e6.jpeg
INFO: [ app_init ] --START--
INFO: Run Behavior\BuildLiteBehavior [ RunTime:0.000014s ]
INFO: [ app_init ] --END-- [ RunTime:0.000245s ]
ERR: 无法加载模块:Uploads

[ 2018-02-12T14:53:06+08:00 ] 61.189.33.149 /Uploads/liveb/2018-02-08/5a7be914e405a.jpeg
INFO: [ app_init ] --START--
INFO: Run Behavior\BuildLiteBehavior [ RunTime:0.000013s ]
INFO: [ app_init ] --END-- [ RunTime:0.000217s ]
ERR: 无法加载模块:Uploads

[ 2018-02-12T14:53:06+08:00 ] 61.189.33.149 /Uploads/liveb/2018-02-08/5a7bebcf1deb8.jpeg
INFO: [ app_init ] --START--
INFO: Run Behavior\BuildLiteBehavior [ RunTime:0.000013s ]
INFO: [ app_init ] --END-- [ RunTime:0.000244s ]
ERR: 无法加载模块:Uploads

[ 2018-02-12T14:53:06+08:00 ] 61.189.33.149 /Uploads/liveb/2018-02-08/5a7bed6300ebe.jpeg
INFO: [ app_init ] --START--
INFO: Run Behavior\BuildLiteBehavior [ RunTime:0.000019s ]
INFO: [ app_init ] --END-- [ RunTime:0.000261s ]
ERR: 无法加载模块:Uploads

[ 2018-02-12T14:53:06+08:00 ] 61.189.33.149 /Uploads/liveb/2018-02-11/5a7ff57d434cd.jpeg
INFO: [ app_init ] --START--
INFO: Run Behavior\BuildLiteBehavior [ RunTime:0.000011s ]
INFO: [ app_init ] --END-- [ RunTime:0.000262s ]
ERR: 无法加载模块:Uploads

[ 2018-02-12T14:54:06+08:00 ] 61.189.33.149 /Uploads/liveb/2018-02-07/5a7a91ece65cc.jpg
INFO: [ app_init ] --START--
INFO: Run Behavior\BuildLiteBehavior [ RunTime:0.000013s ]
INFO: [ app_init ] --END-- [ RunTime:0.000226s ]
ERR: 无法加载模块:Uploads

[ 2018-02-12T14:54:44+08:00 ] 61.189.33.149 /Uploads/liveb/2018-02-07/5a7ae371c05e6.jpeg
INFO: [ app_init ] --START--
INFO: Run Behavior\BuildLiteBehavior [ RunTime:0.000013s ]
INFO: [ app_init ] --END-- [ RunTime:0.000280s ]
ERR: 无法加载模块:Uploads

[ 2018-02-12T14:58:44+08:00 ] 61.189.33.149 /Uploads/liveb/2018-02-07/5a7ae371c05e6.jpeg
INFO: [ app_init ] --START--
INFO: Run Behavior\BuildLiteBehavior [ RunTime:0.000012s ]
INFO: [ app_init ] --END-- [ RunTime:0.000198s ]
ERR: 无法加载模块:Uploads

[ 2018-02-12T14:58:44+08:00 ] 61.189.33.149 /Uploads/liveb/2018-02-08/5a7be914e405a.jpeg
INFO: [ app_init ] --START--
INFO: Run Behavior\BuildLiteBehavior [ RunTime:0.000012s ]
INFO: [ app_init ] --END-- [ RunTime:0.000219s ]
ERR: 无法加载模块:Uploads

[ 2018-02-12T14:58:44+08:00 ] 61.189.33.149 /Uploads/liveb/2018-02-08/5a7bebcf1deb8.jpeg
INFO: [ app_init ] --START--
INFO: Run Behavior\BuildLiteBehavior [ RunTime:0.000013s ]
INFO: [ app_init ] --END-- [ RunTime:0.000218s ]
ERR: 无法加载模块:Uploads

[ 2018-02-12T14:58:46+08:00 ] 61.189.33.149 /Uploads/liveb/2018-02-08/5a7bed6300ebe.jpeg
INFO: [ app_init ] --START--
INFO: Run Behavior\BuildLiteBehavior [ RunTime:0.000013s ]
INFO: [ app_init ] --END-- [ RunTime:0.000233s ]
ERR: 无法加载模块:Uploads

[ 2018-02-12T14:58:46+08:00 ] 61.189.33.149 /Uploads/liveb/2018-02-11/5a7ff57d434cd.jpeg
INFO: [ app_init ] --START--
INFO: Run Behavior\BuildLiteBehavior [ RunTime:0.000011s ]
INFO: [ app_init ] --END-- [ RunTime:0.000211s ]
ERR: 无法加载模块:Uploads

[ 2018-02-12T14:58:48+08:00 ] 61.189.33.149 /Uploads/liveb/2018-02-07/5a7ae371c05e6.jpeg
INFO: [ app_init ] --START--
INFO: Run Behavior\BuildLiteBehavior [ RunTime:0.000012s ]
INFO: [ app_init ] --END-- [ RunTime:0.000266s ]
ERR: 无法加载模块:Uploads

[ 2018-02-12T14:58:48+08:00 ] 61.189.33.149 /Uploads/liveb/2018-02-08/5a7be914e405a.jpeg
INFO: [ app_init ] --START--
INFO: Run Behavior\BuildLiteBehavior [ RunTime:0.000014s ]
INFO: [ app_init ] --END-- [ RunTime:0.000309s ]
ERR: 无法加载模块:Uploads

[ 2018-02-12T14:58:48+08:00 ] 61.189.33.149 /Uploads/liveb/2018-02-08/5a7bebcf1deb8.jpeg
INFO: [ app_init ] --START--
INFO: Run Behavior\BuildLiteBehavior [ RunTime:0.000011s ]
INFO: [ app_init ] --END-- [ RunTime:0.000205s ]
ERR: 无法加载模块:Uploads

[ 2018-02-12T14:58:52+08:00 ] 61.189.33.149 /Uploads/liveb/2018-02-08/5a7be914e405a.jpeg
INFO: [ app_init ] --START--
INFO: Run Behavior\BuildLiteBehavior [ RunTime:0.000013s ]
INFO: [ app_init ] --END-- [ RunTime:0.000226s ]
ERR: 无法加载模块:Uploads

[ 2018-02-12T14:58:52+08:00 ] 61.189.33.149 /Uploads/liveb/2018-02-08/5a7bebcf1deb8.jpeg
INFO: [ app_init ] --START--
INFO: Run Behavior\BuildLiteBehavior [ RunTime:0.000012s ]
INFO: [ app_init ] --END-- [ RunTime:0.000200s ]
ERR: 无法加载模块:Uploads

[ 2018-02-12T14:58:52+08:00 ] 61.189.33.149 /Uploads/liveb/2018-02-08/5a7bed6300ebe.jpeg
INFO: [ app_init ] --START--
INFO: Run Behavior\BuildLiteBehavior [ RunTime:0.000014s ]
INFO: [ app_init ] --END-- [ RunTime:0.000228s ]
ERR: 无法加载模块:Uploads

[ 2018-02-12T14:58:52+08:00 ] 61.189.33.149 /Uploads/liveb/2018-02-11/5a7ff57d434cd.jpeg
INFO: [ app_init ] --START--
INFO: Run Behavior\BuildLiteBehavior [ RunTime:0.000012s ]
INFO: [ app_init ] --END-- [ RunTime:0.000212s ]
ERR: 无法加载模块:Uploads

[ 2018-02-12T14:59:00+08:00 ] 61.189.33.149 /Uploads/liveb/2018-02-11/5a7ff57d434cd.jpeg
INFO: [ app_init ] --START--
INFO: Run Behavior\BuildLiteBehavior [ RunTime:0.000018s ]
INFO: [ app_init ] --END-- [ RunTime:0.000268s ]
ERR: 无法加载模块:Uploads

[ 2018-02-12T14:59:05+08:00 ] 61.189.33.149 /Uploads/liveb/2018-02-11/5a7ff57d434cd.jpeg
INFO: [ app_init ] --START--
INFO: Run Behavior\BuildLiteBehavior [ RunTime:0.000013s ]
INFO: [ app_init ] --END-- [ RunTime:0.000269s ]
ERR: 无法加载模块:Uploads

[ 2018-02-12T15:01:27+08:00 ] 61.189.33.149 /Uploads/liveb/2018-02-07/5a7ae371c05e6.jpeg
INFO: [ app_init ] --START--
INFO: Run Behavior\BuildLiteBehavior [ RunTime:0.000011s ]
INFO: [ app_init ] --END-- [ RunTime:0.000204s ]
ERR: 无法加载模块:Uploads

[ 2018-02-12T15:01:31+08:00 ] 61.189.33.149 /Uploads/liveb/2018-02-07/5a7ae371c05e6.jpeg
INFO: [ app_init ] --START--
INFO: Run Behavior\BuildLiteBehavior [ RunTime:0.000013s ]
INFO: [ app_init ] --END-- [ RunTime:0.000243s ]
ERR: 无法加载模块:Uploads

[ 2018-02-12T15:03:34+08:00 ] 61.189.33.149 /Uploads/liveb/2018-02-07/5a7a91ece65cc.jpg
INFO: [ app_init ] --START--
INFO: Run Behavior\BuildLiteBehavior [ RunTime:0.000024s ]
INFO: [ app_init ] --END-- [ RunTime:0.000227s ]
ERR: 无法加载模块:Uploads

[ 2018-02-12T15:03:45+08:00 ] 61.189.33.149 /Uploads/liveb/2018-02-07/5a7a91ece65cc.jpg
INFO: [ app_init ] --START--
INFO: Run Behavior\BuildLiteBehavior [ RunTime:0.000012s ]
INFO: [ app_init ] --END-- [ RunTime:0.000245s ]
ERR: 无法加载模块:Uploads

[ 2018-02-12T15:16:42+08:00 ] 61.189.33.149 /Uploads/liveb/2018-02-07/5a7ae371c05e6.jpeg
INFO: [ app_init ] --START--
INFO: Run Behavior\BuildLiteBehavior [ RunTime:0.000013s ]
INFO: [ app_init ] --END-- [ RunTime:0.000270s ]
ERR: 无法加载模块:Uploads

[ 2018-02-12T15:16:44+08:00 ] 61.189.33.149 /Uploads/liveb/2018-02-07/5a7ae371c05e6.jpeg
INFO: [ app_init ] --START--
INFO: Run Behavior\BuildLiteBehavior [ RunTime:0.000012s ]
INFO: [ app_init ] --END-- [ RunTime:0.000233s ]
ERR: 无法加载模块:Uploads

[ 2018-02-12T15:17:09+08:00 ] 61.189.33.149 /Uploads/liveb/2018-02-07/5a7ae371c05e6.jpeg
INFO: [ app_init ] --START--
INFO: Run Behavior\BuildLiteBehavior [ RunTime:0.000011s ]
INFO: [ app_init ] --END-- [ RunTime:0.000210s ]
ERR: 无法加载模块:Uploads

[ 2018-02-12T15:17:12+08:00 ] 61.189.33.149 /Uploads/liveb/2018-02-07/5a7ae371c05e6.jpeg
INFO: [ app_init ] --START--
INFO: Run Behavior\BuildLiteBehavior [ RunTime:0.000034s ]
INFO: [ app_init ] --END-- [ RunTime:0.000237s ]
ERR: 无法加载模块:Uploads

[ 2018-02-12T15:18:42+08:00 ] 61.189.33.149 /Uploads/liveb/2018-02-07/5a7a91ece65cc.jpg
INFO: [ app_init ] --START--
INFO: Run Behavior\BuildLiteBehavior [ RunTime:0.000013s ]
INFO: [ app_init ] --END-- [ RunTime:0.000244s ]
ERR: 无法加载模块:Uploads

[ 2018-02-12T15:19:59+08:00 ] 61.189.33.149 /Uploads/liveb/2018-02-07/5a7a91ece65cc.jpg
INFO: [ app_init ] --START--
INFO: Run Behavior\BuildLiteBehavior [ RunTime:0.000012s ]
INFO: [ app_init ] --END-- [ RunTime:0.000218s ]
ERR: 无法加载模块:Uploads

[ 2018-02-12T15:22:55+08:00 ] 61.189.33.149 /Uploads/liveb/2018-02-07/5a7ae371c05e6.jpeg
INFO: [ app_init ] --START--
INFO: Run Behavior\BuildLiteBehavior [ RunTime:0.000012s ]
INFO: [ app_init ] --END-- [ RunTime:0.000203s ]
ERR: 无法加载模块:Uploads

[ 2018-02-12T15:24:23+08:00 ] 61.189.33.149 /Uploads/liveb/2018-02-07/5a7ae371c05e6.jpeg
INFO: [ app_init ] --START--
INFO: Run Behavior\BuildLiteBehavior [ RunTime:0.000012s ]
INFO: [ app_init ] --END-- [ RunTime:0.000230s ]
ERR: 无法加载模块:Uploads

[ 2018-02-12T15:34:24+08:00 ] 61.189.33.149 /Uploads/liveb/2018-02-07/5a7ae371c05e6.jpeg
INFO: [ app_init ] --START--
INFO: Run Behavior\BuildLiteBehavior [ RunTime:0.000011s ]
INFO: [ app_init ] --END-- [ RunTime:0.000210s ]
ERR: 无法加载模块:Uploads

[ 2018-02-12T15:34:31+08:00 ] 61.189.33.149 /Uploads/liveb/2018-02-08/5a7be914e405a.jpeg
INFO: [ app_init ] --START--
INFO: Run Behavior\BuildLiteBehavior [ RunTime:0.000012s ]
INFO: [ app_init ] --END-- [ RunTime:0.000247s ]
ERR: 无法加载模块:Uploads

[ 2018-02-12T15:34:35+08:00 ] 61.189.33.149 /Uploads/liveb/2018-02-07/5a7ae371c05e6.jpeg
INFO: [ app_init ] --START--
INFO: Run Behavior\BuildLiteBehavior [ RunTime:0.000011s ]
INFO: [ app_init ] --END-- [ RunTime:0.000197s ]
ERR: 无法加载模块:Uploads

[ 2018-02-12T15:34:36+08:00 ] 61.189.33.149 /Uploads/liveb/2018-02-08/5a7be914e405a.jpeg
INFO: [ app_init ] --START--
INFO: Run Behavior\BuildLiteBehavior [ RunTime:0.000012s ]
INFO: [ app_init ] --END-- [ RunTime:0.000218s ]
ERR: 无法加载模块:Uploads

[ 2018-02-12T15:34:36+08:00 ] 61.189.33.149 /Uploads/liveb/2018-02-08/5a7bebcf1deb8.jpeg
INFO: [ app_init ] --START--
INFO: Run Behavior\BuildLiteBehavior [ RunTime:0.000012s ]
INFO: [ app_init ] --END-- [ RunTime:0.000223s ]
ERR: 无法加载模块:Uploads

[ 2018-02-12T15:34:37+08:00 ] 61.189.33.149 /Uploads/liveb/2018-02-08/5a7bed6300ebe.jpeg
INFO: [ app_init ] --START--
INFO: Run Behavior\BuildLiteBehavior [ RunTime:0.000012s ]
INFO: [ app_init ] --END-- [ RunTime:0.000219s ]
ERR: 无法加载模块:Uploads

[ 2018-02-12T15:34:37+08:00 ] 61.189.33.149 /Uploads/liveb/2018-02-11/5a7ff57d434cd.jpeg
INFO: [ app_init ] --START--
INFO: Run Behavior\BuildLiteBehavior [ RunTime:0.000013s ]
INFO: [ app_init ] --END-- [ RunTime:0.000215s ]
ERR: 无法加载模块:Uploads

[ 2018-02-12T15:34:40+08:00 ] 61.189.33.149 /Uploads/liveb/2018-02-08/5a7bed6300ebe.jpeg
INFO: [ app_init ] --START--
INFO: Run Behavior\BuildLiteBehavior [ RunTime:0.000015s ]
INFO: [ app_init ] --END-- [ RunTime:0.000285s ]
ERR: 无法加载模块:Uploads

[ 2018-02-12T15:34:40+08:00 ] 61.189.33.149 /Uploads/liveb/2018-02-11/5a7ff57d434cd.jpeg
INFO: [ app_init ] --START--
INFO: Run Behavior\BuildLiteBehavior [ RunTime:0.000012s ]
INFO: [ app_init ] --END-- [ RunTime:0.000205s ]
ERR: 无法加载模块:Uploads

[ 2018-02-12T15:37:41+08:00 ] 61.189.33.149 /Uploads/liveb/2018-02-08/5a7bebcf1deb8.jpeg
INFO: [ app_init ] --START--
INFO: Run Behavior\BuildLiteBehavior [ RunTime:0.000011s ]
INFO: [ app_init ] --END-- [ RunTime:0.000229s ]
ERR: 无法加载模块:Uploads

[ 2018-02-12T15:37:41+08:00 ] 61.189.33.149 /Uploads/liveb/2018-02-08/5a7be914e405a.jpeg
INFO: [ app_init ] --START--
INFO: Run Behavior\BuildLiteBehavior [ RunTime:0.000012s ]
INFO: [ app_init ] --END-- [ RunTime:0.000226s ]
ERR: 无法加载模块:Uploads

[ 2018-02-12T15:37:43+08:00 ] 61.189.33.149 /Uploads/liveb/2018-02-07/5a7ae371c05e6.jpeg
INFO: [ app_init ] --START--
INFO: Run Behavior\BuildLiteBehavior [ RunTime:0.000013s ]
INFO: [ app_init ] --END-- [ RunTime:0.000220s ]
ERR: 无法加载模块:Uploads

[ 2018-02-12T15:41:53+08:00 ] 61.189.33.149 /Uploads/liveb/2018-02-07/5a7ae371c05e6.jpeg
INFO: [ app_init ] --START--
INFO: Run Behavior\BuildLiteBehavior [ RunTime:0.000012s ]
INFO: [ app_init ] --END-- [ RunTime:0.000227s ]
ERR: 无法加载模块:Uploads

[ 2018-02-12T15:41:54+08:00 ] 61.189.33.149 /Uploads/liveb/2018-02-08/5a7be914e405a.jpeg
INFO: [ app_init ] --START--
INFO: Run Behavior\BuildLiteBehavior [ RunTime:0.000012s ]
INFO: [ app_init ] --END-- [ RunTime:0.000225s ]
ERR: 无法加载模块:Uploads

[ 2018-02-12T15:41:54+08:00 ] 61.189.33.149 /Uploads/liveb/2018-02-08/5a7bebcf1deb8.jpeg
INFO: [ app_init ] --START--
INFO: Run Behavior\BuildLiteBehavior [ RunTime:0.000012s ]
INFO: [ app_init ] --END-- [ RunTime:0.000221s ]
ERR: 无法加载模块:Uploads

[ 2018-02-12T15:41:54+08:00 ] 61.189.33.149 /Uploads/liveb/2018-02-08/5a7bed6300ebe.jpeg
INFO: [ app_init ] --START--
INFO: Run Behavior\BuildLiteBehavior [ RunTime:0.000011s ]
INFO: [ app_init ] --END-- [ RunTime:0.000202s ]
ERR: 无法加载模块:Uploads

[ 2018-02-12T15:41:54+08:00 ] 61.189.33.149 /Uploads/liveb/2018-02-11/5a7ff57d434cd.jpeg
INFO: [ app_init ] --START--
INFO: Run Behavior\BuildLiteBehavior [ RunTime:0.000011s ]
INFO: [ app_init ] --END-- [ RunTime:0.000246s ]
ERR: 无法加载模块:Uploads

[ 2018-02-12T15:45:49+08:00 ] 61.189.33.149 /Uploads/liveb/2018-02-11/5a7ff57d434cd.jpeg
INFO: [ app_init ] --START--
INFO: Run Behavior\BuildLiteBehavior [ RunTime:0.000032s ]
INFO: [ app_init ] --END-- [ RunTime:0.000236s ]
ERR: 无法加载模块:Uploads

[ 2018-02-12T15:45:59+08:00 ] 61.189.33.149 /Uploads/liveb/2018-02-07/5a7ae371c05e6.jpeg
INFO: [ app_init ] --START--
INFO: Run Behavior\BuildLiteBehavior [ RunTime:0.000010s ]
INFO: [ app_init ] --END-- [ RunTime:0.000201s ]
ERR: 无法加载模块:Uploads

[ 2018-02-12T15:46:01+08:00 ] 61.189.33.149 /Uploads/liveb/2018-02-08/5a7be914e405a.jpeg
INFO: [ app_init ] --START--
INFO: Run Behavior\BuildLiteBehavior [ RunTime:0.000012s ]
INFO: [ app_init ] --END-- [ RunTime:0.000222s ]
ERR: 无法加载模块:Uploads

[ 2018-02-12T15:46:01+08:00 ] 61.189.33.149 /Uploads/liveb/2018-02-08/5a7bebcf1deb8.jpeg
INFO: [ app_init ] --START--
INFO: Run Behavior\BuildLiteBehavior [ RunTime:0.000013s ]
INFO: [ app_init ] --END-- [ RunTime:0.000218s ]
ERR: 无法加载模块:Uploads

[ 2018-02-12T15:46:01+08:00 ] 61.189.33.149 /Uploads/liveb/2018-02-08/5a7bed6300ebe.jpeg
INFO: [ app_init ] --START--
INFO: Run Behavior\BuildLiteBehavior [ RunTime:0.000012s ]
INFO: [ app_init ] --END-- [ RunTime:0.000224s ]
ERR: 无法加载模块:Uploads

[ 2018-02-12T15:46:01+08:00 ] 61.189.33.149 /Uploads/liveb/2018-02-11/5a7ff57d434cd.jpeg
INFO: [ app_init ] --START--
INFO: Run Behavior\BuildLiteBehavior [ RunTime:0.000012s ]
INFO: [ app_init ] --END-- [ RunTime:0.000267s ]
ERR: 无法加载模块:Uploads

[ 2018-02-12T16:17:07+08:00 ] 61.189.33.149 /Uploads/liveb/2018-02-07/5a7a91ece65cc.jpg
INFO: [ app_init ] --START--
INFO: Run Behavior\BuildLiteBehavior [ RunTime:0.000011s ]
INFO: [ app_init ] --END-- [ RunTime:0.000207s ]
ERR: 无法加载模块:Uploads

[ 2018-02-12T16:59:52+08:00 ] 61.189.33.149 /Uploads/liveb/2018-02-07/5a7a91ece65cc.jpg
INFO: [ app_init ] --START--
INFO: Run Behavior\BuildLiteBehavior [ RunTime:0.000011s ]
INFO: [ app_init ] --END-- [ RunTime:0.000206s ]
ERR: 无法加载模块:Uploads

[ 2018-02-12T17:00:34+08:00 ] 61.189.33.149 /Uploads/liveb/2018-02-07/5a7a91ece65cc.jpg
INFO: [ app_init ] --START--
INFO: Run Behavior\BuildLiteBehavior [ RunTime:0.000012s ]
INFO: [ app_init ] --END-- [ RunTime:0.000247s ]
ERR: 无法加载模块:Uploads

[ 2018-02-12T17:04:28+08:00 ] 61.189.33.149 /Uploads/liveb/2018-02-07/5a7a91ece65cc.jpg
INFO: [ app_init ] --START--
INFO: Run Behavior\BuildLiteBehavior [ RunTime:0.000013s ]
INFO: [ app_init ] --END-- [ RunTime:0.000238s ]
ERR: 无法加载模块:Uploads

[ 2018-02-12T17:52:14+08:00 ] 175.167.152.229 /Uploads/liveb/2018-02-07/5a7ae371c05e6.jpeg
INFO: [ app_init ] --START--
INFO: Run Behavior\BuildLiteBehavior [ RunTime:0.000012s ]
INFO: [ app_init ] --END-- [ RunTime:0.000217s ]
ERR: 无法加载模块:Uploads

[ 2018-02-12T17:52:19+08:00 ] 175.167.152.229 /Uploads/liveb/2018-02-08/5a7be914e405a.jpeg
INFO: [ app_init ] --START--
INFO: Run Behavior\BuildLiteBehavior [ RunTime:0.000012s ]
INFO: [ app_init ] --END-- [ RunTime:0.000221s ]
ERR: 无法加载模块:Uploads

[ 2018-02-12T17:52:21+08:00 ] 175.167.152.229 /Uploads/liveb/2018-02-08/5a7bebcf1deb8.jpeg
INFO: [ app_init ] --START--
INFO: Run Behavior\BuildLiteBehavior [ RunTime:0.000012s ]
INFO: [ app_init ] --END-- [ RunTime:0.000219s ]
ERR: 无法加载模块:Uploads

[ 2018-02-12T17:52:23+08:00 ] 175.167.152.229 /Uploads/liveb/2018-02-08/5a7bed6300ebe.jpeg
INFO: [ app_init ] --START--
INFO: Run Behavior\BuildLiteBehavior [ RunTime:0.000012s ]
INFO: [ app_init ] --END-- [ RunTime:0.000256s ]
ERR: 无法加载模块:Uploads

[ 2018-02-12T17:52:23+08:00 ] 175.167.152.229 /Uploads/liveb/2018-02-11/5a7ff57d434cd.jpeg
INFO: [ app_init ] --START--
INFO: Run Behavior\BuildLiteBehavior [ RunTime:0.000011s ]
INFO: [ app_init ] --END-- [ RunTime:0.000199s ]
ERR: 无法加载模块:Uploads

[ 2018-02-12T18:11:25+08:00 ] 140.205.225.200 /wls-wsat/CoordinatorPortType
INFO: [ app_init ] --START--
INFO: Run Behavior\BuildLiteBehavior [ RunTime:0.000012s ]
INFO: [ app_init ] --END-- [ RunTime:0.000230s ]
ERR: 无法加载模块:Wls-wsat

[ 2018-02-12T18:33:58+08:00 ] 175.167.152.229 /Uploads/liveb/2018-02-08/5a7bebcf1deb8.jpeg
INFO: [ app_init ] --START--
INFO: Run Behavior\BuildLiteBehavior [ RunTime:0.000024s ]
INFO: [ app_init ] --END-- [ RunTime:0.000236s ]
ERR: 无法加载模块:Uploads

[ 2018-02-12T18:33:58+08:00 ] 175.167.152.229 /Uploads/liveb/2018-02-08/5a7bed6300ebe.jpeg
INFO: [ app_init ] --START--
INFO: Run Behavior\BuildLiteBehavior [ RunTime:0.000012s ]
INFO: [ app_init ] --END-- [ RunTime:0.000216s ]
ERR: 无法加载模块:Uploads

[ 2018-02-12T18:33:58+08:00 ] 175.167.152.229 /Uploads/liveb/2018-02-07/5a7ae371c05e6.jpeg
INFO: [ app_init ] --START--
INFO: Run Behavior\BuildLiteBehavior [ RunTime:0.000011s ]
INFO: [ app_init ] --END-- [ RunTime:0.000204s ]
ERR: 无法加载模块:Uploads

[ 2018-02-12T18:33:58+08:00 ] 175.167.152.229 /Uploads/liveb/2018-02-11/5a7ff57d434cd.jpeg
INFO: [ app_init ] --START--
INFO: Run Behavior\BuildLiteBehavior [ RunTime:0.000011s ]
INFO: [ app_init ] --END-- [ RunTime:0.000215s ]
ERR: 无法加载模块:Uploads

[ 2018-02-12T18:33:58+08:00 ] 175.167.152.229 /Uploads/liveb/2018-02-08/5a7be914e405a.jpeg
INFO: [ app_init ] --START--
INFO: Run Behavior\BuildLiteBehavior [ RunTime:0.000010s ]
INFO: [ app_init ] --END-- [ RunTime:0.000233s ]
ERR: 无法加载模块:Uploads

[ 2018-02-12T18:43:34+08:00 ] 140.205.225.200 /master-status
INFO: [ app_init ] --START--
INFO: Run Behavior\BuildLiteBehavior [ RunTime:0.000012s ]
INFO: [ app_init ] --END-- [ RunTime:0.000221s ]
ERR: 无法加载模块:Master-status

[ 2018-02-12T18:48:20+08:00 ] 61.189.33.149 /Uploads/liveb/2018-02-07/5a7a91ece65cc.jpg
INFO: [ app_init ] --START--
INFO: Run Behavior\BuildLiteBehavior [ RunTime:0.000012s ]
INFO: [ app_init ] --END-- [ RunTime:0.000224s ]
ERR: 无法加载模块:Uploads

[ 2018-02-12T18:48:27+08:00 ] 61.189.33.149 /Public/Home/saibangzi/img/hot-l.png
INFO: [ app_init ] --START--
INFO: Run Behavior\BuildLiteBehavior [ RunTime:0.000011s ]
INFO: [ app_init ] --END-- [ RunTime:0.000209s ]
ERR: 无法加载模块:Public

[ 2018-02-12T18:48:27+08:00 ] 61.189.33.149 /Public/Admin/lib/webuploader/0.1.5/server/upload//Uploads/good/2018-02-01/5a72812ce97f0.png
INFO: [ app_init ] --START--
INFO: Run Behavior\BuildLiteBehavior [ RunTime:0.000017s ]
INFO: [ app_init ] --END-- [ RunTime:0.000294s ]
ERR: 无法加载模块:Public

[ 2018-02-12T18:48:27+08:00 ] 61.189.33.149 /Public/Home/saibangzi/img/hot-r.png
INFO: [ app_init ] --START--
INFO: Run Behavior\BuildLiteBehavior [ RunTime:0.000011s ]
INFO: [ app_init ] --END-- [ RunTime:0.000210s ]
ERR: 无法加载模块:Public

[ 2018-02-12T18:48:34+08:00 ] 61.189.33.149 /Public/Admin/lib/webuploader/0.1.5/server/upload//Uploads/good/2018-02-01/5a72812ce97f0.png
INFO: [ app_init ] --START--
INFO: Run Behavior\BuildLiteBehavior [ RunTime:0.000011s ]
INFO: [ app_init ] --END-- [ RunTime:0.000223s ]
ERR: 无法加载模块:Public

[ 2018-02-12T18:48:38+08:00 ] 61.189.33.149 /Public/Admin/lib/webuploader/0.1.5/server/upload//Uploads/good/2018-02-01/5a72812ce97f0.png
INFO: [ app_init ] --START--
INFO: Run Behavior\BuildLiteBehavior [ RunTime:0.000011s ]
INFO: [ app_init ] --END-- [ RunTime:0.000200s ]
ERR: 无法加载模块:Public

[ 2018-02-12T18:48:55+08:00 ] 61.189.33.149 /Public/Admin/lib/webuploader/0.1.5/server/upload//Uploads/good/2018-02-01/5a72812ce97f0.png
INFO: [ app_init ] --START--
INFO: Run Behavior\BuildLiteBehavior [ RunTime:0.000010s ]
INFO: [ app_init ] --END-- [ RunTime:0.000193s ]
ERR: 无法加载模块:Public

[ 2018-02-12T18:48:57+08:00 ] 61.189.33.149 /Public/Admin/lib/webuploader/0.1.5/server/upload//Uploads/good/2018-02-01/5a72812ce97f0.png
INFO: [ app_init ] --START--
INFO: Run Behavior\BuildLiteBehavior [ RunTime:0.000011s ]
INFO: [ app_init ] --END-- [ RunTime:0.000201s ]
ERR: 无法加载模块:Public

[ 2018-02-12T18:51:59+08:00 ] 61.189.33.149 /Public/Home/saibangzi/img/hot-l.png
INFO: [ app_init ] --START--
INFO: Run Behavior\BuildLiteBehavior [ RunTime:0.000015s ]
INFO: [ app_init ] --END-- [ RunTime:0.000265s ]
ERR: 无法加载模块:Public

[ 2018-02-12T18:51:59+08:00 ] 61.189.33.149 /Public/Home/saibangzi/img/hot-r.png
INFO: [ app_init ] --START--
INFO: Run Behavior\BuildLiteBehavior [ RunTime:0.000011s ]
INFO: [ app_init ] --END-- [ RunTime:0.000195s ]
ERR: 无法加载模块:Public

[ 2018-02-12T19:08:52+08:00 ] 61.189.33.149 /Public/Home/saibangzi/img/hot-l.png
INFO: [ app_init ] --START--
INFO: Run Behavior\BuildLiteBehavior [ RunTime:0.000016s ]
INFO: [ app_init ] --END-- [ RunTime:0.000287s ]
ERR: 无法加载模块:Public

[ 2018-02-12T19:08:52+08:00 ] 61.189.33.149 /Public/Home/saibangzi/img/hot-r.png
INFO: [ app_init ] --START--
INFO: Run Behavior\BuildLiteBehavior [ RunTime:0.000013s ]
INFO: [ app_init ] --END-- [ RunTime:0.000231s ]
ERR: 无法加载模块:Public

[ 2018-02-12T19:08:59+08:00 ] 61.189.33.149 /Public/Admin/lib/webuploader/0.1.5/server/upload//Uploads/good/2018-02-01/5a72812ce97f0.png
INFO: [ app_init ] --START--
INFO: Run Behavior\BuildLiteBehavior [ RunTime:0.000012s ]
INFO: [ app_init ] --END-- [ RunTime:0.000218s ]
ERR: 无法加载模块:Public

[ 2018-02-12T19:09:57+08:00 ] 61.189.33.149 /Public/Home/saibangzi/img/hot-l.png
INFO: [ app_init ] --START--
INFO: Run Behavior\BuildLiteBehavior [ RunTime:0.000012s ]
INFO: [ app_init ] --END-- [ RunTime:0.000226s ]
ERR: 无法加载模块:Public

[ 2018-02-12T19:09:57+08:00 ] 61.189.33.149 /Public/Home/saibangzi/img/hot-r.png
INFO: [ app_init ] --START--
INFO: Run Behavior\BuildLiteBehavior [ RunTime:0.000011s ]
INFO: [ app_init ] --END-- [ RunTime:0.000205s ]
ERR: 无法加载模块:Public

[ 2018-02-12T19:19:29+08:00 ] 94.102.49.174 http://www.baidu.com/cache/global/img/gs.gif
INFO: [ app_init ] --START--
INFO: Run Behavior\BuildLiteBehavior [ RunTime:0.000014s ]
INFO: [ app_init ] --END-- [ RunTime:0.000258s ]
ERR: 无法加载模块:Cache

[ 2018-02-12T20:44:11+08:00 ] 140.205.201.46 /wls-wsat/CoordinatorPortType
INFO: [ app_init ] --START--
INFO: Run Behavior\BuildLiteBehavior [ RunTime:0.000024s ]
INFO: [ app_init ] --END-- [ RunTime:0.000233s ]
ERR: 无法加载模块:Wls-wsat

[ 2018-02-12T20:51:04+08:00 ] 140.205.201.46 /master-status
INFO: [ app_init ] --START--
INFO: Run Behavior\BuildLiteBehavior [ RunTime:0.000012s ]
INFO: [ app_init ] --END-- [ RunTime:0.000221s ]
ERR: 无法加载模块:Master-status

[ 2018-02-12T21:15:21+08:00 ] 140.205.201.46 /phpmyadmin/
INFO: [ app_init ] --START--
INFO: Run Behavior\BuildLiteBehavior [ RunTime:0.000013s ]
INFO: [ app_init ] --END-- [ RunTime:0.000263s ]
ERR: 无法加载模块:Phpmyadmin

[ 2018-02-12T21:15:21+08:00 ] 140.205.201.46 /phpmyadmin/
INFO: [ app_init ] --START--
INFO: Run Behavior\BuildLiteBehavior [ RunTime:0.000011s ]
INFO: [ app_init ] --END-- [ RunTime:0.000211s ]
ERR: 无法加载模块:Phpmyadmin

[ 2018-02-12T21:15:21+08:00 ] 140.205.201.46 /phpmyadmin/
INFO: [ app_init ] --START--
INFO: Run Behavior\BuildLiteBehavior [ RunTime:0.000012s ]
INFO: [ app_init ] --END-- [ RunTime:0.000211s ]
ERR: 无法加载模块:Phpmyadmin

[ 2018-02-12T21:15:21+08:00 ] 140.205.201.46 /phpmyadmin/
INFO: [ app_init ] --START--
INFO: Run Behavior\BuildLiteBehavior [ RunTime:0.000010s ]
INFO: [ app_init ] --END-- [ RunTime:0.000233s ]
ERR: 无法加载模块:Phpmyadmin

[ 2018-02-12T21:15:21+08:00 ] 140.205.201.46 /phpmyadmin/
INFO: [ app_init ] --START--
INFO: Run Behavior\BuildLiteBehavior [ RunTime:0.000011s ]
INFO: [ app_init ] --END-- [ RunTime:0.000217s ]
ERR: 无法加载模块:Phpmyadmin

[ 2018-02-12T21:15:21+08:00 ] 140.205.201.46 /phpmyadmin/
INFO: [ app_init ] --START--
INFO: Run Behavior\BuildLiteBehavior [ RunTime:0.000010s ]
INFO: [ app_init ] --END-- [ RunTime:0.000225s ]
ERR: 无法加载模块:Phpmyadmin

[ 2018-02-12T21:15:21+08:00 ] 140.205.201.46 /phpmyadmin/
INFO: [ app_init ] --START--
INFO: Run Behavior\BuildLiteBehavior [ RunTime:0.000011s ]
INFO: [ app_init ] --END-- [ RunTime:0.000211s ]
ERR: 无法加载模块:Phpmyadmin

[ 2018-02-12T21:15:21+08:00 ] 140.205.201.46 /phpmyadmin/
INFO: [ app_init ] --START--
INFO: Run Behavior\BuildLiteBehavior [ RunTime:0.000012s ]
INFO: [ app_init ] --END-- [ RunTime:0.000211s ]
ERR: 无法加载模块:Phpmyadmin

[ 2018-02-12T21:15:21+08:00 ] 140.205.201.46 /phpmyadmin/
INFO: [ app_init ] --START--
INFO: Run Behavior\BuildLiteBehavior [ RunTime:0.000011s ]
INFO: [ app_init ] --END-- [ RunTime:0.000213s ]
ERR: 无法加载模块:Phpmyadmin

[ 2018-02-12T21:15:21+08:00 ] 140.205.201.46 /phpmyadmin/
INFO: [ app_init ] --START--
INFO: Run Behavior\BuildLiteBehavior [ RunTime:0.000010s ]
INFO: [ app_init ] --END-- [ RunTime:0.000201s ]
ERR: 无法加载模块:Phpmyadmin

[ 2018-02-12T21:15:21+08:00 ] 140.205.201.46 /phpmyadmin/
INFO: [ app_init ] --START--
INFO: Run Behavior\BuildLiteBehavior [ RunTime:0.000012s ]
INFO: [ app_init ] --END-- [ RunTime:0.000263s ]
ERR: 无法加载模块:Phpmyadmin

[ 2018-02-12T21:15:22+08:00 ] 140.205.201.46 /phpmyadmin/
INFO: [ app_init ] --START--
INFO: Run Behavior\BuildLiteBehavior [ RunTime:0.000011s ]
INFO: [ app_init ] --END-- [ RunTime:0.000213s ]
ERR: 无法加载模块:Phpmyadmin

[ 2018-02-12T21:15:22+08:00 ] 140.205.201.46 /phpmyadmin/
INFO: [ app_init ] --START--
INFO: Run Behavior\BuildLiteBehavior [ RunTime:0.000016s ]
INFO: [ app_init ] --END-- [ RunTime:0.000223s ]
ERR: 无法加载模块:Phpmyadmin

[ 2018-02-12T21:15:22+08:00 ] 140.205.201.46 /phpmyadmin/
INFO: [ app_init ] --START--
INFO: Run Behavior\BuildLiteBehavior [ RunTime:0.000011s ]
INFO: [ app_init ] --END-- [ RunTime:0.000196s ]
ERR: 无法加载模块:Phpmyadmin

[ 2018-02-12T21:15:22+08:00 ] 140.205.201.46 /phpmyadmin/
INFO: [ app_init ] --START--
INFO: Run Behavior\BuildLiteBehavior [ RunTime:0.000012s ]
INFO: [ app_init ] --END-- [ RunTime:0.000218s ]
ERR: 无法加载模块:Phpmyadmin

[ 2018-02-12T21:15:22+08:00 ] 140.205.201.46 /phpmyadmin/
INFO: [ app_init ] --START--
INFO: Run Behavior\BuildLiteBehavior [ RunTime:0.000012s ]
INFO: [ app_init ] --END-- [ RunTime:0.000229s ]
ERR: 无法加载模块:Phpmyadmin

[ 2018-02-12T21:15:22+08:00 ] 140.205.201.46 /phpmyadmin/
INFO: [ app_init ] --START--
INFO: Run Behavior\BuildLiteBehavior [ RunTime:0.000012s ]
INFO: [ app_init ] --END-- [ RunTime:0.000213s ]
ERR: 无法加载模块:Phpmyadmin

[ 2018-02-12T21:15:22+08:00 ] 140.205.201.46 /phpmyadmin/
INFO: [ app_init ] --START--
INFO: Run Behavior\BuildLiteBehavior [ RunTime:0.000010s ]
INFO: [ app_init ] --END-- [ RunTime:0.000204s ]
ERR: 无法加载模块:Phpmyadmin

[ 2018-02-12T21:15:22+08:00 ] 140.205.201.46 /phpmyadmin/
INFO: [ app_init ] --START--
INFO: Run Behavior\BuildLiteBehavior [ RunTime:0.000010s ]
INFO: [ app_init ] --END-- [ RunTime:0.000207s ]
ERR: 无法加载模块:Phpmyadmin

[ 2018-02-12T21:15:22+08:00 ] 140.205.201.46 /phpmyadmin/
INFO: [ app_init ] --START--
INFO: Run Behavior\BuildLiteBehavior [ RunTime:0.000012s ]
INFO: [ app_init ] --END-- [ RunTime:0.000243s ]
ERR: 无法加载模块:Phpmyadmin

[ 2018-02-12T21:27:21+08:00 ] 140.205.201.46 /rs-status
INFO: [ app_init ] --START--
INFO: Run Behavior\BuildLiteBehavior [ RunTime:0.000013s ]
INFO: [ app_init ] --END-- [ RunTime:0.000217s ]
ERR: 无法加载模块:Rs-status

[ 2018-02-12T21:36:05+08:00 ] 140.205.201.46 /ganglia/index.php
INFO: [ app_init ] --START--
INFO: Run Behavior\BuildLiteBehavior [ RunTime:0.000012s ]
INFO: [ app_init ] --END-- [ RunTime:0.000220s ]
ERR: 无法加载模块:Ganglia

[ 2018-02-12T21:47:03+08:00 ] 140.205.201.46 /jobs/
INFO: [ app_init ] --START--
INFO: Run Behavior\BuildLiteBehavior [ RunTime:0.000012s ]
INFO: [ app_init ] --END-- [ RunTime:0.000210s ]
ERR: 无法加载模块:Jobs

[ 2018-02-12T22:34:49+08:00 ] 80.82.78.50 http://www.baidu.com/cache/global/img/gs.gif
INFO: [ app_init ] --START--
INFO: Run Behavior\BuildLiteBehavior [ RunTime:0.000013s ]
INFO: [ app_init ] --END-- [ RunTime:0.000251s ]
ERR: 无法加载模块:Cache

[ 2018-02-12T22:54:45+08:00 ] 223.87.179.37 /muieblackcat
INFO: [ app_init ] --START--
INFO: Run Behavior\BuildLiteBehavior [ RunTime:0.000014s ]
INFO: [ app_init ] --END-- [ RunTime:0.000240s ]
ERR: 无法加载模块:Muieblackcat

[ 2018-02-12T22:54:45+08:00 ] 223.87.179.37 //phpMyAdmin/scripts/setup.php
INFO: [ app_init ] --START--
INFO: Run Behavior\BuildLiteBehavior [ RunTime:0.000011s ]
INFO: [ app_init ] --END-- [ RunTime:0.000208s ]
ERR: 无法加载模块:PhpMyAdmin

[ 2018-02-12T22:54:45+08:00 ] 223.87.179.37 //phpmyadmin/scripts/setup.php
INFO: [ app_init ] --START--
INFO: Run Behavior\BuildLiteBehavior [ RunTime:0.000011s ]
INFO: [ app_init ] --END-- [ RunTime:0.000216s ]
ERR: 无法加载模块:Phpmyadmin

[ 2018-02-12T22:54:45+08:00 ] 223.87.179.37 //mysqladmin/scripts/setup.php
INFO: [ app_init ] --START--
INFO: Run Behavior\BuildLiteBehavior [ RunTime:0.000010s ]
INFO: [ app_init ] --END-- [ RunTime:0.000214s ]
ERR: 无法加载模块:Mysqladmin

