[ 2018-02-24T18:09:04+08:00 ] 175.167.130.189 /Uploads/liveb/2018-02-07/5a7a91ece65cc.jpg
INFO: [ app_init ] --START--
INFO: Run Behavior\BuildLiteBehavior [ RunTime:0.000012s ]
INFO: [ app_init ] --END-- [ RunTime:0.000303s ]
ERR: 无法加载模块:Uploads

[ 2018-02-24T18:22:14+08:00 ] 61.189.33.149 /Uploads/liveb/2018-02-07/5a7a91ece65cc.jpg
INFO: [ app_init ] --START--
INFO: Run Behavior\BuildLiteBehavior [ RunTime:0.000012s ]
INFO: [ app_init ] --END-- [ RunTime:0.000322s ]
ERR: 无法加载模块:Uploads

[ 2018-02-24T18:22:26+08:00 ] 61.189.33.149 /Uploads/liveb/2018-02-07/5a7a91ece65cc.jpg
INFO: [ app_init ] --START--
INFO: Run Behavior\BuildLiteBehavior [ RunTime:0.000012s ]
INFO: [ app_init ] --END-- [ RunTime:0.000332s ]
ERR: 无法加载模块:Uploads

[ 2018-02-24T18:22:31+08:00 ] 61.189.33.149 /Uploads/liveb/2018-02-07/5a7a91ece65cc.jpg
INFO: [ app_init ] --START--
INFO: Run Behavior\BuildLiteBehavior [ RunTime:0.000012s ]
INFO: [ app_init ] --END-- [ RunTime:0.000276s ]
ERR: 无法加载模块:Uploads

[ 2018-02-24T18:22:36+08:00 ] 61.189.33.149 /Uploads/liveb/2018-02-07/5a7a91ece65cc.jpg
INFO: [ app_init ] --START--
INFO: Run Behavior\BuildLiteBehavior [ RunTime:0.000014s ]
INFO: [ app_init ] --END-- [ RunTime:0.000299s ]
ERR: 无法加载模块:Uploads

[ 2018-02-24T18:28:34+08:00 ] 175.167.130.189 /Uploads/liveb/2018-02-07/5a7a91ece65cc.jpg
INFO: [ app_init ] --START--
INFO: Run Behavior\BuildLiteBehavior [ RunTime:0.000013s ]
INFO: [ app_init ] --END-- [ RunTime:0.000284s ]
ERR: 无法加载模块:Uploads

[ 2018-02-24T18:34:35+08:00 ] 175.167.130.189 /Uploads/liveb/2018-02-07/5a7a91ece65cc.jpg
INFO: [ app_init ] --START--
INFO: Run Behavior\BuildLiteBehavior [ RunTime:0.000013s ]
INFO: [ app_init ] --END-- [ RunTime:0.000294s ]
ERR: 无法加载模块:Uploads

