[ 2018-02-14T02:40:32+08:00 ] 61.160.207.12 http://proxy.httpdaili.com/ip.asp?ip=47.104.5.229&dk=80
INFO: [ app_init ] --START--
INFO: Run Behavior\BuildLiteBehavior [ RunTime:0.000020s ]
INFO: [ app_init ] --END-- [ RunTime:0.000271s ]
ERR: 无法加载模块:Ip

[ 2018-02-14T09:07:23+08:00 ] 61.189.33.149 /Uploads/liveb/2018-02-07/5a7a91ece65cc.jpg
INFO: [ app_init ] --START--
INFO: Run Behavior\BuildLiteBehavior [ RunTime:0.000012s ]
INFO: [ app_init ] --END-- [ RunTime:0.000217s ]
ERR: 无法加载模块:Uploads

[ 2018-02-14T09:09:14+08:00 ] 61.189.33.149 /Uploads/liveb/2018-02-07/5a7a91ece65cc.jpg
INFO: [ app_init ] --START--
INFO: Run Behavior\BuildLiteBehavior [ RunTime:0.000011s ]
INFO: [ app_init ] --END-- [ RunTime:0.000233s ]
ERR: 无法加载模块:Uploads

[ 2018-02-14T09:09:59+08:00 ] 61.189.33.149 /SuiXinBoPHP/index.php?svc=live&cmd=roomlist
INFO: [ app_init ] --START--
INFO: Run Behavior\BuildLiteBehavior [ RunTime:0.000012s ]
INFO: [ app_init ] --END-- [ RunTime:0.000210s ]
ERR: 无法加载模块:SuiXinBoPHP

[ 2018-02-14T09:12:51+08:00 ] 61.189.33.149 /SuiXinBoPHP/index.php?svc=live&cmd=roomlist
INFO: [ app_init ] --START--
INFO: Run Behavior\BuildLiteBehavior [ RunTime:0.000018s ]
INFO: [ app_init ] --END-- [ RunTime:0.000322s ]
ERR: 无法加载模块:SuiXinBoPHP

[ 2018-02-14T09:13:21+08:00 ] 61.189.33.149 /SuiXinBoPHP/index.php?svc=live&cmd=roomlist
INFO: [ app_init ] --START--
INFO: Run Behavior\BuildLiteBehavior [ RunTime:0.000013s ]
INFO: [ app_init ] --END-- [ RunTime:0.000235s ]
ERR: 无法加载模块:SuiXinBoPHP

[ 2018-02-14T09:13:29+08:00 ] 61.189.33.149 /SuiXinBoPHP/index.php?svc=live&cmd=roomlist
INFO: [ app_init ] --START--
INFO: Run Behavior\BuildLiteBehavior [ RunTime:0.000011s ]
INFO: [ app_init ] --END-- [ RunTime:0.000210s ]
ERR: 无法加载模块:SuiXinBoPHP

[ 2018-02-14T09:13:38+08:00 ] 61.189.33.149 /SuiXinBoPHP/index.php?svc=live&cmd=roomlist
INFO: [ app_init ] --START--
INFO: Run Behavior\BuildLiteBehavior [ RunTime:0.000013s ]
INFO: [ app_init ] --END-- [ RunTime:0.000222s ]
ERR: 无法加载模块:SuiXinBoPHP

[ 2018-02-14T09:48:14+08:00 ] 142.44.181.247 /robots.txt
INFO: [ app_init ] --START--
INFO: Run Behavior\BuildLiteBehavior [ RunTime:0.000012s ]
INFO: [ app_init ] --END-- [ RunTime:0.000208s ]
ERR: 无法加载模块:Robots

[ 2018-02-14T10:36:04+08:00 ] 61.189.33.149 /SuiXinBoPHP/index.php?svc=live&cmd=roomlist
INFO: [ app_init ] --START--
INFO: Run Behavior\BuildLiteBehavior [ RunTime:0.000012s ]
INFO: [ app_init ] --END-- [ RunTime:0.000226s ]
ERR: 无法加载模块:SuiXinBoPHP

[ 2018-02-14T10:36:12+08:00 ] 61.189.33.149 /Uploads/liveb/2018-02-07/5a7a91ece65cc.jpg
INFO: [ app_init ] --START--
INFO: Run Behavior\BuildLiteBehavior [ RunTime:0.000023s ]
INFO: [ app_init ] --END-- [ RunTime:0.000289s ]
ERR: 无法加载模块:Uploads

[ 2018-02-14T11:32:03+08:00 ] 61.189.33.149 /Uploads/liveb/2018-02-07/5a7a91ece65cc.jpg
INFO: [ app_init ] --START--
INFO: Run Behavior\BuildLiteBehavior [ RunTime:0.000012s ]
INFO: [ app_init ] --END-- [ RunTime:0.000216s ]
ERR: 无法加载模块:Uploads

[ 2018-02-14T11:32:19+08:00 ] 61.189.33.149 /Uploads/liveb/2018-02-07/5a7a91ece65cc.jpg
INFO: [ app_init ] --START--
INFO: Run Behavior\BuildLiteBehavior [ RunTime:0.000010s ]
INFO: [ app_init ] --END-- [ RunTime:0.000211s ]
ERR: 无法加载模块:Uploads

[ 2018-02-14T11:32:24+08:00 ] 61.189.33.149 /Uploads/liveb/2018-02-13/5a82a8a191050.jpg
INFO: [ app_init ] --START--
INFO: Run Behavior\BuildLiteBehavior [ RunTime:0.000012s ]
INFO: [ app_init ] --END-- [ RunTime:0.000208s ]
ERR: 无法加载模块:Uploads

[ 2018-02-14T11:39:59+08:00 ] 61.189.33.149 /Uploads/liveb/2018-02-07/5a7a91ece65cc.jpg
INFO: [ app_init ] --START--
INFO: Run Behavior\BuildLiteBehavior [ RunTime:0.000012s ]
INFO: [ app_init ] --END-- [ RunTime:0.000240s ]
ERR: 无法加载模块:Uploads

[ 2018-02-14T11:40:17+08:00 ] 61.189.33.149 /Uploads/liveb/2018-02-07/5a7a91ece65cc.jpg
INFO: [ app_init ] --START--
INFO: Run Behavior\BuildLiteBehavior [ RunTime:0.000012s ]
INFO: [ app_init ] --END-- [ RunTime:0.000214s ]
ERR: 无法加载模块:Uploads

[ 2018-02-14T11:40:22+08:00 ] 61.189.33.149 /Uploads/liveb/2018-02-11/5a7f9bfe21974.jpg
INFO: [ app_init ] --START--
INFO: Run Behavior\BuildLiteBehavior [ RunTime:0.000013s ]
INFO: [ app_init ] --END-- [ RunTime:0.000217s ]
ERR: 无法加载模块:Uploads

[ 2018-02-14T11:42:49+08:00 ] 61.189.33.149 /Public/Home/saibangzi/plugins/up-video/docs.min.css.map
INFO: [ app_init ] --START--
INFO: Run Behavior\BuildLiteBehavior [ RunTime:0.000012s ]
INFO: [ app_init ] --END-- [ RunTime:0.000234s ]
ERR: 无法加载模块:Public

[ 2018-02-14T11:43:39+08:00 ] 61.189.33.149 /Public/Home/saibangzi/plugins/up-video/docs.min.css.map
INFO: [ app_init ] --START--
INFO: Run Behavior\BuildLiteBehavior [ RunTime:0.000012s ]
INFO: [ app_init ] --END-- [ RunTime:0.000212s ]
ERR: 无法加载模块:Public

[ 2018-02-14T11:44:14+08:00 ] 61.189.33.149 /Public/Home/saibangzi/plugins/up-video/docs.min.css.map
INFO: [ app_init ] --START--
INFO: Run Behavior\BuildLiteBehavior [ RunTime:0.000012s ]
INFO: [ app_init ] --END-- [ RunTime:0.000293s ]
ERR: 无法加载模块:Public

[ 2018-02-14T11:44:14+08:00 ] 61.189.33.149 /Public/Home/saibangzi/plugins/up-video/docs.min.css.map
INFO: [ app_init ] --START--
INFO: Run Behavior\BuildLiteBehavior [ RunTime:0.000023s ]
INFO: [ app_init ] --END-- [ RunTime:0.000266s ]
ERR: 无法加载模块:Public

[ 2018-02-14T11:44:22+08:00 ] 61.189.33.149 /Public/Home/saibangzi/plugins/up-video/docs.min.css.map
INFO: [ app_init ] --START--
INFO: Run Behavior\BuildLiteBehavior [ RunTime:0.000013s ]
INFO: [ app_init ] --END-- [ RunTime:0.000218s ]
ERR: 无法加载模块:Public

[ 2018-02-14T11:44:44+08:00 ] 61.189.33.149 /Public/Home/saibangzi/plugins/up-video/docs.min.css.map
INFO: [ app_init ] --START--
INFO: Run Behavior\BuildLiteBehavior [ RunTime:0.000011s ]
INFO: [ app_init ] --END-- [ RunTime:0.000205s ]
ERR: 无法加载模块:Public

[ 2018-02-14T11:44:44+08:00 ] 61.189.33.149 /Public/Home/saibangzi/plugins/up-video/docs.min.css.map
INFO: [ app_init ] --START--
INFO: Run Behavior\BuildLiteBehavior [ RunTime:0.000012s ]
INFO: [ app_init ] --END-- [ RunTime:0.000221s ]
ERR: 无法加载模块:Public

[ 2018-02-14T11:45:04+08:00 ] 61.189.33.149 /Public/Home/saibangzi/plugins/up-video/docs.min.css.map
INFO: [ app_init ] --START--
INFO: Run Behavior\BuildLiteBehavior [ RunTime:0.000011s ]
INFO: [ app_init ] --END-- [ RunTime:0.000205s ]
ERR: 无法加载模块:Public

[ 2018-02-14T11:45:04+08:00 ] 61.189.33.149 /Public/Home/saibangzi/plugins/up-video/docs.min.css.map
INFO: [ app_init ] --START--
INFO: Run Behavior\BuildLiteBehavior [ RunTime:0.000012s ]
INFO: [ app_init ] --END-- [ RunTime:0.000211s ]
ERR: 无法加载模块:Public

[ 2018-02-14T11:54:45+08:00 ] 61.189.33.149 /Public/Home/saibangzi/plugins/up-video/docs.min.css.map
INFO: [ app_init ] --START--
INFO: Run Behavior\BuildLiteBehavior [ RunTime:0.000011s ]
INFO: [ app_init ] --END-- [ RunTime:0.000202s ]
ERR: 无法加载模块:Public

[ 2018-02-14T11:54:45+08:00 ] 61.189.33.149 /Public/Home/saibangzi/plugins/up-video/docs.min.css.map
INFO: [ app_init ] --START--
INFO: Run Behavior\BuildLiteBehavior [ RunTime:0.000011s ]
INFO: [ app_init ] --END-- [ RunTime:0.000206s ]
ERR: 无法加载模块:Public

[ 2018-02-14T11:58:07+08:00 ] 61.189.33.149 /Public/Home/saibangzi/plugins/up-video/docs.min.css.map
INFO: [ app_init ] --START--
INFO: Run Behavior\BuildLiteBehavior [ RunTime:0.000012s ]
INFO: [ app_init ] --END-- [ RunTime:0.000216s ]
ERR: 无法加载模块:Public

[ 2018-02-14T11:58:07+08:00 ] 61.189.33.149 /Public/Home/saibangzi/plugins/up-video/docs.min.css.map
INFO: [ app_init ] --START--
INFO: Run Behavior\BuildLiteBehavior [ RunTime:0.000024s ]
INFO: [ app_init ] --END-- [ RunTime:0.000233s ]
ERR: 无法加载模块:Public

[ 2018-02-14T12:01:29+08:00 ] 61.189.33.149 /Public/Home/saibangzi/plugins/up-video/docs.min.css.map
INFO: [ app_init ] --START--
INFO: Run Behavior\BuildLiteBehavior [ RunTime:0.000011s ]
INFO: [ app_init ] --END-- [ RunTime:0.000230s ]
ERR: 无法加载模块:Public

[ 2018-02-14T12:01:29+08:00 ] 61.189.33.149 /Public/Home/saibangzi/plugins/up-video/docs.min.css.map
INFO: [ app_init ] --START--
INFO: Run Behavior\BuildLiteBehavior [ RunTime:0.000011s ]
INFO: [ app_init ] --END-- [ RunTime:0.000214s ]
ERR: 无法加载模块:Public

[ 2018-02-14T15:33:38+08:00 ] 140.205.225.202 /index.php?m=member&c=index&a=register&siteid=1
INFO: [ app_init ] --START--
INFO: Run Behavior\BuildLiteBehavior [ RunTime:0.000012s ]
INFO: [ app_init ] --END-- [ RunTime:0.000214s ]
ERR: 无法加载模块:Member

[ 2018-02-14T15:33:40+08:00 ] 140.205.225.202 /index.php?m=wap&a=index&siteid=1
INFO: [ app_init ] --START--
INFO: Run Behavior\BuildLiteBehavior [ RunTime:0.000013s ]
INFO: [ app_init ] --END-- [ RunTime:0.000260s ]
ERR: 无法加载模块:Wap

[ 2018-02-14T17:35:29+08:00 ] 159.89.207.161 /rongame_beta/rgfate/60_member/network/network_config_ios_1.17.1.json
INFO: [ app_init ] --START--
INFO: Run Behavior\BuildLiteBehavior [ RunTime:0.000012s ]
INFO: [ app_init ] --END-- [ RunTime:0.000224s ]
ERR: 无法加载模块:Rongame_beta

[ 2018-02-14T18:16:53+08:00 ] 140.205.225.195 /wls-wsat/CoordinatorPortType
INFO: [ app_init ] --START--
INFO: Run Behavior\BuildLiteBehavior [ RunTime:0.000014s ]
INFO: [ app_init ] --END-- [ RunTime:0.000246s ]
ERR: 无法加载模块:Wls-wsat

[ 2018-02-14T18:54:59+08:00 ] 140.205.225.195 /master-status
INFO: [ app_init ] --START--
INFO: Run Behavior\BuildLiteBehavior [ RunTime:0.000012s ]
INFO: [ app_init ] --END-- [ RunTime:0.000252s ]
ERR: 无法加载模块:Master-status

[ 2018-02-14T19:04:17+08:00 ] 140.205.225.195 /phpmyadmin/
INFO: [ app_init ] --START--
INFO: Run Behavior\BuildLiteBehavior [ RunTime:0.000013s ]
INFO: [ app_init ] --END-- [ RunTime:0.000220s ]
ERR: 无法加载模块:Phpmyadmin

[ 2018-02-14T19:04:17+08:00 ] 140.205.225.195 /phpmyadmin/
INFO: [ app_init ] --START--
INFO: Run Behavior\BuildLiteBehavior [ RunTime:0.000011s ]
INFO: [ app_init ] --END-- [ RunTime:0.000235s ]
ERR: 无法加载模块:Phpmyadmin

[ 2018-02-14T19:04:17+08:00 ] 140.205.225.195 /phpmyadmin/
INFO: [ app_init ] --START--
INFO: Run Behavior\BuildLiteBehavior [ RunTime:0.000015s ]
INFO: [ app_init ] --END-- [ RunTime:0.000285s ]
ERR: 无法加载模块:Phpmyadmin

[ 2018-02-14T19:04:17+08:00 ] 140.205.225.195 /phpmyadmin/
INFO: [ app_init ] --START--
INFO: Run Behavior\BuildLiteBehavior [ RunTime:0.000012s ]
INFO: [ app_init ] --END-- [ RunTime:0.000232s ]
ERR: 无法加载模块:Phpmyadmin

[ 2018-02-14T19:04:17+08:00 ] 140.205.225.195 /phpmyadmin/
INFO: [ app_init ] --START--
INFO: Run Behavior\BuildLiteBehavior [ RunTime:0.000011s ]
INFO: [ app_init ] --END-- [ RunTime:0.000216s ]
ERR: 无法加载模块:Phpmyadmin

[ 2018-02-14T19:04:17+08:00 ] 140.205.225.195 /phpmyadmin/
INFO: [ app_init ] --START--
INFO: Run Behavior\BuildLiteBehavior [ RunTime:0.000011s ]
INFO: [ app_init ] --END-- [ RunTime:0.000211s ]
ERR: 无法加载模块:Phpmyadmin

[ 2018-02-14T19:04:17+08:00 ] 140.205.225.195 /phpmyadmin/
INFO: [ app_init ] --START--
INFO: Run Behavior\BuildLiteBehavior [ RunTime:0.000011s ]
INFO: [ app_init ] --END-- [ RunTime:0.000232s ]
ERR: 无法加载模块:Phpmyadmin

[ 2018-02-14T19:04:17+08:00 ] 140.205.225.195 /phpmyadmin/
INFO: [ app_init ] --START--
INFO: Run Behavior\BuildLiteBehavior [ RunTime:0.000010s ]
INFO: [ app_init ] --END-- [ RunTime:0.000208s ]
ERR: 无法加载模块:Phpmyadmin

[ 2018-02-14T19:04:17+08:00 ] 140.205.225.195 /phpmyadmin/
INFO: [ app_init ] --START--
INFO: Run Behavior\BuildLiteBehavior [ RunTime:0.000011s ]
INFO: [ app_init ] --END-- [ RunTime:0.000219s ]
ERR: 无法加载模块:Phpmyadmin

[ 2018-02-14T19:04:18+08:00 ] 140.205.225.195 /phpmyadmin/
INFO: [ app_init ] --START--
INFO: Run Behavior\BuildLiteBehavior [ RunTime:0.000012s ]
INFO: [ app_init ] --END-- [ RunTime:0.000225s ]
ERR: 无法加载模块:Phpmyadmin

[ 2018-02-14T19:04:18+08:00 ] 140.205.225.195 /phpmyadmin/
INFO: [ app_init ] --START--
INFO: Run Behavior\BuildLiteBehavior [ RunTime:0.000013s ]
INFO: [ app_init ] --END-- [ RunTime:0.000243s ]
ERR: 无法加载模块:Phpmyadmin

[ 2018-02-14T19:04:18+08:00 ] 140.205.225.195 /phpmyadmin/
INFO: [ app_init ] --START--
INFO: Run Behavior\BuildLiteBehavior [ RunTime:0.000010s ]
INFO: [ app_init ] --END-- [ RunTime:0.000203s ]
ERR: 无法加载模块:Phpmyadmin

[ 2018-02-14T19:04:18+08:00 ] 140.205.225.195 /phpmyadmin/
INFO: [ app_init ] --START--
INFO: Run Behavior\BuildLiteBehavior [ RunTime:0.000012s ]
INFO: [ app_init ] --END-- [ RunTime:0.000227s ]
ERR: 无法加载模块:Phpmyadmin

[ 2018-02-14T19:04:18+08:00 ] 140.205.225.195 /phpmyadmin/
INFO: [ app_init ] --START--
INFO: Run Behavior\BuildLiteBehavior [ RunTime:0.000011s ]
INFO: [ app_init ] --END-- [ RunTime:0.000200s ]
ERR: 无法加载模块:Phpmyadmin

[ 2018-02-14T19:04:18+08:00 ] 140.205.225.195 /phpmyadmin/
INFO: [ app_init ] --START--
INFO: Run Behavior\BuildLiteBehavior [ RunTime:0.000012s ]
INFO: [ app_init ] --END-- [ RunTime:0.000212s ]
ERR: 无法加载模块:Phpmyadmin

[ 2018-02-14T19:04:18+08:00 ] 140.205.225.195 /phpmyadmin/
INFO: [ app_init ] --START--
INFO: Run Behavior\BuildLiteBehavior [ RunTime:0.000010s ]
INFO: [ app_init ] --END-- [ RunTime:0.000203s ]
ERR: 无法加载模块:Phpmyadmin

[ 2018-02-14T19:04:18+08:00 ] 140.205.225.195 /phpmyadmin/
INFO: [ app_init ] --START--
INFO: Run Behavior\BuildLiteBehavior [ RunTime:0.000011s ]
INFO: [ app_init ] --END-- [ RunTime:0.000220s ]
ERR: 无法加载模块:Phpmyadmin

[ 2018-02-14T19:04:18+08:00 ] 140.205.225.195 /phpmyadmin/
INFO: [ app_init ] --START--
INFO: Run Behavior\BuildLiteBehavior [ RunTime:0.000010s ]
INFO: [ app_init ] --END-- [ RunTime:0.000211s ]
ERR: 无法加载模块:Phpmyadmin

[ 2018-02-14T19:04:18+08:00 ] 140.205.225.195 /phpmyadmin/
INFO: [ app_init ] --START--
INFO: Run Behavior\BuildLiteBehavior [ RunTime:0.000011s ]
INFO: [ app_init ] --END-- [ RunTime:0.000221s ]
ERR: 无法加载模块:Phpmyadmin

[ 2018-02-14T19:04:18+08:00 ] 140.205.225.195 /phpmyadmin/
INFO: [ app_init ] --START--
INFO: Run Behavior\BuildLiteBehavior [ RunTime:0.000011s ]
INFO: [ app_init ] --END-- [ RunTime:0.000219s ]
ERR: 无法加载模块:Phpmyadmin

[ 2018-02-14T19:08:48+08:00 ] 140.205.225.195 /rs-status
INFO: [ app_init ] --START--
INFO: Run Behavior\BuildLiteBehavior [ RunTime:0.000013s ]
INFO: [ app_init ] --END-- [ RunTime:0.000233s ]
ERR: 无法加载模块:Rs-status

[ 2018-02-14T20:33:07+08:00 ] 140.205.201.42 /wls-wsat/CoordinatorPortType
INFO: [ app_init ] --START--
INFO: Run Behavior\BuildLiteBehavior [ RunTime:0.000013s ]
INFO: [ app_init ] --END-- [ RunTime:0.000245s ]
ERR: 无法加载模块:Wls-wsat

[ 2018-02-14T20:44:12+08:00 ] 140.205.201.42 /master-status
INFO: [ app_init ] --START--
INFO: Run Behavior\BuildLiteBehavior [ RunTime:0.000012s ]
INFO: [ app_init ] --END-- [ RunTime:0.000224s ]
ERR: 无法加载模块:Master-status

[ 2018-02-14T21:06:38+08:00 ] 140.205.201.42 /phpmyadmin/
INFO: [ app_init ] --START--
INFO: Run Behavior\BuildLiteBehavior [ RunTime:0.000013s ]
INFO: [ app_init ] --END-- [ RunTime:0.000244s ]
ERR: 无法加载模块:Phpmyadmin

[ 2018-02-14T21:06:38+08:00 ] 140.205.201.42 /phpmyadmin/
INFO: [ app_init ] --START--
INFO: Run Behavior\BuildLiteBehavior [ RunTime:0.000012s ]
INFO: [ app_init ] --END-- [ RunTime:0.000213s ]
ERR: 无法加载模块:Phpmyadmin

[ 2018-02-14T21:06:38+08:00 ] 140.205.201.42 /phpmyadmin/
INFO: [ app_init ] --START--
INFO: Run Behavior\BuildLiteBehavior [ RunTime:0.000011s ]
INFO: [ app_init ] --END-- [ RunTime:0.000215s ]
ERR: 无法加载模块:Phpmyadmin

[ 2018-02-14T21:06:38+08:00 ] 140.205.201.42 /phpmyadmin/
INFO: [ app_init ] --START--
INFO: Run Behavior\BuildLiteBehavior [ RunTime:0.000012s ]
INFO: [ app_init ] --END-- [ RunTime:0.000218s ]
ERR: 无法加载模块:Phpmyadmin

[ 2018-02-14T21:06:38+08:00 ] 140.205.201.42 /phpmyadmin/
INFO: [ app_init ] --START--
INFO: Run Behavior\BuildLiteBehavior [ RunTime:0.000011s ]
INFO: [ app_init ] --END-- [ RunTime:0.000206s ]
ERR: 无法加载模块:Phpmyadmin

[ 2018-02-14T21:06:38+08:00 ] 140.205.201.42 /phpmyadmin/
INFO: [ app_init ] --START--
INFO: Run Behavior\BuildLiteBehavior [ RunTime:0.000012s ]
INFO: [ app_init ] --END-- [ RunTime:0.000216s ]
ERR: 无法加载模块:Phpmyadmin

[ 2018-02-14T21:06:38+08:00 ] 140.205.201.42 /phpmyadmin/
INFO: [ app_init ] --START--
INFO: Run Behavior\BuildLiteBehavior [ RunTime:0.000011s ]
INFO: [ app_init ] --END-- [ RunTime:0.000237s ]
ERR: 无法加载模块:Phpmyadmin

[ 2018-02-14T21:06:38+08:00 ] 140.205.201.42 /phpmyadmin/
INFO: [ app_init ] --START--
INFO: Run Behavior\BuildLiteBehavior [ RunTime:0.000011s ]
INFO: [ app_init ] --END-- [ RunTime:0.000213s ]
ERR: 无法加载模块:Phpmyadmin

[ 2018-02-14T21:06:38+08:00 ] 140.205.201.42 /phpmyadmin/
INFO: [ app_init ] --START--
INFO: Run Behavior\BuildLiteBehavior [ RunTime:0.000011s ]
INFO: [ app_init ] --END-- [ RunTime:0.000208s ]
ERR: 无法加载模块:Phpmyadmin

[ 2018-02-14T21:06:38+08:00 ] 140.205.201.42 /phpmyadmin/
INFO: [ app_init ] --START--
INFO: Run Behavior\BuildLiteBehavior [ RunTime:0.000011s ]
INFO: [ app_init ] --END-- [ RunTime:0.000202s ]
ERR: 无法加载模块:Phpmyadmin

[ 2018-02-14T21:06:38+08:00 ] 140.205.201.42 /phpmyadmin/
INFO: [ app_init ] --START--
INFO: Run Behavior\BuildLiteBehavior [ RunTime:0.000011s ]
INFO: [ app_init ] --END-- [ RunTime:0.000237s ]
ERR: 无法加载模块:Phpmyadmin

[ 2018-02-14T21:06:38+08:00 ] 140.205.201.42 /phpmyadmin/
INFO: [ app_init ] --START--
INFO: Run Behavior\BuildLiteBehavior [ RunTime:0.000013s ]
INFO: [ app_init ] --END-- [ RunTime:0.000240s ]
ERR: 无法加载模块:Phpmyadmin

[ 2018-02-14T21:06:38+08:00 ] 140.205.201.42 /phpmyadmin/
INFO: [ app_init ] --START--
INFO: Run Behavior\BuildLiteBehavior [ RunTime:0.000012s ]
INFO: [ app_init ] --END-- [ RunTime:0.000222s ]
ERR: 无法加载模块:Phpmyadmin

[ 2018-02-14T21:06:38+08:00 ] 140.205.201.42 /phpmyadmin/
INFO: [ app_init ] --START--
INFO: Run Behavior\BuildLiteBehavior [ RunTime:0.000012s ]
INFO: [ app_init ] --END-- [ RunTime:0.000210s ]
ERR: 无法加载模块:Phpmyadmin

[ 2018-02-14T21:06:38+08:00 ] 140.205.201.42 /phpmyadmin/
INFO: [ app_init ] --START--
INFO: Run Behavior\BuildLiteBehavior [ RunTime:0.000012s ]
INFO: [ app_init ] --END-- [ RunTime:0.000231s ]
ERR: 无法加载模块:Phpmyadmin

[ 2018-02-14T21:06:38+08:00 ] 140.205.201.42 /phpmyadmin/
INFO: [ app_init ] --START--
INFO: Run Behavior\BuildLiteBehavior [ RunTime:0.000012s ]
INFO: [ app_init ] --END-- [ RunTime:0.000210s ]
ERR: 无法加载模块:Phpmyadmin

[ 2018-02-14T21:06:39+08:00 ] 140.205.201.42 /phpmyadmin/
INFO: [ app_init ] --START--
INFO: Run Behavior\BuildLiteBehavior [ RunTime:0.000012s ]
INFO: [ app_init ] --END-- [ RunTime:0.000211s ]
ERR: 无法加载模块:Phpmyadmin

[ 2018-02-14T21:06:39+08:00 ] 140.205.201.42 /phpmyadmin/
INFO: [ app_init ] --START--
INFO: Run Behavior\BuildLiteBehavior [ RunTime:0.000011s ]
INFO: [ app_init ] --END-- [ RunTime:0.000213s ]
ERR: 无法加载模块:Phpmyadmin

[ 2018-02-14T21:06:39+08:00 ] 140.205.201.42 /phpmyadmin/
INFO: [ app_init ] --START--
INFO: Run Behavior\BuildLiteBehavior [ RunTime:0.000011s ]
INFO: [ app_init ] --END-- [ RunTime:0.000216s ]
ERR: 无法加载模块:Phpmyadmin

[ 2018-02-14T21:06:39+08:00 ] 140.205.201.42 /phpmyadmin/
INFO: [ app_init ] --START--
INFO: Run Behavior\BuildLiteBehavior [ RunTime:0.000011s ]
INFO: [ app_init ] --END-- [ RunTime:0.000217s ]
ERR: 无法加载模块:Phpmyadmin

[ 2018-02-14T21:09:53+08:00 ] 140.205.201.42 /rs-status
INFO: [ app_init ] --START--
INFO: Run Behavior\BuildLiteBehavior [ RunTime:0.000012s ]
INFO: [ app_init ] --END-- [ RunTime:0.000242s ]
ERR: 无法加载模块:Rs-status

[ 2018-02-14T21:18:26+08:00 ] 140.205.201.42 /ganglia/index.php
INFO: [ app_init ] --START--
INFO: Run Behavior\BuildLiteBehavior [ RunTime:0.000013s ]
INFO: [ app_init ] --END-- [ RunTime:0.000255s ]
ERR: 无法加载模块:Ganglia

[ 2018-02-14T21:38:55+08:00 ] 140.205.201.42 /jobs/
INFO: [ app_init ] --START--
INFO: Run Behavior\BuildLiteBehavior [ RunTime:0.000012s ]
INFO: [ app_init ] --END-- [ RunTime:0.000222s ]
ERR: 无法加载模块:Jobs

[ 2018-02-14T21:55:10+08:00 ] 140.205.201.42 /vkaqmxszldyn
INFO: [ app_init ] --START--
INFO: Run Behavior\BuildLiteBehavior [ RunTime:0.000012s ]
INFO: [ app_init ] --END-- [ RunTime:0.000233s ]
ERR: 无法加载模块:Vkaqmxszldyn

[ 2018-02-14T21:55:10+08:00 ] 140.205.201.42 /vkaqmxszldyn
INFO: [ app_init ] --START--
INFO: Run Behavior\BuildLiteBehavior [ RunTime:0.000013s ]
INFO: [ app_init ] --END-- [ RunTime:0.000244s ]
ERR: 无法加载模块:Vkaqmxszldyn

[ 2018-02-14T21:55:10+08:00 ] 140.205.201.42 /vkaqmxszldyn
INFO: [ app_init ] --START--
INFO: Run Behavior\BuildLiteBehavior [ RunTime:0.000011s ]
INFO: [ app_init ] --END-- [ RunTime:0.000213s ]
ERR: 无法加载模块:Vkaqmxszldyn

[ 2018-02-14T23:00:40+08:00 ] 106.39.190.13 /Uploads/liveb/2018-02-07/5a7a91ece65cc.jpg
INFO: [ app_init ] --START--
INFO: Run Behavior\BuildLiteBehavior [ RunTime:0.000010s ]
INFO: [ app_init ] --END-- [ RunTime:0.000205s ]
ERR: 无法加载模块:Uploads

