[ 2018-02-22T01:41:54+08:00 ] 193.106.30.99 /wp-rdf.php
INFO: [ app_init ] --START--
INFO: Run Behavior\BuildLiteBehavior [ RunTime:0.000012s ]
INFO: [ app_init ] --END-- [ RunTime:0.000241s ]
ERR: 无法加载模块:Wp-rdf

[ 2018-02-22T02:32:53+08:00 ] 220.181.108.77 /Uploads/liveb/2018-02-07/5a7a91ece65cc.jpg
INFO: [ app_init ] --START--
INFO: Run Behavior\BuildLiteBehavior [ RunTime:0.000013s ]
INFO: [ app_init ] --END-- [ RunTime:0.000256s ]
ERR: 无法加载模块:Uploads

[ 2018-02-22T04:17:26+08:00 ] 80.82.78.50 http://www.baidu.com/cache/global/img/gs.gif
INFO: [ app_init ] --START--
INFO: Run Behavior\BuildLiteBehavior [ RunTime:0.000012s ]
INFO: [ app_init ] --END-- [ RunTime:0.000217s ]
ERR: 无法加载模块:Cache

[ 2018-02-22T06:48:44+08:00 ] 223.100.134.211 /pmd/index.php
INFO: [ app_init ] --START--
INFO: Run Behavior\BuildLiteBehavior [ RunTime:0.000013s ]
INFO: [ app_init ] --END-- [ RunTime:0.000289s ]
ERR: 无法加载模块:Pmd

[ 2018-02-22T08:20:04+08:00 ] 61.189.33.149 /Uploads/liveb/2018-02-07/5a7a91ece65cc.jpg
INFO: [ app_init ] --START--
INFO: Run Behavior\BuildLiteBehavior [ RunTime:0.000011s ]
INFO: [ app_init ] --END-- [ RunTime:0.000204s ]
ERR: 无法加载模块:Uploads

[ 2018-02-22T08:22:34+08:00 ] 61.189.33.149 /Uploads/liveb/2018-02-07/5a7a91ece65cc.jpg
INFO: [ app_init ] --START--
INFO: Run Behavior\BuildLiteBehavior [ RunTime:0.000012s ]
INFO: [ app_init ] --END-- [ RunTime:0.000205s ]
ERR: 无法加载模块:Uploads

[ 2018-02-22T08:22:37+08:00 ] 61.189.33.149 /Uploads/liveb/2018-02-07/5a7a91ece65cc.jpg
INFO: [ app_init ] --START--
INFO: Run Behavior\BuildLiteBehavior [ RunTime:0.000013s ]
INFO: [ app_init ] --END-- [ RunTime:0.000244s ]
ERR: 无法加载模块:Uploads

[ 2018-02-22T08:24:14+08:00 ] 61.189.33.149 /Uploads/liveb/2018-02-07/5a7a91ece65cc.jpg
INFO: [ app_init ] --START--
INFO: Run Behavior\BuildLiteBehavior [ RunTime:0.000012s ]
INFO: [ app_init ] --END-- [ RunTime:0.000226s ]
ERR: 无法加载模块:Uploads

[ 2018-02-22T08:24:22+08:00 ] 61.189.33.149 /Uploads/liveb/2018-02-07/5a7a91ece65cc.jpg
INFO: [ app_init ] --START--
INFO: Run Behavior\BuildLiteBehavior [ RunTime:0.000011s ]
INFO: [ app_init ] --END-- [ RunTime:0.000202s ]
ERR: 无法加载模块:Uploads

[ 2018-02-22T08:25:16+08:00 ] 61.189.33.149 /Uploads/liveb/2018-02-07/5a7a91ece65cc.jpg
INFO: [ app_init ] --START--
INFO: Run Behavior\BuildLiteBehavior [ RunTime:0.000012s ]
INFO: [ app_init ] --END-- [ RunTime:0.000209s ]
ERR: 无法加载模块:Uploads

[ 2018-02-22T08:25:25+08:00 ] 61.189.33.149 /Uploads/liveb/2018-02-07/5a7a91ece65cc.jpg
INFO: [ app_init ] --START--
INFO: Run Behavior\BuildLiteBehavior [ RunTime:0.000012s ]
INFO: [ app_init ] --END-- [ RunTime:0.000246s ]
ERR: 无法加载模块:Uploads

[ 2018-02-22T08:25:29+08:00 ] 61.189.33.149 /Uploads/liveb/2018-02-13/5a82a8a191050.jpg
INFO: [ app_init ] --START--
INFO: Run Behavior\BuildLiteBehavior [ RunTime:0.000011s ]
INFO: [ app_init ] --END-- [ RunTime:0.000210s ]
ERR: 无法加载模块:Uploads

[ 2018-02-22T08:27:09+08:00 ] 61.189.33.149 /Uploads/liveb/2018-02-07/5a7a91ece65cc.jpg
INFO: [ app_init ] --START--
INFO: Run Behavior\BuildLiteBehavior [ RunTime:0.000012s ]
INFO: [ app_init ] --END-- [ RunTime:0.000223s ]
ERR: 无法加载模块:Uploads

[ 2018-02-22T08:27:44+08:00 ] 61.189.33.149 /Uploads/liveb/2018-02-07/5a7a91ece65cc.jpg
INFO: [ app_init ] --START--
INFO: Run Behavior\BuildLiteBehavior [ RunTime:0.000023s ]
INFO: [ app_init ] --END-- [ RunTime:0.000216s ]
ERR: 无法加载模块:Uploads

[ 2018-02-22T08:28:02+08:00 ] 61.189.33.149 /Uploads/liveb/2018-02-07/5a7a91ece65cc.jpg
INFO: [ app_init ] --START--
INFO: Run Behavior\BuildLiteBehavior [ RunTime:0.000012s ]
INFO: [ app_init ] --END-- [ RunTime:0.000221s ]
ERR: 无法加载模块:Uploads

[ 2018-02-22T08:28:10+08:00 ] 61.189.33.149 /Uploads/liveb/2018-02-07/5a7a91ece65cc.jpg
INFO: [ app_init ] --START--
INFO: Run Behavior\BuildLiteBehavior [ RunTime:0.000014s ]
INFO: [ app_init ] --END-- [ RunTime:0.000229s ]
ERR: 无法加载模块:Uploads

[ 2018-02-22T08:28:13+08:00 ] 61.189.33.149 /Uploads/liveb/2018-02-07/5a7a91ece65cc.jpg
INFO: [ app_init ] --START--
INFO: Run Behavior\BuildLiteBehavior [ RunTime:0.000012s ]
INFO: [ app_init ] --END-- [ RunTime:0.000214s ]
ERR: 无法加载模块:Uploads

[ 2018-02-22T08:28:14+08:00 ] 61.189.33.149 /Uploads/liveb/2018-02-07/5a7a91ece65cc.jpg
INFO: [ app_init ] --START--
INFO: Run Behavior\BuildLiteBehavior [ RunTime:0.000011s ]
INFO: [ app_init ] --END-- [ RunTime:0.000201s ]
ERR: 无法加载模块:Uploads

[ 2018-02-22T08:28:14+08:00 ] 61.189.33.149 /Uploads/liveb/2018-02-07/5a7a91ece65cc.jpg
INFO: [ app_init ] --START--
INFO: Run Behavior\BuildLiteBehavior [ RunTime:0.000011s ]
INFO: [ app_init ] --END-- [ RunTime:0.000194s ]
ERR: 无法加载模块:Uploads

[ 2018-02-22T08:29:20+08:00 ] 61.189.33.149 /Public/Home/saibangzi/plugins/up-video/docs.min.css.map
INFO: [ app_init ] --START--
INFO: Run Behavior\BuildLiteBehavior [ RunTime:0.000012s ]
INFO: [ app_init ] --END-- [ RunTime:0.000215s ]
ERR: 无法加载模块:Public

[ 2018-02-22T08:29:54+08:00 ] 61.189.33.149 /Uploads/liveb/2018-02-07/5a7a91ece65cc.jpg
INFO: [ app_init ] --START--
INFO: Run Behavior\BuildLiteBehavior [ RunTime:0.000012s ]
INFO: [ app_init ] --END-- [ RunTime:0.000226s ]
ERR: 无法加载模块:Uploads

[ 2018-02-22T08:30:25+08:00 ] 61.189.33.149 /Uploads/liveb/2018-02-07/5a7a91ece65cc.jpg
INFO: [ app_init ] --START--
INFO: Run Behavior\BuildLiteBehavior [ RunTime:0.000013s ]
INFO: [ app_init ] --END-- [ RunTime:0.000253s ]
ERR: 无法加载模块:Uploads

[ 2018-02-22T08:32:19+08:00 ] 61.189.33.149 /Uploads/liveb/2018-02-07/5a7a91ece65cc.jpg
INFO: [ app_init ] --START--
INFO: Run Behavior\BuildLiteBehavior [ RunTime:0.000010s ]
INFO: [ app_init ] --END-- [ RunTime:0.000200s ]
ERR: 无法加载模块:Uploads

[ 2018-02-22T08:49:03+08:00 ] 61.189.33.149 /Uploads/liveb/2018-02-07/5a7a91ece65cc.jpg
INFO: [ app_init ] --START--
INFO: Run Behavior\BuildLiteBehavior [ RunTime:0.000012s ]
INFO: [ app_init ] --END-- [ RunTime:0.000224s ]
ERR: 无法加载模块:Uploads

[ 2018-02-22T08:57:47+08:00 ] 61.40.192.56 /phpmyadmin/scripts/setup.php
INFO: [ app_init ] --START--
INFO: Run Behavior\BuildLiteBehavior [ RunTime:0.000012s ]
INFO: [ app_init ] --END-- [ RunTime:0.000218s ]
ERR: 无法加载模块:Phpmyadmin

[ 2018-02-22T08:57:47+08:00 ] 61.40.192.56 /phpMyAdmin/scripts/setup.php
INFO: [ app_init ] --START--
INFO: Run Behavior\BuildLiteBehavior [ RunTime:0.000011s ]
INFO: [ app_init ] --END-- [ RunTime:0.000220s ]
ERR: 无法加载模块:PhpMyAdmin

[ 2018-02-22T08:57:47+08:00 ] 61.40.192.56 /pma/scripts/setup.php
INFO: [ app_init ] --START--
INFO: Run Behavior\BuildLiteBehavior [ RunTime:0.000012s ]
INFO: [ app_init ] --END-- [ RunTime:0.000219s ]
ERR: 无法加载模块:Pma

[ 2018-02-22T08:57:47+08:00 ] 61.40.192.56 /PhpMyAdmin/scripts/setup.php
INFO: [ app_init ] --START--
INFO: Run Behavior\BuildLiteBehavior [ RunTime:0.000012s ]
INFO: [ app_init ] --END-- [ RunTime:0.000222s ]
ERR: 无法加载模块:PhpMyAdmin

[ 2018-02-22T08:57:48+08:00 ] 61.40.192.56 /mysql/scripts/setup.php
INFO: [ app_init ] --START--
INFO: Run Behavior\BuildLiteBehavior [ RunTime:0.000012s ]
INFO: [ app_init ] --END-- [ RunTime:0.000216s ]
ERR: 无法加载模块:Mysql

[ 2018-02-22T08:57:48+08:00 ] 61.40.192.56 /dbadmin/scripts/setup.php
INFO: [ app_init ] --START--
INFO: Run Behavior\BuildLiteBehavior [ RunTime:0.000013s ]
INFO: [ app_init ] --END-- [ RunTime:0.000236s ]
ERR: 无法加载模块:Dbadmin

[ 2018-02-22T08:57:48+08:00 ] 61.40.192.56 /phpMyAdmin/_scripts/setup.php
INFO: [ app_init ] --START--
INFO: Run Behavior\BuildLiteBehavior [ RunTime:0.000012s ]
INFO: [ app_init ] --END-- [ RunTime:0.000226s ]
ERR: 无法加载模块:PhpMyAdmin

[ 2018-02-22T08:57:48+08:00 ] 61.40.192.56 /phpmyadmin/_scripts/setup.php
INFO: [ app_init ] --START--
INFO: Run Behavior\BuildLiteBehavior [ RunTime:0.000012s ]
INFO: [ app_init ] --END-- [ RunTime:0.000220s ]
ERR: 无法加载模块:Phpmyadmin

[ 2018-02-22T08:57:48+08:00 ] 61.40.192.56 /phpMyAdmin2/scripts/setup.php
INFO: [ app_init ] --START--
INFO: Run Behavior\BuildLiteBehavior [ RunTime:0.000013s ]
INFO: [ app_init ] --END-- [ RunTime:0.000237s ]
ERR: 无法加载模块:PhpMyAdmin2

[ 2018-02-22T08:57:49+08:00 ] 61.40.192.56 /phpMyAdmin1/scripts/setup.php
INFO: [ app_init ] --START--
INFO: Run Behavior\BuildLiteBehavior [ RunTime:0.000012s ]
INFO: [ app_init ] --END-- [ RunTime:0.000226s ]
ERR: 无法加载模块:PhpMyAdmin1

[ 2018-02-22T08:57:49+08:00 ] 61.40.192.56 /scripts/setup.php
INFO: [ app_init ] --START--
INFO: Run Behavior\BuildLiteBehavior [ RunTime:0.000014s ]
INFO: [ app_init ] --END-- [ RunTime:0.000231s ]
ERR: 无法加载模块:Scripts

[ 2018-02-22T08:57:49+08:00 ] 61.40.192.56 /php-my-admin/scripts/setup.php
INFO: [ app_init ] --START--
INFO: Run Behavior\BuildLiteBehavior [ RunTime:0.000013s ]
INFO: [ app_init ] --END-- [ RunTime:0.000236s ]
ERR: 无法加载模块:Php-my-admin

[ 2018-02-22T09:13:49+08:00 ] 71.6.202.198 /ccvv
INFO: [ app_init ] --START--
INFO: Run Behavior\BuildLiteBehavior [ RunTime:0.000012s ]
INFO: [ app_init ] --END-- [ RunTime:0.000215s ]
ERR: 无法加载模块:Ccvv

[ 2018-02-22T09:26:09+08:00 ] 61.189.33.149 /Uploads/liveb/2018-02-07/5a7a91ece65cc.jpg
INFO: [ app_init ] --START--
INFO: Run Behavior\BuildLiteBehavior [ RunTime:0.000012s ]
INFO: [ app_init ] --END-- [ RunTime:0.000275s ]
ERR: 无法加载模块:Uploads

[ 2018-02-22T09:26:21+08:00 ] 61.189.33.149 /Uploads/liveb/2018-02-07/5a7a91ece65cc.jpg
INFO: [ app_init ] --START--
INFO: Run Behavior\BuildLiteBehavior [ RunTime:0.000011s ]
INFO: [ app_init ] --END-- [ RunTime:0.000199s ]
ERR: 无法加载模块:Uploads

[ 2018-02-22T09:26:50+08:00 ] 61.189.33.149 /Uploads/liveb/2018-02-11/5a7f9bfe21974.jpg
INFO: [ app_init ] --START--
INFO: Run Behavior\BuildLiteBehavior [ RunTime:0.000014s ]
INFO: [ app_init ] --END-- [ RunTime:0.000292s ]
ERR: 无法加载模块:Uploads

[ 2018-02-22T09:29:48+08:00 ] 61.189.33.149 /Uploads/liveb/2018-02-07/5a7a91ece65cc.jpg
INFO: [ app_init ] --START--
INFO: Run Behavior\BuildLiteBehavior [ RunTime:0.000013s ]
INFO: [ app_init ] --END-- [ RunTime:0.000243s ]
ERR: 无法加载模块:Uploads

[ 2018-02-22T09:30:05+08:00 ] 61.189.33.149 /Uploads/liveb/2018-02-07/5a7a91ece65cc.jpg
INFO: [ app_init ] --START--
INFO: Run Behavior\BuildLiteBehavior [ RunTime:0.000013s ]
INFO: [ app_init ] --END-- [ RunTime:0.000216s ]
ERR: 无法加载模块:Uploads

[ 2018-02-22T09:30:12+08:00 ] 61.189.33.149 /Uploads/liveb/2018-02-07/5a7a91ece65cc.jpg
INFO: [ app_init ] --START--
INFO: Run Behavior\BuildLiteBehavior [ RunTime:0.000011s ]
INFO: [ app_init ] --END-- [ RunTime:0.000230s ]
ERR: 无法加载模块:Uploads

[ 2018-02-22T09:32:39+08:00 ] 61.189.33.149 /Uploads/liveb/2018-02-07/5a7a91ece65cc.jpg
INFO: [ app_init ] --START--
INFO: Run Behavior\BuildLiteBehavior [ RunTime:0.000011s ]
INFO: [ app_init ] --END-- [ RunTime:0.000206s ]
ERR: 无法加载模块:Uploads

[ 2018-02-22T09:33:22+08:00 ] 61.189.33.149 /Uploads/liveb/2018-02-07/5a7a91ece65cc.jpg
INFO: [ app_init ] --START--
INFO: Run Behavior\BuildLiteBehavior [ RunTime:0.000012s ]
INFO: [ app_init ] --END-- [ RunTime:0.000200s ]
ERR: 无法加载模块:Uploads

[ 2018-02-22T10:10:04+08:00 ] 61.189.33.149 //Uploads/liveb/2018-02-07/5a7a91ece65cc.jpg
INFO: [ app_init ] --START--
INFO: Run Behavior\BuildLiteBehavior [ RunTime:0.000011s ]
INFO: [ app_init ] --END-- [ RunTime:0.000197s ]
ERR: 无法加载模块:Uploads

[ 2018-02-22T10:10:04+08:00 ] 61.189.33.149 //Uploads/liveb/2018-02-11/5a7f9bfe21974.jpg
INFO: [ app_init ] --START--
INFO: Run Behavior\BuildLiteBehavior [ RunTime:0.000011s ]
INFO: [ app_init ] --END-- [ RunTime:0.000227s ]
ERR: 无法加载模块:Uploads

[ 2018-02-22T10:10:10+08:00 ] 61.189.33.149 /http://www.baidu.com
INFO: [ app_init ] --START--
INFO: Run Behavior\BuildLiteBehavior [ RunTime:0.000015s ]
INFO: [ app_init ] --END-- [ RunTime:0.000284s ]
ERR: 无法加载模块:Http:

[ 2018-02-22T10:10:10+08:00 ] 61.189.33.149 /http://1255995999.vod2.myqcloud.com/d3ffb89evodgzp1255995999/f2e69b0a7447398154720008970/7447398154720008971.jpg
INFO: [ app_init ] --START--
INFO: Run Behavior\BuildLiteBehavior [ RunTime:0.000012s ]
INFO: [ app_init ] --END-- [ RunTime:0.000335s ]
ERR: 无法加载模块:Http:

[ 2018-02-22T10:10:11+08:00 ] 61.189.33.149 //Uploads/liveb/2018-02-07/5a7a91ece65cc.jpg
INFO: [ app_init ] --START--
INFO: Run Behavior\BuildLiteBehavior [ RunTime:0.000024s ]
INFO: [ app_init ] --END-- [ RunTime:0.000229s ]
ERR: 无法加载模块:Uploads

[ 2018-02-22T10:10:11+08:00 ] 61.189.33.149 //Uploads/liveb/2018-02-11/5a7f9bfe21974.jpg
INFO: [ app_init ] --START--
INFO: Run Behavior\BuildLiteBehavior [ RunTime:0.000014s ]
INFO: [ app_init ] --END-- [ RunTime:0.000229s ]
ERR: 无法加载模块:Uploads

[ 2018-02-22T10:10:33+08:00 ] 61.189.33.149 /http://1255995999.vod2.myqcloud.com/d3ffb89evodgzp1255995999/f2e69b0a7447398154720008970/7447398154720008971.jpg
INFO: [ app_init ] --START--
INFO: Run Behavior\BuildLiteBehavior [ RunTime:0.000011s ]
INFO: [ app_init ] --END-- [ RunTime:0.000207s ]
ERR: 无法加载模块:Http:

[ 2018-02-22T10:10:33+08:00 ] 61.189.33.149 /http://www.baidu.com
INFO: [ app_init ] --START--
INFO: Run Behavior\BuildLiteBehavior [ RunTime:0.000013s ]
INFO: [ app_init ] --END-- [ RunTime:0.000239s ]
ERR: 无法加载模块:Http:

[ 2018-02-22T10:10:34+08:00 ] 61.189.33.149 //Uploads/liveb/2018-02-07/5a7a91ece65cc.jpg
INFO: [ app_init ] --START--
INFO: Run Behavior\BuildLiteBehavior [ RunTime:0.000011s ]
INFO: [ app_init ] --END-- [ RunTime:0.000232s ]
ERR: 无法加载模块:Uploads

[ 2018-02-22T10:10:34+08:00 ] 61.189.33.149 //Uploads/liveb/2018-02-11/5a7f9bfe21974.jpg
INFO: [ app_init ] --START--
INFO: Run Behavior\BuildLiteBehavior [ RunTime:0.000012s ]
INFO: [ app_init ] --END-- [ RunTime:0.000263s ]
ERR: 无法加载模块:Uploads

[ 2018-02-22T10:11:16+08:00 ] 61.189.33.149 /http://www.baidu.com
INFO: [ app_init ] --START--
INFO: Run Behavior\BuildLiteBehavior [ RunTime:0.000012s ]
INFO: [ app_init ] --END-- [ RunTime:0.000232s ]
ERR: 无法加载模块:Http:

[ 2018-02-22T10:11:16+08:00 ] 61.189.33.149 /http://1255995999.vod2.myqcloud.com/d3ffb89evodgzp1255995999/f2e69b0a7447398154720008970/7447398154720008971.jpg
INFO: [ app_init ] --START--
INFO: Run Behavior\BuildLiteBehavior [ RunTime:0.000011s ]
INFO: [ app_init ] --END-- [ RunTime:0.000198s ]
ERR: 无法加载模块:Http:

[ 2018-02-22T10:12:21+08:00 ] 61.189.33.149 /Uploads/liveb/2018-02-07/5a7a91ece65cc.jpg
INFO: [ app_init ] --START--
INFO: Run Behavior\BuildLiteBehavior [ RunTime:0.000011s ]
INFO: [ app_init ] --END-- [ RunTime:0.000207s ]
ERR: 无法加载模块:Uploads

[ 2018-02-22T10:13:08+08:00 ] 61.189.33.149 //Uploads/prove/2018-02-07/5a7a90fdae2f4.jpg
INFO: [ app_init ] --START--
INFO: Run Behavior\BuildLiteBehavior [ RunTime:0.000017s ]
INFO: [ app_init ] --END-- [ RunTime:0.000304s ]
ERR: 无法加载模块:Uploads

[ 2018-02-22T10:13:08+08:00 ] 61.189.33.149 //Uploads/prove/2018-02-07/5a7a90fdae55c.jpg
INFO: [ app_init ] --START--
INFO: Run Behavior\BuildLiteBehavior [ RunTime:0.000017s ]
INFO: [ app_init ] --END-- [ RunTime:0.000337s ]
ERR: 无法加载模块:Uploads

[ 2018-02-22T10:13:08+08:00 ] 61.189.33.149 //Uploads/prove/2018-02-07/5a7a90fdae710.jpg
INFO: [ app_init ] --START--
INFO: Run Behavior\BuildLiteBehavior [ RunTime:0.000013s ]
INFO: [ app_init ] --END-- [ RunTime:0.000252s ]
ERR: 无法加载模块:Uploads

[ 2018-02-22T10:13:08+08:00 ] 61.189.33.149 //Uploads/prove/2018-02-07/5a7a90fdae893.jpg
INFO: [ app_init ] --START--
INFO: Run Behavior\BuildLiteBehavior [ RunTime:0.000011s ]
INFO: [ app_init ] --END-- [ RunTime:0.000249s ]
ERR: 无法加载模块:Uploads

[ 2018-02-22T10:13:08+08:00 ] 61.189.33.149 //Uploads/prove/1.png
INFO: [ app_init ] --START--
INFO: Run Behavior\BuildLiteBehavior [ RunTime:0.000012s ]
INFO: [ app_init ] --END-- [ RunTime:0.000236s ]
ERR: 无法加载模块:Uploads

[ 2018-02-22T10:13:08+08:00 ] 61.189.33.149 //Uploads/prove/2017-11-01/59f94510d4145.jpg
INFO: [ app_init ] --START--
INFO: Run Behavior\BuildLiteBehavior [ RunTime:0.000016s ]
INFO: [ app_init ] --END-- [ RunTime:0.000296s ]
ERR: 无法加载模块:Uploads

[ 2018-02-22T10:13:08+08:00 ] 61.189.33.149 //Uploads/prove/2017-11-01/59f94510d58b5.jpg
INFO: [ app_init ] --START--
INFO: Run Behavior\BuildLiteBehavior [ RunTime:0.000029s ]
INFO: [ app_init ] --END-- [ RunTime:0.000297s ]
ERR: 无法加载模块:Uploads

[ 2018-02-22T10:13:08+08:00 ] 61.189.33.149 //Uploads/prove/2017-11-01/59f94510d8796.jpg
INFO: [ app_init ] --START--
INFO: Run Behavior\BuildLiteBehavior [ RunTime:0.000015s ]
INFO: [ app_init ] --END-- [ RunTime:0.000302s ]
ERR: 无法加载模块:Uploads

[ 2018-02-22T10:13:08+08:00 ] 61.189.33.149 //Uploads/prove/2017-11-01/59f94510d7026.jpg
INFO: [ app_init ] --START--
INFO: Run Behavior\BuildLiteBehavior [ RunTime:0.000011s ]
INFO: [ app_init ] --END-- [ RunTime:0.000248s ]
ERR: 无法加载模块:Uploads

[ 2018-02-22T10:20:18+08:00 ] 61.189.33.149 /1111
INFO: [ app_init ] --START--
INFO: Run Behavior\BuildLiteBehavior [ RunTime:0.000011s ]
INFO: [ app_init ] --END-- [ RunTime:0.000209s ]
ERR: 无法加载模块:1111

[ 2018-02-22T10:23:16+08:00 ] 61.189.33.149 /Uploads/liveb/2018-02-07/5a7a91ece65cc.jpg
INFO: [ app_init ] --START--
INFO: Run Behavior\BuildLiteBehavior [ RunTime:0.000011s ]
INFO: [ app_init ] --END-- [ RunTime:0.000212s ]
ERR: 无法加载模块:Uploads

[ 2018-02-22T10:57:26+08:00 ] 61.189.33.149 /Uploads/liveb/2018-02-13/5a82a8a191050.jpg
INFO: [ app_init ] --START--
INFO: Run Behavior\BuildLiteBehavior [ RunTime:0.000037s ]
INFO: [ app_init ] --END-- [ RunTime:0.000264s ]
ERR: 无法加载模块:Uploads

[ 2018-02-22T10:57:28+08:00 ] 61.189.33.149 /Public/Home/saibangzi/plugins/up-video/docs.min.css.map
INFO: [ app_init ] --START--
INFO: Run Behavior\BuildLiteBehavior [ RunTime:0.000014s ]
INFO: [ app_init ] --END-- [ RunTime:0.000290s ]
ERR: 无法加载模块:Public

[ 2018-02-22T11:00:23+08:00 ] 61.189.33.149 /Public/Home/saibangzi/plugins/up-video/docs.min.css.map
INFO: [ app_init ] --START--
INFO: Run Behavior\BuildLiteBehavior [ RunTime:0.000015s ]
INFO: [ app_init ] --END-- [ RunTime:0.000255s ]
ERR: 无法加载模块:Public

[ 2018-02-22T11:01:59+08:00 ] 61.189.33.149 /Uploads/liveb/2018-02-07/5a7a91ece65cc.jpg
INFO: [ app_init ] --START--
INFO: Run Behavior\BuildLiteBehavior [ RunTime:0.000013s ]
INFO: [ app_init ] --END-- [ RunTime:0.000241s ]
ERR: 无法加载模块:Uploads

[ 2018-02-22T11:02:01+08:00 ] 61.189.33.149 /Uploads/liveb/2018-02-13/5a82a8a191050.jpg
INFO: [ app_init ] --START--
INFO: Run Behavior\BuildLiteBehavior [ RunTime:0.000012s ]
INFO: [ app_init ] --END-- [ RunTime:0.000225s ]
ERR: 无法加载模块:Uploads

[ 2018-02-22T11:02:09+08:00 ] 61.189.33.149 /Public/Home/saibangzi/plugins/up-video/docs.min.css.map
INFO: [ app_init ] --START--
INFO: Run Behavior\BuildLiteBehavior [ RunTime:0.000012s ]
INFO: [ app_init ] --END-- [ RunTime:0.000216s ]
ERR: 无法加载模块:Public

[ 2018-02-22T11:02:48+08:00 ] 61.189.33.149 /Public/Home/saibangzi/plugins/up-video/docs.min.css.map
INFO: [ app_init ] --START--
INFO: Run Behavior\BuildLiteBehavior [ RunTime:0.000013s ]
INFO: [ app_init ] --END-- [ RunTime:0.000285s ]
ERR: 无法加载模块:Public

[ 2018-02-22T11:02:48+08:00 ] 61.189.33.149 /Public/Home/saibangzi/plugins/up-video/docs.min.css.map
INFO: [ app_init ] --START--
INFO: Run Behavior\BuildLiteBehavior [ RunTime:0.000013s ]
INFO: [ app_init ] --END-- [ RunTime:0.000221s ]
ERR: 无法加载模块:Public

[ 2018-02-22T11:02:48+08:00 ] 61.189.33.149 /Public/Home/saibangzi/plugins/up-video/docs.min.css.map
INFO: [ app_init ] --START--
INFO: Run Behavior\BuildLiteBehavior [ RunTime:0.000013s ]
INFO: [ app_init ] --END-- [ RunTime:0.000236s ]
ERR: 无法加载模块:Public

[ 2018-02-22T11:02:49+08:00 ] 61.189.33.149 /Public/Home/saibangzi/plugins/up-video/docs.min.css.map
INFO: [ app_init ] --START--
INFO: Run Behavior\BuildLiteBehavior [ RunTime:0.000010s ]
INFO: [ app_init ] --END-- [ RunTime:0.000210s ]
ERR: 无法加载模块:Public

[ 2018-02-22T11:02:49+08:00 ] 61.189.33.149 /Public/Home/saibangzi/plugins/up-video/docs.min.css.map
INFO: [ app_init ] --START--
INFO: Run Behavior\BuildLiteBehavior [ RunTime:0.000013s ]
INFO: [ app_init ] --END-- [ RunTime:0.000224s ]
ERR: 无法加载模块:Public

[ 2018-02-22T11:10:26+08:00 ] 61.189.33.149 /Public/Home/saibangzi/plugins/up-video/docs.min.css.map
INFO: [ app_init ] --START--
INFO: Run Behavior\BuildLiteBehavior [ RunTime:0.000021s ]
INFO: [ app_init ] --END-- [ RunTime:0.000244s ]
ERR: 无法加载模块:Public

[ 2018-02-22T11:10:31+08:00 ] 61.189.33.149 /Public/Home/saibangzi/plugins/up-video/docs.min.css.map
INFO: [ app_init ] --START--
INFO: Run Behavior\BuildLiteBehavior [ RunTime:0.000013s ]
INFO: [ app_init ] --END-- [ RunTime:0.000242s ]
ERR: 无法加载模块:Public

[ 2018-02-22T11:10:31+08:00 ] 61.189.33.149 /Public/Home/saibangzi/plugins/up-video/docs.min.css.map
INFO: [ app_init ] --START--
INFO: Run Behavior\BuildLiteBehavior [ RunTime:0.000012s ]
INFO: [ app_init ] --END-- [ RunTime:0.000233s ]
ERR: 无法加载模块:Public

[ 2018-02-22T11:10:32+08:00 ] 61.189.33.149 /Public/Home/saibangzi/plugins/up-video/docs.min.css.map
INFO: [ app_init ] --START--
INFO: Run Behavior\BuildLiteBehavior [ RunTime:0.000011s ]
INFO: [ app_init ] --END-- [ RunTime:0.000206s ]
ERR: 无法加载模块:Public

[ 2018-02-22T11:10:32+08:00 ] 61.189.33.149 /Public/Home/saibangzi/plugins/up-video/docs.min.css.map
INFO: [ app_init ] --START--
INFO: Run Behavior\BuildLiteBehavior [ RunTime:0.000011s ]
INFO: [ app_init ] --END-- [ RunTime:0.000227s ]
ERR: 无法加载模块:Public

[ 2018-02-22T11:10:33+08:00 ] 61.189.33.149 /Public/Home/saibangzi/plugins/up-video/docs.min.css.map
INFO: [ app_init ] --START--
INFO: Run Behavior\BuildLiteBehavior [ RunTime:0.000012s ]
INFO: [ app_init ] --END-- [ RunTime:0.000237s ]
ERR: 无法加载模块:Public

[ 2018-02-22T11:10:33+08:00 ] 61.189.33.149 /Public/Home/saibangzi/plugins/up-video/docs.min.css.map
INFO: [ app_init ] --START--
INFO: Run Behavior\BuildLiteBehavior [ RunTime:0.000012s ]
INFO: [ app_init ] --END-- [ RunTime:0.000214s ]
ERR: 无法加载模块:Public

[ 2018-02-22T11:10:33+08:00 ] 61.189.33.149 /Public/Home/saibangzi/plugins/up-video/docs.min.css.map
INFO: [ app_init ] --START--
INFO: Run Behavior\BuildLiteBehavior [ RunTime:0.000011s ]
INFO: [ app_init ] --END-- [ RunTime:0.000202s ]
ERR: 无法加载模块:Public

[ 2018-02-22T11:10:53+08:00 ] 61.189.33.149 /Uploads/liveb/2018-02-07/5a7a91ece65cc.jpg
INFO: [ app_init ] --START--
INFO: Run Behavior\BuildLiteBehavior [ RunTime:0.000013s ]
INFO: [ app_init ] --END-- [ RunTime:0.000220s ]
ERR: 无法加载模块:Uploads

[ 2018-02-22T11:10:54+08:00 ] 61.189.33.149 /Uploads/liveb/2018-02-13/5a82a8a191050.jpg
INFO: [ app_init ] --START--
INFO: Run Behavior\BuildLiteBehavior [ RunTime:0.000013s ]
INFO: [ app_init ] --END-- [ RunTime:0.000217s ]
ERR: 无法加载模块:Uploads

[ 2018-02-22T11:10:57+08:00 ] 61.189.33.149 /Public/Home/saibangzi/plugins/up-video/docs.min.css.map
INFO: [ app_init ] --START--
INFO: Run Behavior\BuildLiteBehavior [ RunTime:0.000012s ]
INFO: [ app_init ] --END-- [ RunTime:0.000235s ]
ERR: 无法加载模块:Public

[ 2018-02-22T11:12:40+08:00 ] 193.106.30.99 /wp-login.php
INFO: [ app_init ] --START--
INFO: Run Behavior\BuildLiteBehavior [ RunTime:0.000012s ]
INFO: [ app_init ] --END-- [ RunTime:0.000237s ]
ERR: 无法加载模块:Wp-login

[ 2018-02-22T11:43:22+08:00 ] 61.189.33.149 /Public/Home/saibangzi/plugins/up-video/docs.min.css.map
INFO: [ app_init ] --START--
INFO: Run Behavior\BuildLiteBehavior [ RunTime:0.000012s ]
INFO: [ app_init ] --END-- [ RunTime:0.000210s ]
ERR: 无法加载模块:Public

[ 2018-02-22T11:43:24+08:00 ] 61.189.33.149 /Public/Home/saibangzi/plugins/up-video/docs.min.css.map
INFO: [ app_init ] --START--
INFO: Run Behavior\BuildLiteBehavior [ RunTime:0.000012s ]
INFO: [ app_init ] --END-- [ RunTime:0.000211s ]
ERR: 无法加载模块:Public

[ 2018-02-22T11:43:25+08:00 ] 61.189.33.149 /Public/Home/saibangzi/plugins/up-video/docs.min.css.map
INFO: [ app_init ] --START--
INFO: Run Behavior\BuildLiteBehavior [ RunTime:0.000011s ]
INFO: [ app_init ] --END-- [ RunTime:0.000209s ]
ERR: 无法加载模块:Public

[ 2018-02-22T11:43:43+08:00 ] 61.189.33.149 /Uploads/liveb/2018-02-07/5a7a91ece65cc.jpg
INFO: [ app_init ] --START--
INFO: Run Behavior\BuildLiteBehavior [ RunTime:0.000012s ]
INFO: [ app_init ] --END-- [ RunTime:0.000236s ]
ERR: 无法加载模块:Uploads

[ 2018-02-22T11:43:44+08:00 ] 61.189.33.149 /Uploads/liveb/2018-02-13/5a82a8a191050.jpg
INFO: [ app_init ] --START--
INFO: Run Behavior\BuildLiteBehavior [ RunTime:0.000013s ]
INFO: [ app_init ] --END-- [ RunTime:0.000241s ]
ERR: 无法加载模块:Uploads

[ 2018-02-22T11:43:46+08:00 ] 61.189.33.149 /Public/Home/saibangzi/plugins/up-video/docs.min.css.map
INFO: [ app_init ] --START--
INFO: Run Behavior\BuildLiteBehavior [ RunTime:0.000020s ]
INFO: [ app_init ] --END-- [ RunTime:0.000259s ]
ERR: 无法加载模块:Public

[ 2018-02-22T11:43:52+08:00 ] 61.189.33.149 /Public/Home/saibangzi/plugins/up-video/docs.min.css.map
INFO: [ app_init ] --START--
INFO: Run Behavior\BuildLiteBehavior [ RunTime:0.000011s ]
INFO: [ app_init ] --END-- [ RunTime:0.000202s ]
ERR: 无法加载模块:Public

[ 2018-02-22T11:44:00+08:00 ] 61.189.33.149 /Public/Home/saibangzi/plugins/up-video/docs.min.css.map
INFO: [ app_init ] --START--
INFO: Run Behavior\BuildLiteBehavior [ RunTime:0.000011s ]
INFO: [ app_init ] --END-- [ RunTime:0.000196s ]
ERR: 无法加载模块:Public

[ 2018-02-22T11:44:09+08:00 ] 61.189.33.149 /Public/Home/saibangzi/plugins/up-video/docs.min.css.map
INFO: [ app_init ] --START--
INFO: Run Behavior\BuildLiteBehavior [ RunTime:0.000011s ]
INFO: [ app_init ] --END-- [ RunTime:0.000202s ]
ERR: 无法加载模块:Public

[ 2018-02-22T11:44:11+08:00 ] 61.189.33.149 /Public/Home/saibangzi/plugins/up-video/docs.min.css.map
INFO: [ app_init ] --START--
INFO: Run Behavior\BuildLiteBehavior [ RunTime:0.000013s ]
INFO: [ app_init ] --END-- [ RunTime:0.000244s ]
ERR: 无法加载模块:Public

[ 2018-02-22T11:44:12+08:00 ] 61.189.33.149 /Public/Home/saibangzi/plugins/up-video/docs.min.css.map
INFO: [ app_init ] --START--
INFO: Run Behavior\BuildLiteBehavior [ RunTime:0.000012s ]
INFO: [ app_init ] --END-- [ RunTime:0.000223s ]
ERR: 无法加载模块:Public

[ 2018-02-22T11:44:12+08:00 ] 61.189.33.149 /Public/Home/saibangzi/plugins/up-video/docs.min.css.map
INFO: [ app_init ] --START--
INFO: Run Behavior\BuildLiteBehavior [ RunTime:0.000011s ]
INFO: [ app_init ] --END-- [ RunTime:0.000200s ]
ERR: 无法加载模块:Public

[ 2018-02-22T11:44:26+08:00 ] 61.189.33.149 /Uploads/liveb/2018-02-07/5a7a91ece65cc.jpg
INFO: [ app_init ] --START--
INFO: Run Behavior\BuildLiteBehavior [ RunTime:0.000012s ]
INFO: [ app_init ] --END-- [ RunTime:0.000235s ]
ERR: 无法加载模块:Uploads

[ 2018-02-22T11:44:28+08:00 ] 61.189.33.149 /Uploads/liveb/2018-02-13/5a82a8a191050.jpg
INFO: [ app_init ] --START--
INFO: Run Behavior\BuildLiteBehavior [ RunTime:0.000012s ]
INFO: [ app_init ] --END-- [ RunTime:0.000214s ]
ERR: 无法加载模块:Uploads

[ 2018-02-22T11:44:30+08:00 ] 61.189.33.149 /Public/Home/saibangzi/plugins/up-video/docs.min.css.map
INFO: [ app_init ] --START--
INFO: Run Behavior\BuildLiteBehavior [ RunTime:0.000013s ]
INFO: [ app_init ] --END-- [ RunTime:0.000242s ]
ERR: 无法加载模块:Public

[ 2018-02-22T11:45:33+08:00 ] 61.189.33.149 /Public/Home/saibangzi/plugins/up-video/docs.min.css.map
INFO: [ app_init ] --START--
INFO: Run Behavior\BuildLiteBehavior [ RunTime:0.000011s ]
INFO: [ app_init ] --END-- [ RunTime:0.000206s ]
ERR: 无法加载模块:Public

[ 2018-02-22T11:46:12+08:00 ] 61.189.33.149 /Public/Home/saibangzi/plugins/up-video/docs.min.css.map
INFO: [ app_init ] --START--
INFO: Run Behavior\BuildLiteBehavior [ RunTime:0.000011s ]
INFO: [ app_init ] --END-- [ RunTime:0.000202s ]
ERR: 无法加载模块:Public

[ 2018-02-22T11:57:23+08:00 ] 61.189.33.149 /Public/Home/saibangzi/plugins/up-video/docs.min.css.map
INFO: [ app_init ] --START--
INFO: Run Behavior\BuildLiteBehavior [ RunTime:0.000013s ]
INFO: [ app_init ] --END-- [ RunTime:0.000251s ]
ERR: 无法加载模块:Public

[ 2018-02-22T11:57:26+08:00 ] 61.189.33.149 /Public/Home/saibangzi/plugins/up-video/docs.min.css.map
INFO: [ app_init ] --START--
INFO: Run Behavior\BuildLiteBehavior [ RunTime:0.000011s ]
INFO: [ app_init ] --END-- [ RunTime:0.000202s ]
ERR: 无法加载模块:Public

[ 2018-02-22T11:57:27+08:00 ] 61.189.33.149 /Public/Home/saibangzi/plugins/up-video/docs.min.css.map
INFO: [ app_init ] --START--
INFO: Run Behavior\BuildLiteBehavior [ RunTime:0.000012s ]
INFO: [ app_init ] --END-- [ RunTime:0.000202s ]
ERR: 无法加载模块:Public

[ 2018-02-22T11:57:28+08:00 ] 61.189.33.149 /Public/Home/saibangzi/plugins/up-video/docs.min.css.map
INFO: [ app_init ] --START--
INFO: Run Behavior\BuildLiteBehavior [ RunTime:0.000013s ]
INFO: [ app_init ] --END-- [ RunTime:0.000251s ]
ERR: 无法加载模块:Public

[ 2018-02-22T11:57:28+08:00 ] 61.189.33.149 /Public/Home/saibangzi/plugins/up-video/docs.min.css.map
INFO: [ app_init ] --START--
INFO: Run Behavior\BuildLiteBehavior [ RunTime:0.000013s ]
INFO: [ app_init ] --END-- [ RunTime:0.000262s ]
ERR: 无法加载模块:Public

[ 2018-02-22T11:57:29+08:00 ] 61.189.33.149 /Public/Home/saibangzi/plugins/up-video/docs.min.css.map
INFO: [ app_init ] --START--
INFO: Run Behavior\BuildLiteBehavior [ RunTime:0.000015s ]
INFO: [ app_init ] --END-- [ RunTime:0.000285s ]
ERR: 无法加载模块:Public

[ 2018-02-22T11:59:47+08:00 ] 61.189.33.149 /Public/Home/saibangzi/plugins/up-video/docs.min.css.map
INFO: [ app_init ] --START--
INFO: Run Behavior\BuildLiteBehavior [ RunTime:0.000011s ]
INFO: [ app_init ] --END-- [ RunTime:0.000227s ]
ERR: 无法加载模块:Public

[ 2018-02-22T12:56:01+08:00 ] 61.189.33.149 /Public/Home/saibangzi/plugins/up-video/docs.min.css.map
INFO: [ app_init ] --START--
INFO: Run Behavior\BuildLiteBehavior [ RunTime:0.000011s ]
INFO: [ app_init ] --END-- [ RunTime:0.000214s ]
ERR: 无法加载模块:Public

[ 2018-02-22T13:11:22+08:00 ] 61.189.33.149 /Public/Home/saibangzi/plugins/up-video/docs.min.css.map
INFO: [ app_init ] --START--
INFO: Run Behavior\BuildLiteBehavior [ RunTime:0.000011s ]
INFO: [ app_init ] --END-- [ RunTime:0.000215s ]
ERR: 无法加载模块:Public

[ 2018-02-22T13:13:52+08:00 ] 61.189.33.149 /Public/Home/saibangzi/plugins/up-video/docs.min.css.map
INFO: [ app_init ] --START--
INFO: Run Behavior\BuildLiteBehavior [ RunTime:0.000013s ]
INFO: [ app_init ] --END-- [ RunTime:0.000223s ]
ERR: 无法加载模块:Public

[ 2018-02-22T13:19:40+08:00 ] 61.189.33.149 /Public/Home/saibangzi/plugins/up-video/docs.min.css.map
INFO: [ app_init ] --START--
INFO: Run Behavior\BuildLiteBehavior [ RunTime:0.000012s ]
INFO: [ app_init ] --END-- [ RunTime:0.000217s ]
ERR: 无法加载模块:Public

[ 2018-02-22T13:21:25+08:00 ] 61.189.33.149 /Public/Home/saibangzi/plugins/up-video/docs.min.css.map
INFO: [ app_init ] --START--
INFO: Run Behavior\BuildLiteBehavior [ RunTime:0.000013s ]
INFO: [ app_init ] --END-- [ RunTime:0.000232s ]
ERR: 无法加载模块:Public

[ 2018-02-22T13:24:07+08:00 ] 61.189.33.149 /Public/Home/saibangzi/plugins/up-video/docs.min.css.map
INFO: [ app_init ] --START--
INFO: Run Behavior\BuildLiteBehavior [ RunTime:0.000011s ]
INFO: [ app_init ] --END-- [ RunTime:0.000202s ]
ERR: 无法加载模块:Public

[ 2018-02-22T13:26:25+08:00 ] 61.189.33.149 /Public/Home/saibangzi/plugins/up-video/docs.min.css.map
INFO: [ app_init ] --START--
INFO: Run Behavior\BuildLiteBehavior [ RunTime:0.000012s ]
INFO: [ app_init ] --END-- [ RunTime:0.000235s ]
ERR: 无法加载模块:Public

[ 2018-02-22T13:29:31+08:00 ] 61.189.33.149 /Uploads/liveb/2018-02-07/5a7a91ece65cc.jpg
INFO: [ app_init ] --START--
INFO: Run Behavior\BuildLiteBehavior [ RunTime:0.000010s ]
INFO: [ app_init ] --END-- [ RunTime:0.000198s ]
ERR: 无法加载模块:Uploads

[ 2018-02-22T13:29:50+08:00 ] 61.189.33.149 /Uploads/liveb/2018-02-07/5a7a91ece65cc.jpg
INFO: [ app_init ] --START--
INFO: Run Behavior\BuildLiteBehavior [ RunTime:0.000012s ]
INFO: [ app_init ] --END-- [ RunTime:0.000207s ]
ERR: 无法加载模块:Uploads

[ 2018-02-22T13:30:01+08:00 ] 61.189.33.149 /Uploads/liveb/2018-02-07/5a7a91ece65cc.jpg
INFO: [ app_init ] --START--
INFO: Run Behavior\BuildLiteBehavior [ RunTime:0.000013s ]
INFO: [ app_init ] --END-- [ RunTime:0.000218s ]
ERR: 无法加载模块:Uploads

[ 2018-02-22T13:30:23+08:00 ] 61.189.33.149 /Uploads/liveb/2018-02-07/5a7a91ece65cc.jpg
INFO: [ app_init ] --START--
INFO: Run Behavior\BuildLiteBehavior [ RunTime:0.000012s ]
INFO: [ app_init ] --END-- [ RunTime:0.000212s ]
ERR: 无法加载模块:Uploads

[ 2018-02-22T13:32:18+08:00 ] 61.189.33.149 /Uploads/liveb/2018-02-07/5a7a91ece65cc.jpg
INFO: [ app_init ] --START--
INFO: Run Behavior\BuildLiteBehavior [ RunTime:0.000012s ]
INFO: [ app_init ] --END-- [ RunTime:0.000209s ]
ERR: 无法加载模块:Uploads

[ 2018-02-22T13:32:48+08:00 ] 61.189.33.149 /Uploads/liveb/2018-02-07/5a7a91ece65cc.jpg
INFO: [ app_init ] --START--
INFO: Run Behavior\BuildLiteBehavior [ RunTime:0.000013s ]
INFO: [ app_init ] --END-- [ RunTime:0.000258s ]
ERR: 无法加载模块:Uploads

[ 2018-02-22T13:32:49+08:00 ] 61.189.33.149 /Uploads/liveb/2018-02-07/5a7a91ece65cc.jpg
INFO: [ app_init ] --START--
INFO: Run Behavior\BuildLiteBehavior [ RunTime:0.000012s ]
INFO: [ app_init ] --END-- [ RunTime:0.000228s ]
ERR: 无法加载模块:Uploads

[ 2018-02-22T13:32:53+08:00 ] 61.189.33.149 /Uploads/liveb/2018-02-11/5a7f9bfe21974.jpg
INFO: [ app_init ] --START--
INFO: Run Behavior\BuildLiteBehavior [ RunTime:0.000021s ]
INFO: [ app_init ] --END-- [ RunTime:0.000312s ]
ERR: 无法加载模块:Uploads

[ 2018-02-22T13:33:15+08:00 ] 61.189.33.149 /Uploads/liveb/2018-02-07/5a7a91ece65cc.jpg
INFO: [ app_init ] --START--
INFO: Run Behavior\BuildLiteBehavior [ RunTime:0.000013s ]
INFO: [ app_init ] --END-- [ RunTime:0.000218s ]
ERR: 无法加载模块:Uploads

[ 2018-02-22T13:36:18+08:00 ] 61.189.33.149 /Public/Home/saibangzi/img/hot-l.png
INFO: [ app_init ] --START--
INFO: Run Behavior\BuildLiteBehavior [ RunTime:0.000011s ]
INFO: [ app_init ] --END-- [ RunTime:0.000201s ]
ERR: 无法加载模块:Public

[ 2018-02-22T13:36:18+08:00 ] 61.189.33.149 /Public/Home/saibangzi/img/hot-r.png
INFO: [ app_init ] --START--
INFO: Run Behavior\BuildLiteBehavior [ RunTime:0.000012s ]
INFO: [ app_init ] --END-- [ RunTime:0.000219s ]
ERR: 无法加载模块:Public

[ 2018-02-22T13:51:43+08:00 ] 178.91.127.18 /wp-login.php
INFO: [ app_init ] --START--
INFO: Run Behavior\BuildLiteBehavior [ RunTime:0.000012s ]
INFO: [ app_init ] --END-- [ RunTime:0.000213s ]
ERR: 无法加载模块:Wp-login

[ 2018-02-22T13:57:12+08:00 ] 61.189.33.149 /Uploads/liveb/2018-02-07/5a7a91ece65cc.jpg
INFO: [ app_init ] --START--
INFO: Run Behavior\BuildLiteBehavior [ RunTime:0.000012s ]
INFO: [ app_init ] --END-- [ RunTime:0.000216s ]
ERR: 无法加载模块:Uploads

[ 2018-02-22T14:02:16+08:00 ] 61.189.33.149 /Uploads/liveb/2018-02-07/5a7a91ece65cc.jpg
INFO: [ app_init ] --START--
INFO: Run Behavior\BuildLiteBehavior [ RunTime:0.000014s ]
INFO: [ app_init ] --END-- [ RunTime:0.000257s ]
ERR: 无法加载模块:Uploads

[ 2018-02-22T14:02:50+08:00 ] 61.189.33.149 /Uploads/liveb/2018-02-07/5a7a91ece65cc.jpg
INFO: [ app_init ] --START--
INFO: Run Behavior\BuildLiteBehavior [ RunTime:0.000011s ]
INFO: [ app_init ] --END-- [ RunTime:0.000231s ]
ERR: 无法加载模块:Uploads

[ 2018-02-22T14:02:52+08:00 ] 61.189.33.149 /Uploads/liveb/2018-02-07/5a7a91ece65cc.jpg
INFO: [ app_init ] --START--
INFO: Run Behavior\BuildLiteBehavior [ RunTime:0.000019s ]
INFO: [ app_init ] --END-- [ RunTime:0.000311s ]
ERR: 无法加载模块:Uploads

[ 2018-02-22T14:08:50+08:00 ] 61.189.33.149 /Uploads/liveb/2018-02-07/5a7a91ece65cc.jpg
INFO: [ app_init ] --START--
INFO: Run Behavior\BuildLiteBehavior [ RunTime:0.000013s ]
INFO: [ app_init ] --END-- [ RunTime:0.000284s ]
ERR: 无法加载模块:Uploads

[ 2018-02-22T14:12:01+08:00 ] 61.189.33.149 /Uploads/liveb/2018-02-07/5a7a91ece65cc.jpg
INFO: [ app_init ] --START--
INFO: Run Behavior\BuildLiteBehavior [ RunTime:0.000014s ]
INFO: [ app_init ] --END-- [ RunTime:0.000254s ]
ERR: 无法加载模块:Uploads

[ 2018-02-22T14:12:40+08:00 ] 61.189.33.149 /Uploads/liveb/2018-02-07/5a7a91ece65cc.jpg
INFO: [ app_init ] --START--
INFO: Run Behavior\BuildLiteBehavior [ RunTime:0.000012s ]
INFO: [ app_init ] --END-- [ RunTime:0.000217s ]
ERR: 无法加载模块:Uploads

[ 2018-02-22T14:12:55+08:00 ] 61.189.33.149 /Public/toastr.js.map
INFO: [ app_init ] --START--
INFO: Run Behavior\BuildLiteBehavior [ RunTime:0.000012s ]
INFO: [ app_init ] --END-- [ RunTime:0.000243s ]
ERR: 无法加载模块:Public

[ 2018-02-22T14:13:13+08:00 ] 61.189.33.149 /Public/toastr.js.map
INFO: [ app_init ] --START--
INFO: Run Behavior\BuildLiteBehavior [ RunTime:0.000013s ]
INFO: [ app_init ] --END-- [ RunTime:0.000234s ]
ERR: 无法加载模块:Public

[ 2018-02-22T14:13:26+08:00 ] 61.189.33.149 /Public/toastr.js.map
INFO: [ app_init ] --START--
INFO: Run Behavior\BuildLiteBehavior [ RunTime:0.000012s ]
INFO: [ app_init ] --END-- [ RunTime:0.000213s ]
ERR: 无法加载模块:Public

[ 2018-02-22T14:13:57+08:00 ] 61.189.33.149 /Public/toastr.js.map
INFO: [ app_init ] --START--
INFO: Run Behavior\BuildLiteBehavior [ RunTime:0.000012s ]
INFO: [ app_init ] --END-- [ RunTime:0.000219s ]
ERR: 无法加载模块:Public

[ 2018-02-22T14:15:52+08:00 ] 61.189.33.149 /Uploads/liveb/2018-02-07/5a7a91ece65cc.jpg
INFO: [ app_init ] --START--
INFO: Run Behavior\BuildLiteBehavior [ RunTime:0.000011s ]
INFO: [ app_init ] --END-- [ RunTime:0.000218s ]
ERR: 无法加载模块:Uploads

[ 2018-02-22T14:16:28+08:00 ] 61.189.33.149 /Uploads/liveb/2018-02-07/5a7a91ece65cc.jpg
INFO: [ app_init ] --START--
INFO: Run Behavior\BuildLiteBehavior [ RunTime:0.000012s ]
INFO: [ app_init ] --END-- [ RunTime:0.000211s ]
ERR: 无法加载模块:Uploads

[ 2018-02-22T14:16:28+08:00 ] 61.189.33.149 /Uploads/liveb/2018-02-07/5a7a91ece65cc.jpg
INFO: [ app_init ] --START--
INFO: Run Behavior\BuildLiteBehavior [ RunTime:0.000012s ]
INFO: [ app_init ] --END-- [ RunTime:0.000262s ]
ERR: 无法加载模块:Uploads

[ 2018-02-22T14:16:34+08:00 ] 61.189.33.149 /Uploads/liveb/2018-02-07/5a7a91ece65cc.jpg
INFO: [ app_init ] --START--
INFO: Run Behavior\BuildLiteBehavior [ RunTime:0.000012s ]
INFO: [ app_init ] --END-- [ RunTime:0.000218s ]
ERR: 无法加载模块:Uploads

[ 2018-02-22T14:16:43+08:00 ] 61.189.33.149 /Uploads/liveb/2018-02-07/5a7a91ece65cc.jpg
INFO: [ app_init ] --START--
INFO: Run Behavior\BuildLiteBehavior [ RunTime:0.000012s ]
INFO: [ app_init ] --END-- [ RunTime:0.000249s ]
ERR: 无法加载模块:Uploads

[ 2018-02-22T14:21:36+08:00 ] 61.189.33.149 /Uploads/liveb/2018-02-07/5a7a91ece65cc.jpg
INFO: [ app_init ] --START--
INFO: Run Behavior\BuildLiteBehavior [ RunTime:0.000012s ]
INFO: [ app_init ] --END-- [ RunTime:0.000229s ]
ERR: 无法加载模块:Uploads

[ 2018-02-22T14:21:47+08:00 ] 61.189.33.149 /Uploads/liveb/2018-02-07/5a7a91ece65cc.jpg
INFO: [ app_init ] --START--
INFO: Run Behavior\BuildLiteBehavior [ RunTime:0.000012s ]
INFO: [ app_init ] --END-- [ RunTime:0.000217s ]
ERR: 无法加载模块:Uploads

[ 2018-02-22T14:21:48+08:00 ] 61.189.33.149 /Uploads/liveb/2018-02-07/5a7a91ece65cc.jpg
INFO: [ app_init ] --START--
INFO: Run Behavior\BuildLiteBehavior [ RunTime:0.000014s ]
INFO: [ app_init ] --END-- [ RunTime:0.000228s ]
ERR: 无法加载模块:Uploads

[ 2018-02-22T14:23:33+08:00 ] 61.189.33.149 /Public/toastr.js.map
INFO: [ app_init ] --START--
INFO: Run Behavior\BuildLiteBehavior [ RunTime:0.000013s ]
INFO: [ app_init ] --END-- [ RunTime:0.000262s ]
ERR: 无法加载模块:Public

[ 2018-02-22T14:23:59+08:00 ] 61.189.33.149 /Uploads/liveb/2018-02-07/5a7a91ece65cc.jpg
INFO: [ app_init ] --START--
INFO: Run Behavior\BuildLiteBehavior [ RunTime:0.000012s ]
INFO: [ app_init ] --END-- [ RunTime:0.000221s ]
ERR: 无法加载模块:Uploads

[ 2018-02-22T14:24:00+08:00 ] 61.189.33.149 /Uploads/liveb/2018-02-13/5a82a8a191050.jpg
INFO: [ app_init ] --START--
INFO: Run Behavior\BuildLiteBehavior [ RunTime:0.000013s ]
INFO: [ app_init ] --END-- [ RunTime:0.000220s ]
ERR: 无法加载模块:Uploads

[ 2018-02-22T14:24:08+08:00 ] 61.189.33.149 /Public/Home/saibangzi/plugins/up-video/docs.min.css.map
INFO: [ app_init ] --START--
INFO: Run Behavior\BuildLiteBehavior [ RunTime:0.000012s ]
INFO: [ app_init ] --END-- [ RunTime:0.000235s ]
ERR: 无法加载模块:Public

[ 2018-02-22T14:25:43+08:00 ] 61.189.33.149 /Public/toastr.js.map
INFO: [ app_init ] --START--
INFO: Run Behavior\BuildLiteBehavior [ RunTime:0.000012s ]
INFO: [ app_init ] --END-- [ RunTime:0.000216s ]
ERR: 无法加载模块:Public

[ 2018-02-22T14:27:28+08:00 ] 61.189.33.149 /Public/toastr.js.map
INFO: [ app_init ] --START--
INFO: Run Behavior\BuildLiteBehavior [ RunTime:0.000013s ]
INFO: [ app_init ] --END-- [ RunTime:0.000251s ]
ERR: 无法加载模块:Public

[ 2018-02-22T14:27:56+08:00 ] 61.189.33.149 /Public/Home/saibangzi/plugins/up-video/docs.min.css.map
INFO: [ app_init ] --START--
INFO: Run Behavior\BuildLiteBehavior [ RunTime:0.000011s ]
INFO: [ app_init ] --END-- [ RunTime:0.000201s ]
ERR: 无法加载模块:Public

[ 2018-02-22T14:28:16+08:00 ] 61.189.33.149 /Public/toastr.js.map
INFO: [ app_init ] --START--
INFO: Run Behavior\BuildLiteBehavior [ RunTime:0.000012s ]
INFO: [ app_init ] --END-- [ RunTime:0.000204s ]
ERR: 无法加载模块:Public

[ 2018-02-22T14:28:28+08:00 ] 61.189.33.149 /Public/toastr.js.map
INFO: [ app_init ] --START--
INFO: Run Behavior\BuildLiteBehavior [ RunTime:0.000013s ]
INFO: [ app_init ] --END-- [ RunTime:0.000218s ]
ERR: 无法加载模块:Public

[ 2018-02-22T14:29:35+08:00 ] 61.189.33.149 /Uploads/liveb/2018-02-07/5a7a91ece65cc.jpg
INFO: [ app_init ] --START--
INFO: Run Behavior\BuildLiteBehavior [ RunTime:0.000013s ]
INFO: [ app_init ] --END-- [ RunTime:0.000243s ]
ERR: 无法加载模块:Uploads

[ 2018-02-22T14:30:06+08:00 ] 61.189.33.149 /Public/toastr.js.map
INFO: [ app_init ] --START--
INFO: Run Behavior\BuildLiteBehavior [ RunTime:0.000012s ]
INFO: [ app_init ] --END-- [ RunTime:0.000244s ]
ERR: 无法加载模块:Public

[ 2018-02-22T14:30:39+08:00 ] 61.189.33.149 /Public/Home/saibangzi/plugins/up-video/docs.min.css.map
INFO: [ app_init ] --START--
INFO: Run Behavior\BuildLiteBehavior [ RunTime:0.000013s ]
INFO: [ app_init ] --END-- [ RunTime:0.000255s ]
ERR: 无法加载模块:Public

[ 2018-02-22T14:31:47+08:00 ] 61.189.33.149 /Public/Home/saibangzi/plugins/up-video/docs.min.css.map
INFO: [ app_init ] --START--
INFO: Run Behavior\BuildLiteBehavior [ RunTime:0.000012s ]
INFO: [ app_init ] --END-- [ RunTime:0.000256s ]
ERR: 无法加载模块:Public

[ 2018-02-22T14:31:53+08:00 ] 61.189.33.149 /Uploads/liveb/2018-02-07/5a7a91ece65cc.jpg
INFO: [ app_init ] --START--
INFO: Run Behavior\BuildLiteBehavior [ RunTime:0.000012s ]
INFO: [ app_init ] --END-- [ RunTime:0.000221s ]
ERR: 无法加载模块:Uploads

[ 2018-02-22T14:32:18+08:00 ] 61.189.33.149 /Public/toastr.js.map
INFO: [ app_init ] --START--
INFO: Run Behavior\BuildLiteBehavior [ RunTime:0.000011s ]
INFO: [ app_init ] --END-- [ RunTime:0.000228s ]
ERR: 无法加载模块:Public

[ 2018-02-22T14:32:30+08:00 ] 61.189.33.149 /Public/toastr.js.map
INFO: [ app_init ] --START--
INFO: Run Behavior\BuildLiteBehavior [ RunTime:0.000012s ]
INFO: [ app_init ] --END-- [ RunTime:0.000216s ]
ERR: 无法加载模块:Public

[ 2018-02-22T14:34:56+08:00 ] 61.189.33.149 /Public/Home/saibangzi/plugins/up-video/docs.min.css.map
INFO: [ app_init ] --START--
INFO: Run Behavior\BuildLiteBehavior [ RunTime:0.000015s ]
INFO: [ app_init ] --END-- [ RunTime:0.000248s ]
ERR: 无法加载模块:Public

[ 2018-02-22T14:37:58+08:00 ] 61.189.33.149 /Uploads/liveb/2018-02-07/5a7a91ece65cc.jpg
INFO: [ app_init ] --START--
INFO: Run Behavior\BuildLiteBehavior [ RunTime:0.000012s ]
INFO: [ app_init ] --END-- [ RunTime:0.000250s ]
ERR: 无法加载模块:Uploads

[ 2018-02-22T14:38:10+08:00 ] 61.189.33.149 /Uploads/liveb/2018-02-07/5a7a91ece65cc.jpg
INFO: [ app_init ] --START--
INFO: Run Behavior\BuildLiteBehavior [ RunTime:0.000012s ]
INFO: [ app_init ] --END-- [ RunTime:0.000200s ]
ERR: 无法加载模块:Uploads

[ 2018-02-22T14:38:42+08:00 ] 61.189.33.149 /Uploads/liveb/2018-02-07/5a7a91ece65cc.jpg
INFO: [ app_init ] --START--
INFO: Run Behavior\BuildLiteBehavior [ RunTime:0.000012s ]
INFO: [ app_init ] --END-- [ RunTime:0.000216s ]
ERR: 无法加载模块:Uploads

[ 2018-02-22T14:38:51+08:00 ] 61.189.33.149 /Uploads/liveb/2018-02-07/5a7a91ece65cc.jpg
INFO: [ app_init ] --START--
INFO: Run Behavior\BuildLiteBehavior [ RunTime:0.000011s ]
INFO: [ app_init ] --END-- [ RunTime:0.000211s ]
ERR: 无法加载模块:Uploads

[ 2018-02-22T14:39:06+08:00 ] 61.189.33.149 /Public/toastr.js.map
INFO: [ app_init ] --START--
INFO: Run Behavior\BuildLiteBehavior [ RunTime:0.000012s ]
INFO: [ app_init ] --END-- [ RunTime:0.000210s ]
ERR: 无法加载模块:Public

[ 2018-02-22T14:39:40+08:00 ] 61.189.33.149 /Public/toastr.js.map
INFO: [ app_init ] --START--
INFO: Run Behavior\BuildLiteBehavior [ RunTime:0.000012s ]
INFO: [ app_init ] --END-- [ RunTime:0.000217s ]
ERR: 无法加载模块:Public

[ 2018-02-22T14:40:03+08:00 ] 61.189.33.149 /Public/toastr.js.map
INFO: [ app_init ] --START--
INFO: Run Behavior\BuildLiteBehavior [ RunTime:0.000012s ]
INFO: [ app_init ] --END-- [ RunTime:0.000211s ]
ERR: 无法加载模块:Public

[ 2018-02-22T14:41:36+08:00 ] 61.189.33.149 /Uploads/liveb/2018-02-07/5a7a91ece65cc.jpg
INFO: [ app_init ] --START--
INFO: Run Behavior\BuildLiteBehavior [ RunTime:0.000011s ]
INFO: [ app_init ] --END-- [ RunTime:0.000215s ]
ERR: 无法加载模块:Uploads

[ 2018-02-22T14:42:01+08:00 ] 61.189.33.149 /Uploads/liveb/2018-02-07/5a7a91ece65cc.jpg
INFO: [ app_init ] --START--
INFO: Run Behavior\BuildLiteBehavior [ RunTime:0.000011s ]
INFO: [ app_init ] --END-- [ RunTime:0.000230s ]
ERR: 无法加载模块:Uploads

[ 2018-02-22T14:42:11+08:00 ] 61.189.33.149 /Uploads/liveb/2018-02-07/5a7a91ece65cc.jpg
INFO: [ app_init ] --START--
INFO: Run Behavior\BuildLiteBehavior [ RunTime:0.000012s ]
INFO: [ app_init ] --END-- [ RunTime:0.000217s ]
ERR: 无法加载模块:Uploads

[ 2018-02-22T14:42:21+08:00 ] 61.189.33.149 /Uploads/liveb/2018-02-07/5a7a91ece65cc.jpg
INFO: [ app_init ] --START--
INFO: Run Behavior\BuildLiteBehavior [ RunTime:0.000013s ]
INFO: [ app_init ] --END-- [ RunTime:0.000251s ]
ERR: 无法加载模块:Uploads

[ 2018-02-22T14:42:50+08:00 ] 61.189.33.149 /Uploads/liveb/2018-02-07/5a7a91ece65cc.jpg
INFO: [ app_init ] --START--
INFO: Run Behavior\BuildLiteBehavior [ RunTime:0.000012s ]
INFO: [ app_init ] --END-- [ RunTime:0.000232s ]
ERR: 无法加载模块:Uploads

[ 2018-02-22T14:43:15+08:00 ] 61.189.33.149 /Uploads/liveb/2018-02-07/5a7a91ece65cc.jpg
INFO: [ app_init ] --START--
INFO: Run Behavior\BuildLiteBehavior [ RunTime:0.000012s ]
INFO: [ app_init ] --END-- [ RunTime:0.000211s ]
ERR: 无法加载模块:Uploads

[ 2018-02-22T14:43:27+08:00 ] 61.189.33.149 /Uploads/liveb/2018-02-07/5a7a91ece65cc.jpg
INFO: [ app_init ] --START--
INFO: Run Behavior\BuildLiteBehavior [ RunTime:0.000012s ]
INFO: [ app_init ] --END-- [ RunTime:0.000209s ]
ERR: 无法加载模块:Uploads

[ 2018-02-22T14:44:02+08:00 ] 61.189.33.149 /Public/toastr.js.map
INFO: [ app_init ] --START--
INFO: Run Behavior\BuildLiteBehavior [ RunTime:0.000011s ]
INFO: [ app_init ] --END-- [ RunTime:0.000228s ]
ERR: 无法加载模块:Public

[ 2018-02-22T14:44:30+08:00 ] 61.189.33.149 /Public/toastr.js.map
INFO: [ app_init ] --START--
INFO: Run Behavior\BuildLiteBehavior [ RunTime:0.000012s ]
INFO: [ app_init ] --END-- [ RunTime:0.000216s ]
ERR: 无法加载模块:Public

[ 2018-02-22T14:45:28+08:00 ] 61.189.33.149 /Public/Home/saibangzi/plugins/up-video/docs.min.css.map
INFO: [ app_init ] --START--
INFO: Run Behavior\BuildLiteBehavior [ RunTime:0.000012s ]
INFO: [ app_init ] --END-- [ RunTime:0.000234s ]
ERR: 无法加载模块:Public

[ 2018-02-22T14:46:22+08:00 ] 61.189.33.149 /Public/Home/saibangzi/plugins/up-video/docs.min.css.map
INFO: [ app_init ] --START--
INFO: Run Behavior\BuildLiteBehavior [ RunTime:0.000012s ]
INFO: [ app_init ] --END-- [ RunTime:0.000208s ]
ERR: 无法加载模块:Public

[ 2018-02-22T14:46:33+08:00 ] 61.189.33.149 /Public/Home/saibangzi/plugins/up-video/docs.min.css.map
INFO: [ app_init ] --START--
INFO: Run Behavior\BuildLiteBehavior [ RunTime:0.000013s ]
INFO: [ app_init ] --END-- [ RunTime:0.000256s ]
ERR: 无法加载模块:Public

[ 2018-02-22T14:46:39+08:00 ] 61.189.33.149 /Public/toastr.js.map
INFO: [ app_init ] --START--
INFO: Run Behavior\BuildLiteBehavior [ RunTime:0.000012s ]
INFO: [ app_init ] --END-- [ RunTime:0.000220s ]
ERR: 无法加载模块:Public

[ 2018-02-22T14:46:58+08:00 ] 61.189.33.149 /Uploads/liveb/2018-02-07/5a7a91ece65cc.jpg
INFO: [ app_init ] --START--
INFO: Run Behavior\BuildLiteBehavior [ RunTime:0.000011s ]
INFO: [ app_init ] --END-- [ RunTime:0.000206s ]
ERR: 无法加载模块:Uploads

[ 2018-02-22T14:47:08+08:00 ] 61.189.33.149 /Uploads/liveb/2018-02-07/5a7a91ece65cc.jpg
INFO: [ app_init ] --START--
INFO: Run Behavior\BuildLiteBehavior [ RunTime:0.000011s ]
INFO: [ app_init ] --END-- [ RunTime:0.000196s ]
ERR: 无法加载模块:Uploads

[ 2018-02-22T14:50:14+08:00 ] 61.189.33.149 /Uploads/liveb/2018-02-07/5a7a91ece65cc.jpg
INFO: [ app_init ] --START--
INFO: Run Behavior\BuildLiteBehavior [ RunTime:0.000011s ]
INFO: [ app_init ] --END-- [ RunTime:0.000218s ]
ERR: 无法加载模块:Uploads

[ 2018-02-22T14:50:50+08:00 ] 61.189.33.149 /Uploads/liveb/2018-02-07/5a7a91ece65cc.jpg
INFO: [ app_init ] --START--
INFO: Run Behavior\BuildLiteBehavior [ RunTime:0.000010s ]
INFO: [ app_init ] --END-- [ RunTime:0.000210s ]
ERR: 无法加载模块:Uploads

[ 2018-02-22T14:57:28+08:00 ] 61.189.33.149 /Public/toastr.js.map
INFO: [ app_init ] --START--
INFO: Run Behavior\BuildLiteBehavior [ RunTime:0.000012s ]
INFO: [ app_init ] --END-- [ RunTime:0.000220s ]
ERR: 无法加载模块:Public

[ 2018-02-22T14:59:57+08:00 ] 61.189.33.149 /Uploads/liveb/2018-02-07/5a7a91ece65cc.jpg
INFO: [ app_init ] --START--
INFO: Run Behavior\BuildLiteBehavior [ RunTime:0.000013s ]
INFO: [ app_init ] --END-- [ RunTime:0.000216s ]
ERR: 无法加载模块:Uploads

[ 2018-02-22T15:04:23+08:00 ] 61.189.33.149 /Public/toastr.js.map
INFO: [ app_init ] --START--
INFO: Run Behavior\BuildLiteBehavior [ RunTime:0.000012s ]
INFO: [ app_init ] --END-- [ RunTime:0.000211s ]
ERR: 无法加载模块:Public

[ 2018-02-22T15:07:03+08:00 ] 61.189.33.149 /Public/Home/saibangzi/plugins/up-video/docs.min.css.map
INFO: [ app_init ] --START--
INFO: Run Behavior\BuildLiteBehavior [ RunTime:0.000012s ]
INFO: [ app_init ] --END-- [ RunTime:0.000209s ]
ERR: 无法加载模块:Public

[ 2018-02-22T15:14:17+08:00 ] 61.189.33.149 /Uploads/liveb/2018-02-07/5a7a91ece65cc.jpg
INFO: [ app_init ] --START--
INFO: Run Behavior\BuildLiteBehavior [ RunTime:0.000012s ]
INFO: [ app_init ] --END-- [ RunTime:0.000211s ]
ERR: 无法加载模块:Uploads

[ 2018-02-22T15:22:52+08:00 ] 61.189.33.149 /Public/Home/saibangzi/plugins/up-video/docs.min.css.map
INFO: [ app_init ] --START--
INFO: Run Behavior\BuildLiteBehavior [ RunTime:0.000012s ]
INFO: [ app_init ] --END-- [ RunTime:0.000227s ]
ERR: 无法加载模块:Public

[ 2018-02-22T15:22:52+08:00 ] 61.189.33.149 /Public/Home/saibangzi/plugins/up-video/docs.min.css.map
INFO: [ app_init ] --START--
INFO: Run Behavior\BuildLiteBehavior [ RunTime:0.000012s ]
INFO: [ app_init ] --END-- [ RunTime:0.000245s ]
ERR: 无法加载模块:Public

[ 2018-02-22T15:22:53+08:00 ] 61.189.33.149 /Public/Home/saibangzi/plugins/up-video/docs.min.css.map
INFO: [ app_init ] --START--
INFO: Run Behavior\BuildLiteBehavior [ RunTime:0.000011s ]
INFO: [ app_init ] --END-- [ RunTime:0.000202s ]
ERR: 无法加载模块:Public

[ 2018-02-22T15:22:56+08:00 ] 61.189.33.149 /Uploads/liveb/2018-02-13/5a82a8a191050.jpg
INFO: [ app_init ] --START--
INFO: Run Behavior\BuildLiteBehavior [ RunTime:0.000012s ]
INFO: [ app_init ] --END-- [ RunTime:0.000217s ]
ERR: 无法加载模块:Uploads

[ 2018-02-22T15:23:37+08:00 ] 61.189.33.149 /Uploads/liveb/2018-02-13/5a82a8a191050.jpg
INFO: [ app_init ] --START--
INFO: Run Behavior\BuildLiteBehavior [ RunTime:0.000011s ]
INFO: [ app_init ] --END-- [ RunTime:0.000206s ]
ERR: 无法加载模块:Uploads

[ 2018-02-22T15:23:40+08:00 ] 61.189.33.149 /Public/Home/saibangzi/plugins/up-video/docs.min.css.map
INFO: [ app_init ] --START--
INFO: Run Behavior\BuildLiteBehavior [ RunTime:0.000012s ]
INFO: [ app_init ] --END-- [ RunTime:0.000237s ]
ERR: 无法加载模块:Public

[ 2018-02-22T15:24:59+08:00 ] 61.189.33.149 /Uploads/liveb/2018-02-07/5a7a91ece65cc.jpg
INFO: [ app_init ] --START--
INFO: Run Behavior\BuildLiteBehavior [ RunTime:0.000012s ]
INFO: [ app_init ] --END-- [ RunTime:0.000236s ]
ERR: 无法加载模块:Uploads

[ 2018-02-22T15:25:11+08:00 ] 61.189.33.149 /Uploads/liveb/2018-02-13/5a82a8a191050.jpg
INFO: [ app_init ] --START--
INFO: Run Behavior\BuildLiteBehavior [ RunTime:0.000012s ]
INFO: [ app_init ] --END-- [ RunTime:0.000203s ]
ERR: 无法加载模块:Uploads

[ 2018-02-22T15:25:14+08:00 ] 61.189.33.149 /Public/Home/saibangzi/plugins/up-video/docs.min.css.map
INFO: [ app_init ] --START--
INFO: Run Behavior\BuildLiteBehavior [ RunTime:0.000012s ]
INFO: [ app_init ] --END-- [ RunTime:0.000210s ]
ERR: 无法加载模块:Public

[ 2018-02-22T15:26:46+08:00 ] 61.189.33.149 /Public/Home/saibangzi/plugins/up-video/docs.min.css.map
INFO: [ app_init ] --START--
INFO: Run Behavior\BuildLiteBehavior [ RunTime:0.000014s ]
INFO: [ app_init ] --END-- [ RunTime:0.000260s ]
ERR: 无法加载模块:Public

[ 2018-02-22T15:26:50+08:00 ] 61.189.33.149 /Public/Home/saibangzi/plugins/up-video/docs.min.css.map
INFO: [ app_init ] --START--
INFO: Run Behavior\BuildLiteBehavior [ RunTime:0.000012s ]
INFO: [ app_init ] --END-- [ RunTime:0.000243s ]
ERR: 无法加载模块:Public

[ 2018-02-22T15:27:12+08:00 ] 61.189.33.149 /Uploads/liveb/2018-02-13/5a82a8a191050.jpg
INFO: [ app_init ] --START--
INFO: Run Behavior\BuildLiteBehavior [ RunTime:0.000011s ]
INFO: [ app_init ] --END-- [ RunTime:0.000237s ]
ERR: 无法加载模块:Uploads

[ 2018-02-22T15:28:53+08:00 ] 61.189.33.149 /Uploads/liveb/2018-02-13/5a82a8a191050.jpg
INFO: [ app_init ] --START--
INFO: Run Behavior\BuildLiteBehavior [ RunTime:0.000011s ]
INFO: [ app_init ] --END-- [ RunTime:0.000197s ]
ERR: 无法加载模块:Uploads

[ 2018-02-22T15:31:30+08:00 ] 61.189.33.149 /Uploads/liveb/2018-02-07/5a7a91ece65cc.jpg
INFO: [ app_init ] --START--
INFO: Run Behavior\BuildLiteBehavior [ RunTime:0.000013s ]
INFO: [ app_init ] --END-- [ RunTime:0.000271s ]
ERR: 无法加载模块:Uploads

[ 2018-02-22T15:34:02+08:00 ] 61.189.33.149 /Uploads/liveb/2018-02-13/5a82a8a191050.jpg
INFO: [ app_init ] --START--
INFO: Run Behavior\BuildLiteBehavior [ RunTime:0.000012s ]
INFO: [ app_init ] --END-- [ RunTime:0.000214s ]
ERR: 无法加载模块:Uploads

[ 2018-02-22T15:34:07+08:00 ] 61.189.33.149 /Uploads/liveb/2018-02-13/5a82a8a191050.jpg
INFO: [ app_init ] --START--
INFO: Run Behavior\BuildLiteBehavior [ RunTime:0.000011s ]
INFO: [ app_init ] --END-- [ RunTime:0.000205s ]
ERR: 无法加载模块:Uploads

[ 2018-02-22T15:35:07+08:00 ] 61.189.33.149 /Uploads/liveb/2018-02-13/5a82a8a191050.jpg
INFO: [ app_init ] --START--
INFO: Run Behavior\BuildLiteBehavior [ RunTime:0.000012s ]
INFO: [ app_init ] --END-- [ RunTime:0.000211s ]
ERR: 无法加载模块:Uploads

[ 2018-02-22T15:35:48+08:00 ] 61.189.33.149 /Uploads/liveb/2018-02-13/5a82a8a191050.jpg
INFO: [ app_init ] --START--
INFO: Run Behavior\BuildLiteBehavior [ RunTime:0.000012s ]
INFO: [ app_init ] --END-- [ RunTime:0.000217s ]
ERR: 无法加载模块:Uploads

[ 2018-02-22T15:35:58+08:00 ] 61.189.33.149 /Uploads/liveb/2018-02-07/5a7a91ece65cc.jpg
INFO: [ app_init ] --START--
INFO: Run Behavior\BuildLiteBehavior [ RunTime:0.000013s ]
INFO: [ app_init ] --END-- [ RunTime:0.000280s ]
ERR: 无法加载模块:Uploads

[ 2018-02-22T15:36:58+08:00 ] 61.189.33.149 /Uploads/liveb/2018-02-13/5a82a8a191050.jpg
INFO: [ app_init ] --START--
INFO: Run Behavior\BuildLiteBehavior [ RunTime:0.000012s ]
INFO: [ app_init ] --END-- [ RunTime:0.000246s ]
ERR: 无法加载模块:Uploads

[ 2018-02-22T15:37:01+08:00 ] 61.189.33.149 /Public/Home/saibangzi/plugins/up-video/docs.min.css.map
INFO: [ app_init ] --START--
INFO: Run Behavior\BuildLiteBehavior [ RunTime:0.000012s ]
INFO: [ app_init ] --END-- [ RunTime:0.000219s ]
ERR: 无法加载模块:Public

[ 2018-02-22T15:37:44+08:00 ] 61.189.33.149 /Uploads/liveb/2018-02-13/5a82a8a191050.jpg
INFO: [ app_init ] --START--
INFO: Run Behavior\BuildLiteBehavior [ RunTime:0.000015s ]
INFO: [ app_init ] --END-- [ RunTime:0.000251s ]
ERR: 无法加载模块:Uploads

[ 2018-02-22T15:38:19+08:00 ] 61.189.33.149 /Uploads/liveb/2018-02-13/5a82a8a191050.jpg
INFO: [ app_init ] --START--
INFO: Run Behavior\BuildLiteBehavior [ RunTime:0.000013s ]
INFO: [ app_init ] --END-- [ RunTime:0.000221s ]
ERR: 无法加载模块:Uploads

[ 2018-02-22T15:41:49+08:00 ] 61.189.33.149 /Uploads/liveb/2018-02-13/5a82a8a191050.jpg
INFO: [ app_init ] --START--
INFO: Run Behavior\BuildLiteBehavior [ RunTime:0.000012s ]
INFO: [ app_init ] --END-- [ RunTime:0.000224s ]
ERR: 无法加载模块:Uploads

[ 2018-02-22T15:42:15+08:00 ] 61.189.33.149 /Uploads/liveb/2018-02-13/5a82a8a191050.jpg
INFO: [ app_init ] --START--
INFO: Run Behavior\BuildLiteBehavior [ RunTime:0.000011s ]
INFO: [ app_init ] --END-- [ RunTime:0.000200s ]
ERR: 无法加载模块:Uploads

[ 2018-02-22T15:42:19+08:00 ] 61.189.33.149 /Uploads/liveb/2018-02-13/5a82a8a191050.jpg
INFO: [ app_init ] --START--
INFO: Run Behavior\BuildLiteBehavior [ RunTime:0.000011s ]
INFO: [ app_init ] --END-- [ RunTime:0.000209s ]
ERR: 无法加载模块:Uploads

[ 2018-02-22T15:42:31+08:00 ] 61.189.33.149 /Uploads/liveb/2018-02-13/5a82a8a191050.jpg
INFO: [ app_init ] --START--
INFO: Run Behavior\BuildLiteBehavior [ RunTime:0.000012s ]
INFO: [ app_init ] --END-- [ RunTime:0.000207s ]
ERR: 无法加载模块:Uploads

[ 2018-02-22T15:42:31+08:00 ] 61.189.33.149 /Uploads/liveb/2018-02-13/5a82a8a191050.jpg
INFO: [ app_init ] --START--
INFO: Run Behavior\BuildLiteBehavior [ RunTime:0.000011s ]
INFO: [ app_init ] --END-- [ RunTime:0.000199s ]
ERR: 无法加载模块:Uploads

[ 2018-02-22T15:42:59+08:00 ] 61.189.33.149 /Uploads/liveb/2018-02-13/5a82a8a191050.jpg
INFO: [ app_init ] --START--
INFO: Run Behavior\BuildLiteBehavior [ RunTime:0.000012s ]
INFO: [ app_init ] --END-- [ RunTime:0.000207s ]
ERR: 无法加载模块:Uploads

[ 2018-02-22T15:43:39+08:00 ] 61.189.33.149 /Uploads/liveb/2018-02-13/5a82a8a191050.jpg
INFO: [ app_init ] --START--
INFO: Run Behavior\BuildLiteBehavior [ RunTime:0.000012s ]
INFO: [ app_init ] --END-- [ RunTime:0.000204s ]
ERR: 无法加载模块:Uploads

[ 2018-02-22T15:44:03+08:00 ] 61.189.33.149 /Uploads/liveb/2018-02-07/5a7a91ece65cc.jpg
INFO: [ app_init ] --START--
INFO: Run Behavior\BuildLiteBehavior [ RunTime:0.000012s ]
INFO: [ app_init ] --END-- [ RunTime:0.000226s ]
ERR: 无法加载模块:Uploads

[ 2018-02-22T15:44:32+08:00 ] 61.189.33.149 /Uploads/liveb/2018-02-07/5a7a91ece65cc.jpg
INFO: [ app_init ] --START--
INFO: Run Behavior\BuildLiteBehavior [ RunTime:0.000012s ]
INFO: [ app_init ] --END-- [ RunTime:0.000230s ]
ERR: 无法加载模块:Uploads

[ 2018-02-22T15:45:03+08:00 ] 61.189.33.149 /Uploads/liveb/2018-02-13/5a82a8a191050.jpg
INFO: [ app_init ] --START--
INFO: Run Behavior\BuildLiteBehavior [ RunTime:0.000011s ]
INFO: [ app_init ] --END-- [ RunTime:0.000207s ]
ERR: 无法加载模块:Uploads

[ 2018-02-22T15:46:47+08:00 ] 61.189.33.149 /Uploads/liveb/2018-02-07/5a7a91ece65cc.jpg
INFO: [ app_init ] --START--
INFO: Run Behavior\BuildLiteBehavior [ RunTime:0.000012s ]
INFO: [ app_init ] --END-- [ RunTime:0.000250s ]
ERR: 无法加载模块:Uploads

[ 2018-02-22T15:47:23+08:00 ] 61.189.33.149 /Public/toastr.js.map
INFO: [ app_init ] --START--
INFO: Run Behavior\BuildLiteBehavior [ RunTime:0.000013s ]
INFO: [ app_init ] --END-- [ RunTime:0.000222s ]
ERR: 无法加载模块:Public

[ 2018-02-22T15:47:46+08:00 ] 61.189.33.149 /Public/toastr.js.map
INFO: [ app_init ] --START--
INFO: Run Behavior\BuildLiteBehavior [ RunTime:0.000013s ]
INFO: [ app_init ] --END-- [ RunTime:0.000247s ]
ERR: 无法加载模块:Public

[ 2018-02-22T15:49:15+08:00 ] 61.189.33.149 /Public/toastr.js.map
INFO: [ app_init ] --START--
INFO: Run Behavior\BuildLiteBehavior [ RunTime:0.000014s ]
INFO: [ app_init ] --END-- [ RunTime:0.000283s ]
ERR: 无法加载模块:Public

[ 2018-02-22T15:50:28+08:00 ] 61.189.33.149 /Public/toastr.js.map
INFO: [ app_init ] --START--
INFO: Run Behavior\BuildLiteBehavior [ RunTime:0.000016s ]
INFO: [ app_init ] --END-- [ RunTime:0.000370s ]
ERR: 无法加载模块:Public

[ 2018-02-22T15:54:47+08:00 ] 61.189.33.149 /Uploads/liveb/2018-02-07/5a7a91ece65cc.jpg
INFO: [ app_init ] --START--
INFO: Run Behavior\BuildLiteBehavior [ RunTime:0.000013s ]
INFO: [ app_init ] --END-- [ RunTime:0.000227s ]
ERR: 无法加载模块:Uploads

