[ 2018-02-18T13:33:51+08:00 ] 60.17.253.20 /Api/Class/index
INFO: [ app_init ] --START--
INFO: Run Behavior\BuildLiteBehavior [ RunTime:0.000013s ]
INFO: [ app_init ] --END-- [ RunTime:0.000223s ]
INFO: [ app_begin ] --START--
INFO: Run Behavior\ReadHtmlCacheBehavior [ RunTime:0.000311s ]
INFO: [ app_begin ] --END-- [ RunTime:0.000360s ]
SQL: SHOW COLUMNS FROM `cad` [ RunTime:0.0032s ]
SQL: SELECT `img`,`play_id`,`type` FROM `cad` ORDER BY time desc LIMIT 4   [ RunTime:0.0021s ]
SQL: SHOW COLUMNS FROM `video` [ RunTime:0.0028s ]
SQL: SELECT `video_id`,`img`,`name`,`money`,`time` FROM `video` ORDER BY number desc LIMIT 20   [ RunTime:0.0021s ]
INFO: [ app_end ] --START--
INFO: Run Behavior\ShowPageTraceBehavior [ RunTime:0.000350s ]
INFO: [ app_end ] --END-- [ RunTime:0.000397s ]

[ 2018-02-18T13:33:51+08:00 ] 60.17.253.20 /Api/Index/column
INFO: [ app_init ] --START--
INFO: Run Behavior\BuildLiteBehavior [ RunTime:0.000012s ]
INFO: [ app_init ] --END-- [ RunTime:0.000217s ]
INFO: [ app_begin ] --START--
INFO: Run Behavior\ReadHtmlCacheBehavior [ RunTime:0.000257s ]
INFO: [ app_begin ] --END-- [ RunTime:0.000294s ]
SQL: SHOW COLUMNS FROM `category` [ RunTime:0.0028s ]
SQL: SELECT `cate_id`,`name` FROM `category` WHERE ( pid=0 ) ORDER BY cate_id asc  [ RunTime:0.0021s ]
INFO: [ app_end ] --START--
INFO: Run Behavior\ShowPageTraceBehavior [ RunTime:0.000361s ]
INFO: [ app_end ] --END-- [ RunTime:0.000404s ]

[ 2018-02-18T13:33:58+08:00 ] 60.17.253.20 /Api/Class/index
INFO: [ app_init ] --START--
INFO: Run Behavior\BuildLiteBehavior [ RunTime:0.000012s ]
INFO: [ app_init ] --END-- [ RunTime:0.000218s ]
INFO: [ app_begin ] --START--
INFO: Run Behavior\ReadHtmlCacheBehavior [ RunTime:0.000271s ]
INFO: [ app_begin ] --END-- [ RunTime:0.000312s ]
SQL: SHOW COLUMNS FROM `cad` [ RunTime:0.0030s ]
SQL: SELECT `img`,`play_id`,`type` FROM `cad` ORDER BY time desc LIMIT 4   [ RunTime:0.0021s ]
SQL: SHOW COLUMNS FROM `video` [ RunTime:0.0028s ]
SQL: SELECT `video_id`,`img`,`name`,`money`,`time` FROM `video` ORDER BY number desc LIMIT 20   [ RunTime:0.0022s ]
INFO: [ app_end ] --START--
INFO: Run Behavior\ShowPageTraceBehavior [ RunTime:0.000298s ]
INFO: [ app_end ] --END-- [ RunTime:0.000343s ]

[ 2018-02-18T13:33:58+08:00 ] 60.17.253.20 /Api/Index/column
INFO: [ app_init ] --START--
INFO: Run Behavior\BuildLiteBehavior [ RunTime:0.000011s ]
INFO: [ app_init ] --END-- [ RunTime:0.000221s ]
INFO: [ app_begin ] --START--
INFO: Run Behavior\ReadHtmlCacheBehavior [ RunTime:0.000305s ]
INFO: [ app_begin ] --END-- [ RunTime:0.000349s ]
SQL: SHOW COLUMNS FROM `category` [ RunTime:0.0027s ]
SQL: SELECT `cate_id`,`name` FROM `category` WHERE ( pid=0 ) ORDER BY cate_id asc  [ RunTime:0.0021s ]
INFO: [ app_end ] --START--
INFO: Run Behavior\ShowPageTraceBehavior [ RunTime:0.000318s ]
INFO: [ app_end ] --END-- [ RunTime:0.000386s ]

[ 2018-02-18T13:52:55+08:00 ] 60.17.253.20 /Api/Index/column
INFO: [ app_init ] --START--
INFO: Run Behavior\BuildLiteBehavior [ RunTime:0.000014s ]
INFO: [ app_init ] --END-- [ RunTime:0.000261s ]
INFO: [ app_begin ] --START--
INFO: Run Behavior\ReadHtmlCacheBehavior [ RunTime:0.000335s ]
INFO: [ app_begin ] --END-- [ RunTime:0.000391s ]
SQL: SHOW COLUMNS FROM `category` [ RunTime:0.0029s ]
SQL: SELECT `cate_id`,`name` FROM `category` WHERE ( pid=0 ) ORDER BY cate_id asc  [ RunTime:0.0022s ]
INFO: [ app_end ] --START--
INFO: Run Behavior\ShowPageTraceBehavior [ RunTime:0.000346s ]
INFO: [ app_end ] --END-- [ RunTime:0.000401s ]

[ 2018-02-18T13:52:55+08:00 ] 60.17.253.20 /Api/Class/index
INFO: [ app_init ] --START--
INFO: Run Behavior\BuildLiteBehavior [ RunTime:0.000018s ]
INFO: [ app_init ] --END-- [ RunTime:0.000276s ]
INFO: [ app_begin ] --START--
INFO: Run Behavior\ReadHtmlCacheBehavior [ RunTime:0.000349s ]
INFO: [ app_begin ] --END-- [ RunTime:0.000408s ]
SQL: SHOW COLUMNS FROM `cad` [ RunTime:0.0032s ]
SQL: SELECT `img`,`play_id`,`type` FROM `cad` ORDER BY time desc LIMIT 4   [ RunTime:0.0021s ]
SQL: SHOW COLUMNS FROM `video` [ RunTime:0.0029s ]
SQL: SELECT `video_id`,`img`,`name`,`money`,`time` FROM `video` ORDER BY number desc LIMIT 20   [ RunTime:0.0021s ]
INFO: [ app_end ] --START--
INFO: Run Behavior\ShowPageTraceBehavior [ RunTime:0.000297s ]
INFO: [ app_end ] --END-- [ RunTime:0.000341s ]

